ARM GAS  C:\Users\ADMINI~1\AppData\Local\Temp\cc2RI8wT.s 			page 1


   1              		.cpu cortex-m0
   2              		.arch armv6s-m
   3              		.fpu softvfp
   4              		.eabi_attribute 20, 1
   5              		.eabi_attribute 21, 1
   6              		.eabi_attribute 23, 3
   7              		.eabi_attribute 24, 1
   8              		.eabi_attribute 25, 1
   9              		.eabi_attribute 26, 1
  10              		.eabi_attribute 30, 1
  11              		.eabi_attribute 34, 0
  12              		.eabi_attribute 18, 4
  13              		.file	"i2c.c"
  14              		.text
  15              	.Ltext0:
  16              		.cfi_sections	.debug_frame
  17              		.section	.text.MX_I2C1_Init,"ax",%progbits
  18              		.align	1
  19              		.global	MX_I2C1_Init
  20              		.syntax unified
  21              		.code	16
  22              		.thumb_func
  24              	MX_I2C1_Init:
  25              	.LFB40:
  26              		.file 1 "Src/i2c.c"
   1:Src/i2c.c     **** /* USER CODE BEGIN Header */
   2:Src/i2c.c     **** /**
   3:Src/i2c.c     ****   ******************************************************************************
   4:Src/i2c.c     ****   * @file    i2c.c
   5:Src/i2c.c     ****   * @brief   This file provides code for the configuration
   6:Src/i2c.c     ****   *          of the I2C instances.
   7:Src/i2c.c     ****   ******************************************************************************
   8:Src/i2c.c     ****   * @attention
   9:Src/i2c.c     ****   *
  10:Src/i2c.c     ****   * Copyright (c) 2022 STMicroelectronics.
  11:Src/i2c.c     ****   * All rights reserved.
  12:Src/i2c.c     ****   *
  13:Src/i2c.c     ****   * This software is licensed under terms that can be found in the LICENSE file
  14:Src/i2c.c     ****   * in the root directory of this software component.
  15:Src/i2c.c     ****   * If no LICENSE file comes with this software, it is provided AS-IS.
  16:Src/i2c.c     ****   *
  17:Src/i2c.c     ****   ******************************************************************************
  18:Src/i2c.c     ****   */
  19:Src/i2c.c     **** /* USER CODE END Header */
  20:Src/i2c.c     **** /* Includes ------------------------------------------------------------------*/
  21:Src/i2c.c     **** #include "i2c.h"
  22:Src/i2c.c     **** 
  23:Src/i2c.c     **** /* USER CODE BEGIN 0 */
  24:Src/i2c.c     **** uint8_t i2cDataRx[8];
  25:Src/i2c.c     **** uint8_t i2cDataTx[8];
  26:Src/i2c.c     **** 
  27:Src/i2c.c     **** /* USER CODE END 0 */
  28:Src/i2c.c     **** 
  29:Src/i2c.c     **** I2C_HandleTypeDef hi2c1;
  30:Src/i2c.c     **** 
  31:Src/i2c.c     **** /* I2C1 init function */
  32:Src/i2c.c     **** void MX_I2C1_Init(void)
ARM GAS  C:\Users\ADMINI~1\AppData\Local\Temp\cc2RI8wT.s 			page 2


  33:Src/i2c.c     **** {
  27              		.loc 1 33 1 view -0
  28              		.cfi_startproc
  29              		@ args = 0, pretend = 0, frame = 0
  30              		@ frame_needed = 0, uses_anonymous_args = 0
  31 0000 10B5     		push	{r4, lr}
  32              	.LCFI0:
  33              		.cfi_def_cfa_offset 8
  34              		.cfi_offset 4, -8
  35              		.cfi_offset 14, -4
  34:Src/i2c.c     **** 
  35:Src/i2c.c     ****   /* USER CODE BEGIN I2C1_Init 0 */
  36:Src/i2c.c     **** 
  37:Src/i2c.c     ****   /* USER CODE END I2C1_Init 0 */
  38:Src/i2c.c     **** 
  39:Src/i2c.c     ****   /* USER CODE BEGIN I2C1_Init 1 */
  40:Src/i2c.c     **** 
  41:Src/i2c.c     ****   /* USER CODE END I2C1_Init 1 */
  42:Src/i2c.c     ****   hi2c1.Instance = I2C1;
  36              		.loc 1 42 3 view .LVU1
  37              		.loc 1 42 18 is_stmt 0 view .LVU2
  38 0002 1448     		ldr	r0, .L8
  39 0004 144B     		ldr	r3, .L8+4
  40 0006 0360     		str	r3, [r0]
  43:Src/i2c.c     ****   hi2c1.Init.Timing = 0x2000090E;
  41              		.loc 1 43 3 is_stmt 1 view .LVU3
  42              		.loc 1 43 21 is_stmt 0 view .LVU4
  43 0008 144B     		ldr	r3, .L8+8
  44 000a 4360     		str	r3, [r0, #4]
  44:Src/i2c.c     ****   hi2c1.Init.OwnAddress1 = 0;
  45              		.loc 1 44 3 is_stmt 1 view .LVU5
  46              		.loc 1 44 26 is_stmt 0 view .LVU6
  47 000c 0023     		movs	r3, #0
  48 000e 8360     		str	r3, [r0, #8]
  45:Src/i2c.c     ****   hi2c1.Init.AddressingMode = I2C_ADDRESSINGMODE_7BIT;
  49              		.loc 1 45 3 is_stmt 1 view .LVU7
  50              		.loc 1 45 29 is_stmt 0 view .LVU8
  51 0010 0122     		movs	r2, #1
  52 0012 C260     		str	r2, [r0, #12]
  46:Src/i2c.c     ****   hi2c1.Init.DualAddressMode = I2C_DUALADDRESS_DISABLE;
  53              		.loc 1 46 3 is_stmt 1 view .LVU9
  54              		.loc 1 46 30 is_stmt 0 view .LVU10
  55 0014 0361     		str	r3, [r0, #16]
  47:Src/i2c.c     ****   hi2c1.Init.OwnAddress2 = 0;
  56              		.loc 1 47 3 is_stmt 1 view .LVU11
  57              		.loc 1 47 26 is_stmt 0 view .LVU12
  58 0016 4361     		str	r3, [r0, #20]
  48:Src/i2c.c     ****   hi2c1.Init.OwnAddress2Masks = I2C_OA2_NOMASK;
  59              		.loc 1 48 3 is_stmt 1 view .LVU13
  60              		.loc 1 48 31 is_stmt 0 view .LVU14
  61 0018 8361     		str	r3, [r0, #24]
  49:Src/i2c.c     ****   hi2c1.Init.GeneralCallMode = I2C_GENERALCALL_DISABLE;
  62              		.loc 1 49 3 is_stmt 1 view .LVU15
  63              		.loc 1 49 30 is_stmt 0 view .LVU16
  64 001a C361     		str	r3, [r0, #28]
  50:Src/i2c.c     ****   hi2c1.Init.NoStretchMode = I2C_NOSTRETCH_DISABLE;
  65              		.loc 1 50 3 is_stmt 1 view .LVU17
ARM GAS  C:\Users\ADMINI~1\AppData\Local\Temp\cc2RI8wT.s 			page 3


  66              		.loc 1 50 28 is_stmt 0 view .LVU18
  67 001c 0362     		str	r3, [r0, #32]
  51:Src/i2c.c     ****   if (HAL_I2C_Init(&hi2c1) != HAL_OK)
  68              		.loc 1 51 3 is_stmt 1 view .LVU19
  69              		.loc 1 51 7 is_stmt 0 view .LVU20
  70 001e FFF7FEFF 		bl	HAL_I2C_Init
  71              	.LVL0:
  72              		.loc 1 51 6 view .LVU21
  73 0022 0028     		cmp	r0, #0
  74 0024 0CD1     		bne	.L5
  75              	.L2:
  52:Src/i2c.c     ****   {
  53:Src/i2c.c     ****     Error_Handler();
  54:Src/i2c.c     ****   }
  55:Src/i2c.c     **** 
  56:Src/i2c.c     ****   /** Configure Analogue filter
  57:Src/i2c.c     ****   */
  58:Src/i2c.c     ****   if (HAL_I2CEx_ConfigAnalogFilter(&hi2c1, I2C_ANALOGFILTER_ENABLE) != HAL_OK)
  76              		.loc 1 58 3 is_stmt 1 view .LVU22
  77              		.loc 1 58 7 is_stmt 0 view .LVU23
  78 0026 0021     		movs	r1, #0
  79 0028 0A48     		ldr	r0, .L8
  80 002a FFF7FEFF 		bl	HAL_I2CEx_ConfigAnalogFilter
  81              	.LVL1:
  82              		.loc 1 58 6 view .LVU24
  83 002e 0028     		cmp	r0, #0
  84 0030 09D1     		bne	.L6
  85              	.L3:
  59:Src/i2c.c     ****   {
  60:Src/i2c.c     ****     Error_Handler();
  61:Src/i2c.c     ****   }
  62:Src/i2c.c     **** 
  63:Src/i2c.c     ****   /** Configure Digital filter
  64:Src/i2c.c     ****   */
  65:Src/i2c.c     ****   if (HAL_I2CEx_ConfigDigitalFilter(&hi2c1, 0) != HAL_OK)
  86              		.loc 1 65 3 is_stmt 1 view .LVU25
  87              		.loc 1 65 7 is_stmt 0 view .LVU26
  88 0032 0021     		movs	r1, #0
  89 0034 0748     		ldr	r0, .L8
  90 0036 FFF7FEFF 		bl	HAL_I2CEx_ConfigDigitalFilter
  91              	.LVL2:
  92              		.loc 1 65 6 view .LVU27
  93 003a 0028     		cmp	r0, #0
  94 003c 06D1     		bne	.L7
  95              	.L1:
  66:Src/i2c.c     ****   {
  67:Src/i2c.c     ****     Error_Handler();
  68:Src/i2c.c     ****   }
  69:Src/i2c.c     ****   /* USER CODE BEGIN I2C1_Init 2 */
  70:Src/i2c.c     **** 
  71:Src/i2c.c     ****   /* USER CODE END I2C1_Init 2 */
  72:Src/i2c.c     **** 
  73:Src/i2c.c     **** }
  96              		.loc 1 73 1 view .LVU28
  97              		@ sp needed
  98 003e 10BD     		pop	{r4, pc}
  99              	.L5:
ARM GAS  C:\Users\ADMINI~1\AppData\Local\Temp\cc2RI8wT.s 			page 4


  53:Src/i2c.c     ****   }
 100              		.loc 1 53 5 is_stmt 1 view .LVU29
 101 0040 FFF7FEFF 		bl	Error_Handler
 102              	.LVL3:
 103 0044 EFE7     		b	.L2
 104              	.L6:
  60:Src/i2c.c     ****   }
 105              		.loc 1 60 5 view .LVU30
 106 0046 FFF7FEFF 		bl	Error_Handler
 107              	.LVL4:
 108 004a F2E7     		b	.L3
 109              	.L7:
  67:Src/i2c.c     ****   }
 110              		.loc 1 67 5 view .LVU31
 111 004c FFF7FEFF 		bl	Error_Handler
 112              	.LVL5:
 113              		.loc 1 73 1 is_stmt 0 view .LVU32
 114 0050 F5E7     		b	.L1
 115              	.L9:
 116 0052 C046     		.align	2
 117              	.L8:
 118 0054 00000000 		.word	.LANCHOR0
 119 0058 00540040 		.word	1073763328
 120 005c 0E090020 		.word	536873230
 121              		.cfi_endproc
 122              	.LFE40:
 124              		.section	.text.HAL_I2C_MspInit,"ax",%progbits
 125              		.align	1
 126              		.global	HAL_I2C_MspInit
 127              		.syntax unified
 128              		.code	16
 129              		.thumb_func
 131              	HAL_I2C_MspInit:
 132              	.LVL6:
 133              	.LFB41:
  74:Src/i2c.c     **** 
  75:Src/i2c.c     **** void HAL_I2C_MspInit(I2C_HandleTypeDef* i2cHandle)
  76:Src/i2c.c     **** {
 134              		.loc 1 76 1 is_stmt 1 view -0
 135              		.cfi_startproc
 136              		@ args = 0, pretend = 0, frame = 32
 137              		@ frame_needed = 0, uses_anonymous_args = 0
 138              		.loc 1 76 1 is_stmt 0 view .LVU34
 139 0000 10B5     		push	{r4, lr}
 140              	.LCFI1:
 141              		.cfi_def_cfa_offset 8
 142              		.cfi_offset 4, -8
 143              		.cfi_offset 14, -4
 144 0002 88B0     		sub	sp, sp, #32
 145              	.LCFI2:
 146              		.cfi_def_cfa_offset 40
 147 0004 0400     		movs	r4, r0
  77:Src/i2c.c     **** 
  78:Src/i2c.c     ****   GPIO_InitTypeDef GPIO_InitStruct = {0};
 148              		.loc 1 78 3 is_stmt 1 view .LVU35
 149              		.loc 1 78 20 is_stmt 0 view .LVU36
 150 0006 1422     		movs	r2, #20
ARM GAS  C:\Users\ADMINI~1\AppData\Local\Temp\cc2RI8wT.s 			page 5


 151 0008 0021     		movs	r1, #0
 152 000a 03A8     		add	r0, sp, #12
 153              	.LVL7:
 154              		.loc 1 78 20 view .LVU37
 155 000c FFF7FEFF 		bl	memset
 156              	.LVL8:
  79:Src/i2c.c     ****   if(i2cHandle->Instance==I2C1)
 157              		.loc 1 79 3 is_stmt 1 view .LVU38
 158              		.loc 1 79 15 is_stmt 0 view .LVU39
 159 0010 2268     		ldr	r2, [r4]
 160              		.loc 1 79 5 view .LVU40
 161 0012 174B     		ldr	r3, .L13
 162 0014 9A42     		cmp	r2, r3
 163 0016 01D0     		beq	.L12
 164              	.LVL9:
 165              	.L10:
  80:Src/i2c.c     ****   {
  81:Src/i2c.c     ****   /* USER CODE BEGIN I2C1_MspInit 0 */
  82:Src/i2c.c     **** 
  83:Src/i2c.c     ****   /* USER CODE END I2C1_MspInit 0 */
  84:Src/i2c.c     **** 
  85:Src/i2c.c     ****     __HAL_RCC_GPIOA_CLK_ENABLE();
  86:Src/i2c.c     ****     /**I2C1 GPIO Configuration
  87:Src/i2c.c     ****     PA9     ------> I2C1_SCL
  88:Src/i2c.c     ****     PA10     ------> I2C1_SDA
  89:Src/i2c.c     ****     */
  90:Src/i2c.c     ****     GPIO_InitStruct.Pin = GPIO_PIN_9|GPIO_PIN_10;
  91:Src/i2c.c     ****     GPIO_InitStruct.Mode = GPIO_MODE_AF_OD;
  92:Src/i2c.c     ****     GPIO_InitStruct.Pull = GPIO_NOPULL;
  93:Src/i2c.c     ****     GPIO_InitStruct.Speed = GPIO_SPEED_FREQ_HIGH;
  94:Src/i2c.c     ****     GPIO_InitStruct.Alternate = GPIO_AF4_I2C1;
  95:Src/i2c.c     ****     HAL_GPIO_Init(GPIOA, &GPIO_InitStruct);
  96:Src/i2c.c     **** 
  97:Src/i2c.c     ****     /* I2C1 clock enable */
  98:Src/i2c.c     ****     __HAL_RCC_I2C1_CLK_ENABLE();
  99:Src/i2c.c     **** 
 100:Src/i2c.c     ****     /* I2C1 interrupt Init */
 101:Src/i2c.c     ****     HAL_NVIC_SetPriority(I2C1_IRQn, 0, 0);
 102:Src/i2c.c     ****     HAL_NVIC_EnableIRQ(I2C1_IRQn);
 103:Src/i2c.c     ****   /* USER CODE BEGIN I2C1_MspInit 1 */
 104:Src/i2c.c     **** 
 105:Src/i2c.c     ****   /* USER CODE END I2C1_MspInit 1 */
 106:Src/i2c.c     ****   }
 107:Src/i2c.c     **** }
 166              		.loc 1 107 1 view .LVU41
 167 0018 08B0     		add	sp, sp, #32
 168              		@ sp needed
 169 001a 10BD     		pop	{r4, pc}
 170              	.LVL10:
 171              	.L12:
  85:Src/i2c.c     ****     /**I2C1 GPIO Configuration
 172              		.loc 1 85 5 is_stmt 1 view .LVU42
 173              	.LBB2:
  85:Src/i2c.c     ****     /**I2C1 GPIO Configuration
 174              		.loc 1 85 5 view .LVU43
  85:Src/i2c.c     ****     /**I2C1 GPIO Configuration
 175              		.loc 1 85 5 view .LVU44
ARM GAS  C:\Users\ADMINI~1\AppData\Local\Temp\cc2RI8wT.s 			page 6


 176 001c 154C     		ldr	r4, .L13+4
 177              	.LVL11:
  85:Src/i2c.c     ****     /**I2C1 GPIO Configuration
 178              		.loc 1 85 5 is_stmt 0 view .LVU45
 179 001e 6269     		ldr	r2, [r4, #20]
 180 0020 8021     		movs	r1, #128
 181 0022 8902     		lsls	r1, r1, #10
 182 0024 0A43     		orrs	r2, r1
 183 0026 6261     		str	r2, [r4, #20]
  85:Src/i2c.c     ****     /**I2C1 GPIO Configuration
 184              		.loc 1 85 5 is_stmt 1 view .LVU46
 185 0028 6369     		ldr	r3, [r4, #20]
 186 002a 0B40     		ands	r3, r1
 187 002c 0193     		str	r3, [sp, #4]
  85:Src/i2c.c     ****     /**I2C1 GPIO Configuration
 188              		.loc 1 85 5 view .LVU47
 189 002e 019B     		ldr	r3, [sp, #4]
 190              	.LBE2:
  85:Src/i2c.c     ****     /**I2C1 GPIO Configuration
 191              		.loc 1 85 5 view .LVU48
  90:Src/i2c.c     ****     GPIO_InitStruct.Mode = GPIO_MODE_AF_OD;
 192              		.loc 1 90 5 view .LVU49
  90:Src/i2c.c     ****     GPIO_InitStruct.Mode = GPIO_MODE_AF_OD;
 193              		.loc 1 90 25 is_stmt 0 view .LVU50
 194 0030 C023     		movs	r3, #192
 195 0032 DB00     		lsls	r3, r3, #3
 196 0034 0393     		str	r3, [sp, #12]
  91:Src/i2c.c     ****     GPIO_InitStruct.Pull = GPIO_NOPULL;
 197              		.loc 1 91 5 is_stmt 1 view .LVU51
  91:Src/i2c.c     ****     GPIO_InitStruct.Pull = GPIO_NOPULL;
 198              		.loc 1 91 26 is_stmt 0 view .LVU52
 199 0036 1223     		movs	r3, #18
 200 0038 0493     		str	r3, [sp, #16]
  92:Src/i2c.c     ****     GPIO_InitStruct.Speed = GPIO_SPEED_FREQ_HIGH;
 201              		.loc 1 92 5 is_stmt 1 view .LVU53
  93:Src/i2c.c     ****     GPIO_InitStruct.Alternate = GPIO_AF4_I2C1;
 202              		.loc 1 93 5 view .LVU54
  93:Src/i2c.c     ****     GPIO_InitStruct.Alternate = GPIO_AF4_I2C1;
 203              		.loc 1 93 27 is_stmt 0 view .LVU55
 204 003a 0F3B     		subs	r3, r3, #15
 205 003c 0693     		str	r3, [sp, #24]
  94:Src/i2c.c     ****     HAL_GPIO_Init(GPIOA, &GPIO_InitStruct);
 206              		.loc 1 94 5 is_stmt 1 view .LVU56
  94:Src/i2c.c     ****     HAL_GPIO_Init(GPIOA, &GPIO_InitStruct);
 207              		.loc 1 94 31 is_stmt 0 view .LVU57
 208 003e 0133     		adds	r3, r3, #1
 209 0040 0793     		str	r3, [sp, #28]
  95:Src/i2c.c     **** 
 210              		.loc 1 95 5 is_stmt 1 view .LVU58
 211 0042 9020     		movs	r0, #144
 212 0044 03A9     		add	r1, sp, #12
 213 0046 C005     		lsls	r0, r0, #23
 214 0048 FFF7FEFF 		bl	HAL_GPIO_Init
 215              	.LVL12:
  98:Src/i2c.c     **** 
 216              		.loc 1 98 5 view .LVU59
 217              	.LBB3:
ARM GAS  C:\Users\ADMINI~1\AppData\Local\Temp\cc2RI8wT.s 			page 7


  98:Src/i2c.c     **** 
 218              		.loc 1 98 5 view .LVU60
  98:Src/i2c.c     **** 
 219              		.loc 1 98 5 view .LVU61
 220 004c E269     		ldr	r2, [r4, #28]
 221 004e 8021     		movs	r1, #128
 222 0050 8903     		lsls	r1, r1, #14
 223 0052 0A43     		orrs	r2, r1
 224 0054 E261     		str	r2, [r4, #28]
  98:Src/i2c.c     **** 
 225              		.loc 1 98 5 view .LVU62
 226 0056 E369     		ldr	r3, [r4, #28]
 227 0058 0B40     		ands	r3, r1
 228 005a 0293     		str	r3, [sp, #8]
  98:Src/i2c.c     **** 
 229              		.loc 1 98 5 view .LVU63
 230 005c 029B     		ldr	r3, [sp, #8]
 231              	.LBE3:
  98:Src/i2c.c     **** 
 232              		.loc 1 98 5 view .LVU64
 101:Src/i2c.c     ****     HAL_NVIC_EnableIRQ(I2C1_IRQn);
 233              		.loc 1 101 5 view .LVU65
 234 005e 0022     		movs	r2, #0
 235 0060 0021     		movs	r1, #0
 236 0062 1720     		movs	r0, #23
 237 0064 FFF7FEFF 		bl	HAL_NVIC_SetPriority
 238              	.LVL13:
 102:Src/i2c.c     ****   /* USER CODE BEGIN I2C1_MspInit 1 */
 239              		.loc 1 102 5 view .LVU66
 240 0068 1720     		movs	r0, #23
 241 006a FFF7FEFF 		bl	HAL_NVIC_EnableIRQ
 242              	.LVL14:
 243              		.loc 1 107 1 is_stmt 0 view .LVU67
 244 006e D3E7     		b	.L10
 245              	.L14:
 246              		.align	2
 247              	.L13:
 248 0070 00540040 		.word	1073763328
 249 0074 00100240 		.word	1073876992
 250              		.cfi_endproc
 251              	.LFE41:
 253              		.section	.text.HAL_I2C_MspDeInit,"ax",%progbits
 254              		.align	1
 255              		.global	HAL_I2C_MspDeInit
 256              		.syntax unified
 257              		.code	16
 258              		.thumb_func
 260              	HAL_I2C_MspDeInit:
 261              	.LVL15:
 262              	.LFB42:
 108:Src/i2c.c     **** 
 109:Src/i2c.c     **** void HAL_I2C_MspDeInit(I2C_HandleTypeDef* i2cHandle)
 110:Src/i2c.c     **** {
 263              		.loc 1 110 1 is_stmt 1 view -0
 264              		.cfi_startproc
 265              		@ args = 0, pretend = 0, frame = 0
 266              		@ frame_needed = 0, uses_anonymous_args = 0
ARM GAS  C:\Users\ADMINI~1\AppData\Local\Temp\cc2RI8wT.s 			page 8


 267              		.loc 1 110 1 is_stmt 0 view .LVU69
 268 0000 10B5     		push	{r4, lr}
 269              	.LCFI3:
 270              		.cfi_def_cfa_offset 8
 271              		.cfi_offset 4, -8
 272              		.cfi_offset 14, -4
 111:Src/i2c.c     **** 
 112:Src/i2c.c     ****   if(i2cHandle->Instance==I2C1)
 273              		.loc 1 112 3 is_stmt 1 view .LVU70
 274              		.loc 1 112 15 is_stmt 0 view .LVU71
 275 0002 0268     		ldr	r2, [r0]
 276              		.loc 1 112 5 view .LVU72
 277 0004 0C4B     		ldr	r3, .L18
 278 0006 9A42     		cmp	r2, r3
 279 0008 00D0     		beq	.L17
 280              	.LVL16:
 281              	.L15:
 113:Src/i2c.c     ****   {
 114:Src/i2c.c     ****   /* USER CODE BEGIN I2C1_MspDeInit 0 */
 115:Src/i2c.c     **** 
 116:Src/i2c.c     ****   /* USER CODE END I2C1_MspDeInit 0 */
 117:Src/i2c.c     ****     /* Peripheral clock disable */
 118:Src/i2c.c     ****     __HAL_RCC_I2C1_CLK_DISABLE();
 119:Src/i2c.c     **** 
 120:Src/i2c.c     ****     /**I2C1 GPIO Configuration
 121:Src/i2c.c     ****     PA9     ------> I2C1_SCL
 122:Src/i2c.c     ****     PA10     ------> I2C1_SDA
 123:Src/i2c.c     ****     */
 124:Src/i2c.c     ****     HAL_GPIO_DeInit(GPIOA, GPIO_PIN_9);
 125:Src/i2c.c     **** 
 126:Src/i2c.c     ****     HAL_GPIO_DeInit(GPIOA, GPIO_PIN_10);
 127:Src/i2c.c     **** 
 128:Src/i2c.c     ****     /* I2C1 interrupt Deinit */
 129:Src/i2c.c     ****     HAL_NVIC_DisableIRQ(I2C1_IRQn);
 130:Src/i2c.c     ****   /* USER CODE BEGIN I2C1_MspDeInit 1 */
 131:Src/i2c.c     **** 
 132:Src/i2c.c     ****   /* USER CODE END I2C1_MspDeInit 1 */
 133:Src/i2c.c     ****   }
 134:Src/i2c.c     **** }
 282              		.loc 1 134 1 view .LVU73
 283              		@ sp needed
 284 000a 10BD     		pop	{r4, pc}
 285              	.LVL17:
 286              	.L17:
 118:Src/i2c.c     **** 
 287              		.loc 1 118 5 is_stmt 1 view .LVU74
 288 000c 0B4A     		ldr	r2, .L18+4
 289 000e D369     		ldr	r3, [r2, #28]
 290 0010 0B49     		ldr	r1, .L18+8
 291 0012 0B40     		ands	r3, r1
 292 0014 D361     		str	r3, [r2, #28]
 124:Src/i2c.c     **** 
 293              		.loc 1 124 5 view .LVU75
 294 0016 8021     		movs	r1, #128
 295 0018 9024     		movs	r4, #144
 296 001a E405     		lsls	r4, r4, #23
 297 001c 8900     		lsls	r1, r1, #2
ARM GAS  C:\Users\ADMINI~1\AppData\Local\Temp\cc2RI8wT.s 			page 9


 298 001e 2000     		movs	r0, r4
 299              	.LVL18:
 124:Src/i2c.c     **** 
 300              		.loc 1 124 5 is_stmt 0 view .LVU76
 301 0020 FFF7FEFF 		bl	HAL_GPIO_DeInit
 302              	.LVL19:
 126:Src/i2c.c     **** 
 303              		.loc 1 126 5 is_stmt 1 view .LVU77
 304 0024 8021     		movs	r1, #128
 305 0026 C900     		lsls	r1, r1, #3
 306 0028 2000     		movs	r0, r4
 307 002a FFF7FEFF 		bl	HAL_GPIO_DeInit
 308              	.LVL20:
 129:Src/i2c.c     ****   /* USER CODE BEGIN I2C1_MspDeInit 1 */
 309              		.loc 1 129 5 view .LVU78
 310 002e 1720     		movs	r0, #23
 311 0030 FFF7FEFF 		bl	HAL_NVIC_DisableIRQ
 312              	.LVL21:
 313              		.loc 1 134 1 is_stmt 0 view .LVU79
 314 0034 E9E7     		b	.L15
 315              	.L19:
 316 0036 C046     		.align	2
 317              	.L18:
 318 0038 00540040 		.word	1073763328
 319 003c 00100240 		.word	1073876992
 320 0040 FFFFDFFF 		.word	-2097153
 321              		.cfi_endproc
 322              	.LFE42:
 324              		.section	.text.MY_I2C1_Init,"ax",%progbits
 325              		.align	1
 326              		.global	MY_I2C1_Init
 327              		.syntax unified
 328              		.code	16
 329              		.thumb_func
 331              	MY_I2C1_Init:
 332              	.LVL22:
 333              	.LFB43:
 135:Src/i2c.c     **** 
 136:Src/i2c.c     **** /* USER CODE BEGIN 1 */
 137:Src/i2c.c     **** void MY_I2C1_Init(uint32_t _id)
 138:Src/i2c.c     **** {
 334              		.loc 1 138 1 is_stmt 1 view -0
 335              		.cfi_startproc
 336              		@ args = 0, pretend = 0, frame = 0
 337              		@ frame_needed = 0, uses_anonymous_args = 0
 338              		.loc 1 138 1 is_stmt 0 view .LVU81
 339 0000 10B5     		push	{r4, lr}
 340              	.LCFI4:
 341              		.cfi_def_cfa_offset 8
 342              		.cfi_offset 4, -8
 343              		.cfi_offset 14, -4
 139:Src/i2c.c     **** 
 140:Src/i2c.c     ****     /* USER CODE BEGIN I2C1_Init 0 */
 141:Src/i2c.c     **** 
 142:Src/i2c.c     ****     /* USER CODE END I2C1_Init 0 */
 143:Src/i2c.c     **** 
 144:Src/i2c.c     ****     /* USER CODE BEGIN I2C1_Init 1 */
ARM GAS  C:\Users\ADMINI~1\AppData\Local\Temp\cc2RI8wT.s 			page 10


 145:Src/i2c.c     **** 
 146:Src/i2c.c     ****     /* USER CODE END I2C1_Init 1 */
 147:Src/i2c.c     ****     hi2c1.Instance = I2C1;
 344              		.loc 1 147 5 is_stmt 1 view .LVU82
 345              		.loc 1 147 20 is_stmt 0 view .LVU83
 346 0002 154B     		ldr	r3, .L27
 347 0004 154A     		ldr	r2, .L27+4
 348 0006 1A60     		str	r2, [r3]
 148:Src/i2c.c     ****     hi2c1.Init.Timing = 0x2000090E;
 349              		.loc 1 148 5 is_stmt 1 view .LVU84
 350              		.loc 1 148 23 is_stmt 0 view .LVU85
 351 0008 154A     		ldr	r2, .L27+8
 352 000a 5A60     		str	r2, [r3, #4]
 149:Src/i2c.c     ****     hi2c1.Init.OwnAddress1 = _id;
 353              		.loc 1 149 5 is_stmt 1 view .LVU86
 354              		.loc 1 149 28 is_stmt 0 view .LVU87
 355 000c 9860     		str	r0, [r3, #8]
 150:Src/i2c.c     ****     hi2c1.Init.AddressingMode = I2C_ADDRESSINGMODE_7BIT;
 356              		.loc 1 150 5 is_stmt 1 view .LVU88
 357              		.loc 1 150 31 is_stmt 0 view .LVU89
 358 000e 0122     		movs	r2, #1
 359 0010 DA60     		str	r2, [r3, #12]
 151:Src/i2c.c     ****     hi2c1.Init.DualAddressMode = I2C_DUALADDRESS_ENABLE;
 360              		.loc 1 151 5 is_stmt 1 view .LVU90
 361              		.loc 1 151 32 is_stmt 0 view .LVU91
 362 0012 8022     		movs	r2, #128
 363 0014 1202     		lsls	r2, r2, #8
 364 0016 1A61     		str	r2, [r3, #16]
 152:Src/i2c.c     ****     hi2c1.Init.OwnAddress2 = 0;
 365              		.loc 1 152 5 is_stmt 1 view .LVU92
 366              		.loc 1 152 28 is_stmt 0 view .LVU93
 367 0018 0022     		movs	r2, #0
 368 001a 5A61     		str	r2, [r3, #20]
 153:Src/i2c.c     ****     hi2c1.Init.OwnAddress2Masks = I2C_OA2_NOMASK;
 369              		.loc 1 153 5 is_stmt 1 view .LVU94
 370              		.loc 1 153 33 is_stmt 0 view .LVU95
 371 001c 9A61     		str	r2, [r3, #24]
 154:Src/i2c.c     ****     hi2c1.Init.GeneralCallMode = I2C_GENERALCALL_DISABLE;
 372              		.loc 1 154 5 is_stmt 1 view .LVU96
 373              		.loc 1 154 32 is_stmt 0 view .LVU97
 374 001e DA61     		str	r2, [r3, #28]
 155:Src/i2c.c     ****     hi2c1.Init.NoStretchMode = I2C_NOSTRETCH_DISABLE;
 375              		.loc 1 155 5 is_stmt 1 view .LVU98
 376              		.loc 1 155 30 is_stmt 0 view .LVU99
 377 0020 1A62     		str	r2, [r3, #32]
 156:Src/i2c.c     ****     if (HAL_I2C_Init(&hi2c1) != HAL_OK)
 378              		.loc 1 156 5 is_stmt 1 view .LVU100
 379              		.loc 1 156 9 is_stmt 0 view .LVU101
 380 0022 1800     		movs	r0, r3
 381              	.LVL23:
 382              		.loc 1 156 9 view .LVU102
 383 0024 FFF7FEFF 		bl	HAL_I2C_Init
 384              	.LVL24:
 385              		.loc 1 156 8 view .LVU103
 386 0028 0028     		cmp	r0, #0
 387 002a 0CD1     		bne	.L24
 388              	.L21:
ARM GAS  C:\Users\ADMINI~1\AppData\Local\Temp\cc2RI8wT.s 			page 11


 157:Src/i2c.c     ****     {
 158:Src/i2c.c     ****         Error_Handler();
 159:Src/i2c.c     ****     }
 160:Src/i2c.c     ****     /** Configure Analogue filter
 161:Src/i2c.c     ****     */
 162:Src/i2c.c     ****     if (HAL_I2CEx_ConfigAnalogFilter(&hi2c1, I2C_ANALOGFILTER_ENABLE) != HAL_OK)
 389              		.loc 1 162 5 is_stmt 1 view .LVU104
 390              		.loc 1 162 9 is_stmt 0 view .LVU105
 391 002c 0021     		movs	r1, #0
 392 002e 0A48     		ldr	r0, .L27
 393 0030 FFF7FEFF 		bl	HAL_I2CEx_ConfigAnalogFilter
 394              	.LVL25:
 395              		.loc 1 162 8 view .LVU106
 396 0034 0028     		cmp	r0, #0
 397 0036 09D1     		bne	.L25
 398              	.L22:
 163:Src/i2c.c     ****     {
 164:Src/i2c.c     ****         Error_Handler();
 165:Src/i2c.c     ****     }
 166:Src/i2c.c     ****     /** Configure Digital filter
 167:Src/i2c.c     ****     */
 168:Src/i2c.c     ****     if (HAL_I2CEx_ConfigDigitalFilter(&hi2c1, 0) != HAL_OK)
 399              		.loc 1 168 5 is_stmt 1 view .LVU107
 400              		.loc 1 168 9 is_stmt 0 view .LVU108
 401 0038 0021     		movs	r1, #0
 402 003a 0748     		ldr	r0, .L27
 403 003c FFF7FEFF 		bl	HAL_I2CEx_ConfigDigitalFilter
 404              	.LVL26:
 405              		.loc 1 168 8 view .LVU109
 406 0040 0028     		cmp	r0, #0
 407 0042 06D1     		bne	.L26
 408              	.L20:
 169:Src/i2c.c     ****     {
 170:Src/i2c.c     ****         Error_Handler();
 171:Src/i2c.c     ****     }
 172:Src/i2c.c     ****     /* USER CODE BEGIN I2C1_Init 2 */
 173:Src/i2c.c     **** 
 174:Src/i2c.c     ****     /* USER CODE END I2C1_Init 2 */
 175:Src/i2c.c     **** 
 176:Src/i2c.c     **** }
 409              		.loc 1 176 1 view .LVU110
 410              		@ sp needed
 411 0044 10BD     		pop	{r4, pc}
 412              	.L24:
 158:Src/i2c.c     ****     }
 413              		.loc 1 158 9 is_stmt 1 view .LVU111
 414 0046 FFF7FEFF 		bl	Error_Handler
 415              	.LVL27:
 416 004a EFE7     		b	.L21
 417              	.L25:
 164:Src/i2c.c     ****     }
 418              		.loc 1 164 9 view .LVU112
 419 004c FFF7FEFF 		bl	Error_Handler
 420              	.LVL28:
 421 0050 F2E7     		b	.L22
 422              	.L26:
 170:Src/i2c.c     ****     }
ARM GAS  C:\Users\ADMINI~1\AppData\Local\Temp\cc2RI8wT.s 			page 12


 423              		.loc 1 170 9 view .LVU113
 424 0052 FFF7FEFF 		bl	Error_Handler
 425              	.LVL29:
 426              		.loc 1 176 1 is_stmt 0 view .LVU114
 427 0056 F5E7     		b	.L20
 428              	.L28:
 429              		.align	2
 430              	.L27:
 431 0058 00000000 		.word	.LANCHOR0
 432 005c 00540040 		.word	1073763328
 433 0060 0E090020 		.word	536873230
 434              		.cfi_endproc
 435              	.LFE43:
 437              		.global	hi2c1
 438              		.global	i2cDataTx
 439              		.global	i2cDataRx
 440              		.section	.bss.hi2c1,"aw",%nobits
 441              		.align	2
 442              		.set	.LANCHOR0,. + 0
 445              	hi2c1:
 446 0000 00000000 		.space	76
 446      00000000 
 446      00000000 
 446      00000000 
 446      00000000 
 447              		.section	.bss.i2cDataRx,"aw",%nobits
 448              		.align	2
 451              	i2cDataRx:
 452 0000 00000000 		.space	8
 452      00000000 
 453              		.section	.bss.i2cDataTx,"aw",%nobits
 454              		.align	2
 457              	i2cDataTx:
 458 0000 00000000 		.space	8
 458      00000000 
 459              		.text
 460              	.Letext0:
 461              		.file 2 "c:\\program files (x86)\\gnu arm embedded toolchain\\10 2021.10\\arm-none-eabi\\include\\
 462              		.file 3 "c:\\program files (x86)\\gnu arm embedded toolchain\\10 2021.10\\arm-none-eabi\\include\\
 463              		.file 4 "Drivers/CMSIS/Device/ST/STM32F0xx/Include/stm32f030x6.h"
 464              		.file 5 "Drivers/STM32F0xx_HAL_Driver/Inc/stm32f0xx_hal_def.h"
 465              		.file 6 "Drivers/STM32F0xx_HAL_Driver/Inc/stm32f0xx_hal_gpio.h"
 466              		.file 7 "Drivers/STM32F0xx_HAL_Driver/Inc/stm32f0xx_hal_dma.h"
 467              		.file 8 "Drivers/STM32F0xx_HAL_Driver/Inc/stm32f0xx_hal_i2c.h"
 468              		.file 9 "Inc/i2c.h"
 469              		.file 10 "Drivers/STM32F0xx_HAL_Driver/Inc/stm32f0xx_hal_i2c_ex.h"
 470              		.file 11 "Inc/main.h"
 471              		.file 12 "Drivers/STM32F0xx_HAL_Driver/Inc/stm32f0xx_hal_cortex.h"
 472              		.file 13 "<built-in>"
ARM GAS  C:\Users\ADMINI~1\AppData\Local\Temp\cc2RI8wT.s 			page 13


DEFINED SYMBOLS
                            *ABS*:00000000 i2c.c
C:\Users\ADMINI~1\AppData\Local\Temp\cc2RI8wT.s:18     .text.MX_I2C1_Init:00000000 $t
C:\Users\ADMINI~1\AppData\Local\Temp\cc2RI8wT.s:24     .text.MX_I2C1_Init:00000000 MX_I2C1_Init
C:\Users\ADMINI~1\AppData\Local\Temp\cc2RI8wT.s:118    .text.MX_I2C1_Init:00000054 $d
C:\Users\ADMINI~1\AppData\Local\Temp\cc2RI8wT.s:125    .text.HAL_I2C_MspInit:00000000 $t
C:\Users\ADMINI~1\AppData\Local\Temp\cc2RI8wT.s:131    .text.HAL_I2C_MspInit:00000000 HAL_I2C_MspInit
C:\Users\ADMINI~1\AppData\Local\Temp\cc2RI8wT.s:248    .text.HAL_I2C_MspInit:00000070 $d
C:\Users\ADMINI~1\AppData\Local\Temp\cc2RI8wT.s:254    .text.HAL_I2C_MspDeInit:00000000 $t
C:\Users\ADMINI~1\AppData\Local\Temp\cc2RI8wT.s:260    .text.HAL_I2C_MspDeInit:00000000 HAL_I2C_MspDeInit
C:\Users\ADMINI~1\AppData\Local\Temp\cc2RI8wT.s:318    .text.HAL_I2C_MspDeInit:00000038 $d
C:\Users\ADMINI~1\AppData\Local\Temp\cc2RI8wT.s:325    .text.MY_I2C1_Init:00000000 $t
C:\Users\ADMINI~1\AppData\Local\Temp\cc2RI8wT.s:331    .text.MY_I2C1_Init:00000000 MY_I2C1_Init
C:\Users\ADMINI~1\AppData\Local\Temp\cc2RI8wT.s:431    .text.MY_I2C1_Init:00000058 $d
C:\Users\ADMINI~1\AppData\Local\Temp\cc2RI8wT.s:445    .bss.hi2c1:00000000 hi2c1
C:\Users\ADMINI~1\AppData\Local\Temp\cc2RI8wT.s:457    .bss.i2cDataTx:00000000 i2cDataTx
C:\Users\ADMINI~1\AppData\Local\Temp\cc2RI8wT.s:451    .bss.i2cDataRx:00000000 i2cDataRx
C:\Users\ADMINI~1\AppData\Local\Temp\cc2RI8wT.s:441    .bss.hi2c1:00000000 $d
C:\Users\ADMINI~1\AppData\Local\Temp\cc2RI8wT.s:448    .bss.i2cDataRx:00000000 $d
C:\Users\ADMINI~1\AppData\Local\Temp\cc2RI8wT.s:454    .bss.i2cDataTx:00000000 $d

UNDEFINED SYMBOLS
HAL_I2C_Init
HAL_I2CEx_ConfigAnalogFilter
HAL_I2CEx_ConfigDigitalFilter
Error_Handler
memset
HAL_GPIO_Init
HAL_NVIC_SetPriority
HAL_NVIC_EnableIRQ
HAL_GPIO_DeInit
HAL_NVIC_DisableIRQ
