ARM GAS  C:\Users\ADMINI~1\AppData\Local\Temp\ccLMdDUc.s 			page 1


   1              		.cpu cortex-m0
   2              		.arch armv6s-m
   3              		.fpu softvfp
   4              		.eabi_attribute 20, 1
   5              		.eabi_attribute 21, 1
   6              		.eabi_attribute 23, 3
   7              		.eabi_attribute 24, 1
   8              		.eabi_attribute 25, 1
   9              		.eabi_attribute 26, 1
  10              		.eabi_attribute 30, 1
  11              		.eabi_attribute 34, 0
  12              		.eabi_attribute 18, 4
  13              		.file	"main.c"
  14              		.text
  15              	.Ltext0:
  16              		.cfi_sections	.debug_frame
  17              		.section	.text._write,"ax",%progbits
  18              		.align	1
  19              		.global	_write
  20              		.syntax unified
  21              		.code	16
  22              		.thumb_func
  24              	_write:
  25              	.LVL0:
  26              	.LFB43:
  27              		.file 1 "Src/main.c"
   1:Src/main.c    **** /* USER CODE BEGIN Header */
   2:Src/main.c    **** /**
   3:Src/main.c    ****   ******************************************************************************
   4:Src/main.c    ****   * @file           : main.c
   5:Src/main.c    ****   * @brief          : Main program body
   6:Src/main.c    ****   ******************************************************************************
   7:Src/main.c    ****   * @attention
   8:Src/main.c    ****   *
   9:Src/main.c    ****   * Copyright (c) 2022 STMicroelectronics.
  10:Src/main.c    ****   * All rights reserved.
  11:Src/main.c    ****   *
  12:Src/main.c    ****   * This software is licensed under terms that can be found in the LICENSE file
  13:Src/main.c    ****   * in the root directory of this software component.
  14:Src/main.c    ****   * If no LICENSE file comes with this software, it is provided AS-IS.
  15:Src/main.c    ****   *
  16:Src/main.c    ****   ******************************************************************************
  17:Src/main.c    ****   */
  18:Src/main.c    **** /* USER CODE END Header */
  19:Src/main.c    **** /* Includes ------------------------------------------------------------------*/
  20:Src/main.c    **** #include "main.h"
  21:Src/main.c    **** #include "adc.h"
  22:Src/main.c    **** #include "dma.h"
  23:Src/main.c    **** #include "i2c.h"
  24:Src/main.c    **** #include "tim.h"
  25:Src/main.c    **** #include "usart.h"
  26:Src/main.c    **** #include "gpio.h"
  27:Src/main.c    **** 
  28:Src/main.c    **** /* Private includes ----------------------------------------------------------*/
  29:Src/main.c    **** /* USER CODE BEGIN Includes */
  30:Src/main.c    **** #include <stdio.h>
  31:Src/main.c    **** #include "common_inc.h"
ARM GAS  C:\Users\ADMINI~1\AppData\Local\Temp\ccLMdDUc.s 			page 2


  32:Src/main.c    **** /* USER CODE END Includes */
  33:Src/main.c    **** 
  34:Src/main.c    **** /* Private typedef -----------------------------------------------------------*/
  35:Src/main.c    **** /* USER CODE BEGIN PTD */
  36:Src/main.c    **** 
  37:Src/main.c    **** /* USER CODE END PTD */
  38:Src/main.c    **** 
  39:Src/main.c    **** /* Private define ------------------------------------------------------------*/
  40:Src/main.c    **** /* USER CODE BEGIN PD */
  41:Src/main.c    **** /* USER CODE END PD */
  42:Src/main.c    **** 
  43:Src/main.c    **** /* Private macro -------------------------------------------------------------*/
  44:Src/main.c    **** /* USER CODE BEGIN PM */
  45:Src/main.c    **** 
  46:Src/main.c    **** /* USER CODE END PM */
  47:Src/main.c    **** 
  48:Src/main.c    **** /* Private variables ---------------------------------------------------------*/
  49:Src/main.c    **** 
  50:Src/main.c    **** /* USER CODE BEGIN PV */
  51:Src/main.c    **** 
  52:Src/main.c    **** /* USER CODE END PV */
  53:Src/main.c    **** 
  54:Src/main.c    **** /* Private function prototypes -----------------------------------------------*/
  55:Src/main.c    **** void SystemClock_Config(void);
  56:Src/main.c    **** /* USER CODE BEGIN PFP */
  57:Src/main.c    **** 
  58:Src/main.c    **** /* USER CODE END PFP */
  59:Src/main.c    **** 
  60:Src/main.c    **** /* Private user code ---------------------------------------------------------*/
  61:Src/main.c    **** /* USER CODE BEGIN 0 */
  62:Src/main.c    **** int _write(int fd, char *ch, int len)
  63:Src/main.c    **** {
  28              		.loc 1 63 1 view -0
  29              		.cfi_startproc
  30              		@ args = 0, pretend = 0, frame = 0
  31              		@ frame_needed = 0, uses_anonymous_args = 0
  32              		.loc 1 63 1 is_stmt 0 view .LVU1
  33 0000 10B5     		push	{r4, lr}
  34              	.LCFI0:
  35              		.cfi_def_cfa_offset 8
  36              		.cfi_offset 4, -8
  37              		.cfi_offset 14, -4
  38 0002 1400     		movs	r4, r2
  64:Src/main.c    ****   int i;
  39              		.loc 1 64 3 is_stmt 1 view .LVU2
  65:Src/main.c    **** /*   for(i=0;i<len;i++)
  66:Src/main.c    ****   {
  67:Src/main.c    ****     while(LL_USART_IsActiveFlag_TXE(USART2)==0)
  68:Src/main.c    ****     {}
  69:Src/main.c    ****      LL_USART_TransmitData8(USART2, ch[i]);
  70:Src/main.c    ****      //while(!LL_USART_IsActiveFlag_TC(USART1));
  71:Src/main.c    ****   } */
  72:Src/main.c    ****   HAL_UART_Transmit(&huart2, (uint8_t*)ch, len, 0xFFFF);
  40              		.loc 1 72 3 view .LVU3
  41 0004 92B2     		uxth	r2, r2
  42              	.LVL1:
  43              		.loc 1 72 3 is_stmt 0 view .LVU4
ARM GAS  C:\Users\ADMINI~1\AppData\Local\Temp\ccLMdDUc.s 			page 3


  44 0006 034B     		ldr	r3, .L2
  45 0008 0348     		ldr	r0, .L2+4
  46              	.LVL2:
  47              		.loc 1 72 3 view .LVU5
  48 000a FFF7FEFF 		bl	HAL_UART_Transmit
  49              	.LVL3:
  73:Src/main.c    ****   
  74:Src/main.c    ****   return len;
  50              		.loc 1 74 3 is_stmt 1 view .LVU6
  75:Src/main.c    **** }
  51              		.loc 1 75 1 is_stmt 0 view .LVU7
  52 000e 2000     		movs	r0, r4
  53              		@ sp needed
  54              	.LVL4:
  55              		.loc 1 75 1 view .LVU8
  56 0010 10BD     		pop	{r4, pc}
  57              	.L3:
  58 0012 C046     		.align	2
  59              	.L2:
  60 0014 FFFF0000 		.word	65535
  61 0018 00000000 		.word	huart2
  62              		.cfi_endproc
  63              	.LFE43:
  65              		.section	.text.Error_Handler,"ax",%progbits
  66              		.align	1
  67              		.global	Error_Handler
  68              		.syntax unified
  69              		.code	16
  70              		.thumb_func
  72              	Error_Handler:
  73              	.LFB46:
  76:Src/main.c    **** /* USER CODE END 0 */
  77:Src/main.c    **** 
  78:Src/main.c    **** /**
  79:Src/main.c    ****   * @brief  The application entry point.
  80:Src/main.c    ****   * @retval int
  81:Src/main.c    ****   */
  82:Src/main.c    **** int main(void)
  83:Src/main.c    **** {
  84:Src/main.c    ****   /* USER CODE BEGIN 1 */
  85:Src/main.c    ****   HAL_RCC_DeInit();
  86:Src/main.c    ****   /* USER CODE END 1 */
  87:Src/main.c    **** 
  88:Src/main.c    ****   /* MCU Configuration--------------------------------------------------------*/
  89:Src/main.c    **** 
  90:Src/main.c    ****   /* Reset of all peripherals, Initializes the Flash interface and the Systick. */
  91:Src/main.c    ****   HAL_Init();
  92:Src/main.c    **** 
  93:Src/main.c    ****   /* USER CODE BEGIN Init */
  94:Src/main.c    **** 
  95:Src/main.c    ****   /* USER CODE END Init */
  96:Src/main.c    **** 
  97:Src/main.c    ****   /* Configure the system clock */
  98:Src/main.c    ****   SystemClock_Config();
  99:Src/main.c    **** 
 100:Src/main.c    ****   /* USER CODE BEGIN SysInit */
 101:Src/main.c    **** 
ARM GAS  C:\Users\ADMINI~1\AppData\Local\Temp\ccLMdDUc.s 			page 4


 102:Src/main.c    ****   /* USER CODE END SysInit */
 103:Src/main.c    **** 
 104:Src/main.c    ****   /* Initialize all configured peripherals */
 105:Src/main.c    ****   MX_GPIO_Init();
 106:Src/main.c    ****   MX_DMA_Init();
 107:Src/main.c    ****   MX_TIM14_Init();
 108:Src/main.c    ****   MX_TIM3_Init();
 109:Src/main.c    ****   // MX_I2C1_Init();
 110:Src/main.c    ****   MX_USART2_UART_Init();
 111:Src/main.c    ****   MX_ADC_Init();
 112:Src/main.c    ****   /* USER CODE BEGIN 2 */
 113:Src/main.c    ****   printf("hello ServoDrive coming...\r\n");
 114:Src/main.c    ****   /* USER CODE END 2 */
 115:Src/main.c    **** 
 116:Src/main.c    ****   /* Infinite loop */
 117:Src/main.c    ****   /* USER CODE BEGIN WHILE */
 118:Src/main.c    ****   Main();
 119:Src/main.c    ****   while (1)
 120:Src/main.c    ****   {
 121:Src/main.c    ****     /* USER CODE END WHILE */
 122:Src/main.c    **** 
 123:Src/main.c    ****     /* USER CODE BEGIN 3 */
 124:Src/main.c    ****   }
 125:Src/main.c    ****   /* USER CODE END 3 */
 126:Src/main.c    **** }
 127:Src/main.c    **** 
 128:Src/main.c    **** /**
 129:Src/main.c    ****   * @brief System Clock Configuration
 130:Src/main.c    ****   * @retval None
 131:Src/main.c    ****   */
 132:Src/main.c    **** void SystemClock_Config(void)
 133:Src/main.c    **** {
 134:Src/main.c    ****   RCC_OscInitTypeDef RCC_OscInitStruct = {0};
 135:Src/main.c    ****   RCC_ClkInitTypeDef RCC_ClkInitStruct = {0};
 136:Src/main.c    ****   RCC_PeriphCLKInitTypeDef PeriphClkInit = {0};
 137:Src/main.c    **** 
 138:Src/main.c    ****   /** Initializes the RCC Oscillators according to the specified parameters
 139:Src/main.c    ****   * in the RCC_OscInitTypeDef structure.
 140:Src/main.c    ****   */
 141:Src/main.c    ****   RCC_OscInitStruct.OscillatorType = RCC_OSCILLATORTYPE_HSI|RCC_OSCILLATORTYPE_HSI14;
 142:Src/main.c    ****   RCC_OscInitStruct.HSIState = RCC_HSI_ON;
 143:Src/main.c    ****   RCC_OscInitStruct.HSI14State = RCC_HSI14_ON;
 144:Src/main.c    ****   RCC_OscInitStruct.HSICalibrationValue = RCC_HSICALIBRATION_DEFAULT;
 145:Src/main.c    ****   RCC_OscInitStruct.HSI14CalibrationValue = 16;
 146:Src/main.c    ****   RCC_OscInitStruct.PLL.PLLState = RCC_PLL_ON;
 147:Src/main.c    ****   RCC_OscInitStruct.PLL.PLLSource = RCC_PLLSOURCE_HSI;
 148:Src/main.c    ****   RCC_OscInitStruct.PLL.PLLMUL = RCC_PLL_MUL12;
 149:Src/main.c    ****   RCC_OscInitStruct.PLL.PREDIV = RCC_PREDIV_DIV2;
 150:Src/main.c    ****   if (HAL_RCC_OscConfig(&RCC_OscInitStruct) != HAL_OK)
 151:Src/main.c    ****   {
 152:Src/main.c    ****     Error_Handler();
 153:Src/main.c    ****   }
 154:Src/main.c    **** 
 155:Src/main.c    ****   /** Initializes the CPU, AHB and APB buses clocks
 156:Src/main.c    ****   */
 157:Src/main.c    ****   RCC_ClkInitStruct.ClockType = RCC_CLOCKTYPE_HCLK|RCC_CLOCKTYPE_SYSCLK
 158:Src/main.c    ****                               |RCC_CLOCKTYPE_PCLK1;
ARM GAS  C:\Users\ADMINI~1\AppData\Local\Temp\ccLMdDUc.s 			page 5


 159:Src/main.c    ****   RCC_ClkInitStruct.SYSCLKSource = RCC_SYSCLKSOURCE_PLLCLK;
 160:Src/main.c    ****   RCC_ClkInitStruct.AHBCLKDivider = RCC_SYSCLK_DIV1;
 161:Src/main.c    ****   RCC_ClkInitStruct.APB1CLKDivider = RCC_HCLK_DIV1;
 162:Src/main.c    **** 
 163:Src/main.c    ****   if (HAL_RCC_ClockConfig(&RCC_ClkInitStruct, FLASH_LATENCY_1) != HAL_OK)
 164:Src/main.c    ****   {
 165:Src/main.c    ****     Error_Handler();
 166:Src/main.c    ****   }
 167:Src/main.c    ****   PeriphClkInit.PeriphClockSelection = RCC_PERIPHCLK_I2C1;
 168:Src/main.c    ****   PeriphClkInit.I2c1ClockSelection = RCC_I2C1CLKSOURCE_HSI;
 169:Src/main.c    ****   if (HAL_RCCEx_PeriphCLKConfig(&PeriphClkInit) != HAL_OK)
 170:Src/main.c    ****   {
 171:Src/main.c    ****     Error_Handler();
 172:Src/main.c    ****   }
 173:Src/main.c    **** }
 174:Src/main.c    **** 
 175:Src/main.c    **** /* USER CODE BEGIN 4 */
 176:Src/main.c    **** 
 177:Src/main.c    **** /* USER CODE END 4 */
 178:Src/main.c    **** 
 179:Src/main.c    **** /**
 180:Src/main.c    ****   * @brief  This function is executed in case of error occurrence.
 181:Src/main.c    ****   * @retval None
 182:Src/main.c    ****   */
 183:Src/main.c    **** void Error_Handler(void)
 184:Src/main.c    **** {
  74              		.loc 1 184 1 is_stmt 1 view -0
  75              		.cfi_startproc
  76              		@ Volatile: function does not return.
  77              		@ args = 0, pretend = 0, frame = 0
  78              		@ frame_needed = 0, uses_anonymous_args = 0
  79              		@ link register save eliminated.
 185:Src/main.c    ****   /* USER CODE BEGIN Error_Handler_Debug */
 186:Src/main.c    ****   /* User can add his own implementation to report the HAL error return state */
 187:Src/main.c    ****   __disable_irq();
  80              		.loc 1 187 3 view .LVU10
  81              	.LBB4:
  82              	.LBI4:
  83              		.file 2 "Drivers/CMSIS/Include/cmsis_gcc.h"
   1:Drivers/CMSIS/Include/cmsis_gcc.h **** /**************************************************************************//**
   2:Drivers/CMSIS/Include/cmsis_gcc.h ****  * @file     cmsis_gcc.h
   3:Drivers/CMSIS/Include/cmsis_gcc.h ****  * @brief    CMSIS compiler GCC header file
   4:Drivers/CMSIS/Include/cmsis_gcc.h ****  * @version  V5.0.4
   5:Drivers/CMSIS/Include/cmsis_gcc.h ****  * @date     09. April 2018
   6:Drivers/CMSIS/Include/cmsis_gcc.h ****  ******************************************************************************/
   7:Drivers/CMSIS/Include/cmsis_gcc.h **** /*
   8:Drivers/CMSIS/Include/cmsis_gcc.h ****  * Copyright (c) 2009-2018 Arm Limited. All rights reserved.
   9:Drivers/CMSIS/Include/cmsis_gcc.h ****  *
  10:Drivers/CMSIS/Include/cmsis_gcc.h ****  * SPDX-License-Identifier: Apache-2.0
  11:Drivers/CMSIS/Include/cmsis_gcc.h ****  *
  12:Drivers/CMSIS/Include/cmsis_gcc.h ****  * Licensed under the Apache License, Version 2.0 (the License); you may
  13:Drivers/CMSIS/Include/cmsis_gcc.h ****  * not use this file except in compliance with the License.
  14:Drivers/CMSIS/Include/cmsis_gcc.h ****  * You may obtain a copy of the License at
  15:Drivers/CMSIS/Include/cmsis_gcc.h ****  *
  16:Drivers/CMSIS/Include/cmsis_gcc.h ****  * www.apache.org/licenses/LICENSE-2.0
  17:Drivers/CMSIS/Include/cmsis_gcc.h ****  *
  18:Drivers/CMSIS/Include/cmsis_gcc.h ****  * Unless required by applicable law or agreed to in writing, software
ARM GAS  C:\Users\ADMINI~1\AppData\Local\Temp\ccLMdDUc.s 			page 6


  19:Drivers/CMSIS/Include/cmsis_gcc.h ****  * distributed under the License is distributed on an AS IS BASIS, WITHOUT
  20:Drivers/CMSIS/Include/cmsis_gcc.h ****  * WARRANTIES OR CONDITIONS OF ANY KIND, either express or implied.
  21:Drivers/CMSIS/Include/cmsis_gcc.h ****  * See the License for the specific language governing permissions and
  22:Drivers/CMSIS/Include/cmsis_gcc.h ****  * limitations under the License.
  23:Drivers/CMSIS/Include/cmsis_gcc.h ****  */
  24:Drivers/CMSIS/Include/cmsis_gcc.h **** 
  25:Drivers/CMSIS/Include/cmsis_gcc.h **** #ifndef __CMSIS_GCC_H
  26:Drivers/CMSIS/Include/cmsis_gcc.h **** #define __CMSIS_GCC_H
  27:Drivers/CMSIS/Include/cmsis_gcc.h **** 
  28:Drivers/CMSIS/Include/cmsis_gcc.h **** /* ignore some GCC warnings */
  29:Drivers/CMSIS/Include/cmsis_gcc.h **** #pragma GCC diagnostic push
  30:Drivers/CMSIS/Include/cmsis_gcc.h **** #pragma GCC diagnostic ignored "-Wsign-conversion"
  31:Drivers/CMSIS/Include/cmsis_gcc.h **** #pragma GCC diagnostic ignored "-Wconversion"
  32:Drivers/CMSIS/Include/cmsis_gcc.h **** #pragma GCC diagnostic ignored "-Wunused-parameter"
  33:Drivers/CMSIS/Include/cmsis_gcc.h **** 
  34:Drivers/CMSIS/Include/cmsis_gcc.h **** /* Fallback for __has_builtin */
  35:Drivers/CMSIS/Include/cmsis_gcc.h **** #ifndef __has_builtin
  36:Drivers/CMSIS/Include/cmsis_gcc.h ****   #define __has_builtin(x) (0)
  37:Drivers/CMSIS/Include/cmsis_gcc.h **** #endif
  38:Drivers/CMSIS/Include/cmsis_gcc.h **** 
  39:Drivers/CMSIS/Include/cmsis_gcc.h **** /* CMSIS compiler specific defines */
  40:Drivers/CMSIS/Include/cmsis_gcc.h **** #ifndef   __ASM
  41:Drivers/CMSIS/Include/cmsis_gcc.h ****   #define __ASM                                  __asm
  42:Drivers/CMSIS/Include/cmsis_gcc.h **** #endif
  43:Drivers/CMSIS/Include/cmsis_gcc.h **** #ifndef   __INLINE
  44:Drivers/CMSIS/Include/cmsis_gcc.h ****   #define __INLINE                               inline
  45:Drivers/CMSIS/Include/cmsis_gcc.h **** #endif
  46:Drivers/CMSIS/Include/cmsis_gcc.h **** #ifndef   __STATIC_INLINE
  47:Drivers/CMSIS/Include/cmsis_gcc.h ****   #define __STATIC_INLINE                        static inline
  48:Drivers/CMSIS/Include/cmsis_gcc.h **** #endif
  49:Drivers/CMSIS/Include/cmsis_gcc.h **** #ifndef   __STATIC_FORCEINLINE                 
  50:Drivers/CMSIS/Include/cmsis_gcc.h ****   #define __STATIC_FORCEINLINE                   __attribute__((always_inline)) static inline
  51:Drivers/CMSIS/Include/cmsis_gcc.h **** #endif                                           
  52:Drivers/CMSIS/Include/cmsis_gcc.h **** #ifndef   __NO_RETURN
  53:Drivers/CMSIS/Include/cmsis_gcc.h ****   #define __NO_RETURN                            __attribute__((__noreturn__))
  54:Drivers/CMSIS/Include/cmsis_gcc.h **** #endif
  55:Drivers/CMSIS/Include/cmsis_gcc.h **** #ifndef   __USED
  56:Drivers/CMSIS/Include/cmsis_gcc.h ****   #define __USED                                 __attribute__((used))
  57:Drivers/CMSIS/Include/cmsis_gcc.h **** #endif
  58:Drivers/CMSIS/Include/cmsis_gcc.h **** #ifndef   __WEAK
  59:Drivers/CMSIS/Include/cmsis_gcc.h ****   #define __WEAK                                 __attribute__((weak))
  60:Drivers/CMSIS/Include/cmsis_gcc.h **** #endif
  61:Drivers/CMSIS/Include/cmsis_gcc.h **** #ifndef   __PACKED
  62:Drivers/CMSIS/Include/cmsis_gcc.h ****   #define __PACKED                               __attribute__((packed, aligned(1)))
  63:Drivers/CMSIS/Include/cmsis_gcc.h **** #endif
  64:Drivers/CMSIS/Include/cmsis_gcc.h **** #ifndef   __PACKED_STRUCT
  65:Drivers/CMSIS/Include/cmsis_gcc.h ****   #define __PACKED_STRUCT                        struct __attribute__((packed, aligned(1)))
  66:Drivers/CMSIS/Include/cmsis_gcc.h **** #endif
  67:Drivers/CMSIS/Include/cmsis_gcc.h **** #ifndef   __PACKED_UNION
  68:Drivers/CMSIS/Include/cmsis_gcc.h ****   #define __PACKED_UNION                         union __attribute__((packed, aligned(1)))
  69:Drivers/CMSIS/Include/cmsis_gcc.h **** #endif
  70:Drivers/CMSIS/Include/cmsis_gcc.h **** #ifndef   __UNALIGNED_UINT32        /* deprecated */
  71:Drivers/CMSIS/Include/cmsis_gcc.h ****   #pragma GCC diagnostic push
  72:Drivers/CMSIS/Include/cmsis_gcc.h ****   #pragma GCC diagnostic ignored "-Wpacked"
  73:Drivers/CMSIS/Include/cmsis_gcc.h ****   #pragma GCC diagnostic ignored "-Wattributes"
  74:Drivers/CMSIS/Include/cmsis_gcc.h ****   struct __attribute__((packed)) T_UINT32 { uint32_t v; };
  75:Drivers/CMSIS/Include/cmsis_gcc.h ****   #pragma GCC diagnostic pop
ARM GAS  C:\Users\ADMINI~1\AppData\Local\Temp\ccLMdDUc.s 			page 7


  76:Drivers/CMSIS/Include/cmsis_gcc.h ****   #define __UNALIGNED_UINT32(x)                  (((struct T_UINT32 *)(x))->v)
  77:Drivers/CMSIS/Include/cmsis_gcc.h **** #endif
  78:Drivers/CMSIS/Include/cmsis_gcc.h **** #ifndef   __UNALIGNED_UINT16_WRITE
  79:Drivers/CMSIS/Include/cmsis_gcc.h ****   #pragma GCC diagnostic push
  80:Drivers/CMSIS/Include/cmsis_gcc.h ****   #pragma GCC diagnostic ignored "-Wpacked"
  81:Drivers/CMSIS/Include/cmsis_gcc.h ****   #pragma GCC diagnostic ignored "-Wattributes"
  82:Drivers/CMSIS/Include/cmsis_gcc.h ****   __PACKED_STRUCT T_UINT16_WRITE { uint16_t v; };
  83:Drivers/CMSIS/Include/cmsis_gcc.h ****   #pragma GCC diagnostic pop
  84:Drivers/CMSIS/Include/cmsis_gcc.h ****   #define __UNALIGNED_UINT16_WRITE(addr, val)    (void)((((struct T_UINT16_WRITE *)(void *)(addr))-
  85:Drivers/CMSIS/Include/cmsis_gcc.h **** #endif
  86:Drivers/CMSIS/Include/cmsis_gcc.h **** #ifndef   __UNALIGNED_UINT16_READ
  87:Drivers/CMSIS/Include/cmsis_gcc.h ****   #pragma GCC diagnostic push
  88:Drivers/CMSIS/Include/cmsis_gcc.h ****   #pragma GCC diagnostic ignored "-Wpacked"
  89:Drivers/CMSIS/Include/cmsis_gcc.h ****   #pragma GCC diagnostic ignored "-Wattributes"
  90:Drivers/CMSIS/Include/cmsis_gcc.h ****   __PACKED_STRUCT T_UINT16_READ { uint16_t v; };
  91:Drivers/CMSIS/Include/cmsis_gcc.h ****   #pragma GCC diagnostic pop
  92:Drivers/CMSIS/Include/cmsis_gcc.h ****   #define __UNALIGNED_UINT16_READ(addr)          (((const struct T_UINT16_READ *)(const void *)(add
  93:Drivers/CMSIS/Include/cmsis_gcc.h **** #endif
  94:Drivers/CMSIS/Include/cmsis_gcc.h **** #ifndef   __UNALIGNED_UINT32_WRITE
  95:Drivers/CMSIS/Include/cmsis_gcc.h ****   #pragma GCC diagnostic push
  96:Drivers/CMSIS/Include/cmsis_gcc.h ****   #pragma GCC diagnostic ignored "-Wpacked"
  97:Drivers/CMSIS/Include/cmsis_gcc.h ****   #pragma GCC diagnostic ignored "-Wattributes"
  98:Drivers/CMSIS/Include/cmsis_gcc.h ****   __PACKED_STRUCT T_UINT32_WRITE { uint32_t v; };
  99:Drivers/CMSIS/Include/cmsis_gcc.h ****   #pragma GCC diagnostic pop
 100:Drivers/CMSIS/Include/cmsis_gcc.h ****   #define __UNALIGNED_UINT32_WRITE(addr, val)    (void)((((struct T_UINT32_WRITE *)(void *)(addr))-
 101:Drivers/CMSIS/Include/cmsis_gcc.h **** #endif
 102:Drivers/CMSIS/Include/cmsis_gcc.h **** #ifndef   __UNALIGNED_UINT32_READ
 103:Drivers/CMSIS/Include/cmsis_gcc.h ****   #pragma GCC diagnostic push
 104:Drivers/CMSIS/Include/cmsis_gcc.h ****   #pragma GCC diagnostic ignored "-Wpacked"
 105:Drivers/CMSIS/Include/cmsis_gcc.h ****   #pragma GCC diagnostic ignored "-Wattributes"
 106:Drivers/CMSIS/Include/cmsis_gcc.h ****   __PACKED_STRUCT T_UINT32_READ { uint32_t v; };
 107:Drivers/CMSIS/Include/cmsis_gcc.h ****   #pragma GCC diagnostic pop
 108:Drivers/CMSIS/Include/cmsis_gcc.h ****   #define __UNALIGNED_UINT32_READ(addr)          (((const struct T_UINT32_READ *)(const void *)(add
 109:Drivers/CMSIS/Include/cmsis_gcc.h **** #endif
 110:Drivers/CMSIS/Include/cmsis_gcc.h **** #ifndef   __ALIGNED
 111:Drivers/CMSIS/Include/cmsis_gcc.h ****   #define __ALIGNED(x)                           __attribute__((aligned(x)))
 112:Drivers/CMSIS/Include/cmsis_gcc.h **** #endif
 113:Drivers/CMSIS/Include/cmsis_gcc.h **** #ifndef   __RESTRICT
 114:Drivers/CMSIS/Include/cmsis_gcc.h ****   #define __RESTRICT                             __restrict
 115:Drivers/CMSIS/Include/cmsis_gcc.h **** #endif
 116:Drivers/CMSIS/Include/cmsis_gcc.h **** 
 117:Drivers/CMSIS/Include/cmsis_gcc.h **** 
 118:Drivers/CMSIS/Include/cmsis_gcc.h **** /* ###########################  Core Function Access  ########################### */
 119:Drivers/CMSIS/Include/cmsis_gcc.h **** /** \ingroup  CMSIS_Core_FunctionInterface
 120:Drivers/CMSIS/Include/cmsis_gcc.h ****     \defgroup CMSIS_Core_RegAccFunctions CMSIS Core Register Access Functions
 121:Drivers/CMSIS/Include/cmsis_gcc.h ****   @{
 122:Drivers/CMSIS/Include/cmsis_gcc.h ****  */
 123:Drivers/CMSIS/Include/cmsis_gcc.h **** 
 124:Drivers/CMSIS/Include/cmsis_gcc.h **** /**
 125:Drivers/CMSIS/Include/cmsis_gcc.h ****   \brief   Enable IRQ Interrupts
 126:Drivers/CMSIS/Include/cmsis_gcc.h ****   \details Enables IRQ interrupts by clearing the I-bit in the CPSR.
 127:Drivers/CMSIS/Include/cmsis_gcc.h ****            Can only be executed in Privileged modes.
 128:Drivers/CMSIS/Include/cmsis_gcc.h ****  */
 129:Drivers/CMSIS/Include/cmsis_gcc.h **** __STATIC_FORCEINLINE void __enable_irq(void)
 130:Drivers/CMSIS/Include/cmsis_gcc.h **** {
 131:Drivers/CMSIS/Include/cmsis_gcc.h ****   __ASM volatile ("cpsie i" : : : "memory");
 132:Drivers/CMSIS/Include/cmsis_gcc.h **** }
ARM GAS  C:\Users\ADMINI~1\AppData\Local\Temp\ccLMdDUc.s 			page 8


 133:Drivers/CMSIS/Include/cmsis_gcc.h **** 
 134:Drivers/CMSIS/Include/cmsis_gcc.h **** 
 135:Drivers/CMSIS/Include/cmsis_gcc.h **** /**
 136:Drivers/CMSIS/Include/cmsis_gcc.h ****   \brief   Disable IRQ Interrupts
 137:Drivers/CMSIS/Include/cmsis_gcc.h ****   \details Disables IRQ interrupts by setting the I-bit in the CPSR.
 138:Drivers/CMSIS/Include/cmsis_gcc.h ****            Can only be executed in Privileged modes.
 139:Drivers/CMSIS/Include/cmsis_gcc.h ****  */
 140:Drivers/CMSIS/Include/cmsis_gcc.h **** __STATIC_FORCEINLINE void __disable_irq(void)
  84              		.loc 2 140 27 view .LVU11
  85              	.LBB5:
 141:Drivers/CMSIS/Include/cmsis_gcc.h **** {
 142:Drivers/CMSIS/Include/cmsis_gcc.h ****   __ASM volatile ("cpsid i" : : : "memory");
  86              		.loc 2 142 3 view .LVU12
  87              		.syntax divided
  88              	@ 142 "Drivers/CMSIS/Include/cmsis_gcc.h" 1
  89 0000 72B6     		cpsid i
  90              	@ 0 "" 2
  91              		.thumb
  92              		.syntax unified
  93              	.L5:
  94              	.LBE5:
  95              	.LBE4:
 188:Src/main.c    ****   while (1)
  96              		.loc 1 188 3 discriminator 1 view .LVU13
 189:Src/main.c    ****   {
 190:Src/main.c    ****   }
  97              		.loc 1 190 3 discriminator 1 view .LVU14
 188:Src/main.c    ****   while (1)
  98              		.loc 1 188 9 discriminator 1 view .LVU15
  99 0002 FEE7     		b	.L5
 100              		.cfi_endproc
 101              	.LFE46:
 103              		.section	.text.SystemClock_Config,"ax",%progbits
 104              		.align	1
 105              		.global	SystemClock_Config
 106              		.syntax unified
 107              		.code	16
 108              		.thumb_func
 110              	SystemClock_Config:
 111              	.LFB45:
 133:Src/main.c    ****   RCC_OscInitTypeDef RCC_OscInitStruct = {0};
 112              		.loc 1 133 1 view -0
 113              		.cfi_startproc
 114              		@ args = 0, pretend = 0, frame = 96
 115              		@ frame_needed = 0, uses_anonymous_args = 0
 116 0000 10B5     		push	{r4, lr}
 117              	.LCFI1:
 118              		.cfi_def_cfa_offset 8
 119              		.cfi_offset 4, -8
 120              		.cfi_offset 14, -4
 121 0002 98B0     		sub	sp, sp, #96
 122              	.LCFI2:
 123              		.cfi_def_cfa_offset 104
 134:Src/main.c    ****   RCC_ClkInitTypeDef RCC_ClkInitStruct = {0};
 124              		.loc 1 134 3 view .LVU17
 134:Src/main.c    ****   RCC_ClkInitTypeDef RCC_ClkInitStruct = {0};
 125              		.loc 1 134 22 is_stmt 0 view .LVU18
ARM GAS  C:\Users\ADMINI~1\AppData\Local\Temp\ccLMdDUc.s 			page 9


 126 0004 3422     		movs	r2, #52
 127 0006 0021     		movs	r1, #0
 128 0008 0BA8     		add	r0, sp, #44
 129 000a FFF7FEFF 		bl	memset
 130              	.LVL5:
 135:Src/main.c    ****   RCC_PeriphCLKInitTypeDef PeriphClkInit = {0};
 131              		.loc 1 135 3 is_stmt 1 view .LVU19
 135:Src/main.c    ****   RCC_PeriphCLKInitTypeDef PeriphClkInit = {0};
 132              		.loc 1 135 22 is_stmt 0 view .LVU20
 133 000e 1024     		movs	r4, #16
 134 0010 1022     		movs	r2, #16
 135 0012 0021     		movs	r1, #0
 136 0014 07A8     		add	r0, sp, #28
 137 0016 FFF7FEFF 		bl	memset
 138              	.LVL6:
 136:Src/main.c    **** 
 139              		.loc 1 136 3 is_stmt 1 view .LVU21
 136:Src/main.c    **** 
 140              		.loc 1 136 28 is_stmt 0 view .LVU22
 141 001a 1822     		movs	r2, #24
 142 001c 0021     		movs	r1, #0
 143 001e 01A8     		add	r0, sp, #4
 144 0020 FFF7FEFF 		bl	memset
 145              	.LVL7:
 141:Src/main.c    ****   RCC_OscInitStruct.HSIState = RCC_HSI_ON;
 146              		.loc 1 141 3 is_stmt 1 view .LVU23
 141:Src/main.c    ****   RCC_OscInitStruct.HSIState = RCC_HSI_ON;
 147              		.loc 1 141 36 is_stmt 0 view .LVU24
 148 0024 1223     		movs	r3, #18
 149 0026 0B93     		str	r3, [sp, #44]
 142:Src/main.c    ****   RCC_OscInitStruct.HSI14State = RCC_HSI14_ON;
 150              		.loc 1 142 3 is_stmt 1 view .LVU25
 142:Src/main.c    ****   RCC_OscInitStruct.HSI14State = RCC_HSI14_ON;
 151              		.loc 1 142 30 is_stmt 0 view .LVU26
 152 0028 113B     		subs	r3, r3, #17
 153 002a 0E93     		str	r3, [sp, #56]
 143:Src/main.c    ****   RCC_OscInitStruct.HSICalibrationValue = RCC_HSICALIBRATION_DEFAULT;
 154              		.loc 1 143 3 is_stmt 1 view .LVU27
 143:Src/main.c    ****   RCC_OscInitStruct.HSICalibrationValue = RCC_HSICALIBRATION_DEFAULT;
 155              		.loc 1 143 32 is_stmt 0 view .LVU28
 156 002c 1093     		str	r3, [sp, #64]
 144:Src/main.c    ****   RCC_OscInitStruct.HSI14CalibrationValue = 16;
 157              		.loc 1 144 3 is_stmt 1 view .LVU29
 144:Src/main.c    ****   RCC_OscInitStruct.HSI14CalibrationValue = 16;
 158              		.loc 1 144 41 is_stmt 0 view .LVU30
 159 002e 0F94     		str	r4, [sp, #60]
 145:Src/main.c    ****   RCC_OscInitStruct.PLL.PLLState = RCC_PLL_ON;
 160              		.loc 1 145 3 is_stmt 1 view .LVU31
 145:Src/main.c    ****   RCC_OscInitStruct.PLL.PLLState = RCC_PLL_ON;
 161              		.loc 1 145 43 is_stmt 0 view .LVU32
 162 0030 1194     		str	r4, [sp, #68]
 146:Src/main.c    ****   RCC_OscInitStruct.PLL.PLLSource = RCC_PLLSOURCE_HSI;
 163              		.loc 1 146 3 is_stmt 1 view .LVU33
 146:Src/main.c    ****   RCC_OscInitStruct.PLL.PLLSource = RCC_PLLSOURCE_HSI;
 164              		.loc 1 146 34 is_stmt 0 view .LVU34
 165 0032 0222     		movs	r2, #2
 166 0034 1492     		str	r2, [sp, #80]
ARM GAS  C:\Users\ADMINI~1\AppData\Local\Temp\ccLMdDUc.s 			page 10


 147:Src/main.c    ****   RCC_OscInitStruct.PLL.PLLMUL = RCC_PLL_MUL12;
 167              		.loc 1 147 3 is_stmt 1 view .LVU35
 147:Src/main.c    ****   RCC_OscInitStruct.PLL.PLLMUL = RCC_PLL_MUL12;
 168              		.loc 1 147 35 is_stmt 0 view .LVU36
 169 0036 8022     		movs	r2, #128
 170 0038 1202     		lsls	r2, r2, #8
 171 003a 1592     		str	r2, [sp, #84]
 148:Src/main.c    ****   RCC_OscInitStruct.PLL.PREDIV = RCC_PREDIV_DIV2;
 172              		.loc 1 148 3 is_stmt 1 view .LVU37
 148:Src/main.c    ****   RCC_OscInitStruct.PLL.PREDIV = RCC_PREDIV_DIV2;
 173              		.loc 1 148 32 is_stmt 0 view .LVU38
 174 003c A022     		movs	r2, #160
 175 003e 9203     		lsls	r2, r2, #14
 176 0040 1692     		str	r2, [sp, #88]
 149:Src/main.c    ****   if (HAL_RCC_OscConfig(&RCC_OscInitStruct) != HAL_OK)
 177              		.loc 1 149 3 is_stmt 1 view .LVU39
 149:Src/main.c    ****   if (HAL_RCC_OscConfig(&RCC_OscInitStruct) != HAL_OK)
 178              		.loc 1 149 32 is_stmt 0 view .LVU40
 179 0042 1793     		str	r3, [sp, #92]
 150:Src/main.c    ****   {
 180              		.loc 1 150 3 is_stmt 1 view .LVU41
 150:Src/main.c    ****   {
 181              		.loc 1 150 7 is_stmt 0 view .LVU42
 182 0044 0BA8     		add	r0, sp, #44
 183 0046 FFF7FEFF 		bl	HAL_RCC_OscConfig
 184              	.LVL8:
 150:Src/main.c    ****   {
 185              		.loc 1 150 6 view .LVU43
 186 004a 0028     		cmp	r0, #0
 187 004c 17D1     		bne	.L10
 157:Src/main.c    ****                               |RCC_CLOCKTYPE_PCLK1;
 188              		.loc 1 157 3 is_stmt 1 view .LVU44
 157:Src/main.c    ****                               |RCC_CLOCKTYPE_PCLK1;
 189              		.loc 1 157 31 is_stmt 0 view .LVU45
 190 004e 0723     		movs	r3, #7
 191 0050 0793     		str	r3, [sp, #28]
 159:Src/main.c    ****   RCC_ClkInitStruct.AHBCLKDivider = RCC_SYSCLK_DIV1;
 192              		.loc 1 159 3 is_stmt 1 view .LVU46
 159:Src/main.c    ****   RCC_ClkInitStruct.AHBCLKDivider = RCC_SYSCLK_DIV1;
 193              		.loc 1 159 34 is_stmt 0 view .LVU47
 194 0052 053B     		subs	r3, r3, #5
 195 0054 0893     		str	r3, [sp, #32]
 160:Src/main.c    ****   RCC_ClkInitStruct.APB1CLKDivider = RCC_HCLK_DIV1;
 196              		.loc 1 160 3 is_stmt 1 view .LVU48
 160:Src/main.c    ****   RCC_ClkInitStruct.APB1CLKDivider = RCC_HCLK_DIV1;
 197              		.loc 1 160 35 is_stmt 0 view .LVU49
 198 0056 0023     		movs	r3, #0
 199 0058 0993     		str	r3, [sp, #36]
 161:Src/main.c    **** 
 200              		.loc 1 161 3 is_stmt 1 view .LVU50
 161:Src/main.c    **** 
 201              		.loc 1 161 36 is_stmt 0 view .LVU51
 202 005a 0A93     		str	r3, [sp, #40]
 163:Src/main.c    ****   {
 203              		.loc 1 163 3 is_stmt 1 view .LVU52
 163:Src/main.c    ****   {
 204              		.loc 1 163 7 is_stmt 0 view .LVU53
ARM GAS  C:\Users\ADMINI~1\AppData\Local\Temp\ccLMdDUc.s 			page 11


 205 005c 0121     		movs	r1, #1
 206 005e 07A8     		add	r0, sp, #28
 207 0060 FFF7FEFF 		bl	HAL_RCC_ClockConfig
 208              	.LVL9:
 163:Src/main.c    ****   {
 209              		.loc 1 163 6 view .LVU54
 210 0064 0028     		cmp	r0, #0
 211 0066 0CD1     		bne	.L11
 167:Src/main.c    ****   PeriphClkInit.I2c1ClockSelection = RCC_I2C1CLKSOURCE_HSI;
 212              		.loc 1 167 3 is_stmt 1 view .LVU55
 167:Src/main.c    ****   PeriphClkInit.I2c1ClockSelection = RCC_I2C1CLKSOURCE_HSI;
 213              		.loc 1 167 38 is_stmt 0 view .LVU56
 214 0068 2023     		movs	r3, #32
 215 006a 0193     		str	r3, [sp, #4]
 168:Src/main.c    ****   if (HAL_RCCEx_PeriphCLKConfig(&PeriphClkInit) != HAL_OK)
 216              		.loc 1 168 3 is_stmt 1 view .LVU57
 168:Src/main.c    ****   if (HAL_RCCEx_PeriphCLKConfig(&PeriphClkInit) != HAL_OK)
 217              		.loc 1 168 36 is_stmt 0 view .LVU58
 218 006c 0023     		movs	r3, #0
 219 006e 0493     		str	r3, [sp, #16]
 169:Src/main.c    ****   {
 220              		.loc 1 169 3 is_stmt 1 view .LVU59
 169:Src/main.c    ****   {
 221              		.loc 1 169 7 is_stmt 0 view .LVU60
 222 0070 01A8     		add	r0, sp, #4
 223 0072 FFF7FEFF 		bl	HAL_RCCEx_PeriphCLKConfig
 224              	.LVL10:
 169:Src/main.c    ****   {
 225              		.loc 1 169 6 view .LVU61
 226 0076 0028     		cmp	r0, #0
 227 0078 05D1     		bne	.L12
 173:Src/main.c    **** 
 228              		.loc 1 173 1 view .LVU62
 229 007a 18B0     		add	sp, sp, #96
 230              		@ sp needed
 231 007c 10BD     		pop	{r4, pc}
 232              	.L10:
 152:Src/main.c    ****   }
 233              		.loc 1 152 5 is_stmt 1 view .LVU63
 234 007e FFF7FEFF 		bl	Error_Handler
 235              	.LVL11:
 236              	.L11:
 165:Src/main.c    ****   }
 237              		.loc 1 165 5 view .LVU64
 238 0082 FFF7FEFF 		bl	Error_Handler
 239              	.LVL12:
 240              	.L12:
 171:Src/main.c    ****   }
 241              		.loc 1 171 5 view .LVU65
 242 0086 FFF7FEFF 		bl	Error_Handler
 243              	.LVL13:
 244              		.cfi_endproc
 245              	.LFE45:
 247              		.section	.rodata.main.str1.4,"aMS",%progbits,1
 248              		.align	2
 249              	.LC1:
 250 0000 68656C6C 		.ascii	"hello ServoDrive coming...\015\000"
ARM GAS  C:\Users\ADMINI~1\AppData\Local\Temp\ccLMdDUc.s 			page 12


 250      6F205365 
 250      72766F44 
 250      72697665 
 250      20636F6D 
 251              		.section	.text.main,"ax",%progbits
 252              		.align	1
 253              		.global	main
 254              		.syntax unified
 255              		.code	16
 256              		.thumb_func
 258              	main:
 259              	.LFB44:
  83:Src/main.c    ****   /* USER CODE BEGIN 1 */
 260              		.loc 1 83 1 view -0
 261              		.cfi_startproc
 262              		@ Volatile: function does not return.
 263              		@ args = 0, pretend = 0, frame = 0
 264              		@ frame_needed = 0, uses_anonymous_args = 0
 265 0000 10B5     		push	{r4, lr}
 266              	.LCFI3:
 267              		.cfi_def_cfa_offset 8
 268              		.cfi_offset 4, -8
 269              		.cfi_offset 14, -4
  85:Src/main.c    ****   /* USER CODE END 1 */
 270              		.loc 1 85 3 view .LVU67
 271 0002 FFF7FEFF 		bl	HAL_RCC_DeInit
 272              	.LVL14:
  91:Src/main.c    **** 
 273              		.loc 1 91 3 view .LVU68
 274 0006 FFF7FEFF 		bl	HAL_Init
 275              	.LVL15:
  98:Src/main.c    **** 
 276              		.loc 1 98 3 view .LVU69
 277 000a FFF7FEFF 		bl	SystemClock_Config
 278              	.LVL16:
 105:Src/main.c    ****   MX_DMA_Init();
 279              		.loc 1 105 3 view .LVU70
 280 000e FFF7FEFF 		bl	MX_GPIO_Init
 281              	.LVL17:
 106:Src/main.c    ****   MX_TIM14_Init();
 282              		.loc 1 106 3 view .LVU71
 283 0012 FFF7FEFF 		bl	MX_DMA_Init
 284              	.LVL18:
 107:Src/main.c    ****   MX_TIM3_Init();
 285              		.loc 1 107 3 view .LVU72
 286 0016 FFF7FEFF 		bl	MX_TIM14_Init
 287              	.LVL19:
 108:Src/main.c    ****   // MX_I2C1_Init();
 288              		.loc 1 108 3 view .LVU73
 289 001a FFF7FEFF 		bl	MX_TIM3_Init
 290              	.LVL20:
 110:Src/main.c    ****   MX_ADC_Init();
 291              		.loc 1 110 3 view .LVU74
 292 001e FFF7FEFF 		bl	MX_USART2_UART_Init
 293              	.LVL21:
 111:Src/main.c    ****   /* USER CODE BEGIN 2 */
 294              		.loc 1 111 3 view .LVU75
ARM GAS  C:\Users\ADMINI~1\AppData\Local\Temp\ccLMdDUc.s 			page 13


 295 0022 FFF7FEFF 		bl	MX_ADC_Init
 296              	.LVL22:
 113:Src/main.c    ****   /* USER CODE END 2 */
 297              		.loc 1 113 3 view .LVU76
 298 0026 0348     		ldr	r0, .L15
 299 0028 FFF7FEFF 		bl	puts
 300              	.LVL23:
 118:Src/main.c    ****   while (1)
 301              		.loc 1 118 3 view .LVU77
 302 002c FFF7FEFF 		bl	Main
 303              	.LVL24:
 304              	.L14:
 119:Src/main.c    ****   {
 305              		.loc 1 119 3 discriminator 1 view .LVU78
 124:Src/main.c    ****   /* USER CODE END 3 */
 306              		.loc 1 124 3 discriminator 1 view .LVU79
 119:Src/main.c    ****   {
 307              		.loc 1 119 9 discriminator 1 view .LVU80
 308 0030 FEE7     		b	.L14
 309              	.L16:
 310 0032 C046     		.align	2
 311              	.L15:
 312 0034 00000000 		.word	.LC1
 313              		.cfi_endproc
 314              	.LFE44:
 316              		.text
 317              	.Letext0:
 318              		.file 3 "c:\\program files (x86)\\gnu arm embedded toolchain\\10 2021.10\\arm-none-eabi\\include\\
 319              		.file 4 "c:\\program files (x86)\\gnu arm embedded toolchain\\10 2021.10\\arm-none-eabi\\include\\
 320              		.file 5 "Drivers/CMSIS/Device/ST/STM32F0xx/Include/stm32f042x6.h"
 321              		.file 6 "Drivers/STM32F0xx_HAL_Driver/Inc/stm32f0xx_hal_def.h"
 322              		.file 7 "Drivers/STM32F0xx_HAL_Driver/Inc/stm32f0xx_hal_rcc.h"
 323              		.file 8 "Drivers/STM32F0xx_HAL_Driver/Inc/stm32f0xx_hal_rcc_ex.h"
 324              		.file 9 "Drivers/STM32F0xx_HAL_Driver/Inc/stm32f0xx_hal_dma.h"
 325              		.file 10 "Drivers/STM32F0xx_HAL_Driver/Inc/stm32f0xx_hal_uart.h"
 326              		.file 11 "Drivers/STM32F0xx_HAL_Driver/Inc/stm32f0xx_hal.h"
 327              		.file 12 "Inc/gpio.h"
 328              		.file 13 "Inc/dma.h"
 329              		.file 14 "Inc/tim.h"
 330              		.file 15 "Inc/usart.h"
 331              		.file 16 "Inc/adc.h"
 332              		.file 17 "<built-in>"
 333              		.file 18 "Inc/common_inc.h"
ARM GAS  C:\Users\ADMINI~1\AppData\Local\Temp\ccLMdDUc.s 			page 14


DEFINED SYMBOLS
                            *ABS*:00000000 main.c
C:\Users\ADMINI~1\AppData\Local\Temp\ccLMdDUc.s:18     .text._write:00000000 $t
C:\Users\ADMINI~1\AppData\Local\Temp\ccLMdDUc.s:24     .text._write:00000000 _write
C:\Users\ADMINI~1\AppData\Local\Temp\ccLMdDUc.s:60     .text._write:00000014 $d
C:\Users\ADMINI~1\AppData\Local\Temp\ccLMdDUc.s:66     .text.Error_Handler:00000000 $t
C:\Users\ADMINI~1\AppData\Local\Temp\ccLMdDUc.s:72     .text.Error_Handler:00000000 Error_Handler
C:\Users\ADMINI~1\AppData\Local\Temp\ccLMdDUc.s:104    .text.SystemClock_Config:00000000 $t
C:\Users\ADMINI~1\AppData\Local\Temp\ccLMdDUc.s:110    .text.SystemClock_Config:00000000 SystemClock_Config
C:\Users\ADMINI~1\AppData\Local\Temp\ccLMdDUc.s:248    .rodata.main.str1.4:00000000 $d
C:\Users\ADMINI~1\AppData\Local\Temp\ccLMdDUc.s:252    .text.main:00000000 $t
C:\Users\ADMINI~1\AppData\Local\Temp\ccLMdDUc.s:258    .text.main:00000000 main
C:\Users\ADMINI~1\AppData\Local\Temp\ccLMdDUc.s:312    .text.main:00000034 $d

UNDEFINED SYMBOLS
HAL_UART_Transmit
huart2
memset
HAL_RCC_OscConfig
HAL_RCC_ClockConfig
HAL_RCCEx_PeriphCLKConfig
HAL_RCC_DeInit
HAL_Init
MX_GPIO_Init
MX_DMA_Init
MX_TIM14_Init
MX_TIM3_Init
MX_USART2_UART_Init
MX_ADC_Init
puts
Main
