ARM GAS  C:\Users\ADMINI~1\AppData\Local\Temp\ccbvkMaH.s 			page 1


   1              		.cpu cortex-m0
   2              		.arch armv6s-m
   3              		.fpu softvfp
   4              		.eabi_attribute 20, 1
   5              		.eabi_attribute 21, 1
   6              		.eabi_attribute 23, 3
   7              		.eabi_attribute 24, 1
   8              		.eabi_attribute 25, 1
   9              		.eabi_attribute 26, 1
  10              		.eabi_attribute 30, 1
  11              		.eabi_attribute 34, 0
  12              		.eabi_attribute 18, 4
  13              		.file	"stm32f0xx_hal_exti.c"
  14              		.text
  15              	.Ltext0:
  16              		.cfi_sections	.debug_frame
  17              		.section	.text.HAL_EXTI_SetConfigLine,"ax",%progbits
  18              		.align	1
  19              		.global	HAL_EXTI_SetConfigLine
  20              		.syntax unified
  21              		.code	16
  22              		.thumb_func
  24              	HAL_EXTI_SetConfigLine:
  25              	.LVL0:
  26              	.LFB40:
  27              		.file 1 "Drivers/STM32F0xx_HAL_Driver/Src/stm32f0xx_hal_exti.c"
   1:Drivers/STM32F0xx_HAL_Driver/Src/stm32f0xx_hal_exti.c **** /**
   2:Drivers/STM32F0xx_HAL_Driver/Src/stm32f0xx_hal_exti.c ****   ******************************************************************************
   3:Drivers/STM32F0xx_HAL_Driver/Src/stm32f0xx_hal_exti.c ****   * @file    stm32f0xx_hal_exti.c
   4:Drivers/STM32F0xx_HAL_Driver/Src/stm32f0xx_hal_exti.c ****   * @author  MCD Application Team
   5:Drivers/STM32F0xx_HAL_Driver/Src/stm32f0xx_hal_exti.c ****   * @brief   EXTI HAL module driver.
   6:Drivers/STM32F0xx_HAL_Driver/Src/stm32f0xx_hal_exti.c ****   *          This file provides firmware functions to manage the following
   7:Drivers/STM32F0xx_HAL_Driver/Src/stm32f0xx_hal_exti.c ****   *          functionalities of the Extended Interrupts and events controller (EXTI) peripheral:
   8:Drivers/STM32F0xx_HAL_Driver/Src/stm32f0xx_hal_exti.c ****   *           + Initialization and de-initialization functions
   9:Drivers/STM32F0xx_HAL_Driver/Src/stm32f0xx_hal_exti.c ****   *           + IO operation functions
  10:Drivers/STM32F0xx_HAL_Driver/Src/stm32f0xx_hal_exti.c ****   *
  11:Drivers/STM32F0xx_HAL_Driver/Src/stm32f0xx_hal_exti.c ****   @verbatim
  12:Drivers/STM32F0xx_HAL_Driver/Src/stm32f0xx_hal_exti.c ****   ==============================================================================
  13:Drivers/STM32F0xx_HAL_Driver/Src/stm32f0xx_hal_exti.c ****                     ##### EXTI Peripheral features #####
  14:Drivers/STM32F0xx_HAL_Driver/Src/stm32f0xx_hal_exti.c ****   ==============================================================================
  15:Drivers/STM32F0xx_HAL_Driver/Src/stm32f0xx_hal_exti.c ****   [..]
  16:Drivers/STM32F0xx_HAL_Driver/Src/stm32f0xx_hal_exti.c ****     (+) Each Exti line can be configured within this driver.
  17:Drivers/STM32F0xx_HAL_Driver/Src/stm32f0xx_hal_exti.c **** 
  18:Drivers/STM32F0xx_HAL_Driver/Src/stm32f0xx_hal_exti.c ****     (+) Exti line can be configured in 3 different modes
  19:Drivers/STM32F0xx_HAL_Driver/Src/stm32f0xx_hal_exti.c ****         (++) Interrupt
  20:Drivers/STM32F0xx_HAL_Driver/Src/stm32f0xx_hal_exti.c ****         (++) Event
  21:Drivers/STM32F0xx_HAL_Driver/Src/stm32f0xx_hal_exti.c ****         (++) Both of them
  22:Drivers/STM32F0xx_HAL_Driver/Src/stm32f0xx_hal_exti.c **** 
  23:Drivers/STM32F0xx_HAL_Driver/Src/stm32f0xx_hal_exti.c ****     (+) Configurable Exti lines can be configured with 3 different triggers
  24:Drivers/STM32F0xx_HAL_Driver/Src/stm32f0xx_hal_exti.c ****         (++) Rising
  25:Drivers/STM32F0xx_HAL_Driver/Src/stm32f0xx_hal_exti.c ****         (++) Falling
  26:Drivers/STM32F0xx_HAL_Driver/Src/stm32f0xx_hal_exti.c ****         (++) Both of them
  27:Drivers/STM32F0xx_HAL_Driver/Src/stm32f0xx_hal_exti.c **** 
  28:Drivers/STM32F0xx_HAL_Driver/Src/stm32f0xx_hal_exti.c ****     (+) When set in interrupt mode, configurable Exti lines have two different
  29:Drivers/STM32F0xx_HAL_Driver/Src/stm32f0xx_hal_exti.c ****         interrupts pending registers which allow to distinguish which transition
  30:Drivers/STM32F0xx_HAL_Driver/Src/stm32f0xx_hal_exti.c ****         occurs:
  31:Drivers/STM32F0xx_HAL_Driver/Src/stm32f0xx_hal_exti.c ****         (++) Rising edge pending interrupt
ARM GAS  C:\Users\ADMINI~1\AppData\Local\Temp\ccbvkMaH.s 			page 2


  32:Drivers/STM32F0xx_HAL_Driver/Src/stm32f0xx_hal_exti.c ****         (++) Falling
  33:Drivers/STM32F0xx_HAL_Driver/Src/stm32f0xx_hal_exti.c **** 
  34:Drivers/STM32F0xx_HAL_Driver/Src/stm32f0xx_hal_exti.c ****     (+) Exti lines 0 to 15 are linked to gpio pin number 0 to 15. Gpio port can
  35:Drivers/STM32F0xx_HAL_Driver/Src/stm32f0xx_hal_exti.c ****         be selected through multiplexer.
  36:Drivers/STM32F0xx_HAL_Driver/Src/stm32f0xx_hal_exti.c **** 
  37:Drivers/STM32F0xx_HAL_Driver/Src/stm32f0xx_hal_exti.c ****                      ##### How to use this driver #####
  38:Drivers/STM32F0xx_HAL_Driver/Src/stm32f0xx_hal_exti.c ****   ==============================================================================
  39:Drivers/STM32F0xx_HAL_Driver/Src/stm32f0xx_hal_exti.c ****   [..]
  40:Drivers/STM32F0xx_HAL_Driver/Src/stm32f0xx_hal_exti.c **** 
  41:Drivers/STM32F0xx_HAL_Driver/Src/stm32f0xx_hal_exti.c ****     (#) Configure the EXTI line using HAL_EXTI_SetConfigLine().
  42:Drivers/STM32F0xx_HAL_Driver/Src/stm32f0xx_hal_exti.c ****         (++) Choose the interrupt line number by setting "Line" member from
  43:Drivers/STM32F0xx_HAL_Driver/Src/stm32f0xx_hal_exti.c ****              EXTI_ConfigTypeDef structure.
  44:Drivers/STM32F0xx_HAL_Driver/Src/stm32f0xx_hal_exti.c ****         (++) Configure the interrupt and/or event mode using "Mode" member from
  45:Drivers/STM32F0xx_HAL_Driver/Src/stm32f0xx_hal_exti.c ****              EXTI_ConfigTypeDef structure.
  46:Drivers/STM32F0xx_HAL_Driver/Src/stm32f0xx_hal_exti.c ****         (++) For configurable lines, configure rising and/or falling trigger
  47:Drivers/STM32F0xx_HAL_Driver/Src/stm32f0xx_hal_exti.c ****              "Trigger" member from EXTI_ConfigTypeDef structure.
  48:Drivers/STM32F0xx_HAL_Driver/Src/stm32f0xx_hal_exti.c ****         (++) For Exti lines linked to gpio, choose gpio port using "GPIOSel"
  49:Drivers/STM32F0xx_HAL_Driver/Src/stm32f0xx_hal_exti.c ****              member from GPIO_InitTypeDef structure.
  50:Drivers/STM32F0xx_HAL_Driver/Src/stm32f0xx_hal_exti.c **** 
  51:Drivers/STM32F0xx_HAL_Driver/Src/stm32f0xx_hal_exti.c ****     (#) Get current Exti configuration of a dedicated line using
  52:Drivers/STM32F0xx_HAL_Driver/Src/stm32f0xx_hal_exti.c ****         HAL_EXTI_GetConfigLine().
  53:Drivers/STM32F0xx_HAL_Driver/Src/stm32f0xx_hal_exti.c ****         (++) Provide exiting handle as parameter.
  54:Drivers/STM32F0xx_HAL_Driver/Src/stm32f0xx_hal_exti.c ****         (++) Provide pointer on EXTI_ConfigTypeDef structure as second parameter.
  55:Drivers/STM32F0xx_HAL_Driver/Src/stm32f0xx_hal_exti.c **** 
  56:Drivers/STM32F0xx_HAL_Driver/Src/stm32f0xx_hal_exti.c ****     (#) Clear Exti configuration of a dedicated line using HAL_EXTI_GetConfigLine().
  57:Drivers/STM32F0xx_HAL_Driver/Src/stm32f0xx_hal_exti.c ****         (++) Provide exiting handle as parameter.
  58:Drivers/STM32F0xx_HAL_Driver/Src/stm32f0xx_hal_exti.c **** 
  59:Drivers/STM32F0xx_HAL_Driver/Src/stm32f0xx_hal_exti.c ****     (#) Register callback to treat Exti interrupts using HAL_EXTI_RegisterCallback().
  60:Drivers/STM32F0xx_HAL_Driver/Src/stm32f0xx_hal_exti.c ****         (++) Provide exiting handle as first parameter.
  61:Drivers/STM32F0xx_HAL_Driver/Src/stm32f0xx_hal_exti.c ****         (++) Provide which callback will be registered using one value from
  62:Drivers/STM32F0xx_HAL_Driver/Src/stm32f0xx_hal_exti.c ****              EXTI_CallbackIDTypeDef.
  63:Drivers/STM32F0xx_HAL_Driver/Src/stm32f0xx_hal_exti.c ****         (++) Provide callback function pointer.
  64:Drivers/STM32F0xx_HAL_Driver/Src/stm32f0xx_hal_exti.c **** 
  65:Drivers/STM32F0xx_HAL_Driver/Src/stm32f0xx_hal_exti.c ****     (#) Get interrupt pending bit using HAL_EXTI_GetPending().
  66:Drivers/STM32F0xx_HAL_Driver/Src/stm32f0xx_hal_exti.c **** 
  67:Drivers/STM32F0xx_HAL_Driver/Src/stm32f0xx_hal_exti.c ****     (#) Clear interrupt pending bit using HAL_EXTI_GetPending().
  68:Drivers/STM32F0xx_HAL_Driver/Src/stm32f0xx_hal_exti.c **** 
  69:Drivers/STM32F0xx_HAL_Driver/Src/stm32f0xx_hal_exti.c ****     (#) Generate software interrupt using HAL_EXTI_GenerateSWI().
  70:Drivers/STM32F0xx_HAL_Driver/Src/stm32f0xx_hal_exti.c **** 
  71:Drivers/STM32F0xx_HAL_Driver/Src/stm32f0xx_hal_exti.c ****   @endverbatim
  72:Drivers/STM32F0xx_HAL_Driver/Src/stm32f0xx_hal_exti.c ****   ******************************************************************************
  73:Drivers/STM32F0xx_HAL_Driver/Src/stm32f0xx_hal_exti.c ****   * @attention
  74:Drivers/STM32F0xx_HAL_Driver/Src/stm32f0xx_hal_exti.c ****   *
  75:Drivers/STM32F0xx_HAL_Driver/Src/stm32f0xx_hal_exti.c ****   * <h2><center>&copy; Copyright (c) 2019 STMicroelectronics.
  76:Drivers/STM32F0xx_HAL_Driver/Src/stm32f0xx_hal_exti.c ****   * All rights reserved.</center></h2>
  77:Drivers/STM32F0xx_HAL_Driver/Src/stm32f0xx_hal_exti.c ****   *
  78:Drivers/STM32F0xx_HAL_Driver/Src/stm32f0xx_hal_exti.c ****   * This software component is licensed by ST under BSD 3-Clause license,
  79:Drivers/STM32F0xx_HAL_Driver/Src/stm32f0xx_hal_exti.c ****   * the "License"; You may not use this file except in compliance with the
  80:Drivers/STM32F0xx_HAL_Driver/Src/stm32f0xx_hal_exti.c ****   * License. You may obtain a copy of the License at:
  81:Drivers/STM32F0xx_HAL_Driver/Src/stm32f0xx_hal_exti.c ****   *                        opensource.org/licenses/BSD-3-Clause
  82:Drivers/STM32F0xx_HAL_Driver/Src/stm32f0xx_hal_exti.c ****   *
  83:Drivers/STM32F0xx_HAL_Driver/Src/stm32f0xx_hal_exti.c ****   ******************************************************************************
  84:Drivers/STM32F0xx_HAL_Driver/Src/stm32f0xx_hal_exti.c ****   */
  85:Drivers/STM32F0xx_HAL_Driver/Src/stm32f0xx_hal_exti.c **** 
  86:Drivers/STM32F0xx_HAL_Driver/Src/stm32f0xx_hal_exti.c **** /* Includes ------------------------------------------------------------------*/
  87:Drivers/STM32F0xx_HAL_Driver/Src/stm32f0xx_hal_exti.c **** #include "stm32f0xx_hal.h"
  88:Drivers/STM32F0xx_HAL_Driver/Src/stm32f0xx_hal_exti.c **** 
ARM GAS  C:\Users\ADMINI~1\AppData\Local\Temp\ccbvkMaH.s 			page 3


  89:Drivers/STM32F0xx_HAL_Driver/Src/stm32f0xx_hal_exti.c **** /** @addtogroup STM32F0xx_HAL_Driver
  90:Drivers/STM32F0xx_HAL_Driver/Src/stm32f0xx_hal_exti.c ****   * @{
  91:Drivers/STM32F0xx_HAL_Driver/Src/stm32f0xx_hal_exti.c ****   */
  92:Drivers/STM32F0xx_HAL_Driver/Src/stm32f0xx_hal_exti.c **** 
  93:Drivers/STM32F0xx_HAL_Driver/Src/stm32f0xx_hal_exti.c **** /** @addtogroup EXTI
  94:Drivers/STM32F0xx_HAL_Driver/Src/stm32f0xx_hal_exti.c ****   * @{
  95:Drivers/STM32F0xx_HAL_Driver/Src/stm32f0xx_hal_exti.c ****   */
  96:Drivers/STM32F0xx_HAL_Driver/Src/stm32f0xx_hal_exti.c **** /** MISRA C:2012 deviation rule has been granted for following rule:
  97:Drivers/STM32F0xx_HAL_Driver/Src/stm32f0xx_hal_exti.c ****   * Rule-18.1_b - Medium: Array `EXTICR' 1st subscript interval [0,7] may be out
  98:Drivers/STM32F0xx_HAL_Driver/Src/stm32f0xx_hal_exti.c ****   * of bounds [0,3] in following API :
  99:Drivers/STM32F0xx_HAL_Driver/Src/stm32f0xx_hal_exti.c ****   * HAL_EXTI_SetConfigLine
 100:Drivers/STM32F0xx_HAL_Driver/Src/stm32f0xx_hal_exti.c ****   * HAL_EXTI_GetConfigLine
 101:Drivers/STM32F0xx_HAL_Driver/Src/stm32f0xx_hal_exti.c ****   * HAL_EXTI_ClearConfigLine
 102:Drivers/STM32F0xx_HAL_Driver/Src/stm32f0xx_hal_exti.c ****   */
 103:Drivers/STM32F0xx_HAL_Driver/Src/stm32f0xx_hal_exti.c **** 
 104:Drivers/STM32F0xx_HAL_Driver/Src/stm32f0xx_hal_exti.c **** #ifdef HAL_EXTI_MODULE_ENABLED
 105:Drivers/STM32F0xx_HAL_Driver/Src/stm32f0xx_hal_exti.c **** 
 106:Drivers/STM32F0xx_HAL_Driver/Src/stm32f0xx_hal_exti.c **** /* Private typedef -----------------------------------------------------------*/
 107:Drivers/STM32F0xx_HAL_Driver/Src/stm32f0xx_hal_exti.c **** /* Private defines -----------------------------------------------------------*/
 108:Drivers/STM32F0xx_HAL_Driver/Src/stm32f0xx_hal_exti.c **** /** @defgroup EXTI_Private_Constants EXTI Private Constants
 109:Drivers/STM32F0xx_HAL_Driver/Src/stm32f0xx_hal_exti.c ****   * @{
 110:Drivers/STM32F0xx_HAL_Driver/Src/stm32f0xx_hal_exti.c ****   */
 111:Drivers/STM32F0xx_HAL_Driver/Src/stm32f0xx_hal_exti.c **** 
 112:Drivers/STM32F0xx_HAL_Driver/Src/stm32f0xx_hal_exti.c **** /**
 113:Drivers/STM32F0xx_HAL_Driver/Src/stm32f0xx_hal_exti.c ****   * @}
 114:Drivers/STM32F0xx_HAL_Driver/Src/stm32f0xx_hal_exti.c ****   */
 115:Drivers/STM32F0xx_HAL_Driver/Src/stm32f0xx_hal_exti.c **** 
 116:Drivers/STM32F0xx_HAL_Driver/Src/stm32f0xx_hal_exti.c **** /* Private macros ------------------------------------------------------------*/
 117:Drivers/STM32F0xx_HAL_Driver/Src/stm32f0xx_hal_exti.c **** /* Private variables ---------------------------------------------------------*/
 118:Drivers/STM32F0xx_HAL_Driver/Src/stm32f0xx_hal_exti.c **** /* Private function prototypes -----------------------------------------------*/
 119:Drivers/STM32F0xx_HAL_Driver/Src/stm32f0xx_hal_exti.c **** /* Exported functions --------------------------------------------------------*/
 120:Drivers/STM32F0xx_HAL_Driver/Src/stm32f0xx_hal_exti.c **** 
 121:Drivers/STM32F0xx_HAL_Driver/Src/stm32f0xx_hal_exti.c **** /** @addtogroup EXTI_Exported_Functions
 122:Drivers/STM32F0xx_HAL_Driver/Src/stm32f0xx_hal_exti.c ****   * @{
 123:Drivers/STM32F0xx_HAL_Driver/Src/stm32f0xx_hal_exti.c ****   */
 124:Drivers/STM32F0xx_HAL_Driver/Src/stm32f0xx_hal_exti.c **** 
 125:Drivers/STM32F0xx_HAL_Driver/Src/stm32f0xx_hal_exti.c **** /** @addtogroup EXTI_Exported_Functions_Group1
 126:Drivers/STM32F0xx_HAL_Driver/Src/stm32f0xx_hal_exti.c ****   *  @brief    Configuration functions
 127:Drivers/STM32F0xx_HAL_Driver/Src/stm32f0xx_hal_exti.c ****   *
 128:Drivers/STM32F0xx_HAL_Driver/Src/stm32f0xx_hal_exti.c **** @verbatim
 129:Drivers/STM32F0xx_HAL_Driver/Src/stm32f0xx_hal_exti.c ****  ===============================================================================
 130:Drivers/STM32F0xx_HAL_Driver/Src/stm32f0xx_hal_exti.c ****               ##### Configuration functions #####
 131:Drivers/STM32F0xx_HAL_Driver/Src/stm32f0xx_hal_exti.c ****  ===============================================================================
 132:Drivers/STM32F0xx_HAL_Driver/Src/stm32f0xx_hal_exti.c **** 
 133:Drivers/STM32F0xx_HAL_Driver/Src/stm32f0xx_hal_exti.c **** @endverbatim
 134:Drivers/STM32F0xx_HAL_Driver/Src/stm32f0xx_hal_exti.c ****   * @{
 135:Drivers/STM32F0xx_HAL_Driver/Src/stm32f0xx_hal_exti.c ****   */
 136:Drivers/STM32F0xx_HAL_Driver/Src/stm32f0xx_hal_exti.c **** 
 137:Drivers/STM32F0xx_HAL_Driver/Src/stm32f0xx_hal_exti.c **** /**
 138:Drivers/STM32F0xx_HAL_Driver/Src/stm32f0xx_hal_exti.c ****   * @brief  Set configuration of a dedicated Exti line.
 139:Drivers/STM32F0xx_HAL_Driver/Src/stm32f0xx_hal_exti.c ****   * @param  hexti Exti handle.
 140:Drivers/STM32F0xx_HAL_Driver/Src/stm32f0xx_hal_exti.c ****   * @param  pExtiConfig Pointer on EXTI configuration to be set.
 141:Drivers/STM32F0xx_HAL_Driver/Src/stm32f0xx_hal_exti.c ****   * @retval HAL Status.
 142:Drivers/STM32F0xx_HAL_Driver/Src/stm32f0xx_hal_exti.c ****   */
 143:Drivers/STM32F0xx_HAL_Driver/Src/stm32f0xx_hal_exti.c **** HAL_StatusTypeDef HAL_EXTI_SetConfigLine(EXTI_HandleTypeDef *hexti, EXTI_ConfigTypeDef *pExtiConfig
 144:Drivers/STM32F0xx_HAL_Driver/Src/stm32f0xx_hal_exti.c **** {
  28              		.loc 1 144 1 view -0
ARM GAS  C:\Users\ADMINI~1\AppData\Local\Temp\ccbvkMaH.s 			page 4


  29              		.cfi_startproc
  30              		@ args = 0, pretend = 0, frame = 0
  31              		@ frame_needed = 0, uses_anonymous_args = 0
  32              		.loc 1 144 1 is_stmt 0 view .LVU1
  33 0000 70B5     		push	{r4, r5, r6, lr}
  34              	.LCFI0:
  35              		.cfi_def_cfa_offset 16
  36              		.cfi_offset 4, -16
  37              		.cfi_offset 5, -12
  38              		.cfi_offset 6, -8
  39              		.cfi_offset 14, -4
 145:Drivers/STM32F0xx_HAL_Driver/Src/stm32f0xx_hal_exti.c ****   uint32_t regval;
  40              		.loc 1 145 3 is_stmt 1 view .LVU2
 146:Drivers/STM32F0xx_HAL_Driver/Src/stm32f0xx_hal_exti.c ****   uint32_t linepos;
  41              		.loc 1 146 3 view .LVU3
 147:Drivers/STM32F0xx_HAL_Driver/Src/stm32f0xx_hal_exti.c ****   uint32_t maskline;
  42              		.loc 1 147 3 view .LVU4
 148:Drivers/STM32F0xx_HAL_Driver/Src/stm32f0xx_hal_exti.c **** 
 149:Drivers/STM32F0xx_HAL_Driver/Src/stm32f0xx_hal_exti.c ****   /* Check null pointer */
 150:Drivers/STM32F0xx_HAL_Driver/Src/stm32f0xx_hal_exti.c ****   if ((hexti == NULL) || (pExtiConfig == NULL))
  43              		.loc 1 150 3 view .LVU5
  44              		.loc 1 150 6 is_stmt 0 view .LVU6
  45 0002 0028     		cmp	r0, #0
  46 0004 52D0     		beq	.L11
  47              		.loc 1 150 23 discriminator 1 view .LVU7
  48 0006 0029     		cmp	r1, #0
  49 0008 52D0     		beq	.L12
 151:Drivers/STM32F0xx_HAL_Driver/Src/stm32f0xx_hal_exti.c ****   {
 152:Drivers/STM32F0xx_HAL_Driver/Src/stm32f0xx_hal_exti.c ****     return HAL_ERROR;
 153:Drivers/STM32F0xx_HAL_Driver/Src/stm32f0xx_hal_exti.c ****   }
 154:Drivers/STM32F0xx_HAL_Driver/Src/stm32f0xx_hal_exti.c **** 
 155:Drivers/STM32F0xx_HAL_Driver/Src/stm32f0xx_hal_exti.c ****   /* Check parameters */
 156:Drivers/STM32F0xx_HAL_Driver/Src/stm32f0xx_hal_exti.c ****   assert_param(IS_EXTI_LINE(pExtiConfig->Line));
  50              		.loc 1 156 3 is_stmt 1 view .LVU8
 157:Drivers/STM32F0xx_HAL_Driver/Src/stm32f0xx_hal_exti.c ****   assert_param(IS_EXTI_MODE(pExtiConfig->Mode));
  51              		.loc 1 157 3 view .LVU9
 158:Drivers/STM32F0xx_HAL_Driver/Src/stm32f0xx_hal_exti.c **** 
 159:Drivers/STM32F0xx_HAL_Driver/Src/stm32f0xx_hal_exti.c ****   /* Assign line number to handle */
 160:Drivers/STM32F0xx_HAL_Driver/Src/stm32f0xx_hal_exti.c ****   hexti->Line = pExtiConfig->Line;
  52              		.loc 1 160 3 view .LVU10
  53              		.loc 1 160 28 is_stmt 0 view .LVU11
  54 000a 0C68     		ldr	r4, [r1]
  55              		.loc 1 160 15 view .LVU12
  56 000c 0460     		str	r4, [r0]
 161:Drivers/STM32F0xx_HAL_Driver/Src/stm32f0xx_hal_exti.c **** 
 162:Drivers/STM32F0xx_HAL_Driver/Src/stm32f0xx_hal_exti.c ****   /* Compute line mask */
 163:Drivers/STM32F0xx_HAL_Driver/Src/stm32f0xx_hal_exti.c ****   linepos = (pExtiConfig->Line & EXTI_PIN_MASK);
  57              		.loc 1 163 3 is_stmt 1 view .LVU13
  58              		.loc 1 163 11 is_stmt 0 view .LVU14
  59 000e 1F23     		movs	r3, #31
  60 0010 2340     		ands	r3, r4
  61              	.LVL1:
 164:Drivers/STM32F0xx_HAL_Driver/Src/stm32f0xx_hal_exti.c ****   maskline = (1uL << linepos);
  62              		.loc 1 164 3 is_stmt 1 view .LVU15
  63              		.loc 1 164 12 is_stmt 0 view .LVU16
  64 0012 0122     		movs	r2, #1
  65 0014 9A40     		lsls	r2, r2, r3
ARM GAS  C:\Users\ADMINI~1\AppData\Local\Temp\ccbvkMaH.s 			page 5


  66              	.LVL2:
 165:Drivers/STM32F0xx_HAL_Driver/Src/stm32f0xx_hal_exti.c **** 
 166:Drivers/STM32F0xx_HAL_Driver/Src/stm32f0xx_hal_exti.c ****   /* Configure triggers for configurable lines */
 167:Drivers/STM32F0xx_HAL_Driver/Src/stm32f0xx_hal_exti.c ****   if ((pExtiConfig->Line & EXTI_CONFIG) != 0x00u)
  67              		.loc 1 167 3 is_stmt 1 view .LVU17
  68              		.loc 1 167 6 is_stmt 0 view .LVU18
  69 0016 A001     		lsls	r0, r4, #6
  70 0018 13D5     		bpl	.L3
  71              	.LVL3:
 168:Drivers/STM32F0xx_HAL_Driver/Src/stm32f0xx_hal_exti.c ****   {
 169:Drivers/STM32F0xx_HAL_Driver/Src/stm32f0xx_hal_exti.c ****     assert_param(IS_EXTI_TRIGGER(pExtiConfig->Trigger));
  72              		.loc 1 169 5 is_stmt 1 view .LVU19
 170:Drivers/STM32F0xx_HAL_Driver/Src/stm32f0xx_hal_exti.c **** 
 171:Drivers/STM32F0xx_HAL_Driver/Src/stm32f0xx_hal_exti.c ****     /* Configure rising trigger */
 172:Drivers/STM32F0xx_HAL_Driver/Src/stm32f0xx_hal_exti.c ****     /* Mask or set line */
 173:Drivers/STM32F0xx_HAL_Driver/Src/stm32f0xx_hal_exti.c ****     if ((pExtiConfig->Trigger & EXTI_TRIGGER_RISING) != 0x00u)
  73              		.loc 1 173 5 view .LVU20
  74              		.loc 1 173 8 is_stmt 0 view .LVU21
  75 001a 8868     		ldr	r0, [r1, #8]
  76 001c C007     		lsls	r0, r0, #31
  77 001e 20D5     		bpl	.L4
 174:Drivers/STM32F0xx_HAL_Driver/Src/stm32f0xx_hal_exti.c ****     {
 175:Drivers/STM32F0xx_HAL_Driver/Src/stm32f0xx_hal_exti.c ****       EXTI->RTSR |= maskline;
  78              		.loc 1 175 7 is_stmt 1 view .LVU22
  79              		.loc 1 175 18 is_stmt 0 view .LVU23
  80 0020 244D     		ldr	r5, .L14
  81 0022 A868     		ldr	r0, [r5, #8]
  82 0024 1043     		orrs	r0, r2
  83 0026 A860     		str	r0, [r5, #8]
  84              	.L5:
 176:Drivers/STM32F0xx_HAL_Driver/Src/stm32f0xx_hal_exti.c ****     }
 177:Drivers/STM32F0xx_HAL_Driver/Src/stm32f0xx_hal_exti.c ****     else
 178:Drivers/STM32F0xx_HAL_Driver/Src/stm32f0xx_hal_exti.c ****     {
 179:Drivers/STM32F0xx_HAL_Driver/Src/stm32f0xx_hal_exti.c ****       EXTI->RTSR &= ~maskline;
 180:Drivers/STM32F0xx_HAL_Driver/Src/stm32f0xx_hal_exti.c ****     }
 181:Drivers/STM32F0xx_HAL_Driver/Src/stm32f0xx_hal_exti.c **** 
 182:Drivers/STM32F0xx_HAL_Driver/Src/stm32f0xx_hal_exti.c ****     /* Configure falling trigger */
 183:Drivers/STM32F0xx_HAL_Driver/Src/stm32f0xx_hal_exti.c ****     /* Mask or set line */
 184:Drivers/STM32F0xx_HAL_Driver/Src/stm32f0xx_hal_exti.c ****     if ((pExtiConfig->Trigger & EXTI_TRIGGER_FALLING) != 0x00u)
  85              		.loc 1 184 5 is_stmt 1 view .LVU24
  86              		.loc 1 184 8 is_stmt 0 view .LVU25
  87 0028 8868     		ldr	r0, [r1, #8]
  88 002a 8007     		lsls	r0, r0, #30
  89 002c 1ED5     		bpl	.L6
 185:Drivers/STM32F0xx_HAL_Driver/Src/stm32f0xx_hal_exti.c ****     {
 186:Drivers/STM32F0xx_HAL_Driver/Src/stm32f0xx_hal_exti.c ****       EXTI->FTSR |= maskline;
  90              		.loc 1 186 7 is_stmt 1 view .LVU26
  91              		.loc 1 186 18 is_stmt 0 view .LVU27
  92 002e 214D     		ldr	r5, .L14
  93 0030 E868     		ldr	r0, [r5, #12]
  94 0032 1043     		orrs	r0, r2
  95 0034 E860     		str	r0, [r5, #12]
  96              	.L7:
 187:Drivers/STM32F0xx_HAL_Driver/Src/stm32f0xx_hal_exti.c ****     }
 188:Drivers/STM32F0xx_HAL_Driver/Src/stm32f0xx_hal_exti.c ****     else
 189:Drivers/STM32F0xx_HAL_Driver/Src/stm32f0xx_hal_exti.c ****     {
 190:Drivers/STM32F0xx_HAL_Driver/Src/stm32f0xx_hal_exti.c ****       EXTI->FTSR &= ~maskline;
ARM GAS  C:\Users\ADMINI~1\AppData\Local\Temp\ccbvkMaH.s 			page 6


 191:Drivers/STM32F0xx_HAL_Driver/Src/stm32f0xx_hal_exti.c ****     }
 192:Drivers/STM32F0xx_HAL_Driver/Src/stm32f0xx_hal_exti.c **** 
 193:Drivers/STM32F0xx_HAL_Driver/Src/stm32f0xx_hal_exti.c **** 
 194:Drivers/STM32F0xx_HAL_Driver/Src/stm32f0xx_hal_exti.c ****     /* Configure gpio port selection in case of gpio exti line */
 195:Drivers/STM32F0xx_HAL_Driver/Src/stm32f0xx_hal_exti.c ****     if ((pExtiConfig->Line & EXTI_GPIO) == EXTI_GPIO)
  97              		.loc 1 195 5 is_stmt 1 view .LVU28
  98              		.loc 1 195 28 is_stmt 0 view .LVU29
  99 0036 C025     		movs	r5, #192
 100 0038 ED04     		lsls	r5, r5, #19
 101 003a 0868     		ldr	r0, [r1]
 102 003c 2840     		ands	r0, r5
 103              		.loc 1 195 8 view .LVU30
 104 003e A842     		cmp	r0, r5
 105 0040 19D0     		beq	.L13
 106              	.LVL4:
 107              	.L3:
 196:Drivers/STM32F0xx_HAL_Driver/Src/stm32f0xx_hal_exti.c ****     {
 197:Drivers/STM32F0xx_HAL_Driver/Src/stm32f0xx_hal_exti.c ****       assert_param(IS_EXTI_GPIO_PORT(pExtiConfig->GPIOSel));
 198:Drivers/STM32F0xx_HAL_Driver/Src/stm32f0xx_hal_exti.c ****       assert_param(IS_EXTI_GPIO_PIN(linepos));
 199:Drivers/STM32F0xx_HAL_Driver/Src/stm32f0xx_hal_exti.c **** 
 200:Drivers/STM32F0xx_HAL_Driver/Src/stm32f0xx_hal_exti.c ****       regval = SYSCFG->EXTICR[linepos >> 2u];
 201:Drivers/STM32F0xx_HAL_Driver/Src/stm32f0xx_hal_exti.c ****       regval &= ~(SYSCFG_EXTICR1_EXTI0 << (SYSCFG_EXTICR1_EXTI1_Pos * (linepos & 0x03u)));
 202:Drivers/STM32F0xx_HAL_Driver/Src/stm32f0xx_hal_exti.c ****       regval |= (pExtiConfig->GPIOSel << (SYSCFG_EXTICR1_EXTI1_Pos * (linepos & 0x03u)));
 203:Drivers/STM32F0xx_HAL_Driver/Src/stm32f0xx_hal_exti.c ****       SYSCFG->EXTICR[linepos >> 2u] = regval;
 204:Drivers/STM32F0xx_HAL_Driver/Src/stm32f0xx_hal_exti.c ****     }
 205:Drivers/STM32F0xx_HAL_Driver/Src/stm32f0xx_hal_exti.c ****   }
 206:Drivers/STM32F0xx_HAL_Driver/Src/stm32f0xx_hal_exti.c **** 
 207:Drivers/STM32F0xx_HAL_Driver/Src/stm32f0xx_hal_exti.c ****   /* Configure interrupt mode : read current mode */
 208:Drivers/STM32F0xx_HAL_Driver/Src/stm32f0xx_hal_exti.c ****   /* Mask or set line */
 209:Drivers/STM32F0xx_HAL_Driver/Src/stm32f0xx_hal_exti.c ****   if ((pExtiConfig->Mode & EXTI_MODE_INTERRUPT) != 0x00u)
 108              		.loc 1 209 3 is_stmt 1 view .LVU31
 109              		.loc 1 209 6 is_stmt 0 view .LVU32
 110 0042 4B68     		ldr	r3, [r1, #4]
 111 0044 DB07     		lsls	r3, r3, #31
 112 0046 26D5     		bpl	.L8
 210:Drivers/STM32F0xx_HAL_Driver/Src/stm32f0xx_hal_exti.c ****   {
 211:Drivers/STM32F0xx_HAL_Driver/Src/stm32f0xx_hal_exti.c ****     EXTI->IMR |= maskline;
 113              		.loc 1 211 5 is_stmt 1 view .LVU33
 114              		.loc 1 211 15 is_stmt 0 view .LVU34
 115 0048 1A48     		ldr	r0, .L14
 116 004a 0368     		ldr	r3, [r0]
 117 004c 1343     		orrs	r3, r2
 118 004e 0360     		str	r3, [r0]
 119              	.L9:
 212:Drivers/STM32F0xx_HAL_Driver/Src/stm32f0xx_hal_exti.c ****   }
 213:Drivers/STM32F0xx_HAL_Driver/Src/stm32f0xx_hal_exti.c ****   else
 214:Drivers/STM32F0xx_HAL_Driver/Src/stm32f0xx_hal_exti.c ****   {
 215:Drivers/STM32F0xx_HAL_Driver/Src/stm32f0xx_hal_exti.c ****     EXTI->IMR &= ~maskline;
 216:Drivers/STM32F0xx_HAL_Driver/Src/stm32f0xx_hal_exti.c ****   }
 217:Drivers/STM32F0xx_HAL_Driver/Src/stm32f0xx_hal_exti.c **** 
 218:Drivers/STM32F0xx_HAL_Driver/Src/stm32f0xx_hal_exti.c ****   /* Configure event mode : read current mode */
 219:Drivers/STM32F0xx_HAL_Driver/Src/stm32f0xx_hal_exti.c ****   /* Mask or set line */
 220:Drivers/STM32F0xx_HAL_Driver/Src/stm32f0xx_hal_exti.c ****   if ((pExtiConfig->Mode & EXTI_MODE_EVENT) != 0x00u)
 120              		.loc 1 220 3 is_stmt 1 view .LVU35
 121              		.loc 1 220 19 is_stmt 0 view .LVU36
 122 0050 4B68     		ldr	r3, [r1, #4]
 123              		.loc 1 220 6 view .LVU37
ARM GAS  C:\Users\ADMINI~1\AppData\Local\Temp\ccbvkMaH.s 			page 7


 124 0052 9B07     		lsls	r3, r3, #30
 125 0054 24D5     		bpl	.L10
 221:Drivers/STM32F0xx_HAL_Driver/Src/stm32f0xx_hal_exti.c ****   {
 222:Drivers/STM32F0xx_HAL_Driver/Src/stm32f0xx_hal_exti.c ****     EXTI->EMR |= maskline;
 126              		.loc 1 222 5 is_stmt 1 view .LVU38
 127              		.loc 1 222 15 is_stmt 0 view .LVU39
 128 0056 1749     		ldr	r1, .L14
 129              	.LVL5:
 130              		.loc 1 222 15 view .LVU40
 131 0058 4B68     		ldr	r3, [r1, #4]
 132 005a 1A43     		orrs	r2, r3
 133              	.LVL6:
 134              		.loc 1 222 15 view .LVU41
 135 005c 4A60     		str	r2, [r1, #4]
 223:Drivers/STM32F0xx_HAL_Driver/Src/stm32f0xx_hal_exti.c ****   }
 224:Drivers/STM32F0xx_HAL_Driver/Src/stm32f0xx_hal_exti.c ****   else
 225:Drivers/STM32F0xx_HAL_Driver/Src/stm32f0xx_hal_exti.c ****   {
 226:Drivers/STM32F0xx_HAL_Driver/Src/stm32f0xx_hal_exti.c ****     EXTI->EMR &= ~maskline;
 227:Drivers/STM32F0xx_HAL_Driver/Src/stm32f0xx_hal_exti.c ****   }
 228:Drivers/STM32F0xx_HAL_Driver/Src/stm32f0xx_hal_exti.c **** 
 229:Drivers/STM32F0xx_HAL_Driver/Src/stm32f0xx_hal_exti.c ****   return HAL_OK;
 136              		.loc 1 229 10 view .LVU42
 137 005e 0020     		movs	r0, #0
 138              	.L2:
 230:Drivers/STM32F0xx_HAL_Driver/Src/stm32f0xx_hal_exti.c **** }
 139              		.loc 1 230 1 view .LVU43
 140              		@ sp needed
 141 0060 70BD     		pop	{r4, r5, r6, pc}
 142              	.LVL7:
 143              	.L4:
 179:Drivers/STM32F0xx_HAL_Driver/Src/stm32f0xx_hal_exti.c ****     }
 144              		.loc 1 179 7 is_stmt 1 view .LVU44
 179:Drivers/STM32F0xx_HAL_Driver/Src/stm32f0xx_hal_exti.c ****     }
 145              		.loc 1 179 18 is_stmt 0 view .LVU45
 146 0062 144D     		ldr	r5, .L14
 147 0064 A868     		ldr	r0, [r5, #8]
 148 0066 9043     		bics	r0, r2
 149 0068 A860     		str	r0, [r5, #8]
 150 006a DDE7     		b	.L5
 151              	.L6:
 190:Drivers/STM32F0xx_HAL_Driver/Src/stm32f0xx_hal_exti.c ****     }
 152              		.loc 1 190 7 is_stmt 1 view .LVU46
 190:Drivers/STM32F0xx_HAL_Driver/Src/stm32f0xx_hal_exti.c ****     }
 153              		.loc 1 190 18 is_stmt 0 view .LVU47
 154 006c 114D     		ldr	r5, .L14
 155 006e E868     		ldr	r0, [r5, #12]
 156 0070 9043     		bics	r0, r2
 157 0072 E860     		str	r0, [r5, #12]
 158 0074 DFE7     		b	.L7
 159              	.L13:
 197:Drivers/STM32F0xx_HAL_Driver/Src/stm32f0xx_hal_exti.c ****       assert_param(IS_EXTI_GPIO_PIN(linepos));
 160              		.loc 1 197 7 is_stmt 1 view .LVU48
 198:Drivers/STM32F0xx_HAL_Driver/Src/stm32f0xx_hal_exti.c **** 
 161              		.loc 1 198 7 view .LVU49
 200:Drivers/STM32F0xx_HAL_Driver/Src/stm32f0xx_hal_exti.c ****       regval &= ~(SYSCFG_EXTICR1_EXTI0 << (SYSCFG_EXTICR1_EXTI1_Pos * (linepos & 0x03u)));
 162              		.loc 1 200 7 view .LVU50
 200:Drivers/STM32F0xx_HAL_Driver/Src/stm32f0xx_hal_exti.c ****       regval &= ~(SYSCFG_EXTICR1_EXTI0 << (SYSCFG_EXTICR1_EXTI1_Pos * (linepos & 0x03u)));
ARM GAS  C:\Users\ADMINI~1\AppData\Local\Temp\ccbvkMaH.s 			page 8


 163              		.loc 1 200 39 is_stmt 0 view .LVU51
 164 0076 9B08     		lsrs	r3, r3, #2
 165              	.LVL8:
 200:Drivers/STM32F0xx_HAL_Driver/Src/stm32f0xx_hal_exti.c ****       regval &= ~(SYSCFG_EXTICR1_EXTI0 << (SYSCFG_EXTICR1_EXTI1_Pos * (linepos & 0x03u)));
 166              		.loc 1 200 14 view .LVU52
 167 0078 0F4E     		ldr	r6, .L14+4
 168 007a 0233     		adds	r3, r3, #2
 169 007c 9B00     		lsls	r3, r3, #2
 170 007e 9D59     		ldr	r5, [r3, r6]
 171              	.LVL9:
 201:Drivers/STM32F0xx_HAL_Driver/Src/stm32f0xx_hal_exti.c ****       regval |= (pExtiConfig->GPIOSel << (SYSCFG_EXTICR1_EXTI1_Pos * (linepos & 0x03u)));
 172              		.loc 1 201 7 is_stmt 1 view .LVU53
 201:Drivers/STM32F0xx_HAL_Driver/Src/stm32f0xx_hal_exti.c ****       regval |= (pExtiConfig->GPIOSel << (SYSCFG_EXTICR1_EXTI1_Pos * (linepos & 0x03u)));
 173              		.loc 1 201 80 is_stmt 0 view .LVU54
 174 0080 0320     		movs	r0, #3
 175 0082 0440     		ands	r4, r0
 176              	.LVL10:
 201:Drivers/STM32F0xx_HAL_Driver/Src/stm32f0xx_hal_exti.c ****       regval |= (pExtiConfig->GPIOSel << (SYSCFG_EXTICR1_EXTI1_Pos * (linepos & 0x03u)));
 177              		.loc 1 201 69 view .LVU55
 178 0084 A400     		lsls	r4, r4, #2
 201:Drivers/STM32F0xx_HAL_Driver/Src/stm32f0xx_hal_exti.c ****       regval |= (pExtiConfig->GPIOSel << (SYSCFG_EXTICR1_EXTI1_Pos * (linepos & 0x03u)));
 179              		.loc 1 201 40 view .LVU56
 180 0086 0C30     		adds	r0, r0, #12
 181 0088 A040     		lsls	r0, r0, r4
 201:Drivers/STM32F0xx_HAL_Driver/Src/stm32f0xx_hal_exti.c ****       regval |= (pExtiConfig->GPIOSel << (SYSCFG_EXTICR1_EXTI1_Pos * (linepos & 0x03u)));
 182              		.loc 1 201 14 view .LVU57
 183 008a 8543     		bics	r5, r0
 184              	.LVL11:
 202:Drivers/STM32F0xx_HAL_Driver/Src/stm32f0xx_hal_exti.c ****       SYSCFG->EXTICR[linepos >> 2u] = regval;
 185              		.loc 1 202 7 is_stmt 1 view .LVU58
 202:Drivers/STM32F0xx_HAL_Driver/Src/stm32f0xx_hal_exti.c ****       SYSCFG->EXTICR[linepos >> 2u] = regval;
 186              		.loc 1 202 39 is_stmt 0 view .LVU59
 187 008c C868     		ldr	r0, [r1, #12]
 188 008e A040     		lsls	r0, r0, r4
 202:Drivers/STM32F0xx_HAL_Driver/Src/stm32f0xx_hal_exti.c ****       SYSCFG->EXTICR[linepos >> 2u] = regval;
 189              		.loc 1 202 14 view .LVU60
 190 0090 2843     		orrs	r0, r5
 191              	.LVL12:
 203:Drivers/STM32F0xx_HAL_Driver/Src/stm32f0xx_hal_exti.c ****     }
 192              		.loc 1 203 7 is_stmt 1 view .LVU61
 203:Drivers/STM32F0xx_HAL_Driver/Src/stm32f0xx_hal_exti.c ****     }
 193              		.loc 1 203 37 is_stmt 0 view .LVU62
 194 0092 9851     		str	r0, [r3, r6]
 195 0094 D5E7     		b	.L3
 196              	.LVL13:
 197              	.L8:
 215:Drivers/STM32F0xx_HAL_Driver/Src/stm32f0xx_hal_exti.c ****   }
 198              		.loc 1 215 5 is_stmt 1 view .LVU63
 215:Drivers/STM32F0xx_HAL_Driver/Src/stm32f0xx_hal_exti.c ****   }
 199              		.loc 1 215 15 is_stmt 0 view .LVU64
 200 0096 0748     		ldr	r0, .L14
 201 0098 0368     		ldr	r3, [r0]
 202 009a 9343     		bics	r3, r2
 203 009c 0360     		str	r3, [r0]
 204 009e D7E7     		b	.L9
 205              	.L10:
 226:Drivers/STM32F0xx_HAL_Driver/Src/stm32f0xx_hal_exti.c ****   }
ARM GAS  C:\Users\ADMINI~1\AppData\Local\Temp\ccbvkMaH.s 			page 9


 206              		.loc 1 226 5 is_stmt 1 view .LVU65
 226:Drivers/STM32F0xx_HAL_Driver/Src/stm32f0xx_hal_exti.c ****   }
 207              		.loc 1 226 15 is_stmt 0 view .LVU66
 208 00a0 0449     		ldr	r1, .L14
 209              	.LVL14:
 226:Drivers/STM32F0xx_HAL_Driver/Src/stm32f0xx_hal_exti.c ****   }
 210              		.loc 1 226 15 view .LVU67
 211 00a2 4B68     		ldr	r3, [r1, #4]
 212 00a4 9343     		bics	r3, r2
 213 00a6 4B60     		str	r3, [r1, #4]
 229:Drivers/STM32F0xx_HAL_Driver/Src/stm32f0xx_hal_exti.c **** }
 214              		.loc 1 229 10 view .LVU68
 215 00a8 0020     		movs	r0, #0
 216 00aa D9E7     		b	.L2
 217              	.LVL15:
 218              	.L11:
 152:Drivers/STM32F0xx_HAL_Driver/Src/stm32f0xx_hal_exti.c ****   }
 219              		.loc 1 152 12 view .LVU69
 220 00ac 0120     		movs	r0, #1
 221              	.LVL16:
 152:Drivers/STM32F0xx_HAL_Driver/Src/stm32f0xx_hal_exti.c ****   }
 222              		.loc 1 152 12 view .LVU70
 223 00ae D7E7     		b	.L2
 224              	.LVL17:
 225              	.L12:
 152:Drivers/STM32F0xx_HAL_Driver/Src/stm32f0xx_hal_exti.c ****   }
 226              		.loc 1 152 12 view .LVU71
 227 00b0 0120     		movs	r0, #1
 228              	.LVL18:
 152:Drivers/STM32F0xx_HAL_Driver/Src/stm32f0xx_hal_exti.c ****   }
 229              		.loc 1 152 12 view .LVU72
 230 00b2 D5E7     		b	.L2
 231              	.L15:
 232              		.align	2
 233              	.L14:
 234 00b4 00040140 		.word	1073808384
 235 00b8 00000140 		.word	1073807360
 236              		.cfi_endproc
 237              	.LFE40:
 239              		.section	.text.HAL_EXTI_GetConfigLine,"ax",%progbits
 240              		.align	1
 241              		.global	HAL_EXTI_GetConfigLine
 242              		.syntax unified
 243              		.code	16
 244              		.thumb_func
 246              	HAL_EXTI_GetConfigLine:
 247              	.LVL19:
 248              	.LFB41:
 231:Drivers/STM32F0xx_HAL_Driver/Src/stm32f0xx_hal_exti.c **** 
 232:Drivers/STM32F0xx_HAL_Driver/Src/stm32f0xx_hal_exti.c **** /**
 233:Drivers/STM32F0xx_HAL_Driver/Src/stm32f0xx_hal_exti.c ****   * @brief  Get configuration of a dedicated Exti line.
 234:Drivers/STM32F0xx_HAL_Driver/Src/stm32f0xx_hal_exti.c ****   * @param  hexti Exti handle.
 235:Drivers/STM32F0xx_HAL_Driver/Src/stm32f0xx_hal_exti.c ****   * @param  pExtiConfig Pointer on structure to store Exti configuration.
 236:Drivers/STM32F0xx_HAL_Driver/Src/stm32f0xx_hal_exti.c ****   * @retval HAL Status.
 237:Drivers/STM32F0xx_HAL_Driver/Src/stm32f0xx_hal_exti.c ****   */
 238:Drivers/STM32F0xx_HAL_Driver/Src/stm32f0xx_hal_exti.c **** HAL_StatusTypeDef HAL_EXTI_GetConfigLine(EXTI_HandleTypeDef *hexti, EXTI_ConfigTypeDef *pExtiConfig
 239:Drivers/STM32F0xx_HAL_Driver/Src/stm32f0xx_hal_exti.c **** {
ARM GAS  C:\Users\ADMINI~1\AppData\Local\Temp\ccbvkMaH.s 			page 10


 249              		.loc 1 239 1 is_stmt 1 view -0
 250              		.cfi_startproc
 251              		@ args = 0, pretend = 0, frame = 0
 252              		@ frame_needed = 0, uses_anonymous_args = 0
 253              		.loc 1 239 1 is_stmt 0 view .LVU74
 254 0000 30B5     		push	{r4, r5, lr}
 255              	.LCFI1:
 256              		.cfi_def_cfa_offset 12
 257              		.cfi_offset 4, -12
 258              		.cfi_offset 5, -8
 259              		.cfi_offset 14, -4
 240:Drivers/STM32F0xx_HAL_Driver/Src/stm32f0xx_hal_exti.c ****   uint32_t regval;
 260              		.loc 1 240 3 is_stmt 1 view .LVU75
 241:Drivers/STM32F0xx_HAL_Driver/Src/stm32f0xx_hal_exti.c ****   uint32_t linepos;
 261              		.loc 1 241 3 view .LVU76
 242:Drivers/STM32F0xx_HAL_Driver/Src/stm32f0xx_hal_exti.c ****   uint32_t maskline;
 262              		.loc 1 242 3 view .LVU77
 243:Drivers/STM32F0xx_HAL_Driver/Src/stm32f0xx_hal_exti.c **** 
 244:Drivers/STM32F0xx_HAL_Driver/Src/stm32f0xx_hal_exti.c ****   /* Check null pointer */
 245:Drivers/STM32F0xx_HAL_Driver/Src/stm32f0xx_hal_exti.c ****   if ((hexti == NULL) || (pExtiConfig == NULL))
 263              		.loc 1 245 3 view .LVU78
 264              		.loc 1 245 6 is_stmt 0 view .LVU79
 265 0002 0028     		cmp	r0, #0
 266 0004 3FD0     		beq	.L23
 267              		.loc 1 245 23 discriminator 1 view .LVU80
 268 0006 0029     		cmp	r1, #0
 269 0008 3FD0     		beq	.L24
 246:Drivers/STM32F0xx_HAL_Driver/Src/stm32f0xx_hal_exti.c ****   {
 247:Drivers/STM32F0xx_HAL_Driver/Src/stm32f0xx_hal_exti.c ****     return HAL_ERROR;
 248:Drivers/STM32F0xx_HAL_Driver/Src/stm32f0xx_hal_exti.c ****   }
 249:Drivers/STM32F0xx_HAL_Driver/Src/stm32f0xx_hal_exti.c **** 
 250:Drivers/STM32F0xx_HAL_Driver/Src/stm32f0xx_hal_exti.c ****   /* Check the parameter */
 251:Drivers/STM32F0xx_HAL_Driver/Src/stm32f0xx_hal_exti.c ****   assert_param(IS_EXTI_LINE(hexti->Line));
 270              		.loc 1 251 3 is_stmt 1 view .LVU81
 252:Drivers/STM32F0xx_HAL_Driver/Src/stm32f0xx_hal_exti.c **** 
 253:Drivers/STM32F0xx_HAL_Driver/Src/stm32f0xx_hal_exti.c ****   /* Store handle line number to configuration structure */
 254:Drivers/STM32F0xx_HAL_Driver/Src/stm32f0xx_hal_exti.c ****   pExtiConfig->Line = hexti->Line;
 271              		.loc 1 254 3 view .LVU82
 272              		.loc 1 254 28 is_stmt 0 view .LVU83
 273 000a 0068     		ldr	r0, [r0]
 274              	.LVL20:
 275              		.loc 1 254 21 view .LVU84
 276 000c 0860     		str	r0, [r1]
 255:Drivers/STM32F0xx_HAL_Driver/Src/stm32f0xx_hal_exti.c **** 
 256:Drivers/STM32F0xx_HAL_Driver/Src/stm32f0xx_hal_exti.c ****   /* Compute line mask */
 257:Drivers/STM32F0xx_HAL_Driver/Src/stm32f0xx_hal_exti.c ****   linepos = (pExtiConfig->Line & EXTI_PIN_MASK);
 277              		.loc 1 257 3 is_stmt 1 view .LVU85
 278              		.loc 1 257 11 is_stmt 0 view .LVU86
 279 000e 1F24     		movs	r4, #31
 280 0010 0440     		ands	r4, r0
 281              	.LVL21:
 258:Drivers/STM32F0xx_HAL_Driver/Src/stm32f0xx_hal_exti.c ****   maskline = (1uL << linepos);
 282              		.loc 1 258 3 is_stmt 1 view .LVU87
 283              		.loc 1 258 12 is_stmt 0 view .LVU88
 284 0012 0123     		movs	r3, #1
 285 0014 A340     		lsls	r3, r3, r4
 286              	.LVL22:
ARM GAS  C:\Users\ADMINI~1\AppData\Local\Temp\ccbvkMaH.s 			page 11


 259:Drivers/STM32F0xx_HAL_Driver/Src/stm32f0xx_hal_exti.c **** 
 260:Drivers/STM32F0xx_HAL_Driver/Src/stm32f0xx_hal_exti.c ****   /* 1] Get core mode : interrupt */
 261:Drivers/STM32F0xx_HAL_Driver/Src/stm32f0xx_hal_exti.c **** 
 262:Drivers/STM32F0xx_HAL_Driver/Src/stm32f0xx_hal_exti.c ****   /* Check if selected line is enable */
 263:Drivers/STM32F0xx_HAL_Driver/Src/stm32f0xx_hal_exti.c ****   if ((EXTI->IMR & maskline) != 0x00u)
 287              		.loc 1 263 3 is_stmt 1 view .LVU89
 288              		.loc 1 263 12 is_stmt 0 view .LVU90
 289 0016 1F4A     		ldr	r2, .L28
 290 0018 1268     		ldr	r2, [r2]
 291              		.loc 1 263 6 view .LVU91
 292 001a 1342     		tst	r3, r2
 293 001c 23D0     		beq	.L18
 264:Drivers/STM32F0xx_HAL_Driver/Src/stm32f0xx_hal_exti.c ****   {
 265:Drivers/STM32F0xx_HAL_Driver/Src/stm32f0xx_hal_exti.c ****     pExtiConfig->Mode = EXTI_MODE_INTERRUPT;
 294              		.loc 1 265 5 is_stmt 1 view .LVU92
 295              		.loc 1 265 23 is_stmt 0 view .LVU93
 296 001e 0122     		movs	r2, #1
 297 0020 4A60     		str	r2, [r1, #4]
 298              	.L19:
 266:Drivers/STM32F0xx_HAL_Driver/Src/stm32f0xx_hal_exti.c ****   }
 267:Drivers/STM32F0xx_HAL_Driver/Src/stm32f0xx_hal_exti.c ****   else
 268:Drivers/STM32F0xx_HAL_Driver/Src/stm32f0xx_hal_exti.c ****   {
 269:Drivers/STM32F0xx_HAL_Driver/Src/stm32f0xx_hal_exti.c ****     pExtiConfig->Mode = EXTI_MODE_NONE;
 270:Drivers/STM32F0xx_HAL_Driver/Src/stm32f0xx_hal_exti.c ****   }
 271:Drivers/STM32F0xx_HAL_Driver/Src/stm32f0xx_hal_exti.c **** 
 272:Drivers/STM32F0xx_HAL_Driver/Src/stm32f0xx_hal_exti.c ****   /* Get event mode */
 273:Drivers/STM32F0xx_HAL_Driver/Src/stm32f0xx_hal_exti.c ****   /* Check if selected line is enable */
 274:Drivers/STM32F0xx_HAL_Driver/Src/stm32f0xx_hal_exti.c ****   if ((EXTI->EMR & maskline) != 0x00u)
 299              		.loc 1 274 3 is_stmt 1 view .LVU94
 300              		.loc 1 274 12 is_stmt 0 view .LVU95
 301 0022 1C4A     		ldr	r2, .L28
 302 0024 5268     		ldr	r2, [r2, #4]
 303              		.loc 1 274 6 view .LVU96
 304 0026 1342     		tst	r3, r2
 305 0028 03D0     		beq	.L20
 275:Drivers/STM32F0xx_HAL_Driver/Src/stm32f0xx_hal_exti.c ****   {
 276:Drivers/STM32F0xx_HAL_Driver/Src/stm32f0xx_hal_exti.c ****     pExtiConfig->Mode |= EXTI_MODE_EVENT;
 306              		.loc 1 276 5 is_stmt 1 view .LVU97
 307              		.loc 1 276 23 is_stmt 0 view .LVU98
 308 002a 0222     		movs	r2, #2
 309 002c 4D68     		ldr	r5, [r1, #4]
 310 002e 2A43     		orrs	r2, r5
 311 0030 4A60     		str	r2, [r1, #4]
 312              	.L20:
 277:Drivers/STM32F0xx_HAL_Driver/Src/stm32f0xx_hal_exti.c ****   }
 278:Drivers/STM32F0xx_HAL_Driver/Src/stm32f0xx_hal_exti.c **** 
 279:Drivers/STM32F0xx_HAL_Driver/Src/stm32f0xx_hal_exti.c ****   /* Get default Trigger and GPIOSel configuration */
 280:Drivers/STM32F0xx_HAL_Driver/Src/stm32f0xx_hal_exti.c ****   pExtiConfig->Trigger = EXTI_TRIGGER_NONE;
 313              		.loc 1 280 3 is_stmt 1 view .LVU99
 314              		.loc 1 280 24 is_stmt 0 view .LVU100
 315 0032 0022     		movs	r2, #0
 316 0034 8A60     		str	r2, [r1, #8]
 281:Drivers/STM32F0xx_HAL_Driver/Src/stm32f0xx_hal_exti.c ****   pExtiConfig->GPIOSel = 0x00u;
 317              		.loc 1 281 3 is_stmt 1 view .LVU101
 318              		.loc 1 281 24 is_stmt 0 view .LVU102
 319 0036 CA60     		str	r2, [r1, #12]
 282:Drivers/STM32F0xx_HAL_Driver/Src/stm32f0xx_hal_exti.c **** 
ARM GAS  C:\Users\ADMINI~1\AppData\Local\Temp\ccbvkMaH.s 			page 12


 283:Drivers/STM32F0xx_HAL_Driver/Src/stm32f0xx_hal_exti.c ****   /* 2] Get trigger for configurable lines : rising */
 284:Drivers/STM32F0xx_HAL_Driver/Src/stm32f0xx_hal_exti.c ****   if ((pExtiConfig->Line & EXTI_CONFIG) != 0x00u)
 320              		.loc 1 284 3 is_stmt 1 view .LVU103
 321              		.loc 1 284 6 is_stmt 0 view .LVU104
 322 0038 8201     		lsls	r2, r0, #6
 323 003a 28D5     		bpl	.L25
 285:Drivers/STM32F0xx_HAL_Driver/Src/stm32f0xx_hal_exti.c ****   {
 286:Drivers/STM32F0xx_HAL_Driver/Src/stm32f0xx_hal_exti.c ****     /* Check if configuration of selected line is enable */
 287:Drivers/STM32F0xx_HAL_Driver/Src/stm32f0xx_hal_exti.c ****     if ((EXTI->RTSR & maskline) != 0x00u)
 324              		.loc 1 287 5 is_stmt 1 view .LVU105
 325              		.loc 1 287 14 is_stmt 0 view .LVU106
 326 003c 154A     		ldr	r2, .L28
 327 003e 9268     		ldr	r2, [r2, #8]
 328              		.loc 1 287 8 view .LVU107
 329 0040 1342     		tst	r3, r2
 330 0042 01D0     		beq	.L21
 288:Drivers/STM32F0xx_HAL_Driver/Src/stm32f0xx_hal_exti.c ****     {
 289:Drivers/STM32F0xx_HAL_Driver/Src/stm32f0xx_hal_exti.c ****       pExtiConfig->Trigger = EXTI_TRIGGER_RISING;
 331              		.loc 1 289 7 is_stmt 1 view .LVU108
 332              		.loc 1 289 28 is_stmt 0 view .LVU109
 333 0044 0122     		movs	r2, #1
 334 0046 8A60     		str	r2, [r1, #8]
 335              	.L21:
 290:Drivers/STM32F0xx_HAL_Driver/Src/stm32f0xx_hal_exti.c ****     }
 291:Drivers/STM32F0xx_HAL_Driver/Src/stm32f0xx_hal_exti.c **** 
 292:Drivers/STM32F0xx_HAL_Driver/Src/stm32f0xx_hal_exti.c ****     /* Get falling configuration */
 293:Drivers/STM32F0xx_HAL_Driver/Src/stm32f0xx_hal_exti.c ****     /* Check if configuration of selected line is enable */
 294:Drivers/STM32F0xx_HAL_Driver/Src/stm32f0xx_hal_exti.c ****     if ((EXTI->FTSR & maskline) != 0x00u)
 336              		.loc 1 294 5 is_stmt 1 view .LVU110
 337              		.loc 1 294 14 is_stmt 0 view .LVU111
 338 0048 124A     		ldr	r2, .L28
 339 004a D268     		ldr	r2, [r2, #12]
 340              		.loc 1 294 8 view .LVU112
 341 004c 1342     		tst	r3, r2
 342 004e 03D0     		beq	.L22
 295:Drivers/STM32F0xx_HAL_Driver/Src/stm32f0xx_hal_exti.c ****     {
 296:Drivers/STM32F0xx_HAL_Driver/Src/stm32f0xx_hal_exti.c ****       pExtiConfig->Trigger |= EXTI_TRIGGER_FALLING;
 343              		.loc 1 296 7 is_stmt 1 view .LVU113
 344              		.loc 1 296 28 is_stmt 0 view .LVU114
 345 0050 0223     		movs	r3, #2
 346              	.LVL23:
 347              		.loc 1 296 28 view .LVU115
 348 0052 8A68     		ldr	r2, [r1, #8]
 349 0054 1343     		orrs	r3, r2
 350 0056 8B60     		str	r3, [r1, #8]
 351              	.L22:
 297:Drivers/STM32F0xx_HAL_Driver/Src/stm32f0xx_hal_exti.c ****     }
 298:Drivers/STM32F0xx_HAL_Driver/Src/stm32f0xx_hal_exti.c **** 
 299:Drivers/STM32F0xx_HAL_Driver/Src/stm32f0xx_hal_exti.c ****     /* Get Gpio port selection for gpio lines */
 300:Drivers/STM32F0xx_HAL_Driver/Src/stm32f0xx_hal_exti.c ****     if ((pExtiConfig->Line & EXTI_GPIO) == EXTI_GPIO)
 352              		.loc 1 300 5 is_stmt 1 view .LVU116
 353              		.loc 1 300 28 is_stmt 0 view .LVU117
 354 0058 C022     		movs	r2, #192
 355 005a D204     		lsls	r2, r2, #19
 356 005c 1040     		ands	r0, r2
 357              		.loc 1 300 8 view .LVU118
 358 005e 9042     		cmp	r0, r2
ARM GAS  C:\Users\ADMINI~1\AppData\Local\Temp\ccbvkMaH.s 			page 13


 359 0060 04D0     		beq	.L27
 301:Drivers/STM32F0xx_HAL_Driver/Src/stm32f0xx_hal_exti.c ****     {
 302:Drivers/STM32F0xx_HAL_Driver/Src/stm32f0xx_hal_exti.c ****       assert_param(IS_EXTI_GPIO_PIN(linepos));
 303:Drivers/STM32F0xx_HAL_Driver/Src/stm32f0xx_hal_exti.c **** 
 304:Drivers/STM32F0xx_HAL_Driver/Src/stm32f0xx_hal_exti.c ****       regval = SYSCFG->EXTICR[linepos >> 2u];
 305:Drivers/STM32F0xx_HAL_Driver/Src/stm32f0xx_hal_exti.c ****       pExtiConfig->GPIOSel = ((regval << (SYSCFG_EXTICR1_EXTI1_Pos * (3uL - (linepos & 0x03u)))) >>
 306:Drivers/STM32F0xx_HAL_Driver/Src/stm32f0xx_hal_exti.c ****     }
 307:Drivers/STM32F0xx_HAL_Driver/Src/stm32f0xx_hal_exti.c ****   }
 308:Drivers/STM32F0xx_HAL_Driver/Src/stm32f0xx_hal_exti.c **** 
 309:Drivers/STM32F0xx_HAL_Driver/Src/stm32f0xx_hal_exti.c ****   return HAL_OK;
 360              		.loc 1 309 10 view .LVU119
 361 0062 0020     		movs	r0, #0
 362 0064 14E0     		b	.L17
 363              	.LVL24:
 364              	.L18:
 269:Drivers/STM32F0xx_HAL_Driver/Src/stm32f0xx_hal_exti.c ****   }
 365              		.loc 1 269 5 is_stmt 1 view .LVU120
 269:Drivers/STM32F0xx_HAL_Driver/Src/stm32f0xx_hal_exti.c ****   }
 366              		.loc 1 269 23 is_stmt 0 view .LVU121
 367 0066 0022     		movs	r2, #0
 368 0068 4A60     		str	r2, [r1, #4]
 369 006a DAE7     		b	.L19
 370              	.LVL25:
 371              	.L27:
 302:Drivers/STM32F0xx_HAL_Driver/Src/stm32f0xx_hal_exti.c **** 
 372              		.loc 1 302 7 is_stmt 1 view .LVU122
 304:Drivers/STM32F0xx_HAL_Driver/Src/stm32f0xx_hal_exti.c ****       pExtiConfig->GPIOSel = ((regval << (SYSCFG_EXTICR1_EXTI1_Pos * (3uL - (linepos & 0x03u)))) >>
 373              		.loc 1 304 7 view .LVU123
 304:Drivers/STM32F0xx_HAL_Driver/Src/stm32f0xx_hal_exti.c ****       pExtiConfig->GPIOSel = ((regval << (SYSCFG_EXTICR1_EXTI1_Pos * (3uL - (linepos & 0x03u)))) >>
 374              		.loc 1 304 39 is_stmt 0 view .LVU124
 375 006c A308     		lsrs	r3, r4, #2
 304:Drivers/STM32F0xx_HAL_Driver/Src/stm32f0xx_hal_exti.c ****       pExtiConfig->GPIOSel = ((regval << (SYSCFG_EXTICR1_EXTI1_Pos * (3uL - (linepos & 0x03u)))) >>
 376              		.loc 1 304 14 view .LVU125
 377 006e 0233     		adds	r3, r3, #2
 378 0070 9B00     		lsls	r3, r3, #2
 379 0072 094A     		ldr	r2, .L28+4
 380 0074 9B58     		ldr	r3, [r3, r2]
 381              	.LVL26:
 305:Drivers/STM32F0xx_HAL_Driver/Src/stm32f0xx_hal_exti.c ****     }
 382              		.loc 1 305 7 is_stmt 1 view .LVU126
 305:Drivers/STM32F0xx_HAL_Driver/Src/stm32f0xx_hal_exti.c ****     }
 383              		.loc 1 305 75 is_stmt 0 view .LVU127
 384 0076 0322     		movs	r2, #3
 385 0078 A243     		bics	r2, r4
 305:Drivers/STM32F0xx_HAL_Driver/Src/stm32f0xx_hal_exti.c ****     }
 386              		.loc 1 305 68 view .LVU128
 387 007a 9200     		lsls	r2, r2, #2
 305:Drivers/STM32F0xx_HAL_Driver/Src/stm32f0xx_hal_exti.c ****     }
 388              		.loc 1 305 39 view .LVU129
 389 007c 9340     		lsls	r3, r3, r2
 390              	.LVL27:
 305:Drivers/STM32F0xx_HAL_Driver/Src/stm32f0xx_hal_exti.c ****     }
 391              		.loc 1 305 98 view .LVU130
 392 007e 1B0E     		lsrs	r3, r3, #24
 305:Drivers/STM32F0xx_HAL_Driver/Src/stm32f0xx_hal_exti.c ****     }
 393              		.loc 1 305 28 view .LVU131
 394 0080 CB60     		str	r3, [r1, #12]
ARM GAS  C:\Users\ADMINI~1\AppData\Local\Temp\ccbvkMaH.s 			page 14


 395              		.loc 1 309 10 view .LVU132
 396 0082 0020     		movs	r0, #0
 397 0084 04E0     		b	.L17
 398              	.LVL28:
 399              	.L23:
 247:Drivers/STM32F0xx_HAL_Driver/Src/stm32f0xx_hal_exti.c ****   }
 400              		.loc 1 247 12 view .LVU133
 401 0086 0120     		movs	r0, #1
 402              	.LVL29:
 247:Drivers/STM32F0xx_HAL_Driver/Src/stm32f0xx_hal_exti.c ****   }
 403              		.loc 1 247 12 view .LVU134
 404 0088 02E0     		b	.L17
 405              	.LVL30:
 406              	.L24:
 247:Drivers/STM32F0xx_HAL_Driver/Src/stm32f0xx_hal_exti.c ****   }
 407              		.loc 1 247 12 view .LVU135
 408 008a 0120     		movs	r0, #1
 409              	.LVL31:
 247:Drivers/STM32F0xx_HAL_Driver/Src/stm32f0xx_hal_exti.c ****   }
 410              		.loc 1 247 12 view .LVU136
 411 008c 00E0     		b	.L17
 412              	.LVL32:
 413              	.L25:
 414              		.loc 1 309 10 view .LVU137
 415 008e 0020     		movs	r0, #0
 416              	.LVL33:
 417              	.L17:
 310:Drivers/STM32F0xx_HAL_Driver/Src/stm32f0xx_hal_exti.c **** }
 418              		.loc 1 310 1 view .LVU138
 419              		@ sp needed
 420 0090 30BD     		pop	{r4, r5, pc}
 421              	.L29:
 422 0092 C046     		.align	2
 423              	.L28:
 424 0094 00040140 		.word	1073808384
 425 0098 00000140 		.word	1073807360
 426              		.cfi_endproc
 427              	.LFE41:
 429              		.section	.text.HAL_EXTI_ClearConfigLine,"ax",%progbits
 430              		.align	1
 431              		.global	HAL_EXTI_ClearConfigLine
 432              		.syntax unified
 433              		.code	16
 434              		.thumb_func
 436              	HAL_EXTI_ClearConfigLine:
 437              	.LVL34:
 438              	.LFB42:
 311:Drivers/STM32F0xx_HAL_Driver/Src/stm32f0xx_hal_exti.c **** 
 312:Drivers/STM32F0xx_HAL_Driver/Src/stm32f0xx_hal_exti.c **** /**
 313:Drivers/STM32F0xx_HAL_Driver/Src/stm32f0xx_hal_exti.c ****   * @brief  Clear whole configuration of a dedicated Exti line.
 314:Drivers/STM32F0xx_HAL_Driver/Src/stm32f0xx_hal_exti.c ****   * @param  hexti Exti handle.
 315:Drivers/STM32F0xx_HAL_Driver/Src/stm32f0xx_hal_exti.c ****   * @retval HAL Status.
 316:Drivers/STM32F0xx_HAL_Driver/Src/stm32f0xx_hal_exti.c ****   */
 317:Drivers/STM32F0xx_HAL_Driver/Src/stm32f0xx_hal_exti.c **** HAL_StatusTypeDef HAL_EXTI_ClearConfigLine(EXTI_HandleTypeDef *hexti)
 318:Drivers/STM32F0xx_HAL_Driver/Src/stm32f0xx_hal_exti.c **** {
 439              		.loc 1 318 1 is_stmt 1 view -0
 440              		.cfi_startproc
ARM GAS  C:\Users\ADMINI~1\AppData\Local\Temp\ccbvkMaH.s 			page 15


 441              		@ args = 0, pretend = 0, frame = 0
 442              		@ frame_needed = 0, uses_anonymous_args = 0
 443              		.loc 1 318 1 is_stmt 0 view .LVU140
 444 0000 70B5     		push	{r4, r5, r6, lr}
 445              	.LCFI2:
 446              		.cfi_def_cfa_offset 16
 447              		.cfi_offset 4, -16
 448              		.cfi_offset 5, -12
 449              		.cfi_offset 6, -8
 450              		.cfi_offset 14, -4
 319:Drivers/STM32F0xx_HAL_Driver/Src/stm32f0xx_hal_exti.c ****   uint32_t regval;
 451              		.loc 1 319 3 is_stmt 1 view .LVU141
 320:Drivers/STM32F0xx_HAL_Driver/Src/stm32f0xx_hal_exti.c ****   uint32_t linepos;
 452              		.loc 1 320 3 view .LVU142
 321:Drivers/STM32F0xx_HAL_Driver/Src/stm32f0xx_hal_exti.c ****   uint32_t maskline;
 453              		.loc 1 321 3 view .LVU143
 322:Drivers/STM32F0xx_HAL_Driver/Src/stm32f0xx_hal_exti.c **** 
 323:Drivers/STM32F0xx_HAL_Driver/Src/stm32f0xx_hal_exti.c ****   /* Check null pointer */
 324:Drivers/STM32F0xx_HAL_Driver/Src/stm32f0xx_hal_exti.c ****   if (hexti == NULL)
 454              		.loc 1 324 3 view .LVU144
 455              		.loc 1 324 6 is_stmt 0 view .LVU145
 456 0002 0028     		cmp	r0, #0
 457 0004 2BD0     		beq	.L32
 325:Drivers/STM32F0xx_HAL_Driver/Src/stm32f0xx_hal_exti.c ****   {
 326:Drivers/STM32F0xx_HAL_Driver/Src/stm32f0xx_hal_exti.c ****     return HAL_ERROR;
 327:Drivers/STM32F0xx_HAL_Driver/Src/stm32f0xx_hal_exti.c ****   }
 328:Drivers/STM32F0xx_HAL_Driver/Src/stm32f0xx_hal_exti.c **** 
 329:Drivers/STM32F0xx_HAL_Driver/Src/stm32f0xx_hal_exti.c ****   /* Check the parameter */
 330:Drivers/STM32F0xx_HAL_Driver/Src/stm32f0xx_hal_exti.c ****   assert_param(IS_EXTI_LINE(hexti->Line));
 458              		.loc 1 330 3 is_stmt 1 view .LVU146
 331:Drivers/STM32F0xx_HAL_Driver/Src/stm32f0xx_hal_exti.c **** 
 332:Drivers/STM32F0xx_HAL_Driver/Src/stm32f0xx_hal_exti.c ****   /* compute line mask */
 333:Drivers/STM32F0xx_HAL_Driver/Src/stm32f0xx_hal_exti.c ****   linepos = (hexti->Line & EXTI_PIN_MASK);
 459              		.loc 1 333 3 view .LVU147
 460              		.loc 1 333 19 is_stmt 0 view .LVU148
 461 0006 0468     		ldr	r4, [r0]
 462              		.loc 1 333 11 view .LVU149
 463 0008 1F25     		movs	r5, #31
 464 000a 2540     		ands	r5, r4
 465              	.LVL35:
 334:Drivers/STM32F0xx_HAL_Driver/Src/stm32f0xx_hal_exti.c ****   maskline = (1uL << linepos);
 466              		.loc 1 334 3 is_stmt 1 view .LVU150
 467              		.loc 1 334 12 is_stmt 0 view .LVU151
 468 000c 0123     		movs	r3, #1
 469 000e AB40     		lsls	r3, r3, r5
 470              	.LVL36:
 335:Drivers/STM32F0xx_HAL_Driver/Src/stm32f0xx_hal_exti.c **** 
 336:Drivers/STM32F0xx_HAL_Driver/Src/stm32f0xx_hal_exti.c ****   /* 1] Clear interrupt mode */
 337:Drivers/STM32F0xx_HAL_Driver/Src/stm32f0xx_hal_exti.c ****   EXTI->IMR = (EXTI->IMR & ~maskline);
 471              		.loc 1 337 3 is_stmt 1 view .LVU152
 472              		.loc 1 337 20 is_stmt 0 view .LVU153
 473 0010 154A     		ldr	r2, .L36
 474 0012 1168     		ldr	r1, [r2]
 475              		.loc 1 337 28 view .LVU154
 476 0014 DE43     		mvns	r6, r3
 477              		.loc 1 337 26 view .LVU155
 478 0016 9943     		bics	r1, r3
ARM GAS  C:\Users\ADMINI~1\AppData\Local\Temp\ccbvkMaH.s 			page 16


 479              		.loc 1 337 13 view .LVU156
 480 0018 1160     		str	r1, [r2]
 338:Drivers/STM32F0xx_HAL_Driver/Src/stm32f0xx_hal_exti.c **** 
 339:Drivers/STM32F0xx_HAL_Driver/Src/stm32f0xx_hal_exti.c ****   /* 2] Clear event mode */
 340:Drivers/STM32F0xx_HAL_Driver/Src/stm32f0xx_hal_exti.c ****   EXTI->EMR = (EXTI->EMR & ~maskline);
 481              		.loc 1 340 3 is_stmt 1 view .LVU157
 482              		.loc 1 340 20 is_stmt 0 view .LVU158
 483 001a 5168     		ldr	r1, [r2, #4]
 484              		.loc 1 340 26 view .LVU159
 485 001c 9943     		bics	r1, r3
 486              		.loc 1 340 13 view .LVU160
 487 001e 5160     		str	r1, [r2, #4]
 341:Drivers/STM32F0xx_HAL_Driver/Src/stm32f0xx_hal_exti.c **** 
 342:Drivers/STM32F0xx_HAL_Driver/Src/stm32f0xx_hal_exti.c ****   /* 3] Clear triggers in case of configurable lines */
 343:Drivers/STM32F0xx_HAL_Driver/Src/stm32f0xx_hal_exti.c ****   if ((hexti->Line & EXTI_CONFIG) != 0x00u)
 488              		.loc 1 343 3 is_stmt 1 view .LVU161
 489              		.loc 1 343 6 is_stmt 0 view .LVU162
 490 0020 0368     		ldr	r3, [r0]
 491              	.LVL37:
 492              		.loc 1 343 6 view .LVU163
 493 0022 9B01     		lsls	r3, r3, #6
 494 0024 1DD5     		bpl	.L33
 344:Drivers/STM32F0xx_HAL_Driver/Src/stm32f0xx_hal_exti.c ****   {
 345:Drivers/STM32F0xx_HAL_Driver/Src/stm32f0xx_hal_exti.c ****     EXTI->RTSR = (EXTI->RTSR & ~maskline);
 495              		.loc 1 345 5 is_stmt 1 view .LVU164
 496              		.loc 1 345 23 is_stmt 0 view .LVU165
 497 0026 9368     		ldr	r3, [r2, #8]
 498              		.loc 1 345 30 view .LVU166
 499 0028 3340     		ands	r3, r6
 500              		.loc 1 345 16 view .LVU167
 501 002a 9360     		str	r3, [r2, #8]
 346:Drivers/STM32F0xx_HAL_Driver/Src/stm32f0xx_hal_exti.c ****     EXTI->FTSR = (EXTI->FTSR & ~maskline);
 502              		.loc 1 346 5 is_stmt 1 view .LVU168
 503              		.loc 1 346 23 is_stmt 0 view .LVU169
 504 002c D368     		ldr	r3, [r2, #12]
 505              		.loc 1 346 30 view .LVU170
 506 002e 1E40     		ands	r6, r3
 507              	.LVL38:
 508              		.loc 1 346 16 view .LVU171
 509 0030 D660     		str	r6, [r2, #12]
 347:Drivers/STM32F0xx_HAL_Driver/Src/stm32f0xx_hal_exti.c **** 
 348:Drivers/STM32F0xx_HAL_Driver/Src/stm32f0xx_hal_exti.c ****     /* Get Gpio port selection for gpio lines */
 349:Drivers/STM32F0xx_HAL_Driver/Src/stm32f0xx_hal_exti.c ****     if ((hexti->Line & EXTI_GPIO) == EXTI_GPIO)
 510              		.loc 1 349 5 is_stmt 1 view .LVU172
 511              		.loc 1 349 15 is_stmt 0 view .LVU173
 512 0032 0368     		ldr	r3, [r0]
 513              		.loc 1 349 22 view .LVU174
 514 0034 C022     		movs	r2, #192
 515 0036 D204     		lsls	r2, r2, #19
 516 0038 1340     		ands	r3, r2
 517              		.loc 1 349 8 view .LVU175
 518 003a 9342     		cmp	r3, r2
 519 003c 01D0     		beq	.L35
 350:Drivers/STM32F0xx_HAL_Driver/Src/stm32f0xx_hal_exti.c ****     {
 351:Drivers/STM32F0xx_HAL_Driver/Src/stm32f0xx_hal_exti.c ****       assert_param(IS_EXTI_GPIO_PIN(linepos));
 352:Drivers/STM32F0xx_HAL_Driver/Src/stm32f0xx_hal_exti.c **** 
 353:Drivers/STM32F0xx_HAL_Driver/Src/stm32f0xx_hal_exti.c ****       regval = SYSCFG->EXTICR[linepos >> 2u];
ARM GAS  C:\Users\ADMINI~1\AppData\Local\Temp\ccbvkMaH.s 			page 17


 354:Drivers/STM32F0xx_HAL_Driver/Src/stm32f0xx_hal_exti.c ****       regval &= ~(SYSCFG_EXTICR1_EXTI0 << (SYSCFG_EXTICR1_EXTI1_Pos * (linepos & 0x03u)));
 355:Drivers/STM32F0xx_HAL_Driver/Src/stm32f0xx_hal_exti.c ****       SYSCFG->EXTICR[linepos >> 2u] = regval;
 356:Drivers/STM32F0xx_HAL_Driver/Src/stm32f0xx_hal_exti.c ****     }
 357:Drivers/STM32F0xx_HAL_Driver/Src/stm32f0xx_hal_exti.c ****   }
 358:Drivers/STM32F0xx_HAL_Driver/Src/stm32f0xx_hal_exti.c **** 
 359:Drivers/STM32F0xx_HAL_Driver/Src/stm32f0xx_hal_exti.c ****   return HAL_OK;
 520              		.loc 1 359 10 view .LVU176
 521 003e 0020     		movs	r0, #0
 522              	.LVL39:
 523              		.loc 1 359 10 view .LVU177
 524 0040 10E0     		b	.L31
 525              	.LVL40:
 526              	.L35:
 351:Drivers/STM32F0xx_HAL_Driver/Src/stm32f0xx_hal_exti.c **** 
 527              		.loc 1 351 7 is_stmt 1 view .LVU178
 353:Drivers/STM32F0xx_HAL_Driver/Src/stm32f0xx_hal_exti.c ****       regval &= ~(SYSCFG_EXTICR1_EXTI0 << (SYSCFG_EXTICR1_EXTI1_Pos * (linepos & 0x03u)));
 528              		.loc 1 353 7 view .LVU179
 353:Drivers/STM32F0xx_HAL_Driver/Src/stm32f0xx_hal_exti.c ****       regval &= ~(SYSCFG_EXTICR1_EXTI0 << (SYSCFG_EXTICR1_EXTI1_Pos * (linepos & 0x03u)));
 529              		.loc 1 353 39 is_stmt 0 view .LVU180
 530 0042 AB08     		lsrs	r3, r5, #2
 353:Drivers/STM32F0xx_HAL_Driver/Src/stm32f0xx_hal_exti.c ****       regval &= ~(SYSCFG_EXTICR1_EXTI0 << (SYSCFG_EXTICR1_EXTI1_Pos * (linepos & 0x03u)));
 531              		.loc 1 353 14 view .LVU181
 532 0044 0948     		ldr	r0, .L36+4
 533              	.LVL41:
 353:Drivers/STM32F0xx_HAL_Driver/Src/stm32f0xx_hal_exti.c ****       regval &= ~(SYSCFG_EXTICR1_EXTI0 << (SYSCFG_EXTICR1_EXTI1_Pos * (linepos & 0x03u)));
 534              		.loc 1 353 14 view .LVU182
 535 0046 0233     		adds	r3, r3, #2
 536 0048 9B00     		lsls	r3, r3, #2
 537 004a 1958     		ldr	r1, [r3, r0]
 538              	.LVL42:
 354:Drivers/STM32F0xx_HAL_Driver/Src/stm32f0xx_hal_exti.c ****       SYSCFG->EXTICR[linepos >> 2u] = regval;
 539              		.loc 1 354 7 is_stmt 1 view .LVU183
 354:Drivers/STM32F0xx_HAL_Driver/Src/stm32f0xx_hal_exti.c ****       SYSCFG->EXTICR[linepos >> 2u] = regval;
 540              		.loc 1 354 80 is_stmt 0 view .LVU184
 541 004c 0322     		movs	r2, #3
 542 004e 1440     		ands	r4, r2
 354:Drivers/STM32F0xx_HAL_Driver/Src/stm32f0xx_hal_exti.c ****       SYSCFG->EXTICR[linepos >> 2u] = regval;
 543              		.loc 1 354 69 view .LVU185
 544 0050 A400     		lsls	r4, r4, #2
 354:Drivers/STM32F0xx_HAL_Driver/Src/stm32f0xx_hal_exti.c ****       SYSCFG->EXTICR[linepos >> 2u] = regval;
 545              		.loc 1 354 40 view .LVU186
 546 0052 0C32     		adds	r2, r2, #12
 547 0054 A240     		lsls	r2, r2, r4
 354:Drivers/STM32F0xx_HAL_Driver/Src/stm32f0xx_hal_exti.c ****       SYSCFG->EXTICR[linepos >> 2u] = regval;
 548              		.loc 1 354 14 view .LVU187
 549 0056 9143     		bics	r1, r2
 550              	.LVL43:
 355:Drivers/STM32F0xx_HAL_Driver/Src/stm32f0xx_hal_exti.c ****     }
 551              		.loc 1 355 7 is_stmt 1 view .LVU188
 355:Drivers/STM32F0xx_HAL_Driver/Src/stm32f0xx_hal_exti.c ****     }
 552              		.loc 1 355 37 is_stmt 0 view .LVU189
 553 0058 1950     		str	r1, [r3, r0]
 554              		.loc 1 359 10 view .LVU190
 555 005a 0020     		movs	r0, #0
 556 005c 02E0     		b	.L31
 557              	.LVL44:
 558              	.L32:
ARM GAS  C:\Users\ADMINI~1\AppData\Local\Temp\ccbvkMaH.s 			page 18


 326:Drivers/STM32F0xx_HAL_Driver/Src/stm32f0xx_hal_exti.c ****   }
 559              		.loc 1 326 12 view .LVU191
 560 005e 0120     		movs	r0, #1
 561              	.LVL45:
 326:Drivers/STM32F0xx_HAL_Driver/Src/stm32f0xx_hal_exti.c ****   }
 562              		.loc 1 326 12 view .LVU192
 563 0060 00E0     		b	.L31
 564              	.LVL46:
 565              	.L33:
 566              		.loc 1 359 10 view .LVU193
 567 0062 0020     		movs	r0, #0
 568              	.LVL47:
 569              	.L31:
 360:Drivers/STM32F0xx_HAL_Driver/Src/stm32f0xx_hal_exti.c **** }
 570              		.loc 1 360 1 view .LVU194
 571              		@ sp needed
 572 0064 70BD     		pop	{r4, r5, r6, pc}
 573              	.L37:
 574 0066 C046     		.align	2
 575              	.L36:
 576 0068 00040140 		.word	1073808384
 577 006c 00000140 		.word	1073807360
 578              		.cfi_endproc
 579              	.LFE42:
 581              		.section	.text.HAL_EXTI_RegisterCallback,"ax",%progbits
 582              		.align	1
 583              		.global	HAL_EXTI_RegisterCallback
 584              		.syntax unified
 585              		.code	16
 586              		.thumb_func
 588              	HAL_EXTI_RegisterCallback:
 589              	.LVL48:
 590              	.LFB43:
 361:Drivers/STM32F0xx_HAL_Driver/Src/stm32f0xx_hal_exti.c **** 
 362:Drivers/STM32F0xx_HAL_Driver/Src/stm32f0xx_hal_exti.c **** /**
 363:Drivers/STM32F0xx_HAL_Driver/Src/stm32f0xx_hal_exti.c ****   * @brief  Register callback for a dedicated Exti line.
 364:Drivers/STM32F0xx_HAL_Driver/Src/stm32f0xx_hal_exti.c ****   * @param  hexti Exti handle.
 365:Drivers/STM32F0xx_HAL_Driver/Src/stm32f0xx_hal_exti.c ****   * @param  CallbackID User callback identifier.
 366:Drivers/STM32F0xx_HAL_Driver/Src/stm32f0xx_hal_exti.c ****   *         This parameter can be one of @arg @ref EXTI_CallbackIDTypeDef values.
 367:Drivers/STM32F0xx_HAL_Driver/Src/stm32f0xx_hal_exti.c ****   * @param  pPendingCbfn function pointer to be stored as callback.
 368:Drivers/STM32F0xx_HAL_Driver/Src/stm32f0xx_hal_exti.c ****   * @retval HAL Status.
 369:Drivers/STM32F0xx_HAL_Driver/Src/stm32f0xx_hal_exti.c ****   */
 370:Drivers/STM32F0xx_HAL_Driver/Src/stm32f0xx_hal_exti.c **** HAL_StatusTypeDef HAL_EXTI_RegisterCallback(EXTI_HandleTypeDef *hexti, EXTI_CallbackIDTypeDef Callb
 371:Drivers/STM32F0xx_HAL_Driver/Src/stm32f0xx_hal_exti.c **** {
 591              		.loc 1 371 1 is_stmt 1 view -0
 592              		.cfi_startproc
 593              		@ args = 0, pretend = 0, frame = 0
 594              		@ frame_needed = 0, uses_anonymous_args = 0
 595              		@ link register save eliminated.
 372:Drivers/STM32F0xx_HAL_Driver/Src/stm32f0xx_hal_exti.c ****   HAL_StatusTypeDef status = HAL_OK;
 596              		.loc 1 372 3 view .LVU196
 373:Drivers/STM32F0xx_HAL_Driver/Src/stm32f0xx_hal_exti.c **** 
 374:Drivers/STM32F0xx_HAL_Driver/Src/stm32f0xx_hal_exti.c ****   switch (CallbackID)
 597              		.loc 1 374 3 view .LVU197
 598 0000 0029     		cmp	r1, #0
 599 0002 02D1     		bne	.L40
 375:Drivers/STM32F0xx_HAL_Driver/Src/stm32f0xx_hal_exti.c ****   {
ARM GAS  C:\Users\ADMINI~1\AppData\Local\Temp\ccbvkMaH.s 			page 19


 376:Drivers/STM32F0xx_HAL_Driver/Src/stm32f0xx_hal_exti.c ****     case  HAL_EXTI_COMMON_CB_ID:
 377:Drivers/STM32F0xx_HAL_Driver/Src/stm32f0xx_hal_exti.c ****       hexti->PendingCallback = pPendingCbfn;
 600              		.loc 1 377 7 view .LVU198
 601              		.loc 1 377 30 is_stmt 0 view .LVU199
 602 0004 4260     		str	r2, [r0, #4]
 378:Drivers/STM32F0xx_HAL_Driver/Src/stm32f0xx_hal_exti.c ****       break;
 603              		.loc 1 378 7 is_stmt 1 view .LVU200
 372:Drivers/STM32F0xx_HAL_Driver/Src/stm32f0xx_hal_exti.c **** 
 604              		.loc 1 372 21 is_stmt 0 view .LVU201
 605 0006 0800     		movs	r0, r1
 606              	.LVL49:
 607              	.L39:
 379:Drivers/STM32F0xx_HAL_Driver/Src/stm32f0xx_hal_exti.c **** 
 380:Drivers/STM32F0xx_HAL_Driver/Src/stm32f0xx_hal_exti.c ****     default:
 381:Drivers/STM32F0xx_HAL_Driver/Src/stm32f0xx_hal_exti.c ****       status = HAL_ERROR;
 382:Drivers/STM32F0xx_HAL_Driver/Src/stm32f0xx_hal_exti.c ****       break;
 383:Drivers/STM32F0xx_HAL_Driver/Src/stm32f0xx_hal_exti.c ****   }
 384:Drivers/STM32F0xx_HAL_Driver/Src/stm32f0xx_hal_exti.c **** 
 385:Drivers/STM32F0xx_HAL_Driver/Src/stm32f0xx_hal_exti.c ****   return status;
 608              		.loc 1 385 3 is_stmt 1 view .LVU202
 386:Drivers/STM32F0xx_HAL_Driver/Src/stm32f0xx_hal_exti.c **** }
 609              		.loc 1 386 1 is_stmt 0 view .LVU203
 610              		@ sp needed
 611 0008 7047     		bx	lr
 612              	.LVL50:
 613              	.L40:
 381:Drivers/STM32F0xx_HAL_Driver/Src/stm32f0xx_hal_exti.c ****       break;
 614              		.loc 1 381 14 view .LVU204
 615 000a 0120     		movs	r0, #1
 616              	.LVL51:
 381:Drivers/STM32F0xx_HAL_Driver/Src/stm32f0xx_hal_exti.c ****       break;
 617              		.loc 1 381 14 view .LVU205
 618 000c FCE7     		b	.L39
 619              		.cfi_endproc
 620              	.LFE43:
 622              		.section	.text.HAL_EXTI_GetHandle,"ax",%progbits
 623              		.align	1
 624              		.global	HAL_EXTI_GetHandle
 625              		.syntax unified
 626              		.code	16
 627              		.thumb_func
 629              	HAL_EXTI_GetHandle:
 630              	.LVL52:
 631              	.LFB44:
 387:Drivers/STM32F0xx_HAL_Driver/Src/stm32f0xx_hal_exti.c **** 
 388:Drivers/STM32F0xx_HAL_Driver/Src/stm32f0xx_hal_exti.c **** /**
 389:Drivers/STM32F0xx_HAL_Driver/Src/stm32f0xx_hal_exti.c ****   * @brief  Store line number as handle private field.
 390:Drivers/STM32F0xx_HAL_Driver/Src/stm32f0xx_hal_exti.c ****   * @param  hexti Exti handle.
 391:Drivers/STM32F0xx_HAL_Driver/Src/stm32f0xx_hal_exti.c ****   * @param  ExtiLine Exti line number.
 392:Drivers/STM32F0xx_HAL_Driver/Src/stm32f0xx_hal_exti.c ****   *         This parameter can be from 0 to @ref EXTI_LINE_NB.
 393:Drivers/STM32F0xx_HAL_Driver/Src/stm32f0xx_hal_exti.c ****   * @retval HAL Status.
 394:Drivers/STM32F0xx_HAL_Driver/Src/stm32f0xx_hal_exti.c ****   */
 395:Drivers/STM32F0xx_HAL_Driver/Src/stm32f0xx_hal_exti.c **** HAL_StatusTypeDef HAL_EXTI_GetHandle(EXTI_HandleTypeDef *hexti, uint32_t ExtiLine)
 396:Drivers/STM32F0xx_HAL_Driver/Src/stm32f0xx_hal_exti.c **** {
 632              		.loc 1 396 1 is_stmt 1 view -0
 633              		.cfi_startproc
 634              		@ args = 0, pretend = 0, frame = 0
ARM GAS  C:\Users\ADMINI~1\AppData\Local\Temp\ccbvkMaH.s 			page 20


 635              		@ frame_needed = 0, uses_anonymous_args = 0
 636              		@ link register save eliminated.
 397:Drivers/STM32F0xx_HAL_Driver/Src/stm32f0xx_hal_exti.c ****   /* Check the parameters */
 398:Drivers/STM32F0xx_HAL_Driver/Src/stm32f0xx_hal_exti.c ****   assert_param(IS_EXTI_LINE(ExtiLine));
 637              		.loc 1 398 3 view .LVU207
 399:Drivers/STM32F0xx_HAL_Driver/Src/stm32f0xx_hal_exti.c **** 
 400:Drivers/STM32F0xx_HAL_Driver/Src/stm32f0xx_hal_exti.c ****   /* Check null pointer */
 401:Drivers/STM32F0xx_HAL_Driver/Src/stm32f0xx_hal_exti.c ****   if (hexti == NULL)
 638              		.loc 1 401 3 view .LVU208
 639              		.loc 1 401 6 is_stmt 0 view .LVU209
 640 0000 0028     		cmp	r0, #0
 641 0002 02D0     		beq	.L43
 402:Drivers/STM32F0xx_HAL_Driver/Src/stm32f0xx_hal_exti.c ****   {
 403:Drivers/STM32F0xx_HAL_Driver/Src/stm32f0xx_hal_exti.c ****     return HAL_ERROR;
 404:Drivers/STM32F0xx_HAL_Driver/Src/stm32f0xx_hal_exti.c ****   }
 405:Drivers/STM32F0xx_HAL_Driver/Src/stm32f0xx_hal_exti.c ****   else
 406:Drivers/STM32F0xx_HAL_Driver/Src/stm32f0xx_hal_exti.c ****   {
 407:Drivers/STM32F0xx_HAL_Driver/Src/stm32f0xx_hal_exti.c ****     /* Store line number as handle private field */
 408:Drivers/STM32F0xx_HAL_Driver/Src/stm32f0xx_hal_exti.c ****     hexti->Line = ExtiLine;
 642              		.loc 1 408 5 is_stmt 1 view .LVU210
 643              		.loc 1 408 17 is_stmt 0 view .LVU211
 644 0004 0160     		str	r1, [r0]
 409:Drivers/STM32F0xx_HAL_Driver/Src/stm32f0xx_hal_exti.c **** 
 410:Drivers/STM32F0xx_HAL_Driver/Src/stm32f0xx_hal_exti.c ****     return HAL_OK;
 645              		.loc 1 410 5 is_stmt 1 view .LVU212
 646              		.loc 1 410 12 is_stmt 0 view .LVU213
 647 0006 0020     		movs	r0, #0
 648              	.LVL53:
 649              	.L42:
 411:Drivers/STM32F0xx_HAL_Driver/Src/stm32f0xx_hal_exti.c ****   }
 412:Drivers/STM32F0xx_HAL_Driver/Src/stm32f0xx_hal_exti.c **** }
 650              		.loc 1 412 1 view .LVU214
 651              		@ sp needed
 652 0008 7047     		bx	lr
 653              	.LVL54:
 654              	.L43:
 403:Drivers/STM32F0xx_HAL_Driver/Src/stm32f0xx_hal_exti.c ****   }
 655              		.loc 1 403 12 view .LVU215
 656 000a 0120     		movs	r0, #1
 657              	.LVL55:
 403:Drivers/STM32F0xx_HAL_Driver/Src/stm32f0xx_hal_exti.c ****   }
 658              		.loc 1 403 12 view .LVU216
 659 000c FCE7     		b	.L42
 660              		.cfi_endproc
 661              	.LFE44:
 663              		.section	.text.HAL_EXTI_IRQHandler,"ax",%progbits
 664              		.align	1
 665              		.global	HAL_EXTI_IRQHandler
 666              		.syntax unified
 667              		.code	16
 668              		.thumb_func
 670              	HAL_EXTI_IRQHandler:
 671              	.LVL56:
 672              	.LFB45:
 413:Drivers/STM32F0xx_HAL_Driver/Src/stm32f0xx_hal_exti.c **** 
 414:Drivers/STM32F0xx_HAL_Driver/Src/stm32f0xx_hal_exti.c **** /**
 415:Drivers/STM32F0xx_HAL_Driver/Src/stm32f0xx_hal_exti.c ****   * @}
ARM GAS  C:\Users\ADMINI~1\AppData\Local\Temp\ccbvkMaH.s 			page 21


 416:Drivers/STM32F0xx_HAL_Driver/Src/stm32f0xx_hal_exti.c ****   */
 417:Drivers/STM32F0xx_HAL_Driver/Src/stm32f0xx_hal_exti.c **** 
 418:Drivers/STM32F0xx_HAL_Driver/Src/stm32f0xx_hal_exti.c **** /** @addtogroup EXTI_Exported_Functions_Group2
 419:Drivers/STM32F0xx_HAL_Driver/Src/stm32f0xx_hal_exti.c ****   *  @brief EXTI IO functions.
 420:Drivers/STM32F0xx_HAL_Driver/Src/stm32f0xx_hal_exti.c ****   *
 421:Drivers/STM32F0xx_HAL_Driver/Src/stm32f0xx_hal_exti.c **** @verbatim
 422:Drivers/STM32F0xx_HAL_Driver/Src/stm32f0xx_hal_exti.c ****  ===============================================================================
 423:Drivers/STM32F0xx_HAL_Driver/Src/stm32f0xx_hal_exti.c ****                        ##### IO operation functions #####
 424:Drivers/STM32F0xx_HAL_Driver/Src/stm32f0xx_hal_exti.c ****  ===============================================================================
 425:Drivers/STM32F0xx_HAL_Driver/Src/stm32f0xx_hal_exti.c **** 
 426:Drivers/STM32F0xx_HAL_Driver/Src/stm32f0xx_hal_exti.c **** @endverbatim
 427:Drivers/STM32F0xx_HAL_Driver/Src/stm32f0xx_hal_exti.c ****   * @{
 428:Drivers/STM32F0xx_HAL_Driver/Src/stm32f0xx_hal_exti.c ****   */
 429:Drivers/STM32F0xx_HAL_Driver/Src/stm32f0xx_hal_exti.c **** 
 430:Drivers/STM32F0xx_HAL_Driver/Src/stm32f0xx_hal_exti.c **** /**
 431:Drivers/STM32F0xx_HAL_Driver/Src/stm32f0xx_hal_exti.c ****   * @brief  Handle EXTI interrupt request.
 432:Drivers/STM32F0xx_HAL_Driver/Src/stm32f0xx_hal_exti.c ****   * @param  hexti Exti handle.
 433:Drivers/STM32F0xx_HAL_Driver/Src/stm32f0xx_hal_exti.c ****   * @retval none.
 434:Drivers/STM32F0xx_HAL_Driver/Src/stm32f0xx_hal_exti.c ****   */
 435:Drivers/STM32F0xx_HAL_Driver/Src/stm32f0xx_hal_exti.c **** void HAL_EXTI_IRQHandler(EXTI_HandleTypeDef *hexti)
 436:Drivers/STM32F0xx_HAL_Driver/Src/stm32f0xx_hal_exti.c **** {
 673              		.loc 1 436 1 is_stmt 1 view -0
 674              		.cfi_startproc
 675              		@ args = 0, pretend = 0, frame = 0
 676              		@ frame_needed = 0, uses_anonymous_args = 0
 677              		.loc 1 436 1 is_stmt 0 view .LVU218
 678 0000 10B5     		push	{r4, lr}
 679              	.LCFI3:
 680              		.cfi_def_cfa_offset 8
 681              		.cfi_offset 4, -8
 682              		.cfi_offset 14, -4
 437:Drivers/STM32F0xx_HAL_Driver/Src/stm32f0xx_hal_exti.c ****   uint32_t regval;
 683              		.loc 1 437 3 is_stmt 1 view .LVU219
 438:Drivers/STM32F0xx_HAL_Driver/Src/stm32f0xx_hal_exti.c ****   uint32_t maskline;
 684              		.loc 1 438 3 view .LVU220
 439:Drivers/STM32F0xx_HAL_Driver/Src/stm32f0xx_hal_exti.c **** 
 440:Drivers/STM32F0xx_HAL_Driver/Src/stm32f0xx_hal_exti.c ****   /* Compute line mask */
 441:Drivers/STM32F0xx_HAL_Driver/Src/stm32f0xx_hal_exti.c ****   maskline = (1uL << (hexti->Line & EXTI_PIN_MASK));
 685              		.loc 1 441 3 view .LVU221
 686              		.loc 1 441 35 is_stmt 0 view .LVU222
 687 0002 1F22     		movs	r2, #31
 688 0004 0368     		ldr	r3, [r0]
 689 0006 1A40     		ands	r2, r3
 690              		.loc 1 441 12 view .LVU223
 691 0008 0123     		movs	r3, #1
 692 000a 9340     		lsls	r3, r3, r2
 693              	.LVL57:
 442:Drivers/STM32F0xx_HAL_Driver/Src/stm32f0xx_hal_exti.c **** 
 443:Drivers/STM32F0xx_HAL_Driver/Src/stm32f0xx_hal_exti.c ****   /* Get pending bit  */
 444:Drivers/STM32F0xx_HAL_Driver/Src/stm32f0xx_hal_exti.c ****   regval = (EXTI->PR & maskline);
 694              		.loc 1 444 3 is_stmt 1 view .LVU224
 695              		.loc 1 444 17 is_stmt 0 view .LVU225
 696 000c 054A     		ldr	r2, .L46
 697 000e 5269     		ldr	r2, [r2, #20]
 698              	.LVL58:
 445:Drivers/STM32F0xx_HAL_Driver/Src/stm32f0xx_hal_exti.c ****   if (regval != 0x00u)
 699              		.loc 1 445 3 is_stmt 1 view .LVU226
ARM GAS  C:\Users\ADMINI~1\AppData\Local\Temp\ccbvkMaH.s 			page 22


 700              		.loc 1 445 6 is_stmt 0 view .LVU227
 701 0010 1342     		tst	r3, r2
 702 0012 05D0     		beq	.L44
 446:Drivers/STM32F0xx_HAL_Driver/Src/stm32f0xx_hal_exti.c ****   {
 447:Drivers/STM32F0xx_HAL_Driver/Src/stm32f0xx_hal_exti.c ****     /* Clear pending bit */
 448:Drivers/STM32F0xx_HAL_Driver/Src/stm32f0xx_hal_exti.c ****     EXTI->PR = maskline;
 703              		.loc 1 448 5 is_stmt 1 view .LVU228
 704              		.loc 1 448 14 is_stmt 0 view .LVU229
 705 0014 034A     		ldr	r2, .L46
 706              	.LVL59:
 707              		.loc 1 448 14 view .LVU230
 708 0016 5361     		str	r3, [r2, #20]
 449:Drivers/STM32F0xx_HAL_Driver/Src/stm32f0xx_hal_exti.c **** 
 450:Drivers/STM32F0xx_HAL_Driver/Src/stm32f0xx_hal_exti.c ****     /* Call callback */
 451:Drivers/STM32F0xx_HAL_Driver/Src/stm32f0xx_hal_exti.c ****     if (hexti->PendingCallback != NULL)
 709              		.loc 1 451 5 is_stmt 1 view .LVU231
 710              		.loc 1 451 14 is_stmt 0 view .LVU232
 711 0018 4368     		ldr	r3, [r0, #4]
 712              	.LVL60:
 713              		.loc 1 451 8 view .LVU233
 714 001a 002B     		cmp	r3, #0
 715 001c 00D0     		beq	.L44
 452:Drivers/STM32F0xx_HAL_Driver/Src/stm32f0xx_hal_exti.c ****     {
 453:Drivers/STM32F0xx_HAL_Driver/Src/stm32f0xx_hal_exti.c ****       hexti->PendingCallback();
 716              		.loc 1 453 7 is_stmt 1 view .LVU234
 717 001e 9847     		blx	r3
 718              	.LVL61:
 719              	.L44:
 454:Drivers/STM32F0xx_HAL_Driver/Src/stm32f0xx_hal_exti.c ****     }
 455:Drivers/STM32F0xx_HAL_Driver/Src/stm32f0xx_hal_exti.c ****   }
 456:Drivers/STM32F0xx_HAL_Driver/Src/stm32f0xx_hal_exti.c **** }
 720              		.loc 1 456 1 is_stmt 0 view .LVU235
 721              		@ sp needed
 722 0020 10BD     		pop	{r4, pc}
 723              	.L47:
 724 0022 C046     		.align	2
 725              	.L46:
 726 0024 00040140 		.word	1073808384
 727              		.cfi_endproc
 728              	.LFE45:
 730              		.section	.text.HAL_EXTI_GetPending,"ax",%progbits
 731              		.align	1
 732              		.global	HAL_EXTI_GetPending
 733              		.syntax unified
 734              		.code	16
 735              		.thumb_func
 737              	HAL_EXTI_GetPending:
 738              	.LVL62:
 739              	.LFB46:
 457:Drivers/STM32F0xx_HAL_Driver/Src/stm32f0xx_hal_exti.c **** 
 458:Drivers/STM32F0xx_HAL_Driver/Src/stm32f0xx_hal_exti.c **** /**
 459:Drivers/STM32F0xx_HAL_Driver/Src/stm32f0xx_hal_exti.c ****   * @brief  Get interrupt pending bit of a dedicated line.
 460:Drivers/STM32F0xx_HAL_Driver/Src/stm32f0xx_hal_exti.c ****   * @param  hexti Exti handle.
 461:Drivers/STM32F0xx_HAL_Driver/Src/stm32f0xx_hal_exti.c ****   * @param  Edge Specify which pending edge as to be checked.
 462:Drivers/STM32F0xx_HAL_Driver/Src/stm32f0xx_hal_exti.c ****   *         This parameter can be one of the following values:
 463:Drivers/STM32F0xx_HAL_Driver/Src/stm32f0xx_hal_exti.c ****   *           @arg @ref EXTI_TRIGGER_RISING_FALLING
 464:Drivers/STM32F0xx_HAL_Driver/Src/stm32f0xx_hal_exti.c ****   *         This parameter is kept for compatibility with other series.
ARM GAS  C:\Users\ADMINI~1\AppData\Local\Temp\ccbvkMaH.s 			page 23


 465:Drivers/STM32F0xx_HAL_Driver/Src/stm32f0xx_hal_exti.c ****   * @retval 1 if interrupt is pending else 0.
 466:Drivers/STM32F0xx_HAL_Driver/Src/stm32f0xx_hal_exti.c ****   */
 467:Drivers/STM32F0xx_HAL_Driver/Src/stm32f0xx_hal_exti.c **** uint32_t HAL_EXTI_GetPending(EXTI_HandleTypeDef *hexti, uint32_t Edge)
 468:Drivers/STM32F0xx_HAL_Driver/Src/stm32f0xx_hal_exti.c **** {
 740              		.loc 1 468 1 is_stmt 1 view -0
 741              		.cfi_startproc
 742              		@ args = 0, pretend = 0, frame = 0
 743              		@ frame_needed = 0, uses_anonymous_args = 0
 744              		@ link register save eliminated.
 469:Drivers/STM32F0xx_HAL_Driver/Src/stm32f0xx_hal_exti.c ****   uint32_t regval;
 745              		.loc 1 469 3 view .LVU237
 470:Drivers/STM32F0xx_HAL_Driver/Src/stm32f0xx_hal_exti.c ****   uint32_t linepos;
 746              		.loc 1 470 3 view .LVU238
 471:Drivers/STM32F0xx_HAL_Driver/Src/stm32f0xx_hal_exti.c ****   uint32_t maskline;
 747              		.loc 1 471 3 view .LVU239
 472:Drivers/STM32F0xx_HAL_Driver/Src/stm32f0xx_hal_exti.c **** 
 473:Drivers/STM32F0xx_HAL_Driver/Src/stm32f0xx_hal_exti.c ****   /* Check parameters */
 474:Drivers/STM32F0xx_HAL_Driver/Src/stm32f0xx_hal_exti.c ****   assert_param(IS_EXTI_LINE(hexti->Line));
 748              		.loc 1 474 3 view .LVU240
 475:Drivers/STM32F0xx_HAL_Driver/Src/stm32f0xx_hal_exti.c ****   assert_param(IS_EXTI_CONFIG_LINE(hexti->Line));
 749              		.loc 1 475 3 view .LVU241
 476:Drivers/STM32F0xx_HAL_Driver/Src/stm32f0xx_hal_exti.c ****   assert_param(IS_EXTI_PENDING_EDGE(Edge));
 750              		.loc 1 476 3 view .LVU242
 477:Drivers/STM32F0xx_HAL_Driver/Src/stm32f0xx_hal_exti.c **** 
 478:Drivers/STM32F0xx_HAL_Driver/Src/stm32f0xx_hal_exti.c ****   /* Compute line mask */
 479:Drivers/STM32F0xx_HAL_Driver/Src/stm32f0xx_hal_exti.c ****   linepos = (hexti->Line & EXTI_PIN_MASK);
 751              		.loc 1 479 3 view .LVU243
 752              		.loc 1 479 19 is_stmt 0 view .LVU244
 753 0000 0268     		ldr	r2, [r0]
 754              		.loc 1 479 11 view .LVU245
 755 0002 1F23     		movs	r3, #31
 756 0004 1340     		ands	r3, r2
 757              	.LVL63:
 480:Drivers/STM32F0xx_HAL_Driver/Src/stm32f0xx_hal_exti.c ****   maskline = (1uL << linepos);
 758              		.loc 1 480 3 is_stmt 1 view .LVU246
 759              		.loc 1 480 12 is_stmt 0 view .LVU247
 760 0006 0120     		movs	r0, #1
 761              	.LVL64:
 762              		.loc 1 480 12 view .LVU248
 763 0008 9840     		lsls	r0, r0, r3
 764              	.LVL65:
 481:Drivers/STM32F0xx_HAL_Driver/Src/stm32f0xx_hal_exti.c **** 
 482:Drivers/STM32F0xx_HAL_Driver/Src/stm32f0xx_hal_exti.c ****   /* return 1 if bit is set else 0 */
 483:Drivers/STM32F0xx_HAL_Driver/Src/stm32f0xx_hal_exti.c ****   regval = ((EXTI->PR & maskline) >> linepos);
 765              		.loc 1 483 3 is_stmt 1 view .LVU249
 766              		.loc 1 483 18 is_stmt 0 view .LVU250
 767 000a 024A     		ldr	r2, .L49
 768 000c 5269     		ldr	r2, [r2, #20]
 769              		.loc 1 483 23 view .LVU251
 770 000e 1040     		ands	r0, r2
 771              	.LVL66:
 772              		.loc 1 483 10 view .LVU252
 773 0010 D840     		lsrs	r0, r0, r3
 774              	.LVL67:
 484:Drivers/STM32F0xx_HAL_Driver/Src/stm32f0xx_hal_exti.c ****   return regval;
 775              		.loc 1 484 3 is_stmt 1 view .LVU253
 485:Drivers/STM32F0xx_HAL_Driver/Src/stm32f0xx_hal_exti.c **** }
ARM GAS  C:\Users\ADMINI~1\AppData\Local\Temp\ccbvkMaH.s 			page 24


 776              		.loc 1 485 1 is_stmt 0 view .LVU254
 777              		@ sp needed
 778 0012 7047     		bx	lr
 779              	.L50:
 780              		.align	2
 781              	.L49:
 782 0014 00040140 		.word	1073808384
 783              		.cfi_endproc
 784              	.LFE46:
 786              		.section	.text.HAL_EXTI_ClearPending,"ax",%progbits
 787              		.align	1
 788              		.global	HAL_EXTI_ClearPending
 789              		.syntax unified
 790              		.code	16
 791              		.thumb_func
 793              	HAL_EXTI_ClearPending:
 794              	.LVL68:
 795              	.LFB47:
 486:Drivers/STM32F0xx_HAL_Driver/Src/stm32f0xx_hal_exti.c **** 
 487:Drivers/STM32F0xx_HAL_Driver/Src/stm32f0xx_hal_exti.c **** /**
 488:Drivers/STM32F0xx_HAL_Driver/Src/stm32f0xx_hal_exti.c ****   * @brief  Clear interrupt pending bit of a dedicated line.
 489:Drivers/STM32F0xx_HAL_Driver/Src/stm32f0xx_hal_exti.c ****   * @param  hexti Exti handle.
 490:Drivers/STM32F0xx_HAL_Driver/Src/stm32f0xx_hal_exti.c ****   * @param  Edge Specify which pending edge as to be clear.
 491:Drivers/STM32F0xx_HAL_Driver/Src/stm32f0xx_hal_exti.c ****   *         This parameter can be one of the following values:
 492:Drivers/STM32F0xx_HAL_Driver/Src/stm32f0xx_hal_exti.c ****   *           @arg @ref EXTI_TRIGGER_RISING_FALLING
 493:Drivers/STM32F0xx_HAL_Driver/Src/stm32f0xx_hal_exti.c ****   *         This parameter is kept for compatibility with other series.
 494:Drivers/STM32F0xx_HAL_Driver/Src/stm32f0xx_hal_exti.c ****   * @retval None.
 495:Drivers/STM32F0xx_HAL_Driver/Src/stm32f0xx_hal_exti.c ****   */
 496:Drivers/STM32F0xx_HAL_Driver/Src/stm32f0xx_hal_exti.c **** void HAL_EXTI_ClearPending(EXTI_HandleTypeDef *hexti, uint32_t Edge)
 497:Drivers/STM32F0xx_HAL_Driver/Src/stm32f0xx_hal_exti.c **** {
 796              		.loc 1 497 1 is_stmt 1 view -0
 797              		.cfi_startproc
 798              		@ args = 0, pretend = 0, frame = 0
 799              		@ frame_needed = 0, uses_anonymous_args = 0
 800              		@ link register save eliminated.
 498:Drivers/STM32F0xx_HAL_Driver/Src/stm32f0xx_hal_exti.c ****   uint32_t maskline;
 801              		.loc 1 498 3 view .LVU256
 499:Drivers/STM32F0xx_HAL_Driver/Src/stm32f0xx_hal_exti.c **** 
 500:Drivers/STM32F0xx_HAL_Driver/Src/stm32f0xx_hal_exti.c ****   /* Check parameters */
 501:Drivers/STM32F0xx_HAL_Driver/Src/stm32f0xx_hal_exti.c ****   assert_param(IS_EXTI_LINE(hexti->Line));
 802              		.loc 1 501 3 view .LVU257
 502:Drivers/STM32F0xx_HAL_Driver/Src/stm32f0xx_hal_exti.c ****   assert_param(IS_EXTI_CONFIG_LINE(hexti->Line));
 803              		.loc 1 502 3 view .LVU258
 503:Drivers/STM32F0xx_HAL_Driver/Src/stm32f0xx_hal_exti.c ****   assert_param(IS_EXTI_PENDING_EDGE(Edge));
 804              		.loc 1 503 3 view .LVU259
 504:Drivers/STM32F0xx_HAL_Driver/Src/stm32f0xx_hal_exti.c **** 
 505:Drivers/STM32F0xx_HAL_Driver/Src/stm32f0xx_hal_exti.c ****   /* Compute line mask */
 506:Drivers/STM32F0xx_HAL_Driver/Src/stm32f0xx_hal_exti.c ****   maskline = (1uL << (hexti->Line & EXTI_PIN_MASK));
 805              		.loc 1 506 3 view .LVU260
 806              		.loc 1 506 28 is_stmt 0 view .LVU261
 807 0000 0368     		ldr	r3, [r0]
 808              		.loc 1 506 35 view .LVU262
 809 0002 1F22     		movs	r2, #31
 810 0004 1A40     		ands	r2, r3
 811              		.loc 1 506 12 view .LVU263
 812 0006 0123     		movs	r3, #1
 813 0008 9340     		lsls	r3, r3, r2
ARM GAS  C:\Users\ADMINI~1\AppData\Local\Temp\ccbvkMaH.s 			page 25


 814              	.LVL69:
 507:Drivers/STM32F0xx_HAL_Driver/Src/stm32f0xx_hal_exti.c **** 
 508:Drivers/STM32F0xx_HAL_Driver/Src/stm32f0xx_hal_exti.c ****   /* Clear Pending bit */
 509:Drivers/STM32F0xx_HAL_Driver/Src/stm32f0xx_hal_exti.c ****   EXTI->PR =  maskline;
 815              		.loc 1 509 3 is_stmt 1 view .LVU264
 816              		.loc 1 509 12 is_stmt 0 view .LVU265
 817 000a 014A     		ldr	r2, .L52
 818 000c 5361     		str	r3, [r2, #20]
 510:Drivers/STM32F0xx_HAL_Driver/Src/stm32f0xx_hal_exti.c **** }
 819              		.loc 1 510 1 view .LVU266
 820              		@ sp needed
 821 000e 7047     		bx	lr
 822              	.L53:
 823              		.align	2
 824              	.L52:
 825 0010 00040140 		.word	1073808384
 826              		.cfi_endproc
 827              	.LFE47:
 829              		.section	.text.HAL_EXTI_GenerateSWI,"ax",%progbits
 830              		.align	1
 831              		.global	HAL_EXTI_GenerateSWI
 832              		.syntax unified
 833              		.code	16
 834              		.thumb_func
 836              	HAL_EXTI_GenerateSWI:
 837              	.LVL70:
 838              	.LFB48:
 511:Drivers/STM32F0xx_HAL_Driver/Src/stm32f0xx_hal_exti.c **** 
 512:Drivers/STM32F0xx_HAL_Driver/Src/stm32f0xx_hal_exti.c **** /**
 513:Drivers/STM32F0xx_HAL_Driver/Src/stm32f0xx_hal_exti.c ****   * @brief  Generate a software interrupt for a dedicated line.
 514:Drivers/STM32F0xx_HAL_Driver/Src/stm32f0xx_hal_exti.c ****   * @param  hexti Exti handle.
 515:Drivers/STM32F0xx_HAL_Driver/Src/stm32f0xx_hal_exti.c ****   * @retval None.
 516:Drivers/STM32F0xx_HAL_Driver/Src/stm32f0xx_hal_exti.c ****   */
 517:Drivers/STM32F0xx_HAL_Driver/Src/stm32f0xx_hal_exti.c **** void HAL_EXTI_GenerateSWI(EXTI_HandleTypeDef *hexti)
 518:Drivers/STM32F0xx_HAL_Driver/Src/stm32f0xx_hal_exti.c **** {
 839              		.loc 1 518 1 is_stmt 1 view -0
 840              		.cfi_startproc
 841              		@ args = 0, pretend = 0, frame = 0
 842              		@ frame_needed = 0, uses_anonymous_args = 0
 843              		@ link register save eliminated.
 519:Drivers/STM32F0xx_HAL_Driver/Src/stm32f0xx_hal_exti.c ****   uint32_t maskline;
 844              		.loc 1 519 3 view .LVU268
 520:Drivers/STM32F0xx_HAL_Driver/Src/stm32f0xx_hal_exti.c **** 
 521:Drivers/STM32F0xx_HAL_Driver/Src/stm32f0xx_hal_exti.c ****   /* Check parameters */
 522:Drivers/STM32F0xx_HAL_Driver/Src/stm32f0xx_hal_exti.c ****   assert_param(IS_EXTI_LINE(hexti->Line));
 845              		.loc 1 522 3 view .LVU269
 523:Drivers/STM32F0xx_HAL_Driver/Src/stm32f0xx_hal_exti.c ****   assert_param(IS_EXTI_CONFIG_LINE(hexti->Line));
 846              		.loc 1 523 3 view .LVU270
 524:Drivers/STM32F0xx_HAL_Driver/Src/stm32f0xx_hal_exti.c **** 
 525:Drivers/STM32F0xx_HAL_Driver/Src/stm32f0xx_hal_exti.c ****   /* Compute line mask */
 526:Drivers/STM32F0xx_HAL_Driver/Src/stm32f0xx_hal_exti.c ****   maskline = (1uL << (hexti->Line & EXTI_PIN_MASK));
 847              		.loc 1 526 3 view .LVU271
 848              		.loc 1 526 28 is_stmt 0 view .LVU272
 849 0000 0368     		ldr	r3, [r0]
 850              		.loc 1 526 35 view .LVU273
 851 0002 1F22     		movs	r2, #31
 852 0004 1A40     		ands	r2, r3
ARM GAS  C:\Users\ADMINI~1\AppData\Local\Temp\ccbvkMaH.s 			page 26


 853              		.loc 1 526 12 view .LVU274
 854 0006 0123     		movs	r3, #1
 855 0008 9340     		lsls	r3, r3, r2
 856              	.LVL71:
 527:Drivers/STM32F0xx_HAL_Driver/Src/stm32f0xx_hal_exti.c **** 
 528:Drivers/STM32F0xx_HAL_Driver/Src/stm32f0xx_hal_exti.c ****   /* Generate Software interrupt */
 529:Drivers/STM32F0xx_HAL_Driver/Src/stm32f0xx_hal_exti.c ****   EXTI->SWIER = maskline;
 857              		.loc 1 529 3 is_stmt 1 view .LVU275
 858              		.loc 1 529 15 is_stmt 0 view .LVU276
 859 000a 014A     		ldr	r2, .L55
 860 000c 1361     		str	r3, [r2, #16]
 530:Drivers/STM32F0xx_HAL_Driver/Src/stm32f0xx_hal_exti.c **** }
 861              		.loc 1 530 1 view .LVU277
 862              		@ sp needed
 863 000e 7047     		bx	lr
 864              	.L56:
 865              		.align	2
 866              	.L55:
 867 0010 00040140 		.word	1073808384
 868              		.cfi_endproc
 869              	.LFE48:
 871              		.text
 872              	.Letext0:
 873              		.file 2 "c:\\program files (x86)\\gnu arm embedded toolchain\\10 2021.10\\arm-none-eabi\\include\\
 874              		.file 3 "c:\\program files (x86)\\gnu arm embedded toolchain\\10 2021.10\\arm-none-eabi\\include\\
 875              		.file 4 "Drivers/CMSIS/Device/ST/STM32F0xx/Include/stm32f042x6.h"
 876              		.file 5 "Drivers/STM32F0xx_HAL_Driver/Inc/stm32f0xx_hal_def.h"
 877              		.file 6 "Drivers/STM32F0xx_HAL_Driver/Inc/stm32f0xx_hal_exti.h"
ARM GAS  C:\Users\ADMINI~1\AppData\Local\Temp\ccbvkMaH.s 			page 27


DEFINED SYMBOLS
                            *ABS*:00000000 stm32f0xx_hal_exti.c
C:\Users\ADMINI~1\AppData\Local\Temp\ccbvkMaH.s:18     .text.HAL_EXTI_SetConfigLine:00000000 $t
C:\Users\ADMINI~1\AppData\Local\Temp\ccbvkMaH.s:24     .text.HAL_EXTI_SetConfigLine:00000000 HAL_EXTI_SetConfigLine
C:\Users\ADMINI~1\AppData\Local\Temp\ccbvkMaH.s:234    .text.HAL_EXTI_SetConfigLine:000000b4 $d
C:\Users\ADMINI~1\AppData\Local\Temp\ccbvkMaH.s:240    .text.HAL_EXTI_GetConfigLine:00000000 $t
C:\Users\ADMINI~1\AppData\Local\Temp\ccbvkMaH.s:246    .text.HAL_EXTI_GetConfigLine:00000000 HAL_EXTI_GetConfigLine
C:\Users\ADMINI~1\AppData\Local\Temp\ccbvkMaH.s:424    .text.HAL_EXTI_GetConfigLine:00000094 $d
C:\Users\ADMINI~1\AppData\Local\Temp\ccbvkMaH.s:430    .text.HAL_EXTI_ClearConfigLine:00000000 $t
C:\Users\ADMINI~1\AppData\Local\Temp\ccbvkMaH.s:436    .text.HAL_EXTI_ClearConfigLine:00000000 HAL_EXTI_ClearConfigLine
C:\Users\ADMINI~1\AppData\Local\Temp\ccbvkMaH.s:576    .text.HAL_EXTI_ClearConfigLine:00000068 $d
C:\Users\ADMINI~1\AppData\Local\Temp\ccbvkMaH.s:582    .text.HAL_EXTI_RegisterCallback:00000000 $t
C:\Users\ADMINI~1\AppData\Local\Temp\ccbvkMaH.s:588    .text.HAL_EXTI_RegisterCallback:00000000 HAL_EXTI_RegisterCallback
C:\Users\ADMINI~1\AppData\Local\Temp\ccbvkMaH.s:623    .text.HAL_EXTI_GetHandle:00000000 $t
C:\Users\ADMINI~1\AppData\Local\Temp\ccbvkMaH.s:629    .text.HAL_EXTI_GetHandle:00000000 HAL_EXTI_GetHandle
C:\Users\ADMINI~1\AppData\Local\Temp\ccbvkMaH.s:664    .text.HAL_EXTI_IRQHandler:00000000 $t
C:\Users\ADMINI~1\AppData\Local\Temp\ccbvkMaH.s:670    .text.HAL_EXTI_IRQHandler:00000000 HAL_EXTI_IRQHandler
C:\Users\ADMINI~1\AppData\Local\Temp\ccbvkMaH.s:726    .text.HAL_EXTI_IRQHandler:00000024 $d
C:\Users\ADMINI~1\AppData\Local\Temp\ccbvkMaH.s:731    .text.HAL_EXTI_GetPending:00000000 $t
C:\Users\ADMINI~1\AppData\Local\Temp\ccbvkMaH.s:737    .text.HAL_EXTI_GetPending:00000000 HAL_EXTI_GetPending
C:\Users\ADMINI~1\AppData\Local\Temp\ccbvkMaH.s:782    .text.HAL_EXTI_GetPending:00000014 $d
C:\Users\ADMINI~1\AppData\Local\Temp\ccbvkMaH.s:787    .text.HAL_EXTI_ClearPending:00000000 $t
C:\Users\ADMINI~1\AppData\Local\Temp\ccbvkMaH.s:793    .text.HAL_EXTI_ClearPending:00000000 HAL_EXTI_ClearPending
C:\Users\ADMINI~1\AppData\Local\Temp\ccbvkMaH.s:825    .text.HAL_EXTI_ClearPending:00000010 $d
C:\Users\ADMINI~1\AppData\Local\Temp\ccbvkMaH.s:830    .text.HAL_EXTI_GenerateSWI:00000000 $t
C:\Users\ADMINI~1\AppData\Local\Temp\ccbvkMaH.s:836    .text.HAL_EXTI_GenerateSWI:00000000 HAL_EXTI_GenerateSWI
C:\Users\ADMINI~1\AppData\Local\Temp\ccbvkMaH.s:867    .text.HAL_EXTI_GenerateSWI:00000010 $d

NO UNDEFINED SYMBOLS
