ARM GAS  C:\Users\ADMINI~1\AppData\Local\Temp\ccR37UsE.s 			page 1


   1              		.cpu cortex-m4
   2              		.arch armv7e-m
   3              		.fpu fpv4-sp-d16
   4              		.eabi_attribute 27, 1
   5              		.eabi_attribute 28, 1
   6              		.eabi_attribute 20, 1
   7              		.eabi_attribute 21, 1
   8              		.eabi_attribute 23, 3
   9              		.eabi_attribute 24, 1
  10              		.eabi_attribute 25, 1
  11              		.eabi_attribute 26, 1
  12              		.eabi_attribute 30, 1
  13              		.eabi_attribute 34, 1
  14              		.eabi_attribute 18, 4
  15              		.file	"usbd_winUsb.c"
  16              		.text
  17              	.Ltext0:
  18              		.cfi_sections	.debug_frame
  19              		.section	.text.USBD_WinUsb_Setup,"ax",%progbits
  20              		.align	1
  21              		.syntax unified
  22              		.thumb
  23              		.thumb_func
  25              	USBD_WinUsb_Setup:
  26              	.LVL0:
  27              	.LFB136:
  28              		.file 1 "Middlewares/ST/STM32_USB_Device_Library/Class/winUsb/Src/usbd_winUsb.c"
   1:Middlewares/ST/STM32_USB_Device_Library/Class/winUsb/Src/usbd_winUsb.c **** /**
   2:Middlewares/ST/STM32_USB_Device_Library/Class/winUsb/Src/usbd_winUsb.c ****   ******************************************************************************
   3:Middlewares/ST/STM32_USB_Device_Library/Class/winUsb/Src/usbd_winUsb.c ****   * @file    usbd_cdc.c
   4:Middlewares/ST/STM32_USB_Device_Library/Class/winUsb/Src/usbd_winUsb.c ****   * @author  MCD Application Team
   5:Middlewares/ST/STM32_USB_Device_Library/Class/winUsb/Src/usbd_winUsb.c ****   * @brief   This file provides the high layer firmware functions to manage the
   6:Middlewares/ST/STM32_USB_Device_Library/Class/winUsb/Src/usbd_winUsb.c ****   *          following functionalities of the USB CDC Class:
   7:Middlewares/ST/STM32_USB_Device_Library/Class/winUsb/Src/usbd_winUsb.c ****   *           - Initialization and Configuration of high and low layer
   8:Middlewares/ST/STM32_USB_Device_Library/Class/winUsb/Src/usbd_winUsb.c ****   *           - Enumeration as CDC Device (and enumeration for each implemented memory interface)
   9:Middlewares/ST/STM32_USB_Device_Library/Class/winUsb/Src/usbd_winUsb.c ****   *           - OUT/IN data transfer
  10:Middlewares/ST/STM32_USB_Device_Library/Class/winUsb/Src/usbd_winUsb.c ****   *           - Command IN transfer (class requests management)
  11:Middlewares/ST/STM32_USB_Device_Library/Class/winUsb/Src/usbd_winUsb.c ****   *           - Error management
  12:Middlewares/ST/STM32_USB_Device_Library/Class/winUsb/Src/usbd_winUsb.c ****   *
  13:Middlewares/ST/STM32_USB_Device_Library/Class/winUsb/Src/usbd_winUsb.c ****   ******************************************************************************
  14:Middlewares/ST/STM32_USB_Device_Library/Class/winUsb/Src/usbd_winUsb.c ****   * @attention
  15:Middlewares/ST/STM32_USB_Device_Library/Class/winUsb/Src/usbd_winUsb.c ****   *
  16:Middlewares/ST/STM32_USB_Device_Library/Class/winUsb/Src/usbd_winUsb.c ****   * Copyright (c) 2015 STMicroelectronics.
  17:Middlewares/ST/STM32_USB_Device_Library/Class/winUsb/Src/usbd_winUsb.c ****   * All rights reserved.
  18:Middlewares/ST/STM32_USB_Device_Library/Class/winUsb/Src/usbd_winUsb.c ****   *
  19:Middlewares/ST/STM32_USB_Device_Library/Class/winUsb/Src/usbd_winUsb.c ****   * This software is licensed under terms that can be found in the LICENSE file
  20:Middlewares/ST/STM32_USB_Device_Library/Class/winUsb/Src/usbd_winUsb.c ****   * in the root directory of this software component.
  21:Middlewares/ST/STM32_USB_Device_Library/Class/winUsb/Src/usbd_winUsb.c ****   * If no LICENSE file comes with this software, it is provided AS-IS.
  22:Middlewares/ST/STM32_USB_Device_Library/Class/winUsb/Src/usbd_winUsb.c ****   *
  23:Middlewares/ST/STM32_USB_Device_Library/Class/winUsb/Src/usbd_winUsb.c ****   ******************************************************************************
  24:Middlewares/ST/STM32_USB_Device_Library/Class/winUsb/Src/usbd_winUsb.c ****   *  @verbatim
  25:Middlewares/ST/STM32_USB_Device_Library/Class/winUsb/Src/usbd_winUsb.c ****   *
  26:Middlewares/ST/STM32_USB_Device_Library/Class/winUsb/Src/usbd_winUsb.c ****   *          ===================================================================
  27:Middlewares/ST/STM32_USB_Device_Library/Class/winUsb/Src/usbd_winUsb.c ****   *                                CDC Class Driver Description
  28:Middlewares/ST/STM32_USB_Device_Library/Class/winUsb/Src/usbd_winUsb.c ****   *          ===================================================================
  29:Middlewares/ST/STM32_USB_Device_Library/Class/winUsb/Src/usbd_winUsb.c ****   *           This driver manages the "Universal Serial Bus Class Definitions for Communications De
  30:Middlewares/ST/STM32_USB_Device_Library/Class/winUsb/Src/usbd_winUsb.c ****   *           Revision 1.2 November 16, 2007" and the sub-protocol specification of "Universal Seri
ARM GAS  C:\Users\ADMINI~1\AppData\Local\Temp\ccR37UsE.s 			page 2


  31:Middlewares/ST/STM32_USB_Device_Library/Class/winUsb/Src/usbd_winUsb.c ****   *           Communications Class Subclass Specification for PSTN Devices Revision 1.2 February 9,
  32:Middlewares/ST/STM32_USB_Device_Library/Class/winUsb/Src/usbd_winUsb.c ****   *           This driver implements the following aspects of the specification:
  33:Middlewares/ST/STM32_USB_Device_Library/Class/winUsb/Src/usbd_winUsb.c ****   *             - Device descriptor management
  34:Middlewares/ST/STM32_USB_Device_Library/Class/winUsb/Src/usbd_winUsb.c ****   *             - Configuration descriptor management
  35:Middlewares/ST/STM32_USB_Device_Library/Class/winUsb/Src/usbd_winUsb.c ****   *             - Enumeration as CDC device with 2 data endpoints (IN and OUT) and 1 command endpoi
  36:Middlewares/ST/STM32_USB_Device_Library/Class/winUsb/Src/usbd_winUsb.c ****   *             - Requests management (as described in section 6.2 in specification)
  37:Middlewares/ST/STM32_USB_Device_Library/Class/winUsb/Src/usbd_winUsb.c ****   *             - Abstract Control Model compliant
  38:Middlewares/ST/STM32_USB_Device_Library/Class/winUsb/Src/usbd_winUsb.c ****   *             - Union Functional collection (using 1 IN endpoint for control)
  39:Middlewares/ST/STM32_USB_Device_Library/Class/winUsb/Src/usbd_winUsb.c ****   *             - Data interface class
  40:Middlewares/ST/STM32_USB_Device_Library/Class/winUsb/Src/usbd_winUsb.c ****   *
  41:Middlewares/ST/STM32_USB_Device_Library/Class/winUsb/Src/usbd_winUsb.c ****   *           These aspects may be enriched or modified for a specific user application.
  42:Middlewares/ST/STM32_USB_Device_Library/Class/winUsb/Src/usbd_winUsb.c ****   *
  43:Middlewares/ST/STM32_USB_Device_Library/Class/winUsb/Src/usbd_winUsb.c ****   *            This driver doesn't implement the following aspects of the specification
  44:Middlewares/ST/STM32_USB_Device_Library/Class/winUsb/Src/usbd_winUsb.c ****   *            (but it is possible to manage these features with some modifications on this driver)
  45:Middlewares/ST/STM32_USB_Device_Library/Class/winUsb/Src/usbd_winUsb.c ****   *             - Any class-specific aspect relative to communication classes should be managed by 
  46:Middlewares/ST/STM32_USB_Device_Library/Class/winUsb/Src/usbd_winUsb.c ****   *             - All communication classes other than PSTN are not managed
  47:Middlewares/ST/STM32_USB_Device_Library/Class/winUsb/Src/usbd_winUsb.c ****   *
  48:Middlewares/ST/STM32_USB_Device_Library/Class/winUsb/Src/usbd_winUsb.c ****   *  @endverbatim
  49:Middlewares/ST/STM32_USB_Device_Library/Class/winUsb/Src/usbd_winUsb.c ****   *
  50:Middlewares/ST/STM32_USB_Device_Library/Class/winUsb/Src/usbd_winUsb.c ****   ******************************************************************************
  51:Middlewares/ST/STM32_USB_Device_Library/Class/winUsb/Src/usbd_winUsb.c ****   */
  52:Middlewares/ST/STM32_USB_Device_Library/Class/winUsb/Src/usbd_winUsb.c **** 
  53:Middlewares/ST/STM32_USB_Device_Library/Class/winUsb/Src/usbd_winUsb.c **** /* BSPDependencies
  54:Middlewares/ST/STM32_USB_Device_Library/Class/winUsb/Src/usbd_winUsb.c **** - "stm32xxxxx_{eval}{discovery}{nucleo_144}.c"
  55:Middlewares/ST/STM32_USB_Device_Library/Class/winUsb/Src/usbd_winUsb.c **** - "stm32xxxxx_{eval}{discovery}_io.c"
  56:Middlewares/ST/STM32_USB_Device_Library/Class/winUsb/Src/usbd_winUsb.c **** EndBSPDependencies */
  57:Middlewares/ST/STM32_USB_Device_Library/Class/winUsb/Src/usbd_winUsb.c **** 
  58:Middlewares/ST/STM32_USB_Device_Library/Class/winUsb/Src/usbd_winUsb.c **** /* Includes ------------------------------------------------------------------*/
  59:Middlewares/ST/STM32_USB_Device_Library/Class/winUsb/Src/usbd_winUsb.c **** #include "usbd_winUsb.h"
  60:Middlewares/ST/STM32_USB_Device_Library/Class/winUsb/Src/usbd_winUsb.c **** #include "usbd_ctlreq.h"
  61:Middlewares/ST/STM32_USB_Device_Library/Class/winUsb/Src/usbd_winUsb.c **** #include "usbd_desc.h"
  62:Middlewares/ST/STM32_USB_Device_Library/Class/winUsb/Src/usbd_winUsb.c **** #include <stdio.h>
  63:Middlewares/ST/STM32_USB_Device_Library/Class/winUsb/Src/usbd_winUsb.c **** 
  64:Middlewares/ST/STM32_USB_Device_Library/Class/winUsb/Src/usbd_winUsb.c **** /** @addtogroup STM32_USB_DEVICE_LIBRARY
  65:Middlewares/ST/STM32_USB_Device_Library/Class/winUsb/Src/usbd_winUsb.c ****   * @{
  66:Middlewares/ST/STM32_USB_Device_Library/Class/winUsb/Src/usbd_winUsb.c ****   */
  67:Middlewares/ST/STM32_USB_Device_Library/Class/winUsb/Src/usbd_winUsb.c **** static uint8_t USBD_WinUsb_Init(USBD_HandleTypeDef *pdev, uint8_t cfgidx);
  68:Middlewares/ST/STM32_USB_Device_Library/Class/winUsb/Src/usbd_winUsb.c **** static uint8_t USBD_WinUsb_DeInit(USBD_HandleTypeDef *pdev, uint8_t cfgidx);
  69:Middlewares/ST/STM32_USB_Device_Library/Class/winUsb/Src/usbd_winUsb.c **** static uint8_t USBD_WinUsb_Setup(USBD_HandleTypeDef *pdev, USBD_SetupReqTypedef *req);
  70:Middlewares/ST/STM32_USB_Device_Library/Class/winUsb/Src/usbd_winUsb.c **** static uint8_t USBD_WinUsb_DataIn(USBD_HandleTypeDef *pdev, uint8_t epnum);
  71:Middlewares/ST/STM32_USB_Device_Library/Class/winUsb/Src/usbd_winUsb.c **** static uint8_t USBD_WinUsb_DataOut(USBD_HandleTypeDef *pdev, uint8_t epnum);
  72:Middlewares/ST/STM32_USB_Device_Library/Class/winUsb/Src/usbd_winUsb.c **** static uint8_t USBD_WinUsb_EP0_RxReady(USBD_HandleTypeDef *pdev);
  73:Middlewares/ST/STM32_USB_Device_Library/Class/winUsb/Src/usbd_winUsb.c **** 
  74:Middlewares/ST/STM32_USB_Device_Library/Class/winUsb/Src/usbd_winUsb.c **** 
  75:Middlewares/ST/STM32_USB_Device_Library/Class/winUsb/Src/usbd_winUsb.c **** /** @defgroup USBD_CDC
  76:Middlewares/ST/STM32_USB_Device_Library/Class/winUsb/Src/usbd_winUsb.c ****   * @brief usbd core module
  77:Middlewares/ST/STM32_USB_Device_Library/Class/winUsb/Src/usbd_winUsb.c ****   * @{
  78:Middlewares/ST/STM32_USB_Device_Library/Class/winUsb/Src/usbd_winUsb.c ****   */
  79:Middlewares/ST/STM32_USB_Device_Library/Class/winUsb/Src/usbd_winUsb.c **** 
  80:Middlewares/ST/STM32_USB_Device_Library/Class/winUsb/Src/usbd_winUsb.c **** USBD_ClassTypeDef  USBD_WinUsb =
  81:Middlewares/ST/STM32_USB_Device_Library/Class/winUsb/Src/usbd_winUsb.c **** {
  82:Middlewares/ST/STM32_USB_Device_Library/Class/winUsb/Src/usbd_winUsb.c ****   USBD_WinUsb_Init,
  83:Middlewares/ST/STM32_USB_Device_Library/Class/winUsb/Src/usbd_winUsb.c ****   USBD_WinUsb_DeInit,
  84:Middlewares/ST/STM32_USB_Device_Library/Class/winUsb/Src/usbd_winUsb.c ****   USBD_WinUsb_Setup,
  85:Middlewares/ST/STM32_USB_Device_Library/Class/winUsb/Src/usbd_winUsb.c ****   NULL,                 /* EP0_TxSent */
  86:Middlewares/ST/STM32_USB_Device_Library/Class/winUsb/Src/usbd_winUsb.c ****   USBD_WinUsb_EP0_RxReady,
  87:Middlewares/ST/STM32_USB_Device_Library/Class/winUsb/Src/usbd_winUsb.c ****   USBD_WinUsb_DataIn,
ARM GAS  C:\Users\ADMINI~1\AppData\Local\Temp\ccR37UsE.s 			page 3


  88:Middlewares/ST/STM32_USB_Device_Library/Class/winUsb/Src/usbd_winUsb.c ****   USBD_WinUsb_DataOut,
  89:Middlewares/ST/STM32_USB_Device_Library/Class/winUsb/Src/usbd_winUsb.c ****   NULL,
  90:Middlewares/ST/STM32_USB_Device_Library/Class/winUsb/Src/usbd_winUsb.c ****   NULL,
  91:Middlewares/ST/STM32_USB_Device_Library/Class/winUsb/Src/usbd_winUsb.c ****   NULL,
  92:Middlewares/ST/STM32_USB_Device_Library/Class/winUsb/Src/usbd_winUsb.c **** #ifdef USE_USBD_COMPOSITE
  93:Middlewares/ST/STM32_USB_Device_Library/Class/winUsb/Src/usbd_winUsb.c ****   NULL,
  94:Middlewares/ST/STM32_USB_Device_Library/Class/winUsb/Src/usbd_winUsb.c ****   NULL,
  95:Middlewares/ST/STM32_USB_Device_Library/Class/winUsb/Src/usbd_winUsb.c ****   NULL,
  96:Middlewares/ST/STM32_USB_Device_Library/Class/winUsb/Src/usbd_winUsb.c ****   NULL,
  97:Middlewares/ST/STM32_USB_Device_Library/Class/winUsb/Src/usbd_winUsb.c **** #else
  98:Middlewares/ST/STM32_USB_Device_Library/Class/winUsb/Src/usbd_winUsb.c ****   USBD_WinUsb_GetHSCfgDesc,
  99:Middlewares/ST/STM32_USB_Device_Library/Class/winUsb/Src/usbd_winUsb.c ****   USBD_WinUsb_GetFSCfgDesc,
 100:Middlewares/ST/STM32_USB_Device_Library/Class/winUsb/Src/usbd_winUsb.c ****   USBD_WinUsb_GetOtherSpeedCfgDesc,
 101:Middlewares/ST/STM32_USB_Device_Library/Class/winUsb/Src/usbd_winUsb.c ****   USBD_WinUsb_GetDeviceQualifierDescriptor,
 102:Middlewares/ST/STM32_USB_Device_Library/Class/winUsb/Src/usbd_winUsb.c **** #endif /* USE_USBD_COMPOSITE  */
 103:Middlewares/ST/STM32_USB_Device_Library/Class/winUsb/Src/usbd_winUsb.c ****   USBD_UsrStrDescriptor
 104:Middlewares/ST/STM32_USB_Device_Library/Class/winUsb/Src/usbd_winUsb.c **** };
 105:Middlewares/ST/STM32_USB_Device_Library/Class/winUsb/Src/usbd_winUsb.c **** 
 106:Middlewares/ST/STM32_USB_Device_Library/Class/winUsb/Src/usbd_winUsb.c **** 
 107:Middlewares/ST/STM32_USB_Device_Library/Class/winUsb/Src/usbd_winUsb.c **** static uint8_t WinUsbInEpAdd = WIN_USB_EPIN_ADDR;
 108:Middlewares/ST/STM32_USB_Device_Library/Class/winUsb/Src/usbd_winUsb.c **** static uint8_t WinUsbOutEpAdd = WIN_USB_EPOUT_ADDR;
 109:Middlewares/ST/STM32_USB_Device_Library/Class/winUsb/Src/usbd_winUsb.c **** 
 110:Middlewares/ST/STM32_USB_Device_Library/Class/winUsb/Src/usbd_winUsb.c **** 
 111:Middlewares/ST/STM32_USB_Device_Library/Class/winUsb/Src/usbd_winUsb.c **** static uint8_t USBD_WinUsb_Init(USBD_HandleTypeDef *pdev, uint8_t cfgidx)
 112:Middlewares/ST/STM32_USB_Device_Library/Class/winUsb/Src/usbd_winUsb.c **** {
 113:Middlewares/ST/STM32_USB_Device_Library/Class/winUsb/Src/usbd_winUsb.c ****   UNUSED(cfgidx);
 114:Middlewares/ST/STM32_USB_Device_Library/Class/winUsb/Src/usbd_winUsb.c ****   USBD_WinUsb_HandleTypeDef *hcdc;
 115:Middlewares/ST/STM32_USB_Device_Library/Class/winUsb/Src/usbd_winUsb.c **** 
 116:Middlewares/ST/STM32_USB_Device_Library/Class/winUsb/Src/usbd_winUsb.c ****   hcdc = (USBD_WinUsb_HandleTypeDef *)USBD_malloc(sizeof(USBD_WinUsb_HandleTypeDef));
 117:Middlewares/ST/STM32_USB_Device_Library/Class/winUsb/Src/usbd_winUsb.c **** 
 118:Middlewares/ST/STM32_USB_Device_Library/Class/winUsb/Src/usbd_winUsb.c ****   if (hcdc == NULL)
 119:Middlewares/ST/STM32_USB_Device_Library/Class/winUsb/Src/usbd_winUsb.c ****   {
 120:Middlewares/ST/STM32_USB_Device_Library/Class/winUsb/Src/usbd_winUsb.c ****     pdev->pClassDataCmsit[pdev->classId] = NULL;
 121:Middlewares/ST/STM32_USB_Device_Library/Class/winUsb/Src/usbd_winUsb.c ****     return (uint8_t)USBD_EMEM;
 122:Middlewares/ST/STM32_USB_Device_Library/Class/winUsb/Src/usbd_winUsb.c ****   }
 123:Middlewares/ST/STM32_USB_Device_Library/Class/winUsb/Src/usbd_winUsb.c **** 
 124:Middlewares/ST/STM32_USB_Device_Library/Class/winUsb/Src/usbd_winUsb.c ****   (void)USBD_memset(hcdc, 0, sizeof(USBD_WinUsb_HandleTypeDef));
 125:Middlewares/ST/STM32_USB_Device_Library/Class/winUsb/Src/usbd_winUsb.c **** 
 126:Middlewares/ST/STM32_USB_Device_Library/Class/winUsb/Src/usbd_winUsb.c ****   pdev->pClassDataCmsit[pdev->classId] = (void *)hcdc;
 127:Middlewares/ST/STM32_USB_Device_Library/Class/winUsb/Src/usbd_winUsb.c ****   pdev->pClassData = pdev->pClassDataCmsit[pdev->classId];
 128:Middlewares/ST/STM32_USB_Device_Library/Class/winUsb/Src/usbd_winUsb.c **** 
 129:Middlewares/ST/STM32_USB_Device_Library/Class/winUsb/Src/usbd_winUsb.c ****   USBD_LL_OpenEP(pdev,WIN_USB_EPIN_ADDR,USBD_EP_TYPE_BULK,WIN_DATA_FS_IN_PACKET_SIZE);
 130:Middlewares/ST/STM32_USB_Device_Library/Class/winUsb/Src/usbd_winUsb.c ****   USBD_LL_OpenEP(pdev,WIN_USB_EPOUT_ADDR,USBD_EP_TYPE_BULK,WIN_DATA_FS_OUT_PACKET_SIZE);
 131:Middlewares/ST/STM32_USB_Device_Library/Class/winUsb/Src/usbd_winUsb.c ****   
 132:Middlewares/ST/STM32_USB_Device_Library/Class/winUsb/Src/usbd_winUsb.c ****   pdev->ep_in[WinUsbInEpAdd & 0xFU].is_used = 1U;
 133:Middlewares/ST/STM32_USB_Device_Library/Class/winUsb/Src/usbd_winUsb.c ****   pdev->ep_in[WinUsbOutEpAdd & 0xFU].is_used = 1U;
 134:Middlewares/ST/STM32_USB_Device_Library/Class/winUsb/Src/usbd_winUsb.c **** 
 135:Middlewares/ST/STM32_USB_Device_Library/Class/winUsb/Src/usbd_winUsb.c **** 
 136:Middlewares/ST/STM32_USB_Device_Library/Class/winUsb/Src/usbd_winUsb.c ****   hcdc->RxBuffer = NULL;
 137:Middlewares/ST/STM32_USB_Device_Library/Class/winUsb/Src/usbd_winUsb.c **** 
 138:Middlewares/ST/STM32_USB_Device_Library/Class/winUsb/Src/usbd_winUsb.c ****   /* Init  physical Interface components */
 139:Middlewares/ST/STM32_USB_Device_Library/Class/winUsb/Src/usbd_winUsb.c ****   ((USBD_WinUsb_ItfTypeDef *)pdev->pUserData[pdev->classId])->Init();
 140:Middlewares/ST/STM32_USB_Device_Library/Class/winUsb/Src/usbd_winUsb.c **** 
 141:Middlewares/ST/STM32_USB_Device_Library/Class/winUsb/Src/usbd_winUsb.c ****   /* Init Xfer states */
 142:Middlewares/ST/STM32_USB_Device_Library/Class/winUsb/Src/usbd_winUsb.c ****   hcdc->TxState = 0U;
 143:Middlewares/ST/STM32_USB_Device_Library/Class/winUsb/Src/usbd_winUsb.c ****   hcdc->RxState = 0U;
 144:Middlewares/ST/STM32_USB_Device_Library/Class/winUsb/Src/usbd_winUsb.c **** 
ARM GAS  C:\Users\ADMINI~1\AppData\Local\Temp\ccR37UsE.s 			page 4


 145:Middlewares/ST/STM32_USB_Device_Library/Class/winUsb/Src/usbd_winUsb.c ****   if (hcdc->RxBuffer == NULL)
 146:Middlewares/ST/STM32_USB_Device_Library/Class/winUsb/Src/usbd_winUsb.c ****   {
 147:Middlewares/ST/STM32_USB_Device_Library/Class/winUsb/Src/usbd_winUsb.c ****     return (uint8_t)USBD_EMEM;
 148:Middlewares/ST/STM32_USB_Device_Library/Class/winUsb/Src/usbd_winUsb.c ****   }
 149:Middlewares/ST/STM32_USB_Device_Library/Class/winUsb/Src/usbd_winUsb.c **** 
 150:Middlewares/ST/STM32_USB_Device_Library/Class/winUsb/Src/usbd_winUsb.c ****   USBD_LL_PrepareReceive(pdev,
 151:Middlewares/ST/STM32_USB_Device_Library/Class/winUsb/Src/usbd_winUsb.c ****                           WIN_USB_EPOUT_ADDR,
 152:Middlewares/ST/STM32_USB_Device_Library/Class/winUsb/Src/usbd_winUsb.c ****                           hcdc->RxBuffer,
 153:Middlewares/ST/STM32_USB_Device_Library/Class/winUsb/Src/usbd_winUsb.c ****                           WIN_DATA_FS_OUT_PACKET_SIZE);
 154:Middlewares/ST/STM32_USB_Device_Library/Class/winUsb/Src/usbd_winUsb.c ****   return (uint8_t)USBD_OK;
 155:Middlewares/ST/STM32_USB_Device_Library/Class/winUsb/Src/usbd_winUsb.c **** 
 156:Middlewares/ST/STM32_USB_Device_Library/Class/winUsb/Src/usbd_winUsb.c **** }
 157:Middlewares/ST/STM32_USB_Device_Library/Class/winUsb/Src/usbd_winUsb.c **** 
 158:Middlewares/ST/STM32_USB_Device_Library/Class/winUsb/Src/usbd_winUsb.c **** static uint8_t USBD_WinUsb_DeInit(USBD_HandleTypeDef *pdev, uint8_t cfgidx)
 159:Middlewares/ST/STM32_USB_Device_Library/Class/winUsb/Src/usbd_winUsb.c **** {
 160:Middlewares/ST/STM32_USB_Device_Library/Class/winUsb/Src/usbd_winUsb.c ****   UNUSED(cfgidx);
 161:Middlewares/ST/STM32_USB_Device_Library/Class/winUsb/Src/usbd_winUsb.c **** 	/* Close EP IN */
 162:Middlewares/ST/STM32_USB_Device_Library/Class/winUsb/Src/usbd_winUsb.c ****   USBD_LL_CloseEP(pdev,WinUsbInEpAdd);
 163:Middlewares/ST/STM32_USB_Device_Library/Class/winUsb/Src/usbd_winUsb.c ****   pdev->ep_out[WinUsbInEpAdd & 0xFU].is_used = 0U;  
 164:Middlewares/ST/STM32_USB_Device_Library/Class/winUsb/Src/usbd_winUsb.c ****   /* Close EP OUT */
 165:Middlewares/ST/STM32_USB_Device_Library/Class/winUsb/Src/usbd_winUsb.c ****   USBD_LL_CloseEP(pdev,WinUsbOutEpAdd); 
 166:Middlewares/ST/STM32_USB_Device_Library/Class/winUsb/Src/usbd_winUsb.c ****   pdev->ep_out[WinUsbOutEpAdd & 0xFU].is_used = 0U;
 167:Middlewares/ST/STM32_USB_Device_Library/Class/winUsb/Src/usbd_winUsb.c **** 
 168:Middlewares/ST/STM32_USB_Device_Library/Class/winUsb/Src/usbd_winUsb.c **** 
 169:Middlewares/ST/STM32_USB_Device_Library/Class/winUsb/Src/usbd_winUsb.c ****   /* DeInit  physical Interface components */
 170:Middlewares/ST/STM32_USB_Device_Library/Class/winUsb/Src/usbd_winUsb.c ****   if (pdev->pClassDataCmsit[pdev->classId] != NULL)
 171:Middlewares/ST/STM32_USB_Device_Library/Class/winUsb/Src/usbd_winUsb.c ****   {
 172:Middlewares/ST/STM32_USB_Device_Library/Class/winUsb/Src/usbd_winUsb.c ****     ((USBD_WinUsb_ItfTypeDef *)pdev->pUserData[pdev->classId])->DeInit();
 173:Middlewares/ST/STM32_USB_Device_Library/Class/winUsb/Src/usbd_winUsb.c ****     (void)USBD_free(pdev->pClassDataCmsit[pdev->classId]);
 174:Middlewares/ST/STM32_USB_Device_Library/Class/winUsb/Src/usbd_winUsb.c ****     pdev->pClassDataCmsit[pdev->classId] = NULL;
 175:Middlewares/ST/STM32_USB_Device_Library/Class/winUsb/Src/usbd_winUsb.c ****     pdev->pClassData = NULL;
 176:Middlewares/ST/STM32_USB_Device_Library/Class/winUsb/Src/usbd_winUsb.c ****   }
 177:Middlewares/ST/STM32_USB_Device_Library/Class/winUsb/Src/usbd_winUsb.c **** 	return (uint8_t)USBD_OK;
 178:Middlewares/ST/STM32_USB_Device_Library/Class/winUsb/Src/usbd_winUsb.c **** 
 179:Middlewares/ST/STM32_USB_Device_Library/Class/winUsb/Src/usbd_winUsb.c **** }
 180:Middlewares/ST/STM32_USB_Device_Library/Class/winUsb/Src/usbd_winUsb.c **** static uint8_t USBD_WinUsb_Setup(USBD_HandleTypeDef *pdev, USBD_SetupReqTypedef *req)
 181:Middlewares/ST/STM32_USB_Device_Library/Class/winUsb/Src/usbd_winUsb.c **** {
  29              		.loc 1 181 1 view -0
  30              		.cfi_startproc
  31              		@ args = 0, pretend = 0, frame = 0
  32              		@ frame_needed = 0, uses_anonymous_args = 0
  33              		@ link register save eliminated.
 182:Middlewares/ST/STM32_USB_Device_Library/Class/winUsb/Src/usbd_winUsb.c **** 	return (uint8_t)USBD_OK;
  34              		.loc 1 182 2 view .LVU1
 183:Middlewares/ST/STM32_USB_Device_Library/Class/winUsb/Src/usbd_winUsb.c **** 
 184:Middlewares/ST/STM32_USB_Device_Library/Class/winUsb/Src/usbd_winUsb.c **** }
  35              		.loc 1 184 1 is_stmt 0 view .LVU2
  36 0000 0020     		movs	r0, #0
  37              	.LVL1:
  38              		.loc 1 184 1 view .LVU3
  39 0002 7047     		bx	lr
  40              		.cfi_endproc
  41              	.LFE136:
  43              		.section	.text.USBD_WinUsb_DataIn,"ax",%progbits
  44              		.align	1
  45              		.syntax unified
  46              		.thumb
ARM GAS  C:\Users\ADMINI~1\AppData\Local\Temp\ccR37UsE.s 			page 5


  47              		.thumb_func
  49              	USBD_WinUsb_DataIn:
  50              	.LVL2:
  51              	.LFB137:
 185:Middlewares/ST/STM32_USB_Device_Library/Class/winUsb/Src/usbd_winUsb.c **** static uint8_t USBD_WinUsb_DataIn(USBD_HandleTypeDef *pdev, uint8_t epnum)
 186:Middlewares/ST/STM32_USB_Device_Library/Class/winUsb/Src/usbd_winUsb.c **** {
  52              		.loc 1 186 1 is_stmt 1 view -0
  53              		.cfi_startproc
  54              		@ args = 0, pretend = 0, frame = 0
  55              		@ frame_needed = 0, uses_anonymous_args = 0
  56              		@ link register save eliminated.
 187:Middlewares/ST/STM32_USB_Device_Library/Class/winUsb/Src/usbd_winUsb.c **** 	return (uint8_t)USBD_OK;
  57              		.loc 1 187 2 view .LVU5
 188:Middlewares/ST/STM32_USB_Device_Library/Class/winUsb/Src/usbd_winUsb.c **** 
 189:Middlewares/ST/STM32_USB_Device_Library/Class/winUsb/Src/usbd_winUsb.c **** }
  58              		.loc 1 189 1 is_stmt 0 view .LVU6
  59 0000 0020     		movs	r0, #0
  60              	.LVL3:
  61              		.loc 1 189 1 view .LVU7
  62 0002 7047     		bx	lr
  63              		.cfi_endproc
  64              	.LFE137:
  66              		.section	.text.USBD_WinUsb_DataOut,"ax",%progbits
  67              		.align	1
  68              		.syntax unified
  69              		.thumb
  70              		.thumb_func
  72              	USBD_WinUsb_DataOut:
  73              	.LVL4:
  74              	.LFB138:
 190:Middlewares/ST/STM32_USB_Device_Library/Class/winUsb/Src/usbd_winUsb.c **** 
 191:Middlewares/ST/STM32_USB_Device_Library/Class/winUsb/Src/usbd_winUsb.c **** static uint8_t USBD_WinUsb_DataOut(USBD_HandleTypeDef *pdev, uint8_t epnum)
 192:Middlewares/ST/STM32_USB_Device_Library/Class/winUsb/Src/usbd_winUsb.c **** {
  75              		.loc 1 192 1 is_stmt 1 view -0
  76              		.cfi_startproc
  77              		@ args = 0, pretend = 0, frame = 0
  78              		@ frame_needed = 0, uses_anonymous_args = 0
  79              		@ link register save eliminated.
 193:Middlewares/ST/STM32_USB_Device_Library/Class/winUsb/Src/usbd_winUsb.c **** 	return (uint8_t)USBD_OK;
  80              		.loc 1 193 2 view .LVU9
 194:Middlewares/ST/STM32_USB_Device_Library/Class/winUsb/Src/usbd_winUsb.c **** 
 195:Middlewares/ST/STM32_USB_Device_Library/Class/winUsb/Src/usbd_winUsb.c **** }
  81              		.loc 1 195 1 is_stmt 0 view .LVU10
  82 0000 0020     		movs	r0, #0
  83              	.LVL5:
  84              		.loc 1 195 1 view .LVU11
  85 0002 7047     		bx	lr
  86              		.cfi_endproc
  87              	.LFE138:
  89              		.section	.text.USBD_WinUsb_EP0_RxReady,"ax",%progbits
  90              		.align	1
  91              		.syntax unified
  92              		.thumb
  93              		.thumb_func
  95              	USBD_WinUsb_EP0_RxReady:
  96              	.LVL6:
  97              	.LFB139:
ARM GAS  C:\Users\ADMINI~1\AppData\Local\Temp\ccR37UsE.s 			page 6


 196:Middlewares/ST/STM32_USB_Device_Library/Class/winUsb/Src/usbd_winUsb.c **** static uint8_t USBD_WinUsb_EP0_RxReady(USBD_HandleTypeDef *pdev)
 197:Middlewares/ST/STM32_USB_Device_Library/Class/winUsb/Src/usbd_winUsb.c **** {
  98              		.loc 1 197 1 is_stmt 1 view -0
  99              		.cfi_startproc
 100              		@ args = 0, pretend = 0, frame = 0
 101              		@ frame_needed = 0, uses_anonymous_args = 0
 102              		@ link register save eliminated.
 198:Middlewares/ST/STM32_USB_Device_Library/Class/winUsb/Src/usbd_winUsb.c **** 	return (uint8_t)USBD_OK;
 103              		.loc 1 198 2 view .LVU13
 199:Middlewares/ST/STM32_USB_Device_Library/Class/winUsb/Src/usbd_winUsb.c **** 
 200:Middlewares/ST/STM32_USB_Device_Library/Class/winUsb/Src/usbd_winUsb.c **** }
 104              		.loc 1 200 1 is_stmt 0 view .LVU14
 105 0000 0020     		movs	r0, #0
 106              	.LVL7:
 107              		.loc 1 200 1 view .LVU15
 108 0002 7047     		bx	lr
 109              		.cfi_endproc
 110              	.LFE139:
 112              		.section	.text.WinUsb_DeInit_FS,"ax",%progbits
 113              		.align	1
 114              		.syntax unified
 115              		.thumb
 116              		.thumb_func
 118              	WinUsb_DeInit_FS:
 119              	.LFB143:
 201:Middlewares/ST/STM32_USB_Device_Library/Class/winUsb/Src/usbd_winUsb.c **** 
 202:Middlewares/ST/STM32_USB_Device_Library/Class/winUsb/Src/usbd_winUsb.c **** uint8_t WinUsbRxBufferFS[winAPP_RX_DATA_SIZE];
 203:Middlewares/ST/STM32_USB_Device_Library/Class/winUsb/Src/usbd_winUsb.c **** uint8_t WinUsbTxBufferFS[winAPP_TX_DATA_SIZE];
 204:Middlewares/ST/STM32_USB_Device_Library/Class/winUsb/Src/usbd_winUsb.c **** extern USBD_HandleTypeDef hUsbDeviceFS;
 205:Middlewares/ST/STM32_USB_Device_Library/Class/winUsb/Src/usbd_winUsb.c **** 
 206:Middlewares/ST/STM32_USB_Device_Library/Class/winUsb/Src/usbd_winUsb.c **** uint8_t USBD_WinUsb_SetTxBuffer(USBD_HandleTypeDef *pdev,
 207:Middlewares/ST/STM32_USB_Device_Library/Class/winUsb/Src/usbd_winUsb.c ****                              uint8_t *pbuff, uint32_t length)
 208:Middlewares/ST/STM32_USB_Device_Library/Class/winUsb/Src/usbd_winUsb.c **** {
 209:Middlewares/ST/STM32_USB_Device_Library/Class/winUsb/Src/usbd_winUsb.c ****   USBD_WinUsb_HandleTypeDef *hcdc = (USBD_WinUsb_HandleTypeDef *)pdev->pClassDataCmsit[pdev->classI
 210:Middlewares/ST/STM32_USB_Device_Library/Class/winUsb/Src/usbd_winUsb.c **** 
 211:Middlewares/ST/STM32_USB_Device_Library/Class/winUsb/Src/usbd_winUsb.c ****   if (hcdc == NULL)
 212:Middlewares/ST/STM32_USB_Device_Library/Class/winUsb/Src/usbd_winUsb.c ****   {
 213:Middlewares/ST/STM32_USB_Device_Library/Class/winUsb/Src/usbd_winUsb.c ****     return (uint8_t)USBD_FAIL;
 214:Middlewares/ST/STM32_USB_Device_Library/Class/winUsb/Src/usbd_winUsb.c ****   }
 215:Middlewares/ST/STM32_USB_Device_Library/Class/winUsb/Src/usbd_winUsb.c **** 
 216:Middlewares/ST/STM32_USB_Device_Library/Class/winUsb/Src/usbd_winUsb.c ****   hcdc->TxBuffer = pbuff;
 217:Middlewares/ST/STM32_USB_Device_Library/Class/winUsb/Src/usbd_winUsb.c ****   hcdc->TxLength = length;
 218:Middlewares/ST/STM32_USB_Device_Library/Class/winUsb/Src/usbd_winUsb.c **** 
 219:Middlewares/ST/STM32_USB_Device_Library/Class/winUsb/Src/usbd_winUsb.c ****   return (uint8_t)USBD_OK;
 220:Middlewares/ST/STM32_USB_Device_Library/Class/winUsb/Src/usbd_winUsb.c **** }
 221:Middlewares/ST/STM32_USB_Device_Library/Class/winUsb/Src/usbd_winUsb.c **** uint8_t USBD_WinUsb_SetRxBuffer(USBD_HandleTypeDef *pdev, uint8_t *pbuff)
 222:Middlewares/ST/STM32_USB_Device_Library/Class/winUsb/Src/usbd_winUsb.c **** {
 223:Middlewares/ST/STM32_USB_Device_Library/Class/winUsb/Src/usbd_winUsb.c **** 	USBD_WinUsb_HandleTypeDef *hcdc = (USBD_WinUsb_HandleTypeDef *)pdev->pClassDataCmsit[pdev->classId
 224:Middlewares/ST/STM32_USB_Device_Library/Class/winUsb/Src/usbd_winUsb.c **** 
 225:Middlewares/ST/STM32_USB_Device_Library/Class/winUsb/Src/usbd_winUsb.c **** 	if (hcdc == NULL)
 226:Middlewares/ST/STM32_USB_Device_Library/Class/winUsb/Src/usbd_winUsb.c **** 	{
 227:Middlewares/ST/STM32_USB_Device_Library/Class/winUsb/Src/usbd_winUsb.c **** 	 	return (uint8_t)USBD_FAIL;
 228:Middlewares/ST/STM32_USB_Device_Library/Class/winUsb/Src/usbd_winUsb.c **** 	}
 229:Middlewares/ST/STM32_USB_Device_Library/Class/winUsb/Src/usbd_winUsb.c **** 
 230:Middlewares/ST/STM32_USB_Device_Library/Class/winUsb/Src/usbd_winUsb.c **** 	hcdc->RxBuffer = pbuff;
 231:Middlewares/ST/STM32_USB_Device_Library/Class/winUsb/Src/usbd_winUsb.c **** 
 232:Middlewares/ST/STM32_USB_Device_Library/Class/winUsb/Src/usbd_winUsb.c **** 	return (uint8_t)USBD_OK;
ARM GAS  C:\Users\ADMINI~1\AppData\Local\Temp\ccR37UsE.s 			page 7


 233:Middlewares/ST/STM32_USB_Device_Library/Class/winUsb/Src/usbd_winUsb.c **** }
 234:Middlewares/ST/STM32_USB_Device_Library/Class/winUsb/Src/usbd_winUsb.c **** 
 235:Middlewares/ST/STM32_USB_Device_Library/Class/winUsb/Src/usbd_winUsb.c **** 
 236:Middlewares/ST/STM32_USB_Device_Library/Class/winUsb/Src/usbd_winUsb.c **** static int8_t WinUsb_Init_FS(void)
 237:Middlewares/ST/STM32_USB_Device_Library/Class/winUsb/Src/usbd_winUsb.c **** {
 238:Middlewares/ST/STM32_USB_Device_Library/Class/winUsb/Src/usbd_winUsb.c ****   /* USER CODE BEGIN 3 */
 239:Middlewares/ST/STM32_USB_Device_Library/Class/winUsb/Src/usbd_winUsb.c ****   /* Set Application Buffers */
 240:Middlewares/ST/STM32_USB_Device_Library/Class/winUsb/Src/usbd_winUsb.c ****   USBD_WinUsb_SetTxBuffer(&hUsbDeviceFS, WinUsbTxBufferFS, 0);
 241:Middlewares/ST/STM32_USB_Device_Library/Class/winUsb/Src/usbd_winUsb.c ****   USBD_WinUsb_SetRxBuffer(&hUsbDeviceFS, WinUsbRxBufferFS);
 242:Middlewares/ST/STM32_USB_Device_Library/Class/winUsb/Src/usbd_winUsb.c ****   return (USBD_OK);
 243:Middlewares/ST/STM32_USB_Device_Library/Class/winUsb/Src/usbd_winUsb.c ****   /* USER CODE END 3 */
 244:Middlewares/ST/STM32_USB_Device_Library/Class/winUsb/Src/usbd_winUsb.c **** }
 245:Middlewares/ST/STM32_USB_Device_Library/Class/winUsb/Src/usbd_winUsb.c **** static int8_t WinUsb_DeInit_FS(void)
 246:Middlewares/ST/STM32_USB_Device_Library/Class/winUsb/Src/usbd_winUsb.c **** {
 120              		.loc 1 246 1 is_stmt 1 view -0
 121              		.cfi_startproc
 122              		@ args = 0, pretend = 0, frame = 0
 123              		@ frame_needed = 0, uses_anonymous_args = 0
 124              		@ link register save eliminated.
 247:Middlewares/ST/STM32_USB_Device_Library/Class/winUsb/Src/usbd_winUsb.c ****   /* USER CODE BEGIN 4 */
 248:Middlewares/ST/STM32_USB_Device_Library/Class/winUsb/Src/usbd_winUsb.c ****   return (USBD_OK);
 125              		.loc 1 248 3 view .LVU17
 249:Middlewares/ST/STM32_USB_Device_Library/Class/winUsb/Src/usbd_winUsb.c ****   /* USER CODE END 4 */
 250:Middlewares/ST/STM32_USB_Device_Library/Class/winUsb/Src/usbd_winUsb.c **** }
 126              		.loc 1 250 1 is_stmt 0 view .LVU18
 127 0000 0020     		movs	r0, #0
 128 0002 7047     		bx	lr
 129              		.cfi_endproc
 130              	.LFE143:
 132              		.section	.text.USBD_WinUsb_DeInit,"ax",%progbits
 133              		.align	1
 134              		.syntax unified
 135              		.thumb
 136              		.thumb_func
 138              	USBD_WinUsb_DeInit:
 139              	.LVL8:
 140              	.LFB135:
 159:Middlewares/ST/STM32_USB_Device_Library/Class/winUsb/Src/usbd_winUsb.c ****   UNUSED(cfgidx);
 141              		.loc 1 159 1 is_stmt 1 view -0
 142              		.cfi_startproc
 143              		@ args = 0, pretend = 0, frame = 0
 144              		@ frame_needed = 0, uses_anonymous_args = 0
 159:Middlewares/ST/STM32_USB_Device_Library/Class/winUsb/Src/usbd_winUsb.c ****   UNUSED(cfgidx);
 145              		.loc 1 159 1 is_stmt 0 view .LVU20
 146 0000 38B5     		push	{r3, r4, r5, lr}
 147              	.LCFI0:
 148              		.cfi_def_cfa_offset 16
 149              		.cfi_offset 3, -16
 150              		.cfi_offset 4, -12
 151              		.cfi_offset 5, -8
 152              		.cfi_offset 14, -4
 153 0002 0446     		mov	r4, r0
 160:Middlewares/ST/STM32_USB_Device_Library/Class/winUsb/Src/usbd_winUsb.c **** 	/* Close EP IN */
 154              		.loc 1 160 3 is_stmt 1 view .LVU21
 162:Middlewares/ST/STM32_USB_Device_Library/Class/winUsb/Src/usbd_winUsb.c ****   pdev->ep_out[WinUsbInEpAdd & 0xFU].is_used = 0U;  
 155              		.loc 1 162 3 view .LVU22
 156 0004 8321     		movs	r1, #131
ARM GAS  C:\Users\ADMINI~1\AppData\Local\Temp\ccR37UsE.s 			page 8


 157              	.LVL9:
 162:Middlewares/ST/STM32_USB_Device_Library/Class/winUsb/Src/usbd_winUsb.c ****   pdev->ep_out[WinUsbInEpAdd & 0xFU].is_used = 0U;  
 158              		.loc 1 162 3 is_stmt 0 view .LVU23
 159 0006 FFF7FEFF 		bl	USBD_LL_CloseEP
 160              	.LVL10:
 163:Middlewares/ST/STM32_USB_Device_Library/Class/winUsb/Src/usbd_winUsb.c ****   /* Close EP OUT */
 161              		.loc 1 163 3 is_stmt 1 view .LVU24
 163:Middlewares/ST/STM32_USB_Device_Library/Class/winUsb/Src/usbd_winUsb.c ****   /* Close EP OUT */
 162              		.loc 1 163 46 is_stmt 0 view .LVU25
 163 000a 0025     		movs	r5, #0
 164 000c A4F8A051 		strh	r5, [r4, #416]	@ movhi
 165:Middlewares/ST/STM32_USB_Device_Library/Class/winUsb/Src/usbd_winUsb.c ****   pdev->ep_out[WinUsbOutEpAdd & 0xFU].is_used = 0U;
 165              		.loc 1 165 3 is_stmt 1 view .LVU26
 166 0010 0321     		movs	r1, #3
 167 0012 2046     		mov	r0, r4
 168 0014 FFF7FEFF 		bl	USBD_LL_CloseEP
 169              	.LVL11:
 166:Middlewares/ST/STM32_USB_Device_Library/Class/winUsb/Src/usbd_winUsb.c **** 
 170              		.loc 1 166 3 view .LVU27
 166:Middlewares/ST/STM32_USB_Device_Library/Class/winUsb/Src/usbd_winUsb.c **** 
 171              		.loc 1 166 47 is_stmt 0 view .LVU28
 172 0018 A4F8A051 		strh	r5, [r4, #416]	@ movhi
 170:Middlewares/ST/STM32_USB_Device_Library/Class/winUsb/Src/usbd_winUsb.c ****   {
 173              		.loc 1 170 3 is_stmt 1 view .LVU29
 170:Middlewares/ST/STM32_USB_Device_Library/Class/winUsb/Src/usbd_winUsb.c ****   {
 174              		.loc 1 170 33 is_stmt 0 view .LVU30
 175 001c D4F8F832 		ldr	r3, [r4, #760]
 170:Middlewares/ST/STM32_USB_Device_Library/Class/winUsb/Src/usbd_winUsb.c ****   {
 176              		.loc 1 170 28 view .LVU31
 177 0020 03F1B202 		add	r2, r3, #178
 178 0024 04EB8202 		add	r2, r4, r2, lsl #2
 179 0028 5268     		ldr	r2, [r2, #4]
 170:Middlewares/ST/STM32_USB_Device_Library/Class/winUsb/Src/usbd_winUsb.c ****   {
 180              		.loc 1 170 6 view .LVU32
 181 002a AAB1     		cbz	r2, .L7
 172:Middlewares/ST/STM32_USB_Device_Library/Class/winUsb/Src/usbd_winUsb.c ****     (void)USBD_free(pdev->pClassDataCmsit[pdev->classId]);
 182              		.loc 1 172 5 is_stmt 1 view .LVU33
 172:Middlewares/ST/STM32_USB_Device_Library/Class/winUsb/Src/usbd_winUsb.c ****     (void)USBD_free(pdev->pClassDataCmsit[pdev->classId]);
 183              		.loc 1 172 47 is_stmt 0 view .LVU34
 184 002c B633     		adds	r3, r3, #182
 185 002e 04EB8303 		add	r3, r4, r3, lsl #2
 186 0032 5B68     		ldr	r3, [r3, #4]
 172:Middlewares/ST/STM32_USB_Device_Library/Class/winUsb/Src/usbd_winUsb.c ****     (void)USBD_free(pdev->pClassDataCmsit[pdev->classId]);
 187              		.loc 1 172 63 view .LVU35
 188 0034 5B68     		ldr	r3, [r3, #4]
 172:Middlewares/ST/STM32_USB_Device_Library/Class/winUsb/Src/usbd_winUsb.c ****     (void)USBD_free(pdev->pClassDataCmsit[pdev->classId]);
 189              		.loc 1 172 6 view .LVU36
 190 0036 9847     		blx	r3
 191              	.LVL12:
 173:Middlewares/ST/STM32_USB_Device_Library/Class/winUsb/Src/usbd_winUsb.c ****     pdev->pClassDataCmsit[pdev->classId] = NULL;
 192              		.loc 1 173 5 is_stmt 1 view .LVU37
 173:Middlewares/ST/STM32_USB_Device_Library/Class/winUsb/Src/usbd_winUsb.c ****     pdev->pClassDataCmsit[pdev->classId] = NULL;
 193              		.loc 1 173 47 is_stmt 0 view .LVU38
 194 0038 D4F8F832 		ldr	r3, [r4, #760]
 173:Middlewares/ST/STM32_USB_Device_Library/Class/winUsb/Src/usbd_winUsb.c ****     pdev->pClassDataCmsit[pdev->classId] = NULL;
 195              		.loc 1 173 5 view .LVU39
 196 003c B233     		adds	r3, r3, #178
ARM GAS  C:\Users\ADMINI~1\AppData\Local\Temp\ccR37UsE.s 			page 9


 197 003e 04EB8303 		add	r3, r4, r3, lsl #2
 198 0042 5868     		ldr	r0, [r3, #4]
 199 0044 FFF7FEFF 		bl	free
 200              	.LVL13:
 174:Middlewares/ST/STM32_USB_Device_Library/Class/winUsb/Src/usbd_winUsb.c ****     pdev->pClassData = NULL;
 201              		.loc 1 174 5 is_stmt 1 view .LVU40
 174:Middlewares/ST/STM32_USB_Device_Library/Class/winUsb/Src/usbd_winUsb.c ****     pdev->pClassData = NULL;
 202              		.loc 1 174 31 is_stmt 0 view .LVU41
 203 0048 D4F8F832 		ldr	r3, [r4, #760]
 174:Middlewares/ST/STM32_USB_Device_Library/Class/winUsb/Src/usbd_winUsb.c ****     pdev->pClassData = NULL;
 204              		.loc 1 174 42 view .LVU42
 205 004c B233     		adds	r3, r3, #178
 206 004e 04EB8303 		add	r3, r4, r3, lsl #2
 207 0052 5D60     		str	r5, [r3, #4]
 175:Middlewares/ST/STM32_USB_Device_Library/Class/winUsb/Src/usbd_winUsb.c ****   }
 208              		.loc 1 175 5 is_stmt 1 view .LVU43
 175:Middlewares/ST/STM32_USB_Device_Library/Class/winUsb/Src/usbd_winUsb.c ****   }
 209              		.loc 1 175 22 is_stmt 0 view .LVU44
 210 0054 C4F8C852 		str	r5, [r4, #712]
 211              	.L7:
 177:Middlewares/ST/STM32_USB_Device_Library/Class/winUsb/Src/usbd_winUsb.c **** 
 212              		.loc 1 177 2 is_stmt 1 view .LVU45
 179:Middlewares/ST/STM32_USB_Device_Library/Class/winUsb/Src/usbd_winUsb.c **** static uint8_t USBD_WinUsb_Setup(USBD_HandleTypeDef *pdev, USBD_SetupReqTypedef *req)
 213              		.loc 1 179 1 is_stmt 0 view .LVU46
 214 0058 0020     		movs	r0, #0
 215 005a 38BD     		pop	{r3, r4, r5, pc}
 179:Middlewares/ST/STM32_USB_Device_Library/Class/winUsb/Src/usbd_winUsb.c **** static uint8_t USBD_WinUsb_Setup(USBD_HandleTypeDef *pdev, USBD_SetupReqTypedef *req)
 216              		.loc 1 179 1 view .LVU47
 217              		.cfi_endproc
 218              	.LFE135:
 220              		.section	.text.USBD_WinUsb_Init,"ax",%progbits
 221              		.align	1
 222              		.syntax unified
 223              		.thumb
 224              		.thumb_func
 226              	USBD_WinUsb_Init:
 227              	.LVL14:
 228              	.LFB134:
 112:Middlewares/ST/STM32_USB_Device_Library/Class/winUsb/Src/usbd_winUsb.c ****   UNUSED(cfgidx);
 229              		.loc 1 112 1 is_stmt 1 view -0
 230              		.cfi_startproc
 231              		@ args = 0, pretend = 0, frame = 0
 232              		@ frame_needed = 0, uses_anonymous_args = 0
 112:Middlewares/ST/STM32_USB_Device_Library/Class/winUsb/Src/usbd_winUsb.c ****   UNUSED(cfgidx);
 233              		.loc 1 112 1 is_stmt 0 view .LVU49
 234 0000 70B5     		push	{r4, r5, r6, lr}
 235              	.LCFI1:
 236              		.cfi_def_cfa_offset 16
 237              		.cfi_offset 4, -16
 238              		.cfi_offset 5, -12
 239              		.cfi_offset 6, -8
 240              		.cfi_offset 14, -4
 241 0002 0446     		mov	r4, r0
 113:Middlewares/ST/STM32_USB_Device_Library/Class/winUsb/Src/usbd_winUsb.c ****   USBD_WinUsb_HandleTypeDef *hcdc;
 242              		.loc 1 113 3 is_stmt 1 view .LVU50
 114:Middlewares/ST/STM32_USB_Device_Library/Class/winUsb/Src/usbd_winUsb.c **** 
 243              		.loc 1 114 3 view .LVU51
ARM GAS  C:\Users\ADMINI~1\AppData\Local\Temp\ccR37UsE.s 			page 10


 116:Middlewares/ST/STM32_USB_Device_Library/Class/winUsb/Src/usbd_winUsb.c **** 
 244              		.loc 1 116 3 view .LVU52
 116:Middlewares/ST/STM32_USB_Device_Library/Class/winUsb/Src/usbd_winUsb.c **** 
 245              		.loc 1 116 39 is_stmt 0 view .LVU53
 246 0004 4FF40770 		mov	r0, #540
 247              	.LVL15:
 116:Middlewares/ST/STM32_USB_Device_Library/Class/winUsb/Src/usbd_winUsb.c **** 
 248              		.loc 1 116 39 view .LVU54
 249 0008 FFF7FEFF 		bl	malloc
 250              	.LVL16:
 118:Middlewares/ST/STM32_USB_Device_Library/Class/winUsb/Src/usbd_winUsb.c ****   {
 251              		.loc 1 118 3 is_stmt 1 view .LVU55
 118:Middlewares/ST/STM32_USB_Device_Library/Class/winUsb/Src/usbd_winUsb.c ****   {
 252              		.loc 1 118 6 is_stmt 0 view .LVU56
 253 000c A8B3     		cbz	r0, .L14
 254 000e 0546     		mov	r5, r0
 124:Middlewares/ST/STM32_USB_Device_Library/Class/winUsb/Src/usbd_winUsb.c **** 
 255              		.loc 1 124 3 is_stmt 1 view .LVU57
 124:Middlewares/ST/STM32_USB_Device_Library/Class/winUsb/Src/usbd_winUsb.c **** 
 256              		.loc 1 124 9 is_stmt 0 view .LVU58
 257 0010 4FF40772 		mov	r2, #540
 258 0014 0021     		movs	r1, #0
 259 0016 FFF7FEFF 		bl	memset
 260              	.LVL17:
 126:Middlewares/ST/STM32_USB_Device_Library/Class/winUsb/Src/usbd_winUsb.c ****   pdev->pClassData = pdev->pClassDataCmsit[pdev->classId];
 261              		.loc 1 126 3 is_stmt 1 view .LVU59
 126:Middlewares/ST/STM32_USB_Device_Library/Class/winUsb/Src/usbd_winUsb.c ****   pdev->pClassData = pdev->pClassDataCmsit[pdev->classId];
 262              		.loc 1 126 29 is_stmt 0 view .LVU60
 263 001a D4F8F832 		ldr	r3, [r4, #760]
 126:Middlewares/ST/STM32_USB_Device_Library/Class/winUsb/Src/usbd_winUsb.c ****   pdev->pClassData = pdev->pClassDataCmsit[pdev->classId];
 264              		.loc 1 126 40 view .LVU61
 265 001e B233     		adds	r3, r3, #178
 266 0020 04EB8303 		add	r3, r4, r3, lsl #2
 267 0024 5D60     		str	r5, [r3, #4]
 127:Middlewares/ST/STM32_USB_Device_Library/Class/winUsb/Src/usbd_winUsb.c **** 
 268              		.loc 1 127 3 is_stmt 1 view .LVU62
 127:Middlewares/ST/STM32_USB_Device_Library/Class/winUsb/Src/usbd_winUsb.c **** 
 269              		.loc 1 127 20 is_stmt 0 view .LVU63
 270 0026 C4F8C852 		str	r5, [r4, #712]
 129:Middlewares/ST/STM32_USB_Device_Library/Class/winUsb/Src/usbd_winUsb.c ****   USBD_LL_OpenEP(pdev,WIN_USB_EPOUT_ADDR,USBD_EP_TYPE_BULK,WIN_DATA_FS_OUT_PACKET_SIZE);
 271              		.loc 1 129 3 is_stmt 1 view .LVU64
 272 002a 4023     		movs	r3, #64
 273 002c 0222     		movs	r2, #2
 274 002e 8321     		movs	r1, #131
 275 0030 2046     		mov	r0, r4
 276 0032 FFF7FEFF 		bl	USBD_LL_OpenEP
 277              	.LVL18:
 130:Middlewares/ST/STM32_USB_Device_Library/Class/winUsb/Src/usbd_winUsb.c ****   
 278              		.loc 1 130 3 view .LVU65
 279 0036 4023     		movs	r3, #64
 280 0038 0222     		movs	r2, #2
 281 003a 0321     		movs	r1, #3
 282 003c 2046     		mov	r0, r4
 283 003e FFF7FEFF 		bl	USBD_LL_OpenEP
 284              	.LVL19:
 132:Middlewares/ST/STM32_USB_Device_Library/Class/winUsb/Src/usbd_winUsb.c ****   pdev->ep_in[WinUsbOutEpAdd & 0xFU].is_used = 1U;
 285              		.loc 1 132 3 view .LVU66
ARM GAS  C:\Users\ADMINI~1\AppData\Local\Temp\ccR37UsE.s 			page 11


 132:Middlewares/ST/STM32_USB_Device_Library/Class/winUsb/Src/usbd_winUsb.c ****   pdev->ep_in[WinUsbOutEpAdd & 0xFU].is_used = 1U;
 286              		.loc 1 132 45 is_stmt 0 view .LVU67
 287 0042 0123     		movs	r3, #1
 288 0044 A4F86030 		strh	r3, [r4, #96]	@ movhi
 133:Middlewares/ST/STM32_USB_Device_Library/Class/winUsb/Src/usbd_winUsb.c **** 
 289              		.loc 1 133 3 is_stmt 1 view .LVU68
 136:Middlewares/ST/STM32_USB_Device_Library/Class/winUsb/Src/usbd_winUsb.c **** 
 290              		.loc 1 136 3 view .LVU69
 136:Middlewares/ST/STM32_USB_Device_Library/Class/winUsb/Src/usbd_winUsb.c **** 
 291              		.loc 1 136 18 is_stmt 0 view .LVU70
 292 0048 0026     		movs	r6, #0
 293 004a C5F80462 		str	r6, [r5, #516]
 139:Middlewares/ST/STM32_USB_Device_Library/Class/winUsb/Src/usbd_winUsb.c **** 
 294              		.loc 1 139 3 is_stmt 1 view .LVU71
 139:Middlewares/ST/STM32_USB_Device_Library/Class/winUsb/Src/usbd_winUsb.c **** 
 295              		.loc 1 139 50 is_stmt 0 view .LVU72
 296 004e D4F8F832 		ldr	r3, [r4, #760]
 139:Middlewares/ST/STM32_USB_Device_Library/Class/winUsb/Src/usbd_winUsb.c **** 
 297              		.loc 1 139 45 view .LVU73
 298 0052 B633     		adds	r3, r3, #182
 299 0054 04EB8303 		add	r3, r4, r3, lsl #2
 300 0058 5B68     		ldr	r3, [r3, #4]
 139:Middlewares/ST/STM32_USB_Device_Library/Class/winUsb/Src/usbd_winUsb.c **** 
 301              		.loc 1 139 61 view .LVU74
 302 005a 1B68     		ldr	r3, [r3]
 139:Middlewares/ST/STM32_USB_Device_Library/Class/winUsb/Src/usbd_winUsb.c **** 
 303              		.loc 1 139 4 view .LVU75
 304 005c 9847     		blx	r3
 305              	.LVL20:
 142:Middlewares/ST/STM32_USB_Device_Library/Class/winUsb/Src/usbd_winUsb.c ****   hcdc->RxState = 0U;
 306              		.loc 1 142 3 is_stmt 1 view .LVU76
 142:Middlewares/ST/STM32_USB_Device_Library/Class/winUsb/Src/usbd_winUsb.c ****   hcdc->RxState = 0U;
 307              		.loc 1 142 17 is_stmt 0 view .LVU77
 308 005e C5F81462 		str	r6, [r5, #532]
 143:Middlewares/ST/STM32_USB_Device_Library/Class/winUsb/Src/usbd_winUsb.c **** 
 309              		.loc 1 143 3 is_stmt 1 view .LVU78
 143:Middlewares/ST/STM32_USB_Device_Library/Class/winUsb/Src/usbd_winUsb.c **** 
 310              		.loc 1 143 17 is_stmt 0 view .LVU79
 311 0062 C5F81862 		str	r6, [r5, #536]
 145:Middlewares/ST/STM32_USB_Device_Library/Class/winUsb/Src/usbd_winUsb.c ****   {
 312              		.loc 1 145 3 is_stmt 1 view .LVU80
 145:Middlewares/ST/STM32_USB_Device_Library/Class/winUsb/Src/usbd_winUsb.c ****   {
 313              		.loc 1 145 11 is_stmt 0 view .LVU81
 314 0066 D5F80422 		ldr	r2, [r5, #516]
 145:Middlewares/ST/STM32_USB_Device_Library/Class/winUsb/Src/usbd_winUsb.c ****   {
 315              		.loc 1 145 6 view .LVU82
 316 006a 7AB1     		cbz	r2, .L12
 150:Middlewares/ST/STM32_USB_Device_Library/Class/winUsb/Src/usbd_winUsb.c ****                           WIN_USB_EPOUT_ADDR,
 317              		.loc 1 150 3 is_stmt 1 view .LVU83
 318 006c 4023     		movs	r3, #64
 319 006e 0321     		movs	r1, #3
 320 0070 2046     		mov	r0, r4
 321 0072 FFF7FEFF 		bl	USBD_LL_PrepareReceive
 322              	.LVL21:
 154:Middlewares/ST/STM32_USB_Device_Library/Class/winUsb/Src/usbd_winUsb.c **** 
 323              		.loc 1 154 3 view .LVU84
 154:Middlewares/ST/STM32_USB_Device_Library/Class/winUsb/Src/usbd_winUsb.c **** 
ARM GAS  C:\Users\ADMINI~1\AppData\Local\Temp\ccR37UsE.s 			page 12


 324              		.loc 1 154 10 is_stmt 0 view .LVU85
 325 0076 3046     		mov	r0, r6
 326              	.LVL22:
 327              	.L11:
 156:Middlewares/ST/STM32_USB_Device_Library/Class/winUsb/Src/usbd_winUsb.c **** 
 328              		.loc 1 156 1 view .LVU86
 329 0078 70BD     		pop	{r4, r5, r6, pc}
 330              	.LVL23:
 331              	.L14:
 120:Middlewares/ST/STM32_USB_Device_Library/Class/winUsb/Src/usbd_winUsb.c ****     return (uint8_t)USBD_EMEM;
 332              		.loc 1 120 5 is_stmt 1 view .LVU87
 120:Middlewares/ST/STM32_USB_Device_Library/Class/winUsb/Src/usbd_winUsb.c ****     return (uint8_t)USBD_EMEM;
 333              		.loc 1 120 31 is_stmt 0 view .LVU88
 334 007a D4F8F832 		ldr	r3, [r4, #760]
 120:Middlewares/ST/STM32_USB_Device_Library/Class/winUsb/Src/usbd_winUsb.c ****     return (uint8_t)USBD_EMEM;
 335              		.loc 1 120 42 view .LVU89
 336 007e B233     		adds	r3, r3, #178
 337 0080 04EB8304 		add	r4, r4, r3, lsl #2
 338              	.LVL24:
 120:Middlewares/ST/STM32_USB_Device_Library/Class/winUsb/Src/usbd_winUsb.c ****     return (uint8_t)USBD_EMEM;
 339              		.loc 1 120 42 view .LVU90
 340 0084 0023     		movs	r3, #0
 341 0086 6360     		str	r3, [r4, #4]
 121:Middlewares/ST/STM32_USB_Device_Library/Class/winUsb/Src/usbd_winUsb.c ****   }
 342              		.loc 1 121 5 is_stmt 1 view .LVU91
 121:Middlewares/ST/STM32_USB_Device_Library/Class/winUsb/Src/usbd_winUsb.c ****   }
 343              		.loc 1 121 12 is_stmt 0 view .LVU92
 344 0088 0220     		movs	r0, #2
 345              	.LVL25:
 121:Middlewares/ST/STM32_USB_Device_Library/Class/winUsb/Src/usbd_winUsb.c ****   }
 346              		.loc 1 121 12 view .LVU93
 347 008a F5E7     		b	.L11
 348              	.LVL26:
 349              	.L12:
 147:Middlewares/ST/STM32_USB_Device_Library/Class/winUsb/Src/usbd_winUsb.c ****   }
 350              		.loc 1 147 12 view .LVU94
 351 008c 0220     		movs	r0, #2
 352 008e F3E7     		b	.L11
 353              		.cfi_endproc
 354              	.LFE134:
 356              		.section	.text.USBD_WinUsb_SetTxBuffer,"ax",%progbits
 357              		.align	1
 358              		.global	USBD_WinUsb_SetTxBuffer
 359              		.syntax unified
 360              		.thumb
 361              		.thumb_func
 363              	USBD_WinUsb_SetTxBuffer:
 364              	.LVL27:
 365              	.LFB140:
 208:Middlewares/ST/STM32_USB_Device_Library/Class/winUsb/Src/usbd_winUsb.c ****   USBD_WinUsb_HandleTypeDef *hcdc = (USBD_WinUsb_HandleTypeDef *)pdev->pClassDataCmsit[pdev->classI
 366              		.loc 1 208 1 is_stmt 1 view -0
 367              		.cfi_startproc
 368              		@ args = 0, pretend = 0, frame = 0
 369              		@ frame_needed = 0, uses_anonymous_args = 0
 370              		@ link register save eliminated.
 209:Middlewares/ST/STM32_USB_Device_Library/Class/winUsb/Src/usbd_winUsb.c **** 
 371              		.loc 1 209 3 view .LVU96
ARM GAS  C:\Users\ADMINI~1\AppData\Local\Temp\ccR37UsE.s 			page 13


 209:Middlewares/ST/STM32_USB_Device_Library/Class/winUsb/Src/usbd_winUsb.c **** 
 372              		.loc 1 209 92 is_stmt 0 view .LVU97
 373 0000 D0F8F832 		ldr	r3, [r0, #760]
 209:Middlewares/ST/STM32_USB_Device_Library/Class/winUsb/Src/usbd_winUsb.c **** 
 374              		.loc 1 209 30 view .LVU98
 375 0004 B233     		adds	r3, r3, #178
 376 0006 00EB8300 		add	r0, r0, r3, lsl #2
 377              	.LVL28:
 209:Middlewares/ST/STM32_USB_Device_Library/Class/winUsb/Src/usbd_winUsb.c **** 
 378              		.loc 1 209 30 view .LVU99
 379 000a 4368     		ldr	r3, [r0, #4]
 380              	.LVL29:
 211:Middlewares/ST/STM32_USB_Device_Library/Class/winUsb/Src/usbd_winUsb.c ****   {
 381              		.loc 1 211 3 is_stmt 1 view .LVU100
 211:Middlewares/ST/STM32_USB_Device_Library/Class/winUsb/Src/usbd_winUsb.c ****   {
 382              		.loc 1 211 6 is_stmt 0 view .LVU101
 383 000c 2BB1     		cbz	r3, .L17
 216:Middlewares/ST/STM32_USB_Device_Library/Class/winUsb/Src/usbd_winUsb.c ****   hcdc->TxLength = length;
 384              		.loc 1 216 3 is_stmt 1 view .LVU102
 216:Middlewares/ST/STM32_USB_Device_Library/Class/winUsb/Src/usbd_winUsb.c ****   hcdc->TxLength = length;
 385              		.loc 1 216 18 is_stmt 0 view .LVU103
 386 000e C3F80812 		str	r1, [r3, #520]
 217:Middlewares/ST/STM32_USB_Device_Library/Class/winUsb/Src/usbd_winUsb.c **** 
 387              		.loc 1 217 3 is_stmt 1 view .LVU104
 217:Middlewares/ST/STM32_USB_Device_Library/Class/winUsb/Src/usbd_winUsb.c **** 
 388              		.loc 1 217 18 is_stmt 0 view .LVU105
 389 0012 C3F81022 		str	r2, [r3, #528]
 219:Middlewares/ST/STM32_USB_Device_Library/Class/winUsb/Src/usbd_winUsb.c **** }
 390              		.loc 1 219 3 is_stmt 1 view .LVU106
 219:Middlewares/ST/STM32_USB_Device_Library/Class/winUsb/Src/usbd_winUsb.c **** }
 391              		.loc 1 219 10 is_stmt 0 view .LVU107
 392 0016 0020     		movs	r0, #0
 393 0018 7047     		bx	lr
 394              	.L17:
 213:Middlewares/ST/STM32_USB_Device_Library/Class/winUsb/Src/usbd_winUsb.c ****   }
 395              		.loc 1 213 12 view .LVU108
 396 001a 0320     		movs	r0, #3
 220:Middlewares/ST/STM32_USB_Device_Library/Class/winUsb/Src/usbd_winUsb.c **** uint8_t USBD_WinUsb_SetRxBuffer(USBD_HandleTypeDef *pdev, uint8_t *pbuff)
 397              		.loc 1 220 1 view .LVU109
 398 001c 7047     		bx	lr
 399              		.cfi_endproc
 400              	.LFE140:
 402              		.section	.text.USBD_WinUsb_SetRxBuffer,"ax",%progbits
 403              		.align	1
 404              		.global	USBD_WinUsb_SetRxBuffer
 405              		.syntax unified
 406              		.thumb
 407              		.thumb_func
 409              	USBD_WinUsb_SetRxBuffer:
 410              	.LVL30:
 411              	.LFB141:
 222:Middlewares/ST/STM32_USB_Device_Library/Class/winUsb/Src/usbd_winUsb.c **** 	USBD_WinUsb_HandleTypeDef *hcdc = (USBD_WinUsb_HandleTypeDef *)pdev->pClassDataCmsit[pdev->classId
 412              		.loc 1 222 1 is_stmt 1 view -0
 413              		.cfi_startproc
 414              		@ args = 0, pretend = 0, frame = 0
 415              		@ frame_needed = 0, uses_anonymous_args = 0
 416              		@ link register save eliminated.
ARM GAS  C:\Users\ADMINI~1\AppData\Local\Temp\ccR37UsE.s 			page 14


 223:Middlewares/ST/STM32_USB_Device_Library/Class/winUsb/Src/usbd_winUsb.c **** 
 417              		.loc 1 223 2 view .LVU111
 223:Middlewares/ST/STM32_USB_Device_Library/Class/winUsb/Src/usbd_winUsb.c **** 
 418              		.loc 1 223 91 is_stmt 0 view .LVU112
 419 0000 D0F8F832 		ldr	r3, [r0, #760]
 223:Middlewares/ST/STM32_USB_Device_Library/Class/winUsb/Src/usbd_winUsb.c **** 
 420              		.loc 1 223 29 view .LVU113
 421 0004 B233     		adds	r3, r3, #178
 422 0006 00EB8300 		add	r0, r0, r3, lsl #2
 423              	.LVL31:
 223:Middlewares/ST/STM32_USB_Device_Library/Class/winUsb/Src/usbd_winUsb.c **** 
 424              		.loc 1 223 29 view .LVU114
 425 000a 4368     		ldr	r3, [r0, #4]
 426              	.LVL32:
 225:Middlewares/ST/STM32_USB_Device_Library/Class/winUsb/Src/usbd_winUsb.c **** 	{
 427              		.loc 1 225 2 is_stmt 1 view .LVU115
 225:Middlewares/ST/STM32_USB_Device_Library/Class/winUsb/Src/usbd_winUsb.c **** 	{
 428              		.loc 1 225 5 is_stmt 0 view .LVU116
 429 000c 1BB1     		cbz	r3, .L20
 230:Middlewares/ST/STM32_USB_Device_Library/Class/winUsb/Src/usbd_winUsb.c **** 
 430              		.loc 1 230 2 is_stmt 1 view .LVU117
 230:Middlewares/ST/STM32_USB_Device_Library/Class/winUsb/Src/usbd_winUsb.c **** 
 431              		.loc 1 230 17 is_stmt 0 view .LVU118
 432 000e C3F80412 		str	r1, [r3, #516]
 232:Middlewares/ST/STM32_USB_Device_Library/Class/winUsb/Src/usbd_winUsb.c **** }
 433              		.loc 1 232 2 is_stmt 1 view .LVU119
 232:Middlewares/ST/STM32_USB_Device_Library/Class/winUsb/Src/usbd_winUsb.c **** }
 434              		.loc 1 232 9 is_stmt 0 view .LVU120
 435 0012 0020     		movs	r0, #0
 436 0014 7047     		bx	lr
 437              	.L20:
 227:Middlewares/ST/STM32_USB_Device_Library/Class/winUsb/Src/usbd_winUsb.c **** 	}
 438              		.loc 1 227 11 view .LVU121
 439 0016 0320     		movs	r0, #3
 233:Middlewares/ST/STM32_USB_Device_Library/Class/winUsb/Src/usbd_winUsb.c **** 
 440              		.loc 1 233 1 view .LVU122
 441 0018 7047     		bx	lr
 442              		.cfi_endproc
 443              	.LFE141:
 445              		.section	.text.WinUsb_Init_FS,"ax",%progbits
 446              		.align	1
 447              		.syntax unified
 448              		.thumb
 449              		.thumb_func
 451              	WinUsb_Init_FS:
 452              	.LFB142:
 237:Middlewares/ST/STM32_USB_Device_Library/Class/winUsb/Src/usbd_winUsb.c ****   /* USER CODE BEGIN 3 */
 453              		.loc 1 237 1 is_stmt 1 view -0
 454              		.cfi_startproc
 455              		@ args = 0, pretend = 0, frame = 0
 456              		@ frame_needed = 0, uses_anonymous_args = 0
 457 0000 10B5     		push	{r4, lr}
 458              	.LCFI2:
 459              		.cfi_def_cfa_offset 8
 460              		.cfi_offset 4, -8
 461              		.cfi_offset 14, -4
 240:Middlewares/ST/STM32_USB_Device_Library/Class/winUsb/Src/usbd_winUsb.c ****   USBD_WinUsb_SetRxBuffer(&hUsbDeviceFS, WinUsbRxBufferFS);
ARM GAS  C:\Users\ADMINI~1\AppData\Local\Temp\ccR37UsE.s 			page 15


 462              		.loc 1 240 3 view .LVU124
 463 0002 064C     		ldr	r4, .L23
 464 0004 0022     		movs	r2, #0
 465 0006 0649     		ldr	r1, .L23+4
 466 0008 2046     		mov	r0, r4
 467 000a FFF7FEFF 		bl	USBD_WinUsb_SetTxBuffer
 468              	.LVL33:
 241:Middlewares/ST/STM32_USB_Device_Library/Class/winUsb/Src/usbd_winUsb.c ****   return (USBD_OK);
 469              		.loc 1 241 3 view .LVU125
 470 000e 0549     		ldr	r1, .L23+8
 471 0010 2046     		mov	r0, r4
 472 0012 FFF7FEFF 		bl	USBD_WinUsb_SetRxBuffer
 473              	.LVL34:
 242:Middlewares/ST/STM32_USB_Device_Library/Class/winUsb/Src/usbd_winUsb.c ****   /* USER CODE END 3 */
 474              		.loc 1 242 3 view .LVU126
 244:Middlewares/ST/STM32_USB_Device_Library/Class/winUsb/Src/usbd_winUsb.c **** static int8_t WinUsb_DeInit_FS(void)
 475              		.loc 1 244 1 is_stmt 0 view .LVU127
 476 0016 0020     		movs	r0, #0
 477 0018 10BD     		pop	{r4, pc}
 478              	.L24:
 479 001a 00BF     		.align	2
 480              	.L23:
 481 001c 00000000 		.word	hUsbDeviceFS
 482 0020 00000000 		.word	.LANCHOR0
 483 0024 00000000 		.word	.LANCHOR1
 484              		.cfi_endproc
 485              	.LFE142:
 487              		.section	.text.USBD_WinUsb_RegisterInterface,"ax",%progbits
 488              		.align	1
 489              		.global	USBD_WinUsb_RegisterInterface
 490              		.syntax unified
 491              		.thumb
 492              		.thumb_func
 494              	USBD_WinUsb_RegisterInterface:
 495              	.LVL35:
 496              	.LFB144:
 251:Middlewares/ST/STM32_USB_Device_Library/Class/winUsb/Src/usbd_winUsb.c **** 
 252:Middlewares/ST/STM32_USB_Device_Library/Class/winUsb/Src/usbd_winUsb.c **** 
 253:Middlewares/ST/STM32_USB_Device_Library/Class/winUsb/Src/usbd_winUsb.c **** USBD_WinUsb_ItfTypeDef USBD_WinUsb_Interface_fops_FS =
 254:Middlewares/ST/STM32_USB_Device_Library/Class/winUsb/Src/usbd_winUsb.c **** {
 255:Middlewares/ST/STM32_USB_Device_Library/Class/winUsb/Src/usbd_winUsb.c ****   WinUsb_Init_FS,
 256:Middlewares/ST/STM32_USB_Device_Library/Class/winUsb/Src/usbd_winUsb.c ****   WinUsb_DeInit_FS,
 257:Middlewares/ST/STM32_USB_Device_Library/Class/winUsb/Src/usbd_winUsb.c ****   NULL,
 258:Middlewares/ST/STM32_USB_Device_Library/Class/winUsb/Src/usbd_winUsb.c ****   NULL,
 259:Middlewares/ST/STM32_USB_Device_Library/Class/winUsb/Src/usbd_winUsb.c ****   NULL
 260:Middlewares/ST/STM32_USB_Device_Library/Class/winUsb/Src/usbd_winUsb.c **** };
 261:Middlewares/ST/STM32_USB_Device_Library/Class/winUsb/Src/usbd_winUsb.c **** 
 262:Middlewares/ST/STM32_USB_Device_Library/Class/winUsb/Src/usbd_winUsb.c **** 
 263:Middlewares/ST/STM32_USB_Device_Library/Class/winUsb/Src/usbd_winUsb.c **** uint8_t USBD_WinUsb_RegisterInterface(USBD_HandleTypeDef *pdev,
 264:Middlewares/ST/STM32_USB_Device_Library/Class/winUsb/Src/usbd_winUsb.c ****                                    USBD_WinUsb_ItfTypeDef *fops)
 265:Middlewares/ST/STM32_USB_Device_Library/Class/winUsb/Src/usbd_winUsb.c **** {
 497              		.loc 1 265 1 is_stmt 1 view -0
 498              		.cfi_startproc
 499              		@ args = 0, pretend = 0, frame = 0
 500              		@ frame_needed = 0, uses_anonymous_args = 0
 501              		@ link register save eliminated.
 266:Middlewares/ST/STM32_USB_Device_Library/Class/winUsb/Src/usbd_winUsb.c ****   if (fops == NULL)
ARM GAS  C:\Users\ADMINI~1\AppData\Local\Temp\ccR37UsE.s 			page 16


 502              		.loc 1 266 3 view .LVU129
 503              		.loc 1 266 6 is_stmt 0 view .LVU130
 504 0000 81B1     		cbz	r1, .L27
 265:Middlewares/ST/STM32_USB_Device_Library/Class/winUsb/Src/usbd_winUsb.c ****   if (fops == NULL)
 505              		.loc 1 265 1 view .LVU131
 506 0002 10B4     		push	{r4}
 507              	.LCFI3:
 508              		.cfi_def_cfa_offset 4
 509              		.cfi_offset 4, -4
 267:Middlewares/ST/STM32_USB_Device_Library/Class/winUsb/Src/usbd_winUsb.c ****   {
 268:Middlewares/ST/STM32_USB_Device_Library/Class/winUsb/Src/usbd_winUsb.c ****     return (uint8_t)USBD_FAIL;
 269:Middlewares/ST/STM32_USB_Device_Library/Class/winUsb/Src/usbd_winUsb.c ****   }
 270:Middlewares/ST/STM32_USB_Device_Library/Class/winUsb/Src/usbd_winUsb.c ****   
 271:Middlewares/ST/STM32_USB_Device_Library/Class/winUsb/Src/usbd_winUsb.c ****   pdev->classId --;
 510              		.loc 1 271 3 is_stmt 1 view .LVU132
 511              		.loc 1 271 7 is_stmt 0 view .LVU133
 512 0004 D0F8F832 		ldr	r3, [r0, #760]
 513              		.loc 1 271 17 view .LVU134
 514 0008 5A1E     		subs	r2, r3, #1
 515 000a C0F8F822 		str	r2, [r0, #760]
 272:Middlewares/ST/STM32_USB_Device_Library/Class/winUsb/Src/usbd_winUsb.c ****   pdev->pUserData[pdev->classId] = fops;
 516              		.loc 1 272 3 is_stmt 1 view .LVU135
 517              		.loc 1 272 34 is_stmt 0 view .LVU136
 518 000e 03F1B502 		add	r2, r3, #181
 519 0012 00EB8202 		add	r2, r0, r2, lsl #2
 520 0016 5160     		str	r1, [r2, #4]
 273:Middlewares/ST/STM32_USB_Device_Library/Class/winUsb/Src/usbd_winUsb.c ****  
 274:Middlewares/ST/STM32_USB_Device_Library/Class/winUsb/Src/usbd_winUsb.c ****   pdev->classId ++;
 521              		.loc 1 274 3 is_stmt 1 view .LVU137
 522              		.loc 1 274 17 is_stmt 0 view .LVU138
 523 0018 C0F8F832 		str	r3, [r0, #760]
 275:Middlewares/ST/STM32_USB_Device_Library/Class/winUsb/Src/usbd_winUsb.c ****   return (uint8_t)USBD_OK;
 524              		.loc 1 275 3 is_stmt 1 view .LVU139
 525              		.loc 1 275 10 is_stmt 0 view .LVU140
 526 001c 0020     		movs	r0, #0
 527              	.LVL36:
 276:Middlewares/ST/STM32_USB_Device_Library/Class/winUsb/Src/usbd_winUsb.c **** }
 528              		.loc 1 276 1 view .LVU141
 529 001e 5DF8044B 		ldr	r4, [sp], #4
 530              	.LCFI4:
 531              		.cfi_restore 4
 532              		.cfi_def_cfa_offset 0
 533 0022 7047     		bx	lr
 534              	.LVL37:
 535              	.L27:
 268:Middlewares/ST/STM32_USB_Device_Library/Class/winUsb/Src/usbd_winUsb.c ****   }
 536              		.loc 1 268 12 view .LVU142
 537 0024 0320     		movs	r0, #3
 538              	.LVL38:
 539              		.loc 1 276 1 view .LVU143
 540 0026 7047     		bx	lr
 541              		.cfi_endproc
 542              	.LFE144:
 544              		.global	USBD_WinUsb_Interface_fops_FS
 545              		.global	WinUsbTxBufferFS
 546              		.global	WinUsbRxBufferFS
 547              		.global	USBD_WinUsb
ARM GAS  C:\Users\ADMINI~1\AppData\Local\Temp\ccR37UsE.s 			page 17


 548              		.section	.bss.WinUsbRxBufferFS,"aw",%nobits
 549              		.align	2
 550              		.set	.LANCHOR1,. + 0
 553              	WinUsbRxBufferFS:
 554 0000 00000000 		.space	2048
 554      00000000 
 554      00000000 
 554      00000000 
 554      00000000 
 555              		.section	.bss.WinUsbTxBufferFS,"aw",%nobits
 556              		.align	2
 557              		.set	.LANCHOR0,. + 0
 560              	WinUsbTxBufferFS:
 561 0000 00000000 		.space	2048
 561      00000000 
 561      00000000 
 561      00000000 
 561      00000000 
 562              		.section	.data.USBD_WinUsb,"aw"
 563              		.align	2
 566              	USBD_WinUsb:
 567 0000 00000000 		.word	USBD_WinUsb_Init
 568 0004 00000000 		.word	USBD_WinUsb_DeInit
 569 0008 00000000 		.word	USBD_WinUsb_Setup
 570 000c 00000000 		.word	0
 571 0010 00000000 		.word	USBD_WinUsb_EP0_RxReady
 572 0014 00000000 		.word	USBD_WinUsb_DataIn
 573 0018 00000000 		.word	USBD_WinUsb_DataOut
 574 001c 00000000 		.word	0
 575 0020 00000000 		.word	0
 576 0024 00000000 		.word	0
 577 0028 00000000 		.word	0
 578 002c 00000000 		.word	0
 579 0030 00000000 		.word	0
 580 0034 00000000 		.word	0
 581 0038 00000000 		.word	USBD_UsrStrDescriptor
 582              		.section	.data.USBD_WinUsb_Interface_fops_FS,"aw"
 583              		.align	2
 586              	USBD_WinUsb_Interface_fops_FS:
 587 0000 00000000 		.word	WinUsb_Init_FS
 588 0004 00000000 		.word	WinUsb_DeInit_FS
 589 0008 00000000 		.word	0
 590 000c 00000000 		.word	0
 591 0010 00000000 		.word	0
 592              		.text
 593              	.Letext0:
 594              		.file 2 "c:\\program files (x86)\\gnu arm embedded toolchain\\10 2021.10\\arm-none-eabi\\include\\
 595              		.file 3 "c:\\program files (x86)\\gnu arm embedded toolchain\\10 2021.10\\arm-none-eabi\\include\\
 596              		.file 4 "Middlewares/ST/STM32_USB_Device_Library/Core/Inc/usbd_def.h"
 597              		.file 5 "Middlewares/ST/STM32_USB_Device_Library/Class/winUsb/Inc/usbd_winUsb.h"
 598              		.file 6 "Middlewares/ST/STM32_USB_Device_Library/Core/Inc/usbd_core.h"
 599              		.file 7 "c:\\program files (x86)\\gnu arm embedded toolchain\\10 2021.10\\arm-none-eabi\\include\\
 600              		.file 8 "<built-in>"
ARM GAS  C:\Users\ADMINI~1\AppData\Local\Temp\ccR37UsE.s 			page 18


DEFINED SYMBOLS
                            *ABS*:00000000 usbd_winUsb.c
C:\Users\ADMINI~1\AppData\Local\Temp\ccR37UsE.s:20     .text.USBD_WinUsb_Setup:00000000 $t
C:\Users\ADMINI~1\AppData\Local\Temp\ccR37UsE.s:25     .text.USBD_WinUsb_Setup:00000000 USBD_WinUsb_Setup
C:\Users\ADMINI~1\AppData\Local\Temp\ccR37UsE.s:44     .text.USBD_WinUsb_DataIn:00000000 $t
C:\Users\ADMINI~1\AppData\Local\Temp\ccR37UsE.s:49     .text.USBD_WinUsb_DataIn:00000000 USBD_WinUsb_DataIn
C:\Users\ADMINI~1\AppData\Local\Temp\ccR37UsE.s:67     .text.USBD_WinUsb_DataOut:00000000 $t
C:\Users\ADMINI~1\AppData\Local\Temp\ccR37UsE.s:72     .text.USBD_WinUsb_DataOut:00000000 USBD_WinUsb_DataOut
C:\Users\ADMINI~1\AppData\Local\Temp\ccR37UsE.s:90     .text.USBD_WinUsb_EP0_RxReady:00000000 $t
C:\Users\ADMINI~1\AppData\Local\Temp\ccR37UsE.s:95     .text.USBD_WinUsb_EP0_RxReady:00000000 USBD_WinUsb_EP0_RxReady
C:\Users\ADMINI~1\AppData\Local\Temp\ccR37UsE.s:113    .text.WinUsb_DeInit_FS:00000000 $t
C:\Users\ADMINI~1\AppData\Local\Temp\ccR37UsE.s:118    .text.WinUsb_DeInit_FS:00000000 WinUsb_DeInit_FS
C:\Users\ADMINI~1\AppData\Local\Temp\ccR37UsE.s:133    .text.USBD_WinUsb_DeInit:00000000 $t
C:\Users\ADMINI~1\AppData\Local\Temp\ccR37UsE.s:138    .text.USBD_WinUsb_DeInit:00000000 USBD_WinUsb_DeInit
C:\Users\ADMINI~1\AppData\Local\Temp\ccR37UsE.s:221    .text.USBD_WinUsb_Init:00000000 $t
C:\Users\ADMINI~1\AppData\Local\Temp\ccR37UsE.s:226    .text.USBD_WinUsb_Init:00000000 USBD_WinUsb_Init
C:\Users\ADMINI~1\AppData\Local\Temp\ccR37UsE.s:357    .text.USBD_WinUsb_SetTxBuffer:00000000 $t
C:\Users\ADMINI~1\AppData\Local\Temp\ccR37UsE.s:363    .text.USBD_WinUsb_SetTxBuffer:00000000 USBD_WinUsb_SetTxBuffer
C:\Users\ADMINI~1\AppData\Local\Temp\ccR37UsE.s:403    .text.USBD_WinUsb_SetRxBuffer:00000000 $t
C:\Users\ADMINI~1\AppData\Local\Temp\ccR37UsE.s:409    .text.USBD_WinUsb_SetRxBuffer:00000000 USBD_WinUsb_SetRxBuffer
C:\Users\ADMINI~1\AppData\Local\Temp\ccR37UsE.s:446    .text.WinUsb_Init_FS:00000000 $t
C:\Users\ADMINI~1\AppData\Local\Temp\ccR37UsE.s:451    .text.WinUsb_Init_FS:00000000 WinUsb_Init_FS
C:\Users\ADMINI~1\AppData\Local\Temp\ccR37UsE.s:481    .text.WinUsb_Init_FS:0000001c $d
C:\Users\ADMINI~1\AppData\Local\Temp\ccR37UsE.s:488    .text.USBD_WinUsb_RegisterInterface:00000000 $t
C:\Users\ADMINI~1\AppData\Local\Temp\ccR37UsE.s:494    .text.USBD_WinUsb_RegisterInterface:00000000 USBD_WinUsb_RegisterInterface
C:\Users\ADMINI~1\AppData\Local\Temp\ccR37UsE.s:586    .data.USBD_WinUsb_Interface_fops_FS:00000000 USBD_WinUsb_Interface_fops_FS
C:\Users\ADMINI~1\AppData\Local\Temp\ccR37UsE.s:560    .bss.WinUsbTxBufferFS:00000000 WinUsbTxBufferFS
C:\Users\ADMINI~1\AppData\Local\Temp\ccR37UsE.s:553    .bss.WinUsbRxBufferFS:00000000 WinUsbRxBufferFS
C:\Users\ADMINI~1\AppData\Local\Temp\ccR37UsE.s:566    .data.USBD_WinUsb:00000000 USBD_WinUsb
C:\Users\ADMINI~1\AppData\Local\Temp\ccR37UsE.s:549    .bss.WinUsbRxBufferFS:00000000 $d
C:\Users\ADMINI~1\AppData\Local\Temp\ccR37UsE.s:556    .bss.WinUsbTxBufferFS:00000000 $d
C:\Users\ADMINI~1\AppData\Local\Temp\ccR37UsE.s:563    .data.USBD_WinUsb:00000000 $d
C:\Users\ADMINI~1\AppData\Local\Temp\ccR37UsE.s:583    .data.USBD_WinUsb_Interface_fops_FS:00000000 $d

UNDEFINED SYMBOLS
USBD_LL_CloseEP
free
malloc
memset
USBD_LL_OpenEP
USBD_LL_PrepareReceive
hUsbDeviceFS
USBD_UsrStrDescriptor
