ARM GAS  C:\Users\ADMINI~1\AppData\Local\Temp\ccxWZT03.s 			page 1


   1              		.cpu cortex-m0
   2              		.arch armv6s-m
   3              		.fpu softvfp
   4              		.eabi_attribute 20, 1
   5              		.eabi_attribute 21, 1
   6              		.eabi_attribute 23, 3
   7              		.eabi_attribute 24, 1
   8              		.eabi_attribute 25, 1
   9              		.eabi_attribute 26, 1
  10              		.eabi_attribute 30, 1
  11              		.eabi_attribute 34, 0
  12              		.eabi_attribute 18, 4
  13              		.file	"dma.c"
  14              		.text
  15              	.Ltext0:
  16              		.cfi_sections	.debug_frame
  17              		.section	.text.MX_DMA_Init,"ax",%progbits
  18              		.align	1
  19              		.global	MX_DMA_Init
  20              		.syntax unified
  21              		.code	16
  22              		.thumb_func
  24              	MX_DMA_Init:
  25              	.LFB1020:
  26              		.file 1 "Src/dma.c"
   1:Src/dma.c     **** /* USER CODE BEGIN Header */
   2:Src/dma.c     **** /**
   3:Src/dma.c     ****   ******************************************************************************
   4:Src/dma.c     ****   * @file    dma.c
   5:Src/dma.c     ****   * @brief   This file provides code for the configuration
   6:Src/dma.c     ****   *          of all the requested memory to memory DMA transfers.
   7:Src/dma.c     ****   ******************************************************************************
   8:Src/dma.c     ****   * @attention
   9:Src/dma.c     ****   *
  10:Src/dma.c     ****   * Copyright (c) 2022 STMicroelectronics.
  11:Src/dma.c     ****   * All rights reserved.
  12:Src/dma.c     ****   *
  13:Src/dma.c     ****   * This software is licensed under terms that can be found in the LICENSE file
  14:Src/dma.c     ****   * in the root directory of this software component.
  15:Src/dma.c     ****   * If no LICENSE file comes with this software, it is provided AS-IS.
  16:Src/dma.c     ****   *
  17:Src/dma.c     ****   ******************************************************************************
  18:Src/dma.c     ****   */
  19:Src/dma.c     **** /* USER CODE END Header */
  20:Src/dma.c     **** 
  21:Src/dma.c     **** /* Includes ------------------------------------------------------------------*/
  22:Src/dma.c     **** #include "dma.h"
  23:Src/dma.c     **** 
  24:Src/dma.c     **** /* USER CODE BEGIN 0 */
  25:Src/dma.c     **** 
  26:Src/dma.c     **** /* USER CODE END 0 */
  27:Src/dma.c     **** 
  28:Src/dma.c     **** /*----------------------------------------------------------------------------*/
  29:Src/dma.c     **** /* Configure DMA                                                              */
  30:Src/dma.c     **** /*----------------------------------------------------------------------------*/
  31:Src/dma.c     **** 
  32:Src/dma.c     **** /* USER CODE BEGIN 1 */
ARM GAS  C:\Users\ADMINI~1\AppData\Local\Temp\ccxWZT03.s 			page 2


  33:Src/dma.c     **** 
  34:Src/dma.c     **** /* USER CODE END 1 */
  35:Src/dma.c     **** 
  36:Src/dma.c     **** /**
  37:Src/dma.c     ****   * Enable DMA controller clock
  38:Src/dma.c     ****   */
  39:Src/dma.c     **** void MX_DMA_Init(void)
  40:Src/dma.c     **** {
  27              		.loc 1 40 1 view -0
  28              		.cfi_startproc
  29              		@ args = 0, pretend = 0, frame = 8
  30              		@ frame_needed = 0, uses_anonymous_args = 0
  31              		@ link register save eliminated.
  32 0000 82B0     		sub	sp, sp, #8
  33              	.LCFI0:
  34              		.cfi_def_cfa_offset 8
  41:Src/dma.c     **** 
  42:Src/dma.c     ****   /* Init with LL driver */
  43:Src/dma.c     ****   /* DMA controller clock enable */
  44:Src/dma.c     ****   LL_AHB1_GRP1_EnableClock(LL_AHB1_GRP1_PERIPH_DMA1);
  35              		.loc 1 44 3 view .LVU1
  36              	.LVL0:
  37              	.LBB12:
  38              	.LBI12:
  39              		.file 2 "Drivers/STM32F0xx_HAL_Driver/Inc/stm32f0xx_ll_bus.h"
   1:Drivers/STM32F0xx_HAL_Driver/Inc/stm32f0xx_ll_bus.h **** /**
   2:Drivers/STM32F0xx_HAL_Driver/Inc/stm32f0xx_ll_bus.h ****   ******************************************************************************
   3:Drivers/STM32F0xx_HAL_Driver/Inc/stm32f0xx_ll_bus.h ****   * @file    stm32f0xx_ll_bus.h
   4:Drivers/STM32F0xx_HAL_Driver/Inc/stm32f0xx_ll_bus.h ****   * @author  MCD Application Team
   5:Drivers/STM32F0xx_HAL_Driver/Inc/stm32f0xx_ll_bus.h ****   * @brief   Header file of BUS LL module.
   6:Drivers/STM32F0xx_HAL_Driver/Inc/stm32f0xx_ll_bus.h **** 
   7:Drivers/STM32F0xx_HAL_Driver/Inc/stm32f0xx_ll_bus.h ****   @verbatim                
   8:Drivers/STM32F0xx_HAL_Driver/Inc/stm32f0xx_ll_bus.h ****                       ##### RCC Limitations #####
   9:Drivers/STM32F0xx_HAL_Driver/Inc/stm32f0xx_ll_bus.h ****   ==============================================================================
  10:Drivers/STM32F0xx_HAL_Driver/Inc/stm32f0xx_ll_bus.h ****     [..]  
  11:Drivers/STM32F0xx_HAL_Driver/Inc/stm32f0xx_ll_bus.h ****       A delay between an RCC peripheral clock enable and the effective peripheral 
  12:Drivers/STM32F0xx_HAL_Driver/Inc/stm32f0xx_ll_bus.h ****       enabling should be taken into account in order to manage the peripheral read/write 
  13:Drivers/STM32F0xx_HAL_Driver/Inc/stm32f0xx_ll_bus.h ****       from/to registers.
  14:Drivers/STM32F0xx_HAL_Driver/Inc/stm32f0xx_ll_bus.h ****       (+) This delay depends on the peripheral mapping.
  15:Drivers/STM32F0xx_HAL_Driver/Inc/stm32f0xx_ll_bus.h ****         (++) AHB & APB peripherals, 1 dummy read is necessary
  16:Drivers/STM32F0xx_HAL_Driver/Inc/stm32f0xx_ll_bus.h **** 
  17:Drivers/STM32F0xx_HAL_Driver/Inc/stm32f0xx_ll_bus.h ****     [..]  
  18:Drivers/STM32F0xx_HAL_Driver/Inc/stm32f0xx_ll_bus.h ****       Workarounds:
  19:Drivers/STM32F0xx_HAL_Driver/Inc/stm32f0xx_ll_bus.h ****       (#) For AHB & APB peripherals, a dummy read to the peripheral register has been
  20:Drivers/STM32F0xx_HAL_Driver/Inc/stm32f0xx_ll_bus.h ****           inserted in each LL_{BUS}_GRP{x}_EnableClock() function.
  21:Drivers/STM32F0xx_HAL_Driver/Inc/stm32f0xx_ll_bus.h **** 
  22:Drivers/STM32F0xx_HAL_Driver/Inc/stm32f0xx_ll_bus.h ****   @endverbatim
  23:Drivers/STM32F0xx_HAL_Driver/Inc/stm32f0xx_ll_bus.h ****   ******************************************************************************
  24:Drivers/STM32F0xx_HAL_Driver/Inc/stm32f0xx_ll_bus.h ****   * @attention
  25:Drivers/STM32F0xx_HAL_Driver/Inc/stm32f0xx_ll_bus.h ****   *
  26:Drivers/STM32F0xx_HAL_Driver/Inc/stm32f0xx_ll_bus.h ****   * <h2><center>&copy; Copyright (c) 2016 STMicroelectronics.
  27:Drivers/STM32F0xx_HAL_Driver/Inc/stm32f0xx_ll_bus.h ****   * All rights reserved.</center></h2>
  28:Drivers/STM32F0xx_HAL_Driver/Inc/stm32f0xx_ll_bus.h ****   *
  29:Drivers/STM32F0xx_HAL_Driver/Inc/stm32f0xx_ll_bus.h ****   * This software component is licensed by ST under BSD 3-Clause license,
  30:Drivers/STM32F0xx_HAL_Driver/Inc/stm32f0xx_ll_bus.h ****   * the "License"; You may not use this file except in compliance with the
  31:Drivers/STM32F0xx_HAL_Driver/Inc/stm32f0xx_ll_bus.h ****   * License. You may obtain a copy of the License at:
  32:Drivers/STM32F0xx_HAL_Driver/Inc/stm32f0xx_ll_bus.h ****   *                        opensource.org/licenses/BSD-3-Clause
ARM GAS  C:\Users\ADMINI~1\AppData\Local\Temp\ccxWZT03.s 			page 3


  33:Drivers/STM32F0xx_HAL_Driver/Inc/stm32f0xx_ll_bus.h ****   *
  34:Drivers/STM32F0xx_HAL_Driver/Inc/stm32f0xx_ll_bus.h ****   ******************************************************************************
  35:Drivers/STM32F0xx_HAL_Driver/Inc/stm32f0xx_ll_bus.h ****   */
  36:Drivers/STM32F0xx_HAL_Driver/Inc/stm32f0xx_ll_bus.h **** 
  37:Drivers/STM32F0xx_HAL_Driver/Inc/stm32f0xx_ll_bus.h **** /* Define to prevent recursive inclusion -------------------------------------*/
  38:Drivers/STM32F0xx_HAL_Driver/Inc/stm32f0xx_ll_bus.h **** #ifndef __STM32F0xx_LL_BUS_H
  39:Drivers/STM32F0xx_HAL_Driver/Inc/stm32f0xx_ll_bus.h **** #define __STM32F0xx_LL_BUS_H
  40:Drivers/STM32F0xx_HAL_Driver/Inc/stm32f0xx_ll_bus.h **** 
  41:Drivers/STM32F0xx_HAL_Driver/Inc/stm32f0xx_ll_bus.h **** #ifdef __cplusplus
  42:Drivers/STM32F0xx_HAL_Driver/Inc/stm32f0xx_ll_bus.h **** extern "C" {
  43:Drivers/STM32F0xx_HAL_Driver/Inc/stm32f0xx_ll_bus.h **** #endif
  44:Drivers/STM32F0xx_HAL_Driver/Inc/stm32f0xx_ll_bus.h **** 
  45:Drivers/STM32F0xx_HAL_Driver/Inc/stm32f0xx_ll_bus.h **** /* Includes ------------------------------------------------------------------*/
  46:Drivers/STM32F0xx_HAL_Driver/Inc/stm32f0xx_ll_bus.h **** #include "stm32f0xx.h"
  47:Drivers/STM32F0xx_HAL_Driver/Inc/stm32f0xx_ll_bus.h **** 
  48:Drivers/STM32F0xx_HAL_Driver/Inc/stm32f0xx_ll_bus.h **** /** @addtogroup STM32F0xx_LL_Driver
  49:Drivers/STM32F0xx_HAL_Driver/Inc/stm32f0xx_ll_bus.h ****   * @{
  50:Drivers/STM32F0xx_HAL_Driver/Inc/stm32f0xx_ll_bus.h ****   */
  51:Drivers/STM32F0xx_HAL_Driver/Inc/stm32f0xx_ll_bus.h **** 
  52:Drivers/STM32F0xx_HAL_Driver/Inc/stm32f0xx_ll_bus.h **** #if defined(RCC)
  53:Drivers/STM32F0xx_HAL_Driver/Inc/stm32f0xx_ll_bus.h **** 
  54:Drivers/STM32F0xx_HAL_Driver/Inc/stm32f0xx_ll_bus.h **** /** @defgroup BUS_LL BUS
  55:Drivers/STM32F0xx_HAL_Driver/Inc/stm32f0xx_ll_bus.h ****   * @{
  56:Drivers/STM32F0xx_HAL_Driver/Inc/stm32f0xx_ll_bus.h ****   */
  57:Drivers/STM32F0xx_HAL_Driver/Inc/stm32f0xx_ll_bus.h **** 
  58:Drivers/STM32F0xx_HAL_Driver/Inc/stm32f0xx_ll_bus.h **** /* Private types -------------------------------------------------------------*/
  59:Drivers/STM32F0xx_HAL_Driver/Inc/stm32f0xx_ll_bus.h **** /* Private variables ---------------------------------------------------------*/
  60:Drivers/STM32F0xx_HAL_Driver/Inc/stm32f0xx_ll_bus.h **** 
  61:Drivers/STM32F0xx_HAL_Driver/Inc/stm32f0xx_ll_bus.h **** /* Private constants ---------------------------------------------------------*/
  62:Drivers/STM32F0xx_HAL_Driver/Inc/stm32f0xx_ll_bus.h **** 
  63:Drivers/STM32F0xx_HAL_Driver/Inc/stm32f0xx_ll_bus.h **** /* Private macros ------------------------------------------------------------*/
  64:Drivers/STM32F0xx_HAL_Driver/Inc/stm32f0xx_ll_bus.h **** 
  65:Drivers/STM32F0xx_HAL_Driver/Inc/stm32f0xx_ll_bus.h **** /* Exported types ------------------------------------------------------------*/
  66:Drivers/STM32F0xx_HAL_Driver/Inc/stm32f0xx_ll_bus.h **** /* Exported constants --------------------------------------------------------*/
  67:Drivers/STM32F0xx_HAL_Driver/Inc/stm32f0xx_ll_bus.h **** /** @defgroup BUS_LL_Exported_Constants BUS Exported Constants
  68:Drivers/STM32F0xx_HAL_Driver/Inc/stm32f0xx_ll_bus.h ****   * @{
  69:Drivers/STM32F0xx_HAL_Driver/Inc/stm32f0xx_ll_bus.h ****   */
  70:Drivers/STM32F0xx_HAL_Driver/Inc/stm32f0xx_ll_bus.h **** 
  71:Drivers/STM32F0xx_HAL_Driver/Inc/stm32f0xx_ll_bus.h **** /** @defgroup BUS_LL_EC_AHB1_GRP1_PERIPH  AHB1 GRP1 PERIPH
  72:Drivers/STM32F0xx_HAL_Driver/Inc/stm32f0xx_ll_bus.h ****   * @{
  73:Drivers/STM32F0xx_HAL_Driver/Inc/stm32f0xx_ll_bus.h ****   */
  74:Drivers/STM32F0xx_HAL_Driver/Inc/stm32f0xx_ll_bus.h **** #define LL_AHB1_GRP1_PERIPH_ALL            (uint32_t)0xFFFFFFFFU
  75:Drivers/STM32F0xx_HAL_Driver/Inc/stm32f0xx_ll_bus.h **** #define LL_AHB1_GRP1_PERIPH_DMA1           RCC_AHBENR_DMA1EN
  76:Drivers/STM32F0xx_HAL_Driver/Inc/stm32f0xx_ll_bus.h **** #if defined(DMA2)
  77:Drivers/STM32F0xx_HAL_Driver/Inc/stm32f0xx_ll_bus.h **** #define LL_AHB1_GRP1_PERIPH_DMA2           RCC_AHBENR_DMA2EN
  78:Drivers/STM32F0xx_HAL_Driver/Inc/stm32f0xx_ll_bus.h **** #endif /*DMA2*/
  79:Drivers/STM32F0xx_HAL_Driver/Inc/stm32f0xx_ll_bus.h **** #define LL_AHB1_GRP1_PERIPH_SRAM           RCC_AHBENR_SRAMEN
  80:Drivers/STM32F0xx_HAL_Driver/Inc/stm32f0xx_ll_bus.h **** #define LL_AHB1_GRP1_PERIPH_FLASH          RCC_AHBENR_FLITFEN
  81:Drivers/STM32F0xx_HAL_Driver/Inc/stm32f0xx_ll_bus.h **** #define LL_AHB1_GRP1_PERIPH_CRC            RCC_AHBENR_CRCEN
  82:Drivers/STM32F0xx_HAL_Driver/Inc/stm32f0xx_ll_bus.h **** #define LL_AHB1_GRP1_PERIPH_GPIOA          RCC_AHBENR_GPIOAEN
  83:Drivers/STM32F0xx_HAL_Driver/Inc/stm32f0xx_ll_bus.h **** #define LL_AHB1_GRP1_PERIPH_GPIOB          RCC_AHBENR_GPIOBEN
  84:Drivers/STM32F0xx_HAL_Driver/Inc/stm32f0xx_ll_bus.h **** #define LL_AHB1_GRP1_PERIPH_GPIOC          RCC_AHBENR_GPIOCEN
  85:Drivers/STM32F0xx_HAL_Driver/Inc/stm32f0xx_ll_bus.h **** #if defined(GPIOD)
  86:Drivers/STM32F0xx_HAL_Driver/Inc/stm32f0xx_ll_bus.h **** #define LL_AHB1_GRP1_PERIPH_GPIOD          RCC_AHBENR_GPIODEN
  87:Drivers/STM32F0xx_HAL_Driver/Inc/stm32f0xx_ll_bus.h **** #endif /*GPIOD*/
  88:Drivers/STM32F0xx_HAL_Driver/Inc/stm32f0xx_ll_bus.h **** #if defined(GPIOE)
  89:Drivers/STM32F0xx_HAL_Driver/Inc/stm32f0xx_ll_bus.h **** #define LL_AHB1_GRP1_PERIPH_GPIOE          RCC_AHBENR_GPIOEEN
ARM GAS  C:\Users\ADMINI~1\AppData\Local\Temp\ccxWZT03.s 			page 4


  90:Drivers/STM32F0xx_HAL_Driver/Inc/stm32f0xx_ll_bus.h **** #endif /*GPIOE*/
  91:Drivers/STM32F0xx_HAL_Driver/Inc/stm32f0xx_ll_bus.h **** #define LL_AHB1_GRP1_PERIPH_GPIOF          RCC_AHBENR_GPIOFEN
  92:Drivers/STM32F0xx_HAL_Driver/Inc/stm32f0xx_ll_bus.h **** #if defined(TSC)
  93:Drivers/STM32F0xx_HAL_Driver/Inc/stm32f0xx_ll_bus.h **** #define LL_AHB1_GRP1_PERIPH_TSC            RCC_AHBENR_TSCEN
  94:Drivers/STM32F0xx_HAL_Driver/Inc/stm32f0xx_ll_bus.h **** #endif /*TSC*/
  95:Drivers/STM32F0xx_HAL_Driver/Inc/stm32f0xx_ll_bus.h **** /**
  96:Drivers/STM32F0xx_HAL_Driver/Inc/stm32f0xx_ll_bus.h ****   * @}
  97:Drivers/STM32F0xx_HAL_Driver/Inc/stm32f0xx_ll_bus.h ****   */
  98:Drivers/STM32F0xx_HAL_Driver/Inc/stm32f0xx_ll_bus.h **** 
  99:Drivers/STM32F0xx_HAL_Driver/Inc/stm32f0xx_ll_bus.h **** /** @defgroup BUS_LL_EC_APB1_GRP1_PERIPH  APB1 GRP1 PERIPH
 100:Drivers/STM32F0xx_HAL_Driver/Inc/stm32f0xx_ll_bus.h ****   * @{
 101:Drivers/STM32F0xx_HAL_Driver/Inc/stm32f0xx_ll_bus.h ****   */
 102:Drivers/STM32F0xx_HAL_Driver/Inc/stm32f0xx_ll_bus.h **** #define LL_APB1_GRP1_PERIPH_ALL            (uint32_t)0xFFFFFFFFU
 103:Drivers/STM32F0xx_HAL_Driver/Inc/stm32f0xx_ll_bus.h **** #if defined(TIM2)
 104:Drivers/STM32F0xx_HAL_Driver/Inc/stm32f0xx_ll_bus.h **** #define LL_APB1_GRP1_PERIPH_TIM2           RCC_APB1ENR_TIM2EN
 105:Drivers/STM32F0xx_HAL_Driver/Inc/stm32f0xx_ll_bus.h **** #endif /*TIM2*/
 106:Drivers/STM32F0xx_HAL_Driver/Inc/stm32f0xx_ll_bus.h **** #define LL_APB1_GRP1_PERIPH_TIM3           RCC_APB1ENR_TIM3EN
 107:Drivers/STM32F0xx_HAL_Driver/Inc/stm32f0xx_ll_bus.h **** #if defined(TIM6)
 108:Drivers/STM32F0xx_HAL_Driver/Inc/stm32f0xx_ll_bus.h **** #define LL_APB1_GRP1_PERIPH_TIM6           RCC_APB1ENR_TIM6EN
 109:Drivers/STM32F0xx_HAL_Driver/Inc/stm32f0xx_ll_bus.h **** #endif /*TIM6*/
 110:Drivers/STM32F0xx_HAL_Driver/Inc/stm32f0xx_ll_bus.h **** #if defined(TIM7)
 111:Drivers/STM32F0xx_HAL_Driver/Inc/stm32f0xx_ll_bus.h **** #define LL_APB1_GRP1_PERIPH_TIM7           RCC_APB1ENR_TIM7EN
 112:Drivers/STM32F0xx_HAL_Driver/Inc/stm32f0xx_ll_bus.h **** #endif /*TIM7*/
 113:Drivers/STM32F0xx_HAL_Driver/Inc/stm32f0xx_ll_bus.h **** #define LL_APB1_GRP1_PERIPH_TIM14          RCC_APB1ENR_TIM14EN
 114:Drivers/STM32F0xx_HAL_Driver/Inc/stm32f0xx_ll_bus.h **** #define LL_APB1_GRP1_PERIPH_WWDG           RCC_APB1ENR_WWDGEN
 115:Drivers/STM32F0xx_HAL_Driver/Inc/stm32f0xx_ll_bus.h **** #if defined(SPI2)
 116:Drivers/STM32F0xx_HAL_Driver/Inc/stm32f0xx_ll_bus.h **** #define LL_APB1_GRP1_PERIPH_SPI2           RCC_APB1ENR_SPI2EN
 117:Drivers/STM32F0xx_HAL_Driver/Inc/stm32f0xx_ll_bus.h **** #endif /*SPI2*/
 118:Drivers/STM32F0xx_HAL_Driver/Inc/stm32f0xx_ll_bus.h **** #if defined(USART2)
 119:Drivers/STM32F0xx_HAL_Driver/Inc/stm32f0xx_ll_bus.h **** #define LL_APB1_GRP1_PERIPH_USART2         RCC_APB1ENR_USART2EN
 120:Drivers/STM32F0xx_HAL_Driver/Inc/stm32f0xx_ll_bus.h **** #endif /* USART2 */
 121:Drivers/STM32F0xx_HAL_Driver/Inc/stm32f0xx_ll_bus.h **** #if defined(USART3)
 122:Drivers/STM32F0xx_HAL_Driver/Inc/stm32f0xx_ll_bus.h **** #define LL_APB1_GRP1_PERIPH_USART3         RCC_APB1ENR_USART3EN
 123:Drivers/STM32F0xx_HAL_Driver/Inc/stm32f0xx_ll_bus.h **** #endif /* USART3 */
 124:Drivers/STM32F0xx_HAL_Driver/Inc/stm32f0xx_ll_bus.h **** #if defined(USART4)
 125:Drivers/STM32F0xx_HAL_Driver/Inc/stm32f0xx_ll_bus.h **** #define LL_APB1_GRP1_PERIPH_USART4         RCC_APB1ENR_USART4EN
 126:Drivers/STM32F0xx_HAL_Driver/Inc/stm32f0xx_ll_bus.h **** #endif /* USART4 */
 127:Drivers/STM32F0xx_HAL_Driver/Inc/stm32f0xx_ll_bus.h **** #if defined(USART5)
 128:Drivers/STM32F0xx_HAL_Driver/Inc/stm32f0xx_ll_bus.h **** #define LL_APB1_GRP1_PERIPH_USART5         RCC_APB1ENR_USART5EN
 129:Drivers/STM32F0xx_HAL_Driver/Inc/stm32f0xx_ll_bus.h **** #endif /* USART5 */
 130:Drivers/STM32F0xx_HAL_Driver/Inc/stm32f0xx_ll_bus.h **** #define LL_APB1_GRP1_PERIPH_I2C1           RCC_APB1ENR_I2C1EN
 131:Drivers/STM32F0xx_HAL_Driver/Inc/stm32f0xx_ll_bus.h **** #if defined(I2C2)
 132:Drivers/STM32F0xx_HAL_Driver/Inc/stm32f0xx_ll_bus.h **** #define LL_APB1_GRP1_PERIPH_I2C2           RCC_APB1ENR_I2C2EN
 133:Drivers/STM32F0xx_HAL_Driver/Inc/stm32f0xx_ll_bus.h **** #endif /*I2C2*/
 134:Drivers/STM32F0xx_HAL_Driver/Inc/stm32f0xx_ll_bus.h **** #if defined(USB)
 135:Drivers/STM32F0xx_HAL_Driver/Inc/stm32f0xx_ll_bus.h **** #define LL_APB1_GRP1_PERIPH_USB            RCC_APB1ENR_USBEN
 136:Drivers/STM32F0xx_HAL_Driver/Inc/stm32f0xx_ll_bus.h **** #endif /* USB */
 137:Drivers/STM32F0xx_HAL_Driver/Inc/stm32f0xx_ll_bus.h **** #if defined(CAN)
 138:Drivers/STM32F0xx_HAL_Driver/Inc/stm32f0xx_ll_bus.h **** #define LL_APB1_GRP1_PERIPH_CAN            RCC_APB1ENR_CANEN
 139:Drivers/STM32F0xx_HAL_Driver/Inc/stm32f0xx_ll_bus.h **** #endif /*CAN*/
 140:Drivers/STM32F0xx_HAL_Driver/Inc/stm32f0xx_ll_bus.h **** #if defined(CRS)
 141:Drivers/STM32F0xx_HAL_Driver/Inc/stm32f0xx_ll_bus.h **** #define LL_APB1_GRP1_PERIPH_CRS            RCC_APB1ENR_CRSEN
 142:Drivers/STM32F0xx_HAL_Driver/Inc/stm32f0xx_ll_bus.h **** #endif /*CRS*/
 143:Drivers/STM32F0xx_HAL_Driver/Inc/stm32f0xx_ll_bus.h **** #define LL_APB1_GRP1_PERIPH_PWR            RCC_APB1ENR_PWREN
 144:Drivers/STM32F0xx_HAL_Driver/Inc/stm32f0xx_ll_bus.h **** #if defined(DAC)
 145:Drivers/STM32F0xx_HAL_Driver/Inc/stm32f0xx_ll_bus.h **** #define LL_APB1_GRP1_PERIPH_DAC1           RCC_APB1ENR_DACEN
 146:Drivers/STM32F0xx_HAL_Driver/Inc/stm32f0xx_ll_bus.h **** #endif /*DAC*/
ARM GAS  C:\Users\ADMINI~1\AppData\Local\Temp\ccxWZT03.s 			page 5


 147:Drivers/STM32F0xx_HAL_Driver/Inc/stm32f0xx_ll_bus.h **** #if defined(CEC)
 148:Drivers/STM32F0xx_HAL_Driver/Inc/stm32f0xx_ll_bus.h **** #define LL_APB1_GRP1_PERIPH_CEC            RCC_APB1ENR_CECEN
 149:Drivers/STM32F0xx_HAL_Driver/Inc/stm32f0xx_ll_bus.h **** #endif /*CEC*/
 150:Drivers/STM32F0xx_HAL_Driver/Inc/stm32f0xx_ll_bus.h **** /**
 151:Drivers/STM32F0xx_HAL_Driver/Inc/stm32f0xx_ll_bus.h ****   * @}
 152:Drivers/STM32F0xx_HAL_Driver/Inc/stm32f0xx_ll_bus.h ****   */
 153:Drivers/STM32F0xx_HAL_Driver/Inc/stm32f0xx_ll_bus.h **** 
 154:Drivers/STM32F0xx_HAL_Driver/Inc/stm32f0xx_ll_bus.h **** /** @defgroup BUS_LL_EC_APB1_GRP2_PERIPH  APB1 GRP2 PERIPH
 155:Drivers/STM32F0xx_HAL_Driver/Inc/stm32f0xx_ll_bus.h ****   * @{
 156:Drivers/STM32F0xx_HAL_Driver/Inc/stm32f0xx_ll_bus.h ****   */
 157:Drivers/STM32F0xx_HAL_Driver/Inc/stm32f0xx_ll_bus.h **** #define LL_APB1_GRP2_PERIPH_ALL            (uint32_t)0xFFFFFFFFU
 158:Drivers/STM32F0xx_HAL_Driver/Inc/stm32f0xx_ll_bus.h **** #define LL_APB1_GRP2_PERIPH_SYSCFG         RCC_APB2ENR_SYSCFGEN
 159:Drivers/STM32F0xx_HAL_Driver/Inc/stm32f0xx_ll_bus.h **** #define LL_APB1_GRP2_PERIPH_ADC1           RCC_APB2ENR_ADC1EN
 160:Drivers/STM32F0xx_HAL_Driver/Inc/stm32f0xx_ll_bus.h **** #if defined(USART8)
 161:Drivers/STM32F0xx_HAL_Driver/Inc/stm32f0xx_ll_bus.h **** #define LL_APB1_GRP2_PERIPH_USART8         RCC_APB2ENR_USART8EN
 162:Drivers/STM32F0xx_HAL_Driver/Inc/stm32f0xx_ll_bus.h **** #endif /*USART8*/
 163:Drivers/STM32F0xx_HAL_Driver/Inc/stm32f0xx_ll_bus.h **** #if defined(USART7)
 164:Drivers/STM32F0xx_HAL_Driver/Inc/stm32f0xx_ll_bus.h **** #define LL_APB1_GRP2_PERIPH_USART7         RCC_APB2ENR_USART7EN
 165:Drivers/STM32F0xx_HAL_Driver/Inc/stm32f0xx_ll_bus.h **** #endif /*USART7*/
 166:Drivers/STM32F0xx_HAL_Driver/Inc/stm32f0xx_ll_bus.h **** #if defined(USART6)
 167:Drivers/STM32F0xx_HAL_Driver/Inc/stm32f0xx_ll_bus.h **** #define LL_APB1_GRP2_PERIPH_USART6         RCC_APB2ENR_USART6EN
 168:Drivers/STM32F0xx_HAL_Driver/Inc/stm32f0xx_ll_bus.h **** #endif /*USART6*/
 169:Drivers/STM32F0xx_HAL_Driver/Inc/stm32f0xx_ll_bus.h **** #define LL_APB1_GRP2_PERIPH_TIM1           RCC_APB2ENR_TIM1EN
 170:Drivers/STM32F0xx_HAL_Driver/Inc/stm32f0xx_ll_bus.h **** #define LL_APB1_GRP2_PERIPH_SPI1           RCC_APB2ENR_SPI1EN
 171:Drivers/STM32F0xx_HAL_Driver/Inc/stm32f0xx_ll_bus.h **** #define LL_APB1_GRP2_PERIPH_USART1         RCC_APB2ENR_USART1EN
 172:Drivers/STM32F0xx_HAL_Driver/Inc/stm32f0xx_ll_bus.h **** #if defined(TIM15)
 173:Drivers/STM32F0xx_HAL_Driver/Inc/stm32f0xx_ll_bus.h **** #define LL_APB1_GRP2_PERIPH_TIM15          RCC_APB2ENR_TIM15EN
 174:Drivers/STM32F0xx_HAL_Driver/Inc/stm32f0xx_ll_bus.h **** #endif /*TIM15*/
 175:Drivers/STM32F0xx_HAL_Driver/Inc/stm32f0xx_ll_bus.h **** #define LL_APB1_GRP2_PERIPH_TIM16          RCC_APB2ENR_TIM16EN
 176:Drivers/STM32F0xx_HAL_Driver/Inc/stm32f0xx_ll_bus.h **** #define LL_APB1_GRP2_PERIPH_TIM17          RCC_APB2ENR_TIM17EN
 177:Drivers/STM32F0xx_HAL_Driver/Inc/stm32f0xx_ll_bus.h **** #define LL_APB1_GRP2_PERIPH_DBGMCU         RCC_APB2ENR_DBGMCUEN
 178:Drivers/STM32F0xx_HAL_Driver/Inc/stm32f0xx_ll_bus.h **** /**
 179:Drivers/STM32F0xx_HAL_Driver/Inc/stm32f0xx_ll_bus.h ****   * @}
 180:Drivers/STM32F0xx_HAL_Driver/Inc/stm32f0xx_ll_bus.h ****   */
 181:Drivers/STM32F0xx_HAL_Driver/Inc/stm32f0xx_ll_bus.h **** 
 182:Drivers/STM32F0xx_HAL_Driver/Inc/stm32f0xx_ll_bus.h **** /**
 183:Drivers/STM32F0xx_HAL_Driver/Inc/stm32f0xx_ll_bus.h ****   * @}
 184:Drivers/STM32F0xx_HAL_Driver/Inc/stm32f0xx_ll_bus.h ****   */
 185:Drivers/STM32F0xx_HAL_Driver/Inc/stm32f0xx_ll_bus.h **** 
 186:Drivers/STM32F0xx_HAL_Driver/Inc/stm32f0xx_ll_bus.h **** /* Exported macro ------------------------------------------------------------*/
 187:Drivers/STM32F0xx_HAL_Driver/Inc/stm32f0xx_ll_bus.h **** /* Exported functions --------------------------------------------------------*/
 188:Drivers/STM32F0xx_HAL_Driver/Inc/stm32f0xx_ll_bus.h **** /** @defgroup BUS_LL_Exported_Functions BUS Exported Functions
 189:Drivers/STM32F0xx_HAL_Driver/Inc/stm32f0xx_ll_bus.h ****   * @{
 190:Drivers/STM32F0xx_HAL_Driver/Inc/stm32f0xx_ll_bus.h ****   */
 191:Drivers/STM32F0xx_HAL_Driver/Inc/stm32f0xx_ll_bus.h **** 
 192:Drivers/STM32F0xx_HAL_Driver/Inc/stm32f0xx_ll_bus.h **** /** @defgroup BUS_LL_EF_AHB1 AHB1
 193:Drivers/STM32F0xx_HAL_Driver/Inc/stm32f0xx_ll_bus.h ****   * @{
 194:Drivers/STM32F0xx_HAL_Driver/Inc/stm32f0xx_ll_bus.h ****   */
 195:Drivers/STM32F0xx_HAL_Driver/Inc/stm32f0xx_ll_bus.h **** 
 196:Drivers/STM32F0xx_HAL_Driver/Inc/stm32f0xx_ll_bus.h **** /**
 197:Drivers/STM32F0xx_HAL_Driver/Inc/stm32f0xx_ll_bus.h ****   * @brief  Enable AHB1 peripherals clock.
 198:Drivers/STM32F0xx_HAL_Driver/Inc/stm32f0xx_ll_bus.h ****   * @rmtoll AHBENR       DMA1EN        LL_AHB1_GRP1_EnableClock\n
 199:Drivers/STM32F0xx_HAL_Driver/Inc/stm32f0xx_ll_bus.h ****   *         AHBENR       DMA2EN        LL_AHB1_GRP1_EnableClock\n
 200:Drivers/STM32F0xx_HAL_Driver/Inc/stm32f0xx_ll_bus.h ****   *         AHBENR       SRAMEN        LL_AHB1_GRP1_EnableClock\n
 201:Drivers/STM32F0xx_HAL_Driver/Inc/stm32f0xx_ll_bus.h ****   *         AHBENR       FLITFEN       LL_AHB1_GRP1_EnableClock\n
 202:Drivers/STM32F0xx_HAL_Driver/Inc/stm32f0xx_ll_bus.h ****   *         AHBENR       CRCEN         LL_AHB1_GRP1_EnableClock\n
 203:Drivers/STM32F0xx_HAL_Driver/Inc/stm32f0xx_ll_bus.h ****   *         AHBENR       GPIOAEN       LL_AHB1_GRP1_EnableClock\n
ARM GAS  C:\Users\ADMINI~1\AppData\Local\Temp\ccxWZT03.s 			page 6


 204:Drivers/STM32F0xx_HAL_Driver/Inc/stm32f0xx_ll_bus.h ****   *         AHBENR       GPIOBEN       LL_AHB1_GRP1_EnableClock\n
 205:Drivers/STM32F0xx_HAL_Driver/Inc/stm32f0xx_ll_bus.h ****   *         AHBENR       GPIOCEN       LL_AHB1_GRP1_EnableClock\n
 206:Drivers/STM32F0xx_HAL_Driver/Inc/stm32f0xx_ll_bus.h ****   *         AHBENR       GPIODEN       LL_AHB1_GRP1_EnableClock\n
 207:Drivers/STM32F0xx_HAL_Driver/Inc/stm32f0xx_ll_bus.h ****   *         AHBENR       GPIOEEN       LL_AHB1_GRP1_EnableClock\n
 208:Drivers/STM32F0xx_HAL_Driver/Inc/stm32f0xx_ll_bus.h ****   *         AHBENR       GPIOFEN       LL_AHB1_GRP1_EnableClock\n
 209:Drivers/STM32F0xx_HAL_Driver/Inc/stm32f0xx_ll_bus.h ****   *         AHBENR       TSCEN         LL_AHB1_GRP1_EnableClock
 210:Drivers/STM32F0xx_HAL_Driver/Inc/stm32f0xx_ll_bus.h ****   * @param  Periphs This parameter can be a combination of the following values:
 211:Drivers/STM32F0xx_HAL_Driver/Inc/stm32f0xx_ll_bus.h ****   *         @arg @ref LL_AHB1_GRP1_PERIPH_DMA1
 212:Drivers/STM32F0xx_HAL_Driver/Inc/stm32f0xx_ll_bus.h ****   *         @arg @ref LL_AHB1_GRP1_PERIPH_DMA2 (*)
 213:Drivers/STM32F0xx_HAL_Driver/Inc/stm32f0xx_ll_bus.h ****   *         @arg @ref LL_AHB1_GRP1_PERIPH_SRAM
 214:Drivers/STM32F0xx_HAL_Driver/Inc/stm32f0xx_ll_bus.h ****   *         @arg @ref LL_AHB1_GRP1_PERIPH_FLASH
 215:Drivers/STM32F0xx_HAL_Driver/Inc/stm32f0xx_ll_bus.h ****   *         @arg @ref LL_AHB1_GRP1_PERIPH_CRC
 216:Drivers/STM32F0xx_HAL_Driver/Inc/stm32f0xx_ll_bus.h ****   *         @arg @ref LL_AHB1_GRP1_PERIPH_GPIOA
 217:Drivers/STM32F0xx_HAL_Driver/Inc/stm32f0xx_ll_bus.h ****   *         @arg @ref LL_AHB1_GRP1_PERIPH_GPIOB
 218:Drivers/STM32F0xx_HAL_Driver/Inc/stm32f0xx_ll_bus.h ****   *         @arg @ref LL_AHB1_GRP1_PERIPH_GPIOC
 219:Drivers/STM32F0xx_HAL_Driver/Inc/stm32f0xx_ll_bus.h ****   *         @arg @ref LL_AHB1_GRP1_PERIPH_GPIOD (*)
 220:Drivers/STM32F0xx_HAL_Driver/Inc/stm32f0xx_ll_bus.h ****   *         @arg @ref LL_AHB1_GRP1_PERIPH_GPIOE (*)
 221:Drivers/STM32F0xx_HAL_Driver/Inc/stm32f0xx_ll_bus.h ****   *         @arg @ref LL_AHB1_GRP1_PERIPH_GPIOF
 222:Drivers/STM32F0xx_HAL_Driver/Inc/stm32f0xx_ll_bus.h ****   *         @arg @ref LL_AHB1_GRP1_PERIPH_TSC (*)
 223:Drivers/STM32F0xx_HAL_Driver/Inc/stm32f0xx_ll_bus.h ****   *
 224:Drivers/STM32F0xx_HAL_Driver/Inc/stm32f0xx_ll_bus.h ****   *         (*) value not defined in all devices.
 225:Drivers/STM32F0xx_HAL_Driver/Inc/stm32f0xx_ll_bus.h ****   * @retval None
 226:Drivers/STM32F0xx_HAL_Driver/Inc/stm32f0xx_ll_bus.h **** */
 227:Drivers/STM32F0xx_HAL_Driver/Inc/stm32f0xx_ll_bus.h **** __STATIC_INLINE void LL_AHB1_GRP1_EnableClock(uint32_t Periphs)
  40              		.loc 2 227 22 view .LVU2
  41              	.LBB13:
 228:Drivers/STM32F0xx_HAL_Driver/Inc/stm32f0xx_ll_bus.h **** {
 229:Drivers/STM32F0xx_HAL_Driver/Inc/stm32f0xx_ll_bus.h ****   __IO uint32_t tmpreg;
  42              		.loc 2 229 3 view .LVU3
 230:Drivers/STM32F0xx_HAL_Driver/Inc/stm32f0xx_ll_bus.h ****   SET_BIT(RCC->AHBENR, Periphs);
  43              		.loc 2 230 3 view .LVU4
  44 0002 0D4A     		ldr	r2, .L2
  45 0004 5169     		ldr	r1, [r2, #20]
  46 0006 0123     		movs	r3, #1
  47 0008 1943     		orrs	r1, r3
  48 000a 5161     		str	r1, [r2, #20]
 231:Drivers/STM32F0xx_HAL_Driver/Inc/stm32f0xx_ll_bus.h ****   /* Delay after an RCC peripheral clock enabling */
 232:Drivers/STM32F0xx_HAL_Driver/Inc/stm32f0xx_ll_bus.h ****   tmpreg = READ_BIT(RCC->AHBENR, Periphs);
  49              		.loc 2 232 3 view .LVU5
  50              		.loc 2 232 12 is_stmt 0 view .LVU6
  51 000c 5269     		ldr	r2, [r2, #20]
  52 000e 1340     		ands	r3, r2
  53              		.loc 2 232 10 view .LVU7
  54 0010 0193     		str	r3, [sp, #4]
 233:Drivers/STM32F0xx_HAL_Driver/Inc/stm32f0xx_ll_bus.h ****   (void)tmpreg;
  55              		.loc 2 233 3 is_stmt 1 view .LVU8
  56 0012 019B     		ldr	r3, [sp, #4]
  57              	.LVL1:
  58              		.loc 2 233 3 is_stmt 0 view .LVU9
  59              	.LBE13:
  60              	.LBE12:
  45:Src/dma.c     **** 
  46:Src/dma.c     ****   /* DMA interrupt init */
  47:Src/dma.c     ****   /* DMA1_Channel1_IRQn interrupt configuration */
  48:Src/dma.c     ****   NVIC_SetPriority(DMA1_Channel1_IRQn, 0);
  61              		.loc 1 48 3 is_stmt 1 view .LVU10
  62              	.LBB14:
ARM GAS  C:\Users\ADMINI~1\AppData\Local\Temp\ccxWZT03.s 			page 7


  63              	.LBI14:
  64              		.file 3 "Drivers/CMSIS/Include/core_cm0.h"
   1:Drivers/CMSIS/Include/core_cm0.h **** /**************************************************************************//**
   2:Drivers/CMSIS/Include/core_cm0.h ****  * @file     core_cm0.h
   3:Drivers/CMSIS/Include/core_cm0.h ****  * @brief    CMSIS Cortex-M0 Core Peripheral Access Layer Header File
   4:Drivers/CMSIS/Include/core_cm0.h ****  * @version  V5.0.5
   5:Drivers/CMSIS/Include/core_cm0.h ****  * @date     28. May 2018
   6:Drivers/CMSIS/Include/core_cm0.h ****  ******************************************************************************/
   7:Drivers/CMSIS/Include/core_cm0.h **** /*
   8:Drivers/CMSIS/Include/core_cm0.h ****  * Copyright (c) 2009-2018 Arm Limited. All rights reserved.
   9:Drivers/CMSIS/Include/core_cm0.h ****  *
  10:Drivers/CMSIS/Include/core_cm0.h ****  * SPDX-License-Identifier: Apache-2.0
  11:Drivers/CMSIS/Include/core_cm0.h ****  *
  12:Drivers/CMSIS/Include/core_cm0.h ****  * Licensed under the Apache License, Version 2.0 (the License); you may
  13:Drivers/CMSIS/Include/core_cm0.h ****  * not use this file except in compliance with the License.
  14:Drivers/CMSIS/Include/core_cm0.h ****  * You may obtain a copy of the License at
  15:Drivers/CMSIS/Include/core_cm0.h ****  *
  16:Drivers/CMSIS/Include/core_cm0.h ****  * www.apache.org/licenses/LICENSE-2.0
  17:Drivers/CMSIS/Include/core_cm0.h ****  *
  18:Drivers/CMSIS/Include/core_cm0.h ****  * Unless required by applicable law or agreed to in writing, software
  19:Drivers/CMSIS/Include/core_cm0.h ****  * distributed under the License is distributed on an AS IS BASIS, WITHOUT
  20:Drivers/CMSIS/Include/core_cm0.h ****  * WARRANTIES OR CONDITIONS OF ANY KIND, either express or implied.
  21:Drivers/CMSIS/Include/core_cm0.h ****  * See the License for the specific language governing permissions and
  22:Drivers/CMSIS/Include/core_cm0.h ****  * limitations under the License.
  23:Drivers/CMSIS/Include/core_cm0.h ****  */
  24:Drivers/CMSIS/Include/core_cm0.h **** 
  25:Drivers/CMSIS/Include/core_cm0.h **** #if   defined ( __ICCARM__ )
  26:Drivers/CMSIS/Include/core_cm0.h ****   #pragma system_include         /* treat file as system include file for MISRA check */
  27:Drivers/CMSIS/Include/core_cm0.h **** #elif defined (__clang__)
  28:Drivers/CMSIS/Include/core_cm0.h ****   #pragma clang system_header   /* treat file as system include file */
  29:Drivers/CMSIS/Include/core_cm0.h **** #endif
  30:Drivers/CMSIS/Include/core_cm0.h **** 
  31:Drivers/CMSIS/Include/core_cm0.h **** #ifndef __CORE_CM0_H_GENERIC
  32:Drivers/CMSIS/Include/core_cm0.h **** #define __CORE_CM0_H_GENERIC
  33:Drivers/CMSIS/Include/core_cm0.h **** 
  34:Drivers/CMSIS/Include/core_cm0.h **** #include <stdint.h>
  35:Drivers/CMSIS/Include/core_cm0.h **** 
  36:Drivers/CMSIS/Include/core_cm0.h **** #ifdef __cplusplus
  37:Drivers/CMSIS/Include/core_cm0.h ****  extern "C" {
  38:Drivers/CMSIS/Include/core_cm0.h **** #endif
  39:Drivers/CMSIS/Include/core_cm0.h **** 
  40:Drivers/CMSIS/Include/core_cm0.h **** /**
  41:Drivers/CMSIS/Include/core_cm0.h ****   \page CMSIS_MISRA_Exceptions  MISRA-C:2004 Compliance Exceptions
  42:Drivers/CMSIS/Include/core_cm0.h ****   CMSIS violates the following MISRA-C:2004 rules:
  43:Drivers/CMSIS/Include/core_cm0.h **** 
  44:Drivers/CMSIS/Include/core_cm0.h ****    \li Required Rule 8.5, object/function definition in header file.<br>
  45:Drivers/CMSIS/Include/core_cm0.h ****      Function definitions in header files are used to allow 'inlining'.
  46:Drivers/CMSIS/Include/core_cm0.h **** 
  47:Drivers/CMSIS/Include/core_cm0.h ****    \li Required Rule 18.4, declaration of union type or object of union type: '{...}'.<br>
  48:Drivers/CMSIS/Include/core_cm0.h ****      Unions are used for effective representation of core registers.
  49:Drivers/CMSIS/Include/core_cm0.h **** 
  50:Drivers/CMSIS/Include/core_cm0.h ****    \li Advisory Rule 19.7, Function-like macro defined.<br>
  51:Drivers/CMSIS/Include/core_cm0.h ****      Function-like macros are used to allow more efficient code.
  52:Drivers/CMSIS/Include/core_cm0.h ****  */
  53:Drivers/CMSIS/Include/core_cm0.h **** 
  54:Drivers/CMSIS/Include/core_cm0.h **** 
  55:Drivers/CMSIS/Include/core_cm0.h **** /*******************************************************************************
ARM GAS  C:\Users\ADMINI~1\AppData\Local\Temp\ccxWZT03.s 			page 8


  56:Drivers/CMSIS/Include/core_cm0.h ****  *                 CMSIS definitions
  57:Drivers/CMSIS/Include/core_cm0.h ****  ******************************************************************************/
  58:Drivers/CMSIS/Include/core_cm0.h **** /**
  59:Drivers/CMSIS/Include/core_cm0.h ****   \ingroup Cortex_M0
  60:Drivers/CMSIS/Include/core_cm0.h ****   @{
  61:Drivers/CMSIS/Include/core_cm0.h ****  */
  62:Drivers/CMSIS/Include/core_cm0.h **** 
  63:Drivers/CMSIS/Include/core_cm0.h **** #include "cmsis_version.h"
  64:Drivers/CMSIS/Include/core_cm0.h ****  
  65:Drivers/CMSIS/Include/core_cm0.h **** /*  CMSIS CM0 definitions */
  66:Drivers/CMSIS/Include/core_cm0.h **** #define __CM0_CMSIS_VERSION_MAIN  (__CM_CMSIS_VERSION_MAIN)              /*!< \deprecated [31:16] C
  67:Drivers/CMSIS/Include/core_cm0.h **** #define __CM0_CMSIS_VERSION_SUB   (__CM_CMSIS_VERSION_SUB)               /*!< \deprecated [15:0]  C
  68:Drivers/CMSIS/Include/core_cm0.h **** #define __CM0_CMSIS_VERSION       ((__CM0_CMSIS_VERSION_MAIN << 16U) | \
  69:Drivers/CMSIS/Include/core_cm0.h ****                                     __CM0_CMSIS_VERSION_SUB           )  /*!< \deprecated CMSIS HAL
  70:Drivers/CMSIS/Include/core_cm0.h **** 
  71:Drivers/CMSIS/Include/core_cm0.h **** #define __CORTEX_M                (0U)                                   /*!< Cortex-M Core */
  72:Drivers/CMSIS/Include/core_cm0.h **** 
  73:Drivers/CMSIS/Include/core_cm0.h **** /** __FPU_USED indicates whether an FPU is used or not.
  74:Drivers/CMSIS/Include/core_cm0.h ****     This core does not support an FPU at all
  75:Drivers/CMSIS/Include/core_cm0.h **** */
  76:Drivers/CMSIS/Include/core_cm0.h **** #define __FPU_USED       0U
  77:Drivers/CMSIS/Include/core_cm0.h **** 
  78:Drivers/CMSIS/Include/core_cm0.h **** #if defined ( __CC_ARM )
  79:Drivers/CMSIS/Include/core_cm0.h ****   #if defined __TARGET_FPU_VFP
  80:Drivers/CMSIS/Include/core_cm0.h ****     #error "Compiler generates FPU instructions for a device without an FPU (check __FPU_PRESENT)"
  81:Drivers/CMSIS/Include/core_cm0.h ****   #endif
  82:Drivers/CMSIS/Include/core_cm0.h **** 
  83:Drivers/CMSIS/Include/core_cm0.h **** #elif defined (__ARMCC_VERSION) && (__ARMCC_VERSION >= 6010050)
  84:Drivers/CMSIS/Include/core_cm0.h ****   #if defined __ARM_PCS_VFP
  85:Drivers/CMSIS/Include/core_cm0.h ****     #error "Compiler generates FPU instructions for a device without an FPU (check __FPU_PRESENT)"
  86:Drivers/CMSIS/Include/core_cm0.h ****   #endif
  87:Drivers/CMSIS/Include/core_cm0.h **** 
  88:Drivers/CMSIS/Include/core_cm0.h **** #elif defined ( __GNUC__ )
  89:Drivers/CMSIS/Include/core_cm0.h ****   #if defined (__VFP_FP__) && !defined(__SOFTFP__)
  90:Drivers/CMSIS/Include/core_cm0.h ****     #error "Compiler generates FPU instructions for a device without an FPU (check __FPU_PRESENT)"
  91:Drivers/CMSIS/Include/core_cm0.h ****   #endif
  92:Drivers/CMSIS/Include/core_cm0.h **** 
  93:Drivers/CMSIS/Include/core_cm0.h **** #elif defined ( __ICCARM__ )
  94:Drivers/CMSIS/Include/core_cm0.h ****   #if defined __ARMVFP__
  95:Drivers/CMSIS/Include/core_cm0.h ****     #error "Compiler generates FPU instructions for a device without an FPU (check __FPU_PRESENT)"
  96:Drivers/CMSIS/Include/core_cm0.h ****   #endif
  97:Drivers/CMSIS/Include/core_cm0.h **** 
  98:Drivers/CMSIS/Include/core_cm0.h **** #elif defined ( __TI_ARM__ )
  99:Drivers/CMSIS/Include/core_cm0.h ****   #if defined __TI_VFP_SUPPORT__
 100:Drivers/CMSIS/Include/core_cm0.h ****     #error "Compiler generates FPU instructions for a device without an FPU (check __FPU_PRESENT)"
 101:Drivers/CMSIS/Include/core_cm0.h ****   #endif
 102:Drivers/CMSIS/Include/core_cm0.h **** 
 103:Drivers/CMSIS/Include/core_cm0.h **** #elif defined ( __TASKING__ )
 104:Drivers/CMSIS/Include/core_cm0.h ****   #if defined __FPU_VFP__
 105:Drivers/CMSIS/Include/core_cm0.h ****     #error "Compiler generates FPU instructions for a device without an FPU (check __FPU_PRESENT)"
 106:Drivers/CMSIS/Include/core_cm0.h ****   #endif
 107:Drivers/CMSIS/Include/core_cm0.h **** 
 108:Drivers/CMSIS/Include/core_cm0.h **** #elif defined ( __CSMC__ )
 109:Drivers/CMSIS/Include/core_cm0.h ****   #if ( __CSMC__ & 0x400U)
 110:Drivers/CMSIS/Include/core_cm0.h ****     #error "Compiler generates FPU instructions for a device without an FPU (check __FPU_PRESENT)"
 111:Drivers/CMSIS/Include/core_cm0.h ****   #endif
 112:Drivers/CMSIS/Include/core_cm0.h **** 
ARM GAS  C:\Users\ADMINI~1\AppData\Local\Temp\ccxWZT03.s 			page 9


 113:Drivers/CMSIS/Include/core_cm0.h **** #endif
 114:Drivers/CMSIS/Include/core_cm0.h **** 
 115:Drivers/CMSIS/Include/core_cm0.h **** #include "cmsis_compiler.h"               /* CMSIS compiler specific defines */
 116:Drivers/CMSIS/Include/core_cm0.h **** 
 117:Drivers/CMSIS/Include/core_cm0.h **** 
 118:Drivers/CMSIS/Include/core_cm0.h **** #ifdef __cplusplus
 119:Drivers/CMSIS/Include/core_cm0.h **** }
 120:Drivers/CMSIS/Include/core_cm0.h **** #endif
 121:Drivers/CMSIS/Include/core_cm0.h **** 
 122:Drivers/CMSIS/Include/core_cm0.h **** #endif /* __CORE_CM0_H_GENERIC */
 123:Drivers/CMSIS/Include/core_cm0.h **** 
 124:Drivers/CMSIS/Include/core_cm0.h **** #ifndef __CMSIS_GENERIC
 125:Drivers/CMSIS/Include/core_cm0.h **** 
 126:Drivers/CMSIS/Include/core_cm0.h **** #ifndef __CORE_CM0_H_DEPENDANT
 127:Drivers/CMSIS/Include/core_cm0.h **** #define __CORE_CM0_H_DEPENDANT
 128:Drivers/CMSIS/Include/core_cm0.h **** 
 129:Drivers/CMSIS/Include/core_cm0.h **** #ifdef __cplusplus
 130:Drivers/CMSIS/Include/core_cm0.h ****  extern "C" {
 131:Drivers/CMSIS/Include/core_cm0.h **** #endif
 132:Drivers/CMSIS/Include/core_cm0.h **** 
 133:Drivers/CMSIS/Include/core_cm0.h **** /* check device defines and use defaults */
 134:Drivers/CMSIS/Include/core_cm0.h **** #if defined __CHECK_DEVICE_DEFINES
 135:Drivers/CMSIS/Include/core_cm0.h ****   #ifndef __CM0_REV
 136:Drivers/CMSIS/Include/core_cm0.h ****     #define __CM0_REV               0x0000U
 137:Drivers/CMSIS/Include/core_cm0.h ****     #warning "__CM0_REV not defined in device header file; using default!"
 138:Drivers/CMSIS/Include/core_cm0.h ****   #endif
 139:Drivers/CMSIS/Include/core_cm0.h **** 
 140:Drivers/CMSIS/Include/core_cm0.h ****   #ifndef __NVIC_PRIO_BITS
 141:Drivers/CMSIS/Include/core_cm0.h ****     #define __NVIC_PRIO_BITS          2U
 142:Drivers/CMSIS/Include/core_cm0.h ****     #warning "__NVIC_PRIO_BITS not defined in device header file; using default!"
 143:Drivers/CMSIS/Include/core_cm0.h ****   #endif
 144:Drivers/CMSIS/Include/core_cm0.h **** 
 145:Drivers/CMSIS/Include/core_cm0.h ****   #ifndef __Vendor_SysTickConfig
 146:Drivers/CMSIS/Include/core_cm0.h ****     #define __Vendor_SysTickConfig    0U
 147:Drivers/CMSIS/Include/core_cm0.h ****     #warning "__Vendor_SysTickConfig not defined in device header file; using default!"
 148:Drivers/CMSIS/Include/core_cm0.h ****   #endif
 149:Drivers/CMSIS/Include/core_cm0.h **** #endif
 150:Drivers/CMSIS/Include/core_cm0.h **** 
 151:Drivers/CMSIS/Include/core_cm0.h **** /* IO definitions (access restrictions to peripheral registers) */
 152:Drivers/CMSIS/Include/core_cm0.h **** /**
 153:Drivers/CMSIS/Include/core_cm0.h ****     \defgroup CMSIS_glob_defs CMSIS Global Defines
 154:Drivers/CMSIS/Include/core_cm0.h **** 
 155:Drivers/CMSIS/Include/core_cm0.h ****     <strong>IO Type Qualifiers</strong> are used
 156:Drivers/CMSIS/Include/core_cm0.h ****     \li to specify the access to peripheral variables.
 157:Drivers/CMSIS/Include/core_cm0.h ****     \li for automatic generation of peripheral register debug information.
 158:Drivers/CMSIS/Include/core_cm0.h **** */
 159:Drivers/CMSIS/Include/core_cm0.h **** #ifdef __cplusplus
 160:Drivers/CMSIS/Include/core_cm0.h ****   #define   __I     volatile             /*!< Defines 'read only' permissions */
 161:Drivers/CMSIS/Include/core_cm0.h **** #else
 162:Drivers/CMSIS/Include/core_cm0.h ****   #define   __I     volatile const       /*!< Defines 'read only' permissions */
 163:Drivers/CMSIS/Include/core_cm0.h **** #endif
 164:Drivers/CMSIS/Include/core_cm0.h **** #define     __O     volatile             /*!< Defines 'write only' permissions */
 165:Drivers/CMSIS/Include/core_cm0.h **** #define     __IO    volatile             /*!< Defines 'read / write' permissions */
 166:Drivers/CMSIS/Include/core_cm0.h **** 
 167:Drivers/CMSIS/Include/core_cm0.h **** /* following defines should be used for structure members */
 168:Drivers/CMSIS/Include/core_cm0.h **** #define     __IM     volatile const      /*! Defines 'read only' structure member permissions */
 169:Drivers/CMSIS/Include/core_cm0.h **** #define     __OM     volatile            /*! Defines 'write only' structure member permissions */
ARM GAS  C:\Users\ADMINI~1\AppData\Local\Temp\ccxWZT03.s 			page 10


 170:Drivers/CMSIS/Include/core_cm0.h **** #define     __IOM    volatile            /*! Defines 'read / write' structure member permissions */
 171:Drivers/CMSIS/Include/core_cm0.h **** 
 172:Drivers/CMSIS/Include/core_cm0.h **** /*@} end of group Cortex_M0 */
 173:Drivers/CMSIS/Include/core_cm0.h **** 
 174:Drivers/CMSIS/Include/core_cm0.h **** 
 175:Drivers/CMSIS/Include/core_cm0.h **** 
 176:Drivers/CMSIS/Include/core_cm0.h **** /*******************************************************************************
 177:Drivers/CMSIS/Include/core_cm0.h ****  *                 Register Abstraction
 178:Drivers/CMSIS/Include/core_cm0.h ****   Core Register contain:
 179:Drivers/CMSIS/Include/core_cm0.h ****   - Core Register
 180:Drivers/CMSIS/Include/core_cm0.h ****   - Core NVIC Register
 181:Drivers/CMSIS/Include/core_cm0.h ****   - Core SCB Register
 182:Drivers/CMSIS/Include/core_cm0.h ****   - Core SysTick Register
 183:Drivers/CMSIS/Include/core_cm0.h ****  ******************************************************************************/
 184:Drivers/CMSIS/Include/core_cm0.h **** /**
 185:Drivers/CMSIS/Include/core_cm0.h ****   \defgroup CMSIS_core_register Defines and Type Definitions
 186:Drivers/CMSIS/Include/core_cm0.h ****   \brief Type definitions and defines for Cortex-M processor based devices.
 187:Drivers/CMSIS/Include/core_cm0.h **** */
 188:Drivers/CMSIS/Include/core_cm0.h **** 
 189:Drivers/CMSIS/Include/core_cm0.h **** /**
 190:Drivers/CMSIS/Include/core_cm0.h ****   \ingroup    CMSIS_core_register
 191:Drivers/CMSIS/Include/core_cm0.h ****   \defgroup   CMSIS_CORE  Status and Control Registers
 192:Drivers/CMSIS/Include/core_cm0.h ****   \brief      Core Register type definitions.
 193:Drivers/CMSIS/Include/core_cm0.h ****   @{
 194:Drivers/CMSIS/Include/core_cm0.h ****  */
 195:Drivers/CMSIS/Include/core_cm0.h **** 
 196:Drivers/CMSIS/Include/core_cm0.h **** /**
 197:Drivers/CMSIS/Include/core_cm0.h ****   \brief  Union type to access the Application Program Status Register (APSR).
 198:Drivers/CMSIS/Include/core_cm0.h ****  */
 199:Drivers/CMSIS/Include/core_cm0.h **** typedef union
 200:Drivers/CMSIS/Include/core_cm0.h **** {
 201:Drivers/CMSIS/Include/core_cm0.h ****   struct
 202:Drivers/CMSIS/Include/core_cm0.h ****   {
 203:Drivers/CMSIS/Include/core_cm0.h ****     uint32_t _reserved0:28;              /*!< bit:  0..27  Reserved */
 204:Drivers/CMSIS/Include/core_cm0.h ****     uint32_t V:1;                        /*!< bit:     28  Overflow condition code flag */
 205:Drivers/CMSIS/Include/core_cm0.h ****     uint32_t C:1;                        /*!< bit:     29  Carry condition code flag */
 206:Drivers/CMSIS/Include/core_cm0.h ****     uint32_t Z:1;                        /*!< bit:     30  Zero condition code flag */
 207:Drivers/CMSIS/Include/core_cm0.h ****     uint32_t N:1;                        /*!< bit:     31  Negative condition code flag */
 208:Drivers/CMSIS/Include/core_cm0.h ****   } b;                                   /*!< Structure used for bit  access */
 209:Drivers/CMSIS/Include/core_cm0.h ****   uint32_t w;                            /*!< Type      used for word access */
 210:Drivers/CMSIS/Include/core_cm0.h **** } APSR_Type;
 211:Drivers/CMSIS/Include/core_cm0.h **** 
 212:Drivers/CMSIS/Include/core_cm0.h **** /* APSR Register Definitions */
 213:Drivers/CMSIS/Include/core_cm0.h **** #define APSR_N_Pos                         31U                                            /*!< APSR
 214:Drivers/CMSIS/Include/core_cm0.h **** #define APSR_N_Msk                         (1UL << APSR_N_Pos)                            /*!< APSR
 215:Drivers/CMSIS/Include/core_cm0.h **** 
 216:Drivers/CMSIS/Include/core_cm0.h **** #define APSR_Z_Pos                         30U                                            /*!< APSR
 217:Drivers/CMSIS/Include/core_cm0.h **** #define APSR_Z_Msk                         (1UL << APSR_Z_Pos)                            /*!< APSR
 218:Drivers/CMSIS/Include/core_cm0.h **** 
 219:Drivers/CMSIS/Include/core_cm0.h **** #define APSR_C_Pos                         29U                                            /*!< APSR
 220:Drivers/CMSIS/Include/core_cm0.h **** #define APSR_C_Msk                         (1UL << APSR_C_Pos)                            /*!< APSR
 221:Drivers/CMSIS/Include/core_cm0.h **** 
 222:Drivers/CMSIS/Include/core_cm0.h **** #define APSR_V_Pos                         28U                                            /*!< APSR
 223:Drivers/CMSIS/Include/core_cm0.h **** #define APSR_V_Msk                         (1UL << APSR_V_Pos)                            /*!< APSR
 224:Drivers/CMSIS/Include/core_cm0.h **** 
 225:Drivers/CMSIS/Include/core_cm0.h **** 
 226:Drivers/CMSIS/Include/core_cm0.h **** /**
ARM GAS  C:\Users\ADMINI~1\AppData\Local\Temp\ccxWZT03.s 			page 11


 227:Drivers/CMSIS/Include/core_cm0.h ****   \brief  Union type to access the Interrupt Program Status Register (IPSR).
 228:Drivers/CMSIS/Include/core_cm0.h ****  */
 229:Drivers/CMSIS/Include/core_cm0.h **** typedef union
 230:Drivers/CMSIS/Include/core_cm0.h **** {
 231:Drivers/CMSIS/Include/core_cm0.h ****   struct
 232:Drivers/CMSIS/Include/core_cm0.h ****   {
 233:Drivers/CMSIS/Include/core_cm0.h ****     uint32_t ISR:9;                      /*!< bit:  0.. 8  Exception number */
 234:Drivers/CMSIS/Include/core_cm0.h ****     uint32_t _reserved0:23;              /*!< bit:  9..31  Reserved */
 235:Drivers/CMSIS/Include/core_cm0.h ****   } b;                                   /*!< Structure used for bit  access */
 236:Drivers/CMSIS/Include/core_cm0.h ****   uint32_t w;                            /*!< Type      used for word access */
 237:Drivers/CMSIS/Include/core_cm0.h **** } IPSR_Type;
 238:Drivers/CMSIS/Include/core_cm0.h **** 
 239:Drivers/CMSIS/Include/core_cm0.h **** /* IPSR Register Definitions */
 240:Drivers/CMSIS/Include/core_cm0.h **** #define IPSR_ISR_Pos                        0U                                            /*!< IPSR
 241:Drivers/CMSIS/Include/core_cm0.h **** #define IPSR_ISR_Msk                       (0x1FFUL /*<< IPSR_ISR_Pos*/)                  /*!< IPSR
 242:Drivers/CMSIS/Include/core_cm0.h **** 
 243:Drivers/CMSIS/Include/core_cm0.h **** 
 244:Drivers/CMSIS/Include/core_cm0.h **** /**
 245:Drivers/CMSIS/Include/core_cm0.h ****   \brief  Union type to access the Special-Purpose Program Status Registers (xPSR).
 246:Drivers/CMSIS/Include/core_cm0.h ****  */
 247:Drivers/CMSIS/Include/core_cm0.h **** typedef union
 248:Drivers/CMSIS/Include/core_cm0.h **** {
 249:Drivers/CMSIS/Include/core_cm0.h ****   struct
 250:Drivers/CMSIS/Include/core_cm0.h ****   {
 251:Drivers/CMSIS/Include/core_cm0.h ****     uint32_t ISR:9;                      /*!< bit:  0.. 8  Exception number */
 252:Drivers/CMSIS/Include/core_cm0.h ****     uint32_t _reserved0:15;              /*!< bit:  9..23  Reserved */
 253:Drivers/CMSIS/Include/core_cm0.h ****     uint32_t T:1;                        /*!< bit:     24  Thumb bit        (read 0) */
 254:Drivers/CMSIS/Include/core_cm0.h ****     uint32_t _reserved1:3;               /*!< bit: 25..27  Reserved */
 255:Drivers/CMSIS/Include/core_cm0.h ****     uint32_t V:1;                        /*!< bit:     28  Overflow condition code flag */
 256:Drivers/CMSIS/Include/core_cm0.h ****     uint32_t C:1;                        /*!< bit:     29  Carry condition code flag */
 257:Drivers/CMSIS/Include/core_cm0.h ****     uint32_t Z:1;                        /*!< bit:     30  Zero condition code flag */
 258:Drivers/CMSIS/Include/core_cm0.h ****     uint32_t N:1;                        /*!< bit:     31  Negative condition code flag */
 259:Drivers/CMSIS/Include/core_cm0.h ****   } b;                                   /*!< Structure used for bit  access */
 260:Drivers/CMSIS/Include/core_cm0.h ****   uint32_t w;                            /*!< Type      used for word access */
 261:Drivers/CMSIS/Include/core_cm0.h **** } xPSR_Type;
 262:Drivers/CMSIS/Include/core_cm0.h **** 
 263:Drivers/CMSIS/Include/core_cm0.h **** /* xPSR Register Definitions */
 264:Drivers/CMSIS/Include/core_cm0.h **** #define xPSR_N_Pos                         31U                                            /*!< xPSR
 265:Drivers/CMSIS/Include/core_cm0.h **** #define xPSR_N_Msk                         (1UL << xPSR_N_Pos)                            /*!< xPSR
 266:Drivers/CMSIS/Include/core_cm0.h **** 
 267:Drivers/CMSIS/Include/core_cm0.h **** #define xPSR_Z_Pos                         30U                                            /*!< xPSR
 268:Drivers/CMSIS/Include/core_cm0.h **** #define xPSR_Z_Msk                         (1UL << xPSR_Z_Pos)                            /*!< xPSR
 269:Drivers/CMSIS/Include/core_cm0.h **** 
 270:Drivers/CMSIS/Include/core_cm0.h **** #define xPSR_C_Pos                         29U                                            /*!< xPSR
 271:Drivers/CMSIS/Include/core_cm0.h **** #define xPSR_C_Msk                         (1UL << xPSR_C_Pos)                            /*!< xPSR
 272:Drivers/CMSIS/Include/core_cm0.h **** 
 273:Drivers/CMSIS/Include/core_cm0.h **** #define xPSR_V_Pos                         28U                                            /*!< xPSR
 274:Drivers/CMSIS/Include/core_cm0.h **** #define xPSR_V_Msk                         (1UL << xPSR_V_Pos)                            /*!< xPSR
 275:Drivers/CMSIS/Include/core_cm0.h **** 
 276:Drivers/CMSIS/Include/core_cm0.h **** #define xPSR_T_Pos                         24U                                            /*!< xPSR
 277:Drivers/CMSIS/Include/core_cm0.h **** #define xPSR_T_Msk                         (1UL << xPSR_T_Pos)                            /*!< xPSR
 278:Drivers/CMSIS/Include/core_cm0.h **** 
 279:Drivers/CMSIS/Include/core_cm0.h **** #define xPSR_ISR_Pos                        0U                                            /*!< xPSR
 280:Drivers/CMSIS/Include/core_cm0.h **** #define xPSR_ISR_Msk                       (0x1FFUL /*<< xPSR_ISR_Pos*/)                  /*!< xPSR
 281:Drivers/CMSIS/Include/core_cm0.h **** 
 282:Drivers/CMSIS/Include/core_cm0.h **** 
 283:Drivers/CMSIS/Include/core_cm0.h **** /**
ARM GAS  C:\Users\ADMINI~1\AppData\Local\Temp\ccxWZT03.s 			page 12


 284:Drivers/CMSIS/Include/core_cm0.h ****   \brief  Union type to access the Control Registers (CONTROL).
 285:Drivers/CMSIS/Include/core_cm0.h ****  */
 286:Drivers/CMSIS/Include/core_cm0.h **** typedef union
 287:Drivers/CMSIS/Include/core_cm0.h **** {
 288:Drivers/CMSIS/Include/core_cm0.h ****   struct
 289:Drivers/CMSIS/Include/core_cm0.h ****   {
 290:Drivers/CMSIS/Include/core_cm0.h ****     uint32_t _reserved0:1;               /*!< bit:      0  Reserved */
 291:Drivers/CMSIS/Include/core_cm0.h ****     uint32_t SPSEL:1;                    /*!< bit:      1  Stack to be used */
 292:Drivers/CMSIS/Include/core_cm0.h ****     uint32_t _reserved1:30;              /*!< bit:  2..31  Reserved */
 293:Drivers/CMSIS/Include/core_cm0.h ****   } b;                                   /*!< Structure used for bit  access */
 294:Drivers/CMSIS/Include/core_cm0.h ****   uint32_t w;                            /*!< Type      used for word access */
 295:Drivers/CMSIS/Include/core_cm0.h **** } CONTROL_Type;
 296:Drivers/CMSIS/Include/core_cm0.h **** 
 297:Drivers/CMSIS/Include/core_cm0.h **** /* CONTROL Register Definitions */
 298:Drivers/CMSIS/Include/core_cm0.h **** #define CONTROL_SPSEL_Pos                   1U                                            /*!< CONT
 299:Drivers/CMSIS/Include/core_cm0.h **** #define CONTROL_SPSEL_Msk                  (1UL << CONTROL_SPSEL_Pos)                     /*!< CONT
 300:Drivers/CMSIS/Include/core_cm0.h **** 
 301:Drivers/CMSIS/Include/core_cm0.h **** /*@} end of group CMSIS_CORE */
 302:Drivers/CMSIS/Include/core_cm0.h **** 
 303:Drivers/CMSIS/Include/core_cm0.h **** 
 304:Drivers/CMSIS/Include/core_cm0.h **** /**
 305:Drivers/CMSIS/Include/core_cm0.h ****   \ingroup    CMSIS_core_register
 306:Drivers/CMSIS/Include/core_cm0.h ****   \defgroup   CMSIS_NVIC  Nested Vectored Interrupt Controller (NVIC)
 307:Drivers/CMSIS/Include/core_cm0.h ****   \brief      Type definitions for the NVIC Registers
 308:Drivers/CMSIS/Include/core_cm0.h ****   @{
 309:Drivers/CMSIS/Include/core_cm0.h ****  */
 310:Drivers/CMSIS/Include/core_cm0.h **** 
 311:Drivers/CMSIS/Include/core_cm0.h **** /**
 312:Drivers/CMSIS/Include/core_cm0.h ****   \brief  Structure type to access the Nested Vectored Interrupt Controller (NVIC).
 313:Drivers/CMSIS/Include/core_cm0.h ****  */
 314:Drivers/CMSIS/Include/core_cm0.h **** typedef struct
 315:Drivers/CMSIS/Include/core_cm0.h **** {
 316:Drivers/CMSIS/Include/core_cm0.h ****   __IOM uint32_t ISER[1U];               /*!< Offset: 0x000 (R/W)  Interrupt Set Enable Register */
 317:Drivers/CMSIS/Include/core_cm0.h ****         uint32_t RESERVED0[31U];
 318:Drivers/CMSIS/Include/core_cm0.h ****   __IOM uint32_t ICER[1U];               /*!< Offset: 0x080 (R/W)  Interrupt Clear Enable Register 
 319:Drivers/CMSIS/Include/core_cm0.h ****         uint32_t RSERVED1[31U];
 320:Drivers/CMSIS/Include/core_cm0.h ****   __IOM uint32_t ISPR[1U];               /*!< Offset: 0x100 (R/W)  Interrupt Set Pending Register *
 321:Drivers/CMSIS/Include/core_cm0.h ****         uint32_t RESERVED2[31U];
 322:Drivers/CMSIS/Include/core_cm0.h ****   __IOM uint32_t ICPR[1U];               /*!< Offset: 0x180 (R/W)  Interrupt Clear Pending Register
 323:Drivers/CMSIS/Include/core_cm0.h ****         uint32_t RESERVED3[31U];
 324:Drivers/CMSIS/Include/core_cm0.h ****         uint32_t RESERVED4[64U];
 325:Drivers/CMSIS/Include/core_cm0.h ****   __IOM uint32_t IP[8U];                 /*!< Offset: 0x300 (R/W)  Interrupt Priority Register */
 326:Drivers/CMSIS/Include/core_cm0.h **** }  NVIC_Type;
 327:Drivers/CMSIS/Include/core_cm0.h **** 
 328:Drivers/CMSIS/Include/core_cm0.h **** /*@} end of group CMSIS_NVIC */
 329:Drivers/CMSIS/Include/core_cm0.h **** 
 330:Drivers/CMSIS/Include/core_cm0.h **** 
 331:Drivers/CMSIS/Include/core_cm0.h **** /**
 332:Drivers/CMSIS/Include/core_cm0.h ****   \ingroup  CMSIS_core_register
 333:Drivers/CMSIS/Include/core_cm0.h ****   \defgroup CMSIS_SCB     System Control Block (SCB)
 334:Drivers/CMSIS/Include/core_cm0.h ****   \brief    Type definitions for the System Control Block Registers
 335:Drivers/CMSIS/Include/core_cm0.h ****   @{
 336:Drivers/CMSIS/Include/core_cm0.h ****  */
 337:Drivers/CMSIS/Include/core_cm0.h **** 
 338:Drivers/CMSIS/Include/core_cm0.h **** /**
 339:Drivers/CMSIS/Include/core_cm0.h ****   \brief  Structure type to access the System Control Block (SCB).
 340:Drivers/CMSIS/Include/core_cm0.h ****  */
ARM GAS  C:\Users\ADMINI~1\AppData\Local\Temp\ccxWZT03.s 			page 13


 341:Drivers/CMSIS/Include/core_cm0.h **** typedef struct
 342:Drivers/CMSIS/Include/core_cm0.h **** {
 343:Drivers/CMSIS/Include/core_cm0.h ****   __IM  uint32_t CPUID;                  /*!< Offset: 0x000 (R/ )  CPUID Base Register */
 344:Drivers/CMSIS/Include/core_cm0.h ****   __IOM uint32_t ICSR;                   /*!< Offset: 0x004 (R/W)  Interrupt Control and State Regi
 345:Drivers/CMSIS/Include/core_cm0.h ****         uint32_t RESERVED0;
 346:Drivers/CMSIS/Include/core_cm0.h ****   __IOM uint32_t AIRCR;                  /*!< Offset: 0x00C (R/W)  Application Interrupt and Reset 
 347:Drivers/CMSIS/Include/core_cm0.h ****   __IOM uint32_t SCR;                    /*!< Offset: 0x010 (R/W)  System Control Register */
 348:Drivers/CMSIS/Include/core_cm0.h ****   __IOM uint32_t CCR;                    /*!< Offset: 0x014 (R/W)  Configuration Control Register *
 349:Drivers/CMSIS/Include/core_cm0.h ****         uint32_t RESERVED1;
 350:Drivers/CMSIS/Include/core_cm0.h ****   __IOM uint32_t SHP[2U];                /*!< Offset: 0x01C (R/W)  System Handlers Priority Registe
 351:Drivers/CMSIS/Include/core_cm0.h ****   __IOM uint32_t SHCSR;                  /*!< Offset: 0x024 (R/W)  System Handler Control and State
 352:Drivers/CMSIS/Include/core_cm0.h **** } SCB_Type;
 353:Drivers/CMSIS/Include/core_cm0.h **** 
 354:Drivers/CMSIS/Include/core_cm0.h **** /* SCB CPUID Register Definitions */
 355:Drivers/CMSIS/Include/core_cm0.h **** #define SCB_CPUID_IMPLEMENTER_Pos          24U                                            /*!< SCB 
 356:Drivers/CMSIS/Include/core_cm0.h **** #define SCB_CPUID_IMPLEMENTER_Msk          (0xFFUL << SCB_CPUID_IMPLEMENTER_Pos)          /*!< SCB 
 357:Drivers/CMSIS/Include/core_cm0.h **** 
 358:Drivers/CMSIS/Include/core_cm0.h **** #define SCB_CPUID_VARIANT_Pos              20U                                            /*!< SCB 
 359:Drivers/CMSIS/Include/core_cm0.h **** #define SCB_CPUID_VARIANT_Msk              (0xFUL << SCB_CPUID_VARIANT_Pos)               /*!< SCB 
 360:Drivers/CMSIS/Include/core_cm0.h **** 
 361:Drivers/CMSIS/Include/core_cm0.h **** #define SCB_CPUID_ARCHITECTURE_Pos         16U                                            /*!< SCB 
 362:Drivers/CMSIS/Include/core_cm0.h **** #define SCB_CPUID_ARCHITECTURE_Msk         (0xFUL << SCB_CPUID_ARCHITECTURE_Pos)          /*!< SCB 
 363:Drivers/CMSIS/Include/core_cm0.h **** 
 364:Drivers/CMSIS/Include/core_cm0.h **** #define SCB_CPUID_PARTNO_Pos                4U                                            /*!< SCB 
 365:Drivers/CMSIS/Include/core_cm0.h **** #define SCB_CPUID_PARTNO_Msk               (0xFFFUL << SCB_CPUID_PARTNO_Pos)              /*!< SCB 
 366:Drivers/CMSIS/Include/core_cm0.h **** 
 367:Drivers/CMSIS/Include/core_cm0.h **** #define SCB_CPUID_REVISION_Pos              0U                                            /*!< SCB 
 368:Drivers/CMSIS/Include/core_cm0.h **** #define SCB_CPUID_REVISION_Msk             (0xFUL /*<< SCB_CPUID_REVISION_Pos*/)          /*!< SCB 
 369:Drivers/CMSIS/Include/core_cm0.h **** 
 370:Drivers/CMSIS/Include/core_cm0.h **** /* SCB Interrupt Control State Register Definitions */
 371:Drivers/CMSIS/Include/core_cm0.h **** #define SCB_ICSR_NMIPENDSET_Pos            31U                                            /*!< SCB 
 372:Drivers/CMSIS/Include/core_cm0.h **** #define SCB_ICSR_NMIPENDSET_Msk            (1UL << SCB_ICSR_NMIPENDSET_Pos)               /*!< SCB 
 373:Drivers/CMSIS/Include/core_cm0.h **** 
 374:Drivers/CMSIS/Include/core_cm0.h **** #define SCB_ICSR_PENDSVSET_Pos             28U                                            /*!< SCB 
 375:Drivers/CMSIS/Include/core_cm0.h **** #define SCB_ICSR_PENDSVSET_Msk             (1UL << SCB_ICSR_PENDSVSET_Pos)                /*!< SCB 
 376:Drivers/CMSIS/Include/core_cm0.h **** 
 377:Drivers/CMSIS/Include/core_cm0.h **** #define SCB_ICSR_PENDSVCLR_Pos             27U                                            /*!< SCB 
 378:Drivers/CMSIS/Include/core_cm0.h **** #define SCB_ICSR_PENDSVCLR_Msk             (1UL << SCB_ICSR_PENDSVCLR_Pos)                /*!< SCB 
 379:Drivers/CMSIS/Include/core_cm0.h **** 
 380:Drivers/CMSIS/Include/core_cm0.h **** #define SCB_ICSR_PENDSTSET_Pos             26U                                            /*!< SCB 
 381:Drivers/CMSIS/Include/core_cm0.h **** #define SCB_ICSR_PENDSTSET_Msk             (1UL << SCB_ICSR_PENDSTSET_Pos)                /*!< SCB 
 382:Drivers/CMSIS/Include/core_cm0.h **** 
 383:Drivers/CMSIS/Include/core_cm0.h **** #define SCB_ICSR_PENDSTCLR_Pos             25U                                            /*!< SCB 
 384:Drivers/CMSIS/Include/core_cm0.h **** #define SCB_ICSR_PENDSTCLR_Msk             (1UL << SCB_ICSR_PENDSTCLR_Pos)                /*!< SCB 
 385:Drivers/CMSIS/Include/core_cm0.h **** 
 386:Drivers/CMSIS/Include/core_cm0.h **** #define SCB_ICSR_ISRPREEMPT_Pos            23U                                            /*!< SCB 
 387:Drivers/CMSIS/Include/core_cm0.h **** #define SCB_ICSR_ISRPREEMPT_Msk            (1UL << SCB_ICSR_ISRPREEMPT_Pos)               /*!< SCB 
 388:Drivers/CMSIS/Include/core_cm0.h **** 
 389:Drivers/CMSIS/Include/core_cm0.h **** #define SCB_ICSR_ISRPENDING_Pos            22U                                            /*!< SCB 
 390:Drivers/CMSIS/Include/core_cm0.h **** #define SCB_ICSR_ISRPENDING_Msk            (1UL << SCB_ICSR_ISRPENDING_Pos)               /*!< SCB 
 391:Drivers/CMSIS/Include/core_cm0.h **** 
 392:Drivers/CMSIS/Include/core_cm0.h **** #define SCB_ICSR_VECTPENDING_Pos           12U                                            /*!< SCB 
 393:Drivers/CMSIS/Include/core_cm0.h **** #define SCB_ICSR_VECTPENDING_Msk           (0x1FFUL << SCB_ICSR_VECTPENDING_Pos)          /*!< SCB 
 394:Drivers/CMSIS/Include/core_cm0.h **** 
 395:Drivers/CMSIS/Include/core_cm0.h **** #define SCB_ICSR_VECTACTIVE_Pos             0U                                            /*!< SCB 
 396:Drivers/CMSIS/Include/core_cm0.h **** #define SCB_ICSR_VECTACTIVE_Msk            (0x1FFUL /*<< SCB_ICSR_VECTACTIVE_Pos*/)       /*!< SCB 
 397:Drivers/CMSIS/Include/core_cm0.h **** 
ARM GAS  C:\Users\ADMINI~1\AppData\Local\Temp\ccxWZT03.s 			page 14


 398:Drivers/CMSIS/Include/core_cm0.h **** /* SCB Application Interrupt and Reset Control Register Definitions */
 399:Drivers/CMSIS/Include/core_cm0.h **** #define SCB_AIRCR_VECTKEY_Pos              16U                                            /*!< SCB 
 400:Drivers/CMSIS/Include/core_cm0.h **** #define SCB_AIRCR_VECTKEY_Msk              (0xFFFFUL << SCB_AIRCR_VECTKEY_Pos)            /*!< SCB 
 401:Drivers/CMSIS/Include/core_cm0.h **** 
 402:Drivers/CMSIS/Include/core_cm0.h **** #define SCB_AIRCR_VECTKEYSTAT_Pos          16U                                            /*!< SCB 
 403:Drivers/CMSIS/Include/core_cm0.h **** #define SCB_AIRCR_VECTKEYSTAT_Msk          (0xFFFFUL << SCB_AIRCR_VECTKEYSTAT_Pos)        /*!< SCB 
 404:Drivers/CMSIS/Include/core_cm0.h **** 
 405:Drivers/CMSIS/Include/core_cm0.h **** #define SCB_AIRCR_ENDIANESS_Pos            15U                                            /*!< SCB 
 406:Drivers/CMSIS/Include/core_cm0.h **** #define SCB_AIRCR_ENDIANESS_Msk            (1UL << SCB_AIRCR_ENDIANESS_Pos)               /*!< SCB 
 407:Drivers/CMSIS/Include/core_cm0.h **** 
 408:Drivers/CMSIS/Include/core_cm0.h **** #define SCB_AIRCR_SYSRESETREQ_Pos           2U                                            /*!< SCB 
 409:Drivers/CMSIS/Include/core_cm0.h **** #define SCB_AIRCR_SYSRESETREQ_Msk          (1UL << SCB_AIRCR_SYSRESETREQ_Pos)             /*!< SCB 
 410:Drivers/CMSIS/Include/core_cm0.h **** 
 411:Drivers/CMSIS/Include/core_cm0.h **** #define SCB_AIRCR_VECTCLRACTIVE_Pos         1U                                            /*!< SCB 
 412:Drivers/CMSIS/Include/core_cm0.h **** #define SCB_AIRCR_VECTCLRACTIVE_Msk        (1UL << SCB_AIRCR_VECTCLRACTIVE_Pos)           /*!< SCB 
 413:Drivers/CMSIS/Include/core_cm0.h **** 
 414:Drivers/CMSIS/Include/core_cm0.h **** /* SCB System Control Register Definitions */
 415:Drivers/CMSIS/Include/core_cm0.h **** #define SCB_SCR_SEVONPEND_Pos               4U                                            /*!< SCB 
 416:Drivers/CMSIS/Include/core_cm0.h **** #define SCB_SCR_SEVONPEND_Msk              (1UL << SCB_SCR_SEVONPEND_Pos)                 /*!< SCB 
 417:Drivers/CMSIS/Include/core_cm0.h **** 
 418:Drivers/CMSIS/Include/core_cm0.h **** #define SCB_SCR_SLEEPDEEP_Pos               2U                                            /*!< SCB 
 419:Drivers/CMSIS/Include/core_cm0.h **** #define SCB_SCR_SLEEPDEEP_Msk              (1UL << SCB_SCR_SLEEPDEEP_Pos)                 /*!< SCB 
 420:Drivers/CMSIS/Include/core_cm0.h **** 
 421:Drivers/CMSIS/Include/core_cm0.h **** #define SCB_SCR_SLEEPONEXIT_Pos             1U                                            /*!< SCB 
 422:Drivers/CMSIS/Include/core_cm0.h **** #define SCB_SCR_SLEEPONEXIT_Msk            (1UL << SCB_SCR_SLEEPONEXIT_Pos)               /*!< SCB 
 423:Drivers/CMSIS/Include/core_cm0.h **** 
 424:Drivers/CMSIS/Include/core_cm0.h **** /* SCB Configuration Control Register Definitions */
 425:Drivers/CMSIS/Include/core_cm0.h **** #define SCB_CCR_STKALIGN_Pos                9U                                            /*!< SCB 
 426:Drivers/CMSIS/Include/core_cm0.h **** #define SCB_CCR_STKALIGN_Msk               (1UL << SCB_CCR_STKALIGN_Pos)                  /*!< SCB 
 427:Drivers/CMSIS/Include/core_cm0.h **** 
 428:Drivers/CMSIS/Include/core_cm0.h **** #define SCB_CCR_UNALIGN_TRP_Pos             3U                                            /*!< SCB 
 429:Drivers/CMSIS/Include/core_cm0.h **** #define SCB_CCR_UNALIGN_TRP_Msk            (1UL << SCB_CCR_UNALIGN_TRP_Pos)               /*!< SCB 
 430:Drivers/CMSIS/Include/core_cm0.h **** 
 431:Drivers/CMSIS/Include/core_cm0.h **** /* SCB System Handler Control and State Register Definitions */
 432:Drivers/CMSIS/Include/core_cm0.h **** #define SCB_SHCSR_SVCALLPENDED_Pos         15U                                            /*!< SCB 
 433:Drivers/CMSIS/Include/core_cm0.h **** #define SCB_SHCSR_SVCALLPENDED_Msk         (1UL << SCB_SHCSR_SVCALLPENDED_Pos)            /*!< SCB 
 434:Drivers/CMSIS/Include/core_cm0.h **** 
 435:Drivers/CMSIS/Include/core_cm0.h **** /*@} end of group CMSIS_SCB */
 436:Drivers/CMSIS/Include/core_cm0.h **** 
 437:Drivers/CMSIS/Include/core_cm0.h **** 
 438:Drivers/CMSIS/Include/core_cm0.h **** /**
 439:Drivers/CMSIS/Include/core_cm0.h ****   \ingroup  CMSIS_core_register
 440:Drivers/CMSIS/Include/core_cm0.h ****   \defgroup CMSIS_SysTick     System Tick Timer (SysTick)
 441:Drivers/CMSIS/Include/core_cm0.h ****   \brief    Type definitions for the System Timer Registers.
 442:Drivers/CMSIS/Include/core_cm0.h ****   @{
 443:Drivers/CMSIS/Include/core_cm0.h ****  */
 444:Drivers/CMSIS/Include/core_cm0.h **** 
 445:Drivers/CMSIS/Include/core_cm0.h **** /**
 446:Drivers/CMSIS/Include/core_cm0.h ****   \brief  Structure type to access the System Timer (SysTick).
 447:Drivers/CMSIS/Include/core_cm0.h ****  */
 448:Drivers/CMSIS/Include/core_cm0.h **** typedef struct
 449:Drivers/CMSIS/Include/core_cm0.h **** {
 450:Drivers/CMSIS/Include/core_cm0.h ****   __IOM uint32_t CTRL;                   /*!< Offset: 0x000 (R/W)  SysTick Control and Status Regis
 451:Drivers/CMSIS/Include/core_cm0.h ****   __IOM uint32_t LOAD;                   /*!< Offset: 0x004 (R/W)  SysTick Reload Value Register */
 452:Drivers/CMSIS/Include/core_cm0.h ****   __IOM uint32_t VAL;                    /*!< Offset: 0x008 (R/W)  SysTick Current Value Register *
 453:Drivers/CMSIS/Include/core_cm0.h ****   __IM  uint32_t CALIB;                  /*!< Offset: 0x00C (R/ )  SysTick Calibration Register */
 454:Drivers/CMSIS/Include/core_cm0.h **** } SysTick_Type;
ARM GAS  C:\Users\ADMINI~1\AppData\Local\Temp\ccxWZT03.s 			page 15


 455:Drivers/CMSIS/Include/core_cm0.h **** 
 456:Drivers/CMSIS/Include/core_cm0.h **** /* SysTick Control / Status Register Definitions */
 457:Drivers/CMSIS/Include/core_cm0.h **** #define SysTick_CTRL_COUNTFLAG_Pos         16U                                            /*!< SysT
 458:Drivers/CMSIS/Include/core_cm0.h **** #define SysTick_CTRL_COUNTFLAG_Msk         (1UL << SysTick_CTRL_COUNTFLAG_Pos)            /*!< SysT
 459:Drivers/CMSIS/Include/core_cm0.h **** 
 460:Drivers/CMSIS/Include/core_cm0.h **** #define SysTick_CTRL_CLKSOURCE_Pos          2U                                            /*!< SysT
 461:Drivers/CMSIS/Include/core_cm0.h **** #define SysTick_CTRL_CLKSOURCE_Msk         (1UL << SysTick_CTRL_CLKSOURCE_Pos)            /*!< SysT
 462:Drivers/CMSIS/Include/core_cm0.h **** 
 463:Drivers/CMSIS/Include/core_cm0.h **** #define SysTick_CTRL_TICKINT_Pos            1U                                            /*!< SysT
 464:Drivers/CMSIS/Include/core_cm0.h **** #define SysTick_CTRL_TICKINT_Msk           (1UL << SysTick_CTRL_TICKINT_Pos)              /*!< SysT
 465:Drivers/CMSIS/Include/core_cm0.h **** 
 466:Drivers/CMSIS/Include/core_cm0.h **** #define SysTick_CTRL_ENABLE_Pos             0U                                            /*!< SysT
 467:Drivers/CMSIS/Include/core_cm0.h **** #define SysTick_CTRL_ENABLE_Msk            (1UL /*<< SysTick_CTRL_ENABLE_Pos*/)           /*!< SysT
 468:Drivers/CMSIS/Include/core_cm0.h **** 
 469:Drivers/CMSIS/Include/core_cm0.h **** /* SysTick Reload Register Definitions */
 470:Drivers/CMSIS/Include/core_cm0.h **** #define SysTick_LOAD_RELOAD_Pos             0U                                            /*!< SysT
 471:Drivers/CMSIS/Include/core_cm0.h **** #define SysTick_LOAD_RELOAD_Msk            (0xFFFFFFUL /*<< SysTick_LOAD_RELOAD_Pos*/)    /*!< SysT
 472:Drivers/CMSIS/Include/core_cm0.h **** 
 473:Drivers/CMSIS/Include/core_cm0.h **** /* SysTick Current Register Definitions */
 474:Drivers/CMSIS/Include/core_cm0.h **** #define SysTick_VAL_CURRENT_Pos             0U                                            /*!< SysT
 475:Drivers/CMSIS/Include/core_cm0.h **** #define SysTick_VAL_CURRENT_Msk            (0xFFFFFFUL /*<< SysTick_VAL_CURRENT_Pos*/)    /*!< SysT
 476:Drivers/CMSIS/Include/core_cm0.h **** 
 477:Drivers/CMSIS/Include/core_cm0.h **** /* SysTick Calibration Register Definitions */
 478:Drivers/CMSIS/Include/core_cm0.h **** #define SysTick_CALIB_NOREF_Pos            31U                                            /*!< SysT
 479:Drivers/CMSIS/Include/core_cm0.h **** #define SysTick_CALIB_NOREF_Msk            (1UL << SysTick_CALIB_NOREF_Pos)               /*!< SysT
 480:Drivers/CMSIS/Include/core_cm0.h **** 
 481:Drivers/CMSIS/Include/core_cm0.h **** #define SysTick_CALIB_SKEW_Pos             30U                                            /*!< SysT
 482:Drivers/CMSIS/Include/core_cm0.h **** #define SysTick_CALIB_SKEW_Msk             (1UL << SysTick_CALIB_SKEW_Pos)                /*!< SysT
 483:Drivers/CMSIS/Include/core_cm0.h **** 
 484:Drivers/CMSIS/Include/core_cm0.h **** #define SysTick_CALIB_TENMS_Pos             0U                                            /*!< SysT
 485:Drivers/CMSIS/Include/core_cm0.h **** #define SysTick_CALIB_TENMS_Msk            (0xFFFFFFUL /*<< SysTick_CALIB_TENMS_Pos*/)    /*!< SysT
 486:Drivers/CMSIS/Include/core_cm0.h **** 
 487:Drivers/CMSIS/Include/core_cm0.h **** /*@} end of group CMSIS_SysTick */
 488:Drivers/CMSIS/Include/core_cm0.h **** 
 489:Drivers/CMSIS/Include/core_cm0.h **** 
 490:Drivers/CMSIS/Include/core_cm0.h **** /**
 491:Drivers/CMSIS/Include/core_cm0.h ****   \ingroup  CMSIS_core_register
 492:Drivers/CMSIS/Include/core_cm0.h ****   \defgroup CMSIS_CoreDebug       Core Debug Registers (CoreDebug)
 493:Drivers/CMSIS/Include/core_cm0.h ****   \brief    Cortex-M0 Core Debug Registers (DCB registers, SHCSR, and DFSR) are only accessible ove
 494:Drivers/CMSIS/Include/core_cm0.h ****             Therefore they are not covered by the Cortex-M0 header file.
 495:Drivers/CMSIS/Include/core_cm0.h ****   @{
 496:Drivers/CMSIS/Include/core_cm0.h ****  */
 497:Drivers/CMSIS/Include/core_cm0.h **** /*@} end of group CMSIS_CoreDebug */
 498:Drivers/CMSIS/Include/core_cm0.h **** 
 499:Drivers/CMSIS/Include/core_cm0.h **** 
 500:Drivers/CMSIS/Include/core_cm0.h **** /**
 501:Drivers/CMSIS/Include/core_cm0.h ****   \ingroup    CMSIS_core_register
 502:Drivers/CMSIS/Include/core_cm0.h ****   \defgroup   CMSIS_core_bitfield     Core register bit field macros
 503:Drivers/CMSIS/Include/core_cm0.h ****   \brief      Macros for use with bit field definitions (xxx_Pos, xxx_Msk).
 504:Drivers/CMSIS/Include/core_cm0.h ****   @{
 505:Drivers/CMSIS/Include/core_cm0.h ****  */
 506:Drivers/CMSIS/Include/core_cm0.h **** 
 507:Drivers/CMSIS/Include/core_cm0.h **** /**
 508:Drivers/CMSIS/Include/core_cm0.h ****   \brief   Mask and shift a bit field value for use in a register bit range.
 509:Drivers/CMSIS/Include/core_cm0.h ****   \param[in] field  Name of the register bit field.
 510:Drivers/CMSIS/Include/core_cm0.h ****   \param[in] value  Value of the bit field. This parameter is interpreted as an uint32_t type.
 511:Drivers/CMSIS/Include/core_cm0.h ****   \return           Masked and shifted value.
ARM GAS  C:\Users\ADMINI~1\AppData\Local\Temp\ccxWZT03.s 			page 16


 512:Drivers/CMSIS/Include/core_cm0.h **** */
 513:Drivers/CMSIS/Include/core_cm0.h **** #define _VAL2FLD(field, value)    (((uint32_t)(value) << field ## _Pos) & field ## _Msk)
 514:Drivers/CMSIS/Include/core_cm0.h **** 
 515:Drivers/CMSIS/Include/core_cm0.h **** /**
 516:Drivers/CMSIS/Include/core_cm0.h ****   \brief     Mask and shift a register value to extract a bit filed value.
 517:Drivers/CMSIS/Include/core_cm0.h ****   \param[in] field  Name of the register bit field.
 518:Drivers/CMSIS/Include/core_cm0.h ****   \param[in] value  Value of register. This parameter is interpreted as an uint32_t type.
 519:Drivers/CMSIS/Include/core_cm0.h ****   \return           Masked and shifted bit field value.
 520:Drivers/CMSIS/Include/core_cm0.h **** */
 521:Drivers/CMSIS/Include/core_cm0.h **** #define _FLD2VAL(field, value)    (((uint32_t)(value) & field ## _Msk) >> field ## _Pos)
 522:Drivers/CMSIS/Include/core_cm0.h **** 
 523:Drivers/CMSIS/Include/core_cm0.h **** /*@} end of group CMSIS_core_bitfield */
 524:Drivers/CMSIS/Include/core_cm0.h **** 
 525:Drivers/CMSIS/Include/core_cm0.h **** 
 526:Drivers/CMSIS/Include/core_cm0.h **** /**
 527:Drivers/CMSIS/Include/core_cm0.h ****   \ingroup    CMSIS_core_register
 528:Drivers/CMSIS/Include/core_cm0.h ****   \defgroup   CMSIS_core_base     Core Definitions
 529:Drivers/CMSIS/Include/core_cm0.h ****   \brief      Definitions for base addresses, unions, and structures.
 530:Drivers/CMSIS/Include/core_cm0.h ****   @{
 531:Drivers/CMSIS/Include/core_cm0.h ****  */
 532:Drivers/CMSIS/Include/core_cm0.h **** 
 533:Drivers/CMSIS/Include/core_cm0.h **** /* Memory mapping of Core Hardware */
 534:Drivers/CMSIS/Include/core_cm0.h **** #define SCS_BASE            (0xE000E000UL)                            /*!< System Control Space Bas
 535:Drivers/CMSIS/Include/core_cm0.h **** #define SysTick_BASE        (SCS_BASE +  0x0010UL)                    /*!< SysTick Base Address */
 536:Drivers/CMSIS/Include/core_cm0.h **** #define NVIC_BASE           (SCS_BASE +  0x0100UL)                    /*!< NVIC Base Address */
 537:Drivers/CMSIS/Include/core_cm0.h **** #define SCB_BASE            (SCS_BASE +  0x0D00UL)                    /*!< System Control Block Bas
 538:Drivers/CMSIS/Include/core_cm0.h **** 
 539:Drivers/CMSIS/Include/core_cm0.h **** #define SCB                 ((SCB_Type       *)     SCB_BASE      )   /*!< SCB configuration struct
 540:Drivers/CMSIS/Include/core_cm0.h **** #define SysTick             ((SysTick_Type   *)     SysTick_BASE  )   /*!< SysTick configuration st
 541:Drivers/CMSIS/Include/core_cm0.h **** #define NVIC                ((NVIC_Type      *)     NVIC_BASE     )   /*!< NVIC configuration struc
 542:Drivers/CMSIS/Include/core_cm0.h **** 
 543:Drivers/CMSIS/Include/core_cm0.h **** 
 544:Drivers/CMSIS/Include/core_cm0.h **** /*@} */
 545:Drivers/CMSIS/Include/core_cm0.h **** 
 546:Drivers/CMSIS/Include/core_cm0.h **** 
 547:Drivers/CMSIS/Include/core_cm0.h **** 
 548:Drivers/CMSIS/Include/core_cm0.h **** /*******************************************************************************
 549:Drivers/CMSIS/Include/core_cm0.h ****  *                Hardware Abstraction Layer
 550:Drivers/CMSIS/Include/core_cm0.h ****   Core Function Interface contains:
 551:Drivers/CMSIS/Include/core_cm0.h ****   - Core NVIC Functions
 552:Drivers/CMSIS/Include/core_cm0.h ****   - Core SysTick Functions
 553:Drivers/CMSIS/Include/core_cm0.h ****   - Core Register Access Functions
 554:Drivers/CMSIS/Include/core_cm0.h ****  ******************************************************************************/
 555:Drivers/CMSIS/Include/core_cm0.h **** /**
 556:Drivers/CMSIS/Include/core_cm0.h ****   \defgroup CMSIS_Core_FunctionInterface Functions and Instructions Reference
 557:Drivers/CMSIS/Include/core_cm0.h **** */
 558:Drivers/CMSIS/Include/core_cm0.h **** 
 559:Drivers/CMSIS/Include/core_cm0.h **** 
 560:Drivers/CMSIS/Include/core_cm0.h **** 
 561:Drivers/CMSIS/Include/core_cm0.h **** /* ##########################   NVIC functions  #################################### */
 562:Drivers/CMSIS/Include/core_cm0.h **** /**
 563:Drivers/CMSIS/Include/core_cm0.h ****   \ingroup  CMSIS_Core_FunctionInterface
 564:Drivers/CMSIS/Include/core_cm0.h ****   \defgroup CMSIS_Core_NVICFunctions NVIC Functions
 565:Drivers/CMSIS/Include/core_cm0.h ****   \brief    Functions that manage interrupts and exceptions via the NVIC.
 566:Drivers/CMSIS/Include/core_cm0.h ****   @{
 567:Drivers/CMSIS/Include/core_cm0.h ****  */
 568:Drivers/CMSIS/Include/core_cm0.h **** 
ARM GAS  C:\Users\ADMINI~1\AppData\Local\Temp\ccxWZT03.s 			page 17


 569:Drivers/CMSIS/Include/core_cm0.h **** #ifdef CMSIS_NVIC_VIRTUAL
 570:Drivers/CMSIS/Include/core_cm0.h ****   #ifndef CMSIS_NVIC_VIRTUAL_HEADER_FILE
 571:Drivers/CMSIS/Include/core_cm0.h ****     #define CMSIS_NVIC_VIRTUAL_HEADER_FILE "cmsis_nvic_virtual.h"
 572:Drivers/CMSIS/Include/core_cm0.h ****   #endif
 573:Drivers/CMSIS/Include/core_cm0.h ****   #include CMSIS_NVIC_VIRTUAL_HEADER_FILE
 574:Drivers/CMSIS/Include/core_cm0.h **** #else
 575:Drivers/CMSIS/Include/core_cm0.h ****   #define NVIC_SetPriorityGrouping    __NVIC_SetPriorityGrouping
 576:Drivers/CMSIS/Include/core_cm0.h ****   #define NVIC_GetPriorityGrouping    __NVIC_GetPriorityGrouping
 577:Drivers/CMSIS/Include/core_cm0.h ****   #define NVIC_EnableIRQ              __NVIC_EnableIRQ
 578:Drivers/CMSIS/Include/core_cm0.h ****   #define NVIC_GetEnableIRQ           __NVIC_GetEnableIRQ
 579:Drivers/CMSIS/Include/core_cm0.h ****   #define NVIC_DisableIRQ             __NVIC_DisableIRQ
 580:Drivers/CMSIS/Include/core_cm0.h ****   #define NVIC_GetPendingIRQ          __NVIC_GetPendingIRQ
 581:Drivers/CMSIS/Include/core_cm0.h ****   #define NVIC_SetPendingIRQ          __NVIC_SetPendingIRQ
 582:Drivers/CMSIS/Include/core_cm0.h ****   #define NVIC_ClearPendingIRQ        __NVIC_ClearPendingIRQ
 583:Drivers/CMSIS/Include/core_cm0.h **** /*#define NVIC_GetActive              __NVIC_GetActive             not available for Cortex-M0 */
 584:Drivers/CMSIS/Include/core_cm0.h ****   #define NVIC_SetPriority            __NVIC_SetPriority
 585:Drivers/CMSIS/Include/core_cm0.h ****   #define NVIC_GetPriority            __NVIC_GetPriority
 586:Drivers/CMSIS/Include/core_cm0.h ****   #define NVIC_SystemReset            __NVIC_SystemReset
 587:Drivers/CMSIS/Include/core_cm0.h **** #endif /* CMSIS_NVIC_VIRTUAL */
 588:Drivers/CMSIS/Include/core_cm0.h **** 
 589:Drivers/CMSIS/Include/core_cm0.h **** #ifdef CMSIS_VECTAB_VIRTUAL
 590:Drivers/CMSIS/Include/core_cm0.h ****   #ifndef CMSIS_VECTAB_VIRTUAL_HEADER_FILE
 591:Drivers/CMSIS/Include/core_cm0.h ****     #define CMSIS_VECTAB_VIRTUAL_HEADER_FILE "cmsis_vectab_virtual.h"
 592:Drivers/CMSIS/Include/core_cm0.h ****   #endif
 593:Drivers/CMSIS/Include/core_cm0.h ****   #include CMSIS_VECTAB_VIRTUAL_HEADER_FILE
 594:Drivers/CMSIS/Include/core_cm0.h **** #else
 595:Drivers/CMSIS/Include/core_cm0.h ****   #define NVIC_SetVector              __NVIC_SetVector
 596:Drivers/CMSIS/Include/core_cm0.h ****   #define NVIC_GetVector              __NVIC_GetVector
 597:Drivers/CMSIS/Include/core_cm0.h **** #endif  /* (CMSIS_VECTAB_VIRTUAL) */
 598:Drivers/CMSIS/Include/core_cm0.h **** 
 599:Drivers/CMSIS/Include/core_cm0.h **** #define NVIC_USER_IRQ_OFFSET          16
 600:Drivers/CMSIS/Include/core_cm0.h **** 
 601:Drivers/CMSIS/Include/core_cm0.h **** 
 602:Drivers/CMSIS/Include/core_cm0.h **** /* The following EXC_RETURN values are saved the LR on exception entry */
 603:Drivers/CMSIS/Include/core_cm0.h **** #define EXC_RETURN_HANDLER         (0xFFFFFFF1UL)     /* return to Handler mode, uses MSP after ret
 604:Drivers/CMSIS/Include/core_cm0.h **** #define EXC_RETURN_THREAD_MSP      (0xFFFFFFF9UL)     /* return to Thread mode, uses MSP after retu
 605:Drivers/CMSIS/Include/core_cm0.h **** #define EXC_RETURN_THREAD_PSP      (0xFFFFFFFDUL)     /* return to Thread mode, uses PSP after retu
 606:Drivers/CMSIS/Include/core_cm0.h **** 
 607:Drivers/CMSIS/Include/core_cm0.h **** 
 608:Drivers/CMSIS/Include/core_cm0.h **** /* Interrupt Priorities are WORD accessible only under Armv6-M                  */
 609:Drivers/CMSIS/Include/core_cm0.h **** /* The following MACROS handle generation of the register offset and byte masks */
 610:Drivers/CMSIS/Include/core_cm0.h **** #define _BIT_SHIFT(IRQn)         (  ((((uint32_t)(int32_t)(IRQn))         )      &  0x03UL) * 8UL)
 611:Drivers/CMSIS/Include/core_cm0.h **** #define _SHP_IDX(IRQn)           ( (((((uint32_t)(int32_t)(IRQn)) & 0x0FUL)-8UL) >>    2UL)      )
 612:Drivers/CMSIS/Include/core_cm0.h **** #define _IP_IDX(IRQn)            (   (((uint32_t)(int32_t)(IRQn))                >>    2UL)      )
 613:Drivers/CMSIS/Include/core_cm0.h **** 
 614:Drivers/CMSIS/Include/core_cm0.h **** #define __NVIC_SetPriorityGrouping(X) (void)(X)
 615:Drivers/CMSIS/Include/core_cm0.h **** #define __NVIC_GetPriorityGrouping()  (0U)
 616:Drivers/CMSIS/Include/core_cm0.h **** 
 617:Drivers/CMSIS/Include/core_cm0.h **** /**
 618:Drivers/CMSIS/Include/core_cm0.h ****   \brief   Enable Interrupt
 619:Drivers/CMSIS/Include/core_cm0.h ****   \details Enables a device specific interrupt in the NVIC interrupt controller.
 620:Drivers/CMSIS/Include/core_cm0.h ****   \param [in]      IRQn  Device specific interrupt number.
 621:Drivers/CMSIS/Include/core_cm0.h ****   \note    IRQn must not be negative.
 622:Drivers/CMSIS/Include/core_cm0.h ****  */
 623:Drivers/CMSIS/Include/core_cm0.h **** __STATIC_INLINE void __NVIC_EnableIRQ(IRQn_Type IRQn)
 624:Drivers/CMSIS/Include/core_cm0.h **** {
 625:Drivers/CMSIS/Include/core_cm0.h ****   if ((int32_t)(IRQn) >= 0)
ARM GAS  C:\Users\ADMINI~1\AppData\Local\Temp\ccxWZT03.s 			page 18


 626:Drivers/CMSIS/Include/core_cm0.h ****   {
 627:Drivers/CMSIS/Include/core_cm0.h ****     NVIC->ISER[0U] = (uint32_t)(1UL << (((uint32_t)IRQn) & 0x1FUL));
 628:Drivers/CMSIS/Include/core_cm0.h ****   }
 629:Drivers/CMSIS/Include/core_cm0.h **** }
 630:Drivers/CMSIS/Include/core_cm0.h **** 
 631:Drivers/CMSIS/Include/core_cm0.h **** 
 632:Drivers/CMSIS/Include/core_cm0.h **** /**
 633:Drivers/CMSIS/Include/core_cm0.h ****   \brief   Get Interrupt Enable status
 634:Drivers/CMSIS/Include/core_cm0.h ****   \details Returns a device specific interrupt enable status from the NVIC interrupt controller.
 635:Drivers/CMSIS/Include/core_cm0.h ****   \param [in]      IRQn  Device specific interrupt number.
 636:Drivers/CMSIS/Include/core_cm0.h ****   \return             0  Interrupt is not enabled.
 637:Drivers/CMSIS/Include/core_cm0.h ****   \return             1  Interrupt is enabled.
 638:Drivers/CMSIS/Include/core_cm0.h ****   \note    IRQn must not be negative.
 639:Drivers/CMSIS/Include/core_cm0.h ****  */
 640:Drivers/CMSIS/Include/core_cm0.h **** __STATIC_INLINE uint32_t __NVIC_GetEnableIRQ(IRQn_Type IRQn)
 641:Drivers/CMSIS/Include/core_cm0.h **** {
 642:Drivers/CMSIS/Include/core_cm0.h ****   if ((int32_t)(IRQn) >= 0)
 643:Drivers/CMSIS/Include/core_cm0.h ****   {
 644:Drivers/CMSIS/Include/core_cm0.h ****     return((uint32_t)(((NVIC->ISER[0U] & (1UL << (((uint32_t)IRQn) & 0x1FUL))) != 0UL) ? 1UL : 0UL)
 645:Drivers/CMSIS/Include/core_cm0.h ****   }
 646:Drivers/CMSIS/Include/core_cm0.h ****   else
 647:Drivers/CMSIS/Include/core_cm0.h ****   {
 648:Drivers/CMSIS/Include/core_cm0.h ****     return(0U);
 649:Drivers/CMSIS/Include/core_cm0.h ****   }
 650:Drivers/CMSIS/Include/core_cm0.h **** }
 651:Drivers/CMSIS/Include/core_cm0.h **** 
 652:Drivers/CMSIS/Include/core_cm0.h **** 
 653:Drivers/CMSIS/Include/core_cm0.h **** /**
 654:Drivers/CMSIS/Include/core_cm0.h ****   \brief   Disable Interrupt
 655:Drivers/CMSIS/Include/core_cm0.h ****   \details Disables a device specific interrupt in the NVIC interrupt controller.
 656:Drivers/CMSIS/Include/core_cm0.h ****   \param [in]      IRQn  Device specific interrupt number.
 657:Drivers/CMSIS/Include/core_cm0.h ****   \note    IRQn must not be negative.
 658:Drivers/CMSIS/Include/core_cm0.h ****  */
 659:Drivers/CMSIS/Include/core_cm0.h **** __STATIC_INLINE void __NVIC_DisableIRQ(IRQn_Type IRQn)
 660:Drivers/CMSIS/Include/core_cm0.h **** {
 661:Drivers/CMSIS/Include/core_cm0.h ****   if ((int32_t)(IRQn) >= 0)
 662:Drivers/CMSIS/Include/core_cm0.h ****   {
 663:Drivers/CMSIS/Include/core_cm0.h ****     NVIC->ICER[0U] = (uint32_t)(1UL << (((uint32_t)IRQn) & 0x1FUL));
 664:Drivers/CMSIS/Include/core_cm0.h ****     __DSB();
 665:Drivers/CMSIS/Include/core_cm0.h ****     __ISB();
 666:Drivers/CMSIS/Include/core_cm0.h ****   }
 667:Drivers/CMSIS/Include/core_cm0.h **** }
 668:Drivers/CMSIS/Include/core_cm0.h **** 
 669:Drivers/CMSIS/Include/core_cm0.h **** 
 670:Drivers/CMSIS/Include/core_cm0.h **** /**
 671:Drivers/CMSIS/Include/core_cm0.h ****   \brief   Get Pending Interrupt
 672:Drivers/CMSIS/Include/core_cm0.h ****   \details Reads the NVIC pending register and returns the pending bit for the specified device spe
 673:Drivers/CMSIS/Include/core_cm0.h ****   \param [in]      IRQn  Device specific interrupt number.
 674:Drivers/CMSIS/Include/core_cm0.h ****   \return             0  Interrupt status is not pending.
 675:Drivers/CMSIS/Include/core_cm0.h ****   \return             1  Interrupt status is pending.
 676:Drivers/CMSIS/Include/core_cm0.h ****   \note    IRQn must not be negative.
 677:Drivers/CMSIS/Include/core_cm0.h ****  */
 678:Drivers/CMSIS/Include/core_cm0.h **** __STATIC_INLINE uint32_t __NVIC_GetPendingIRQ(IRQn_Type IRQn)
 679:Drivers/CMSIS/Include/core_cm0.h **** {
 680:Drivers/CMSIS/Include/core_cm0.h ****   if ((int32_t)(IRQn) >= 0)
 681:Drivers/CMSIS/Include/core_cm0.h ****   {
 682:Drivers/CMSIS/Include/core_cm0.h ****     return((uint32_t)(((NVIC->ISPR[0U] & (1UL << (((uint32_t)IRQn) & 0x1FUL))) != 0UL) ? 1UL : 0UL)
ARM GAS  C:\Users\ADMINI~1\AppData\Local\Temp\ccxWZT03.s 			page 19


 683:Drivers/CMSIS/Include/core_cm0.h ****   }
 684:Drivers/CMSIS/Include/core_cm0.h ****   else
 685:Drivers/CMSIS/Include/core_cm0.h ****   {
 686:Drivers/CMSIS/Include/core_cm0.h ****     return(0U);
 687:Drivers/CMSIS/Include/core_cm0.h ****   }
 688:Drivers/CMSIS/Include/core_cm0.h **** }
 689:Drivers/CMSIS/Include/core_cm0.h **** 
 690:Drivers/CMSIS/Include/core_cm0.h **** 
 691:Drivers/CMSIS/Include/core_cm0.h **** /**
 692:Drivers/CMSIS/Include/core_cm0.h ****   \brief   Set Pending Interrupt
 693:Drivers/CMSIS/Include/core_cm0.h ****   \details Sets the pending bit of a device specific interrupt in the NVIC pending register.
 694:Drivers/CMSIS/Include/core_cm0.h ****   \param [in]      IRQn  Device specific interrupt number.
 695:Drivers/CMSIS/Include/core_cm0.h ****   \note    IRQn must not be negative.
 696:Drivers/CMSIS/Include/core_cm0.h ****  */
 697:Drivers/CMSIS/Include/core_cm0.h **** __STATIC_INLINE void __NVIC_SetPendingIRQ(IRQn_Type IRQn)
 698:Drivers/CMSIS/Include/core_cm0.h **** {
 699:Drivers/CMSIS/Include/core_cm0.h ****   if ((int32_t)(IRQn) >= 0)
 700:Drivers/CMSIS/Include/core_cm0.h ****   {
 701:Drivers/CMSIS/Include/core_cm0.h ****     NVIC->ISPR[0U] = (uint32_t)(1UL << (((uint32_t)IRQn) & 0x1FUL));
 702:Drivers/CMSIS/Include/core_cm0.h ****   }
 703:Drivers/CMSIS/Include/core_cm0.h **** }
 704:Drivers/CMSIS/Include/core_cm0.h **** 
 705:Drivers/CMSIS/Include/core_cm0.h **** 
 706:Drivers/CMSIS/Include/core_cm0.h **** /**
 707:Drivers/CMSIS/Include/core_cm0.h ****   \brief   Clear Pending Interrupt
 708:Drivers/CMSIS/Include/core_cm0.h ****   \details Clears the pending bit of a device specific interrupt in the NVIC pending register.
 709:Drivers/CMSIS/Include/core_cm0.h ****   \param [in]      IRQn  Device specific interrupt number.
 710:Drivers/CMSIS/Include/core_cm0.h ****   \note    IRQn must not be negative.
 711:Drivers/CMSIS/Include/core_cm0.h ****  */
 712:Drivers/CMSIS/Include/core_cm0.h **** __STATIC_INLINE void __NVIC_ClearPendingIRQ(IRQn_Type IRQn)
 713:Drivers/CMSIS/Include/core_cm0.h **** {
 714:Drivers/CMSIS/Include/core_cm0.h ****   if ((int32_t)(IRQn) >= 0)
 715:Drivers/CMSIS/Include/core_cm0.h ****   {
 716:Drivers/CMSIS/Include/core_cm0.h ****     NVIC->ICPR[0U] = (uint32_t)(1UL << (((uint32_t)IRQn) & 0x1FUL));
 717:Drivers/CMSIS/Include/core_cm0.h ****   }
 718:Drivers/CMSIS/Include/core_cm0.h **** }
 719:Drivers/CMSIS/Include/core_cm0.h **** 
 720:Drivers/CMSIS/Include/core_cm0.h **** 
 721:Drivers/CMSIS/Include/core_cm0.h **** /**
 722:Drivers/CMSIS/Include/core_cm0.h ****   \brief   Set Interrupt Priority
 723:Drivers/CMSIS/Include/core_cm0.h ****   \details Sets the priority of a device specific interrupt or a processor exception.
 724:Drivers/CMSIS/Include/core_cm0.h ****            The interrupt number can be positive to specify a device specific interrupt,
 725:Drivers/CMSIS/Include/core_cm0.h ****            or negative to specify a processor exception.
 726:Drivers/CMSIS/Include/core_cm0.h ****   \param [in]      IRQn  Interrupt number.
 727:Drivers/CMSIS/Include/core_cm0.h ****   \param [in]  priority  Priority to set.
 728:Drivers/CMSIS/Include/core_cm0.h ****   \note    The priority cannot be set for every processor exception.
 729:Drivers/CMSIS/Include/core_cm0.h ****  */
 730:Drivers/CMSIS/Include/core_cm0.h **** __STATIC_INLINE void __NVIC_SetPriority(IRQn_Type IRQn, uint32_t priority)
  65              		.loc 3 730 22 view .LVU11
  66              	.LBB15:
 731:Drivers/CMSIS/Include/core_cm0.h **** {
 732:Drivers/CMSIS/Include/core_cm0.h ****   if ((int32_t)(IRQn) >= 0)
  67              		.loc 3 732 3 view .LVU12
 733:Drivers/CMSIS/Include/core_cm0.h ****   {
 734:Drivers/CMSIS/Include/core_cm0.h ****     NVIC->IP[_IP_IDX(IRQn)]  = ((uint32_t)(NVIC->IP[_IP_IDX(IRQn)]  & ~(0xFFUL << _BIT_SHIFT(IRQn))
  68              		.loc 3 734 5 view .LVU13
  69              		.loc 3 734 52 is_stmt 0 view .LVU14
ARM GAS  C:\Users\ADMINI~1\AppData\Local\Temp\ccxWZT03.s 			page 20


  70 0014 094B     		ldr	r3, .L2+4
  71 0016 C222     		movs	r2, #194
  72 0018 9200     		lsls	r2, r2, #2
  73 001a 9958     		ldr	r1, [r3, r2]
  74              		.loc 3 734 33 view .LVU15
  75 001c 0848     		ldr	r0, .L2+8
  76 001e 0140     		ands	r1, r0
  77              		.loc 3 734 30 view .LVU16
  78 0020 9950     		str	r1, [r3, r2]
  79              	.LVL2:
  80              		.loc 3 734 30 view .LVU17
  81              	.LBE15:
  82              	.LBE14:
  49:Src/dma.c     ****   NVIC_EnableIRQ(DMA1_Channel1_IRQn);
  83              		.loc 1 49 3 is_stmt 1 view .LVU18
  84              	.LBB16:
  85              	.LBI16:
 623:Drivers/CMSIS/Include/core_cm0.h **** {
  86              		.loc 3 623 22 view .LVU19
  87              	.LBB17:
 625:Drivers/CMSIS/Include/core_cm0.h ****   {
  88              		.loc 3 625 3 view .LVU20
 627:Drivers/CMSIS/Include/core_cm0.h ****   }
  89              		.loc 3 627 5 view .LVU21
 627:Drivers/CMSIS/Include/core_cm0.h ****   }
  90              		.loc 3 627 20 is_stmt 0 view .LVU22
  91 0022 8021     		movs	r1, #128
  92 0024 8900     		lsls	r1, r1, #2
  93 0026 1960     		str	r1, [r3]
  94              	.LVL3:
 627:Drivers/CMSIS/Include/core_cm0.h ****   }
  95              		.loc 3 627 20 view .LVU23
  96              	.LBE17:
  97              	.LBE16:
  50:Src/dma.c     ****   /* DMA1_Channel2_3_IRQn interrupt configuration */
  51:Src/dma.c     ****   NVIC_SetPriority(DMA1_Channel2_3_IRQn, 0);
  98              		.loc 1 51 3 is_stmt 1 view .LVU24
  99              	.LBB18:
 100              	.LBI18:
 730:Drivers/CMSIS/Include/core_cm0.h **** {
 101              		.loc 3 730 22 view .LVU25
 102              	.LBB19:
 732:Drivers/CMSIS/Include/core_cm0.h ****   {
 103              		.loc 3 732 3 view .LVU26
 104              		.loc 3 734 5 view .LVU27
 105              		.loc 3 734 52 is_stmt 0 view .LVU28
 106 0028 9958     		ldr	r1, [r3, r2]
 107              		.loc 3 734 33 view .LVU29
 108 002a 0648     		ldr	r0, .L2+12
 109 002c 0140     		ands	r1, r0
 110              		.loc 3 734 30 view .LVU30
 111 002e 9950     		str	r1, [r3, r2]
 112              	.LVL4:
 113              		.loc 3 734 30 view .LVU31
 114              	.LBE19:
 115              	.LBE18:
  52:Src/dma.c     ****   NVIC_EnableIRQ(DMA1_Channel2_3_IRQn);
ARM GAS  C:\Users\ADMINI~1\AppData\Local\Temp\ccxWZT03.s 			page 21


 116              		.loc 1 52 3 is_stmt 1 view .LVU32
 117              	.LBB20:
 118              	.LBI20:
 623:Drivers/CMSIS/Include/core_cm0.h **** {
 119              		.loc 3 623 22 view .LVU33
 120              	.LBB21:
 625:Drivers/CMSIS/Include/core_cm0.h ****   {
 121              		.loc 3 625 3 view .LVU34
 627:Drivers/CMSIS/Include/core_cm0.h ****   }
 122              		.loc 3 627 5 view .LVU35
 627:Drivers/CMSIS/Include/core_cm0.h ****   }
 123              		.loc 3 627 20 is_stmt 0 view .LVU36
 124 0030 F832     		adds	r2, r2, #248
 125 0032 1A60     		str	r2, [r3]
 126              	.LVL5:
 627:Drivers/CMSIS/Include/core_cm0.h ****   }
 127              		.loc 3 627 20 view .LVU37
 128              	.LBE21:
 129              	.LBE20:
  53:Src/dma.c     **** 
  54:Src/dma.c     **** }
 130              		.loc 1 54 1 view .LVU38
 131 0034 02B0     		add	sp, sp, #8
 132              		@ sp needed
 133 0036 7047     		bx	lr
 134              	.L3:
 135              		.align	2
 136              	.L2:
 137 0038 00100240 		.word	1073876992
 138 003c 00E100E0 		.word	-536813312
 139 0040 FF00FFFF 		.word	-65281
 140 0044 FFFF00FF 		.word	-16711681
 141              		.cfi_endproc
 142              	.LFE1020:
 144              		.text
 145              	.Letext0:
 146              		.file 4 "Drivers/CMSIS/Device/ST/STM32F0xx/Include/stm32f042x6.h"
 147              		.file 5 "c:\\program files (x86)\\gnu arm embedded toolchain\\10 2021.10\\arm-none-eabi\\include\\
 148              		.file 6 "c:\\program files (x86)\\gnu arm embedded toolchain\\10 2021.10\\arm-none-eabi\\include\\
 149              		.file 7 "Drivers/STM32F0xx_HAL_Driver/Inc/stm32f0xx_ll_dma.h"
 150              		.file 8 "Drivers/STM32F0xx_HAL_Driver/Inc/stm32f0xx_ll_tim.h"
ARM GAS  C:\Users\ADMINI~1\AppData\Local\Temp\ccxWZT03.s 			page 22


DEFINED SYMBOLS
                            *ABS*:00000000 dma.c
C:\Users\ADMINI~1\AppData\Local\Temp\ccxWZT03.s:18     .text.MX_DMA_Init:00000000 $t
C:\Users\ADMINI~1\AppData\Local\Temp\ccxWZT03.s:24     .text.MX_DMA_Init:00000000 MX_DMA_Init
C:\Users\ADMINI~1\AppData\Local\Temp\ccxWZT03.s:137    .text.MX_DMA_Init:00000038 $d

NO UNDEFINED SYMBOLS
