ARM GAS  C:\Users\ADMINI~1\AppData\Local\Temp\cc43ebqj.s 			page 1


   1              		.cpu cortex-m4
   2              		.arch armv7e-m
   3              		.fpu fpv4-sp-d16
   4              		.eabi_attribute 27, 1
   5              		.eabi_attribute 28, 1
   6              		.eabi_attribute 20, 1
   7              		.eabi_attribute 21, 1
   8              		.eabi_attribute 23, 3
   9              		.eabi_attribute 24, 1
  10              		.eabi_attribute 25, 1
  11              		.eabi_attribute 26, 1
  12              		.eabi_attribute 30, 1
  13              		.eabi_attribute 34, 1
  14              		.eabi_attribute 18, 4
  15              		.file	"usbd_cdc_if.c"
  16              		.text
  17              	.Ltext0:
  18              		.cfi_sections	.debug_frame
  19              		.section	.text.CDC_DeInit_HS,"ax",%progbits
  20              		.align	1
  21              		.syntax unified
  22              		.thumb
  23              		.thumb_func
  25              	CDC_DeInit_HS:
  26              	.LFB135:
  27              		.file 1 "Src/usbd_cdc_if.c"
   1:Src/usbd_cdc_if.c **** /* USER CODE BEGIN Header */
   2:Src/usbd_cdc_if.c **** /**
   3:Src/usbd_cdc_if.c ****   ******************************************************************************
   4:Src/usbd_cdc_if.c ****   * @file           : usbd_cdc_if.c
   5:Src/usbd_cdc_if.c ****   * @version        : v1.0_Cube
   6:Src/usbd_cdc_if.c ****   * @brief          : Usb device for Virtual Com Port.
   7:Src/usbd_cdc_if.c ****   ******************************************************************************
   8:Src/usbd_cdc_if.c ****   * @attention
   9:Src/usbd_cdc_if.c ****   *
  10:Src/usbd_cdc_if.c ****   * Copyright (c) 2022 STMicroelectronics.
  11:Src/usbd_cdc_if.c ****   * All rights reserved.
  12:Src/usbd_cdc_if.c ****   *
  13:Src/usbd_cdc_if.c ****   * This software is licensed under terms that can be found in the LICENSE file
  14:Src/usbd_cdc_if.c ****   * in the root directory of this software component.
  15:Src/usbd_cdc_if.c ****   * If no LICENSE file comes with this software, it is provided AS-IS.
  16:Src/usbd_cdc_if.c ****   *
  17:Src/usbd_cdc_if.c ****   ******************************************************************************
  18:Src/usbd_cdc_if.c ****   */
  19:Src/usbd_cdc_if.c **** /* USER CODE END Header */
  20:Src/usbd_cdc_if.c **** 
  21:Src/usbd_cdc_if.c **** /* Includes ------------------------------------------------------------------*/
  22:Src/usbd_cdc_if.c **** #include "usbd_cdc_if.h"
  23:Src/usbd_cdc_if.c **** 
  24:Src/usbd_cdc_if.c **** /* USER CODE BEGIN INCLUDE */
  25:Src/usbd_cdc_if.c **** #include <stdio.h>
  26:Src/usbd_cdc_if.c **** /* USER CODE END INCLUDE */
  27:Src/usbd_cdc_if.c **** 
  28:Src/usbd_cdc_if.c **** /* Private typedef -----------------------------------------------------------*/
  29:Src/usbd_cdc_if.c **** /* Private define ------------------------------------------------------------*/
  30:Src/usbd_cdc_if.c **** /* Private macro -------------------------------------------------------------*/
  31:Src/usbd_cdc_if.c **** 
ARM GAS  C:\Users\ADMINI~1\AppData\Local\Temp\cc43ebqj.s 			page 2


  32:Src/usbd_cdc_if.c **** /* USER CODE BEGIN PV */
  33:Src/usbd_cdc_if.c **** /* Private variables ---------------------------------------------------------*/
  34:Src/usbd_cdc_if.c **** 
  35:Src/usbd_cdc_if.c **** /* USER CODE END PV */
  36:Src/usbd_cdc_if.c **** 
  37:Src/usbd_cdc_if.c **** /** @addtogroup STM32_USB_OTG_DEVICE_LIBRARY
  38:Src/usbd_cdc_if.c ****   * @brief Usb device library.
  39:Src/usbd_cdc_if.c ****   * @{
  40:Src/usbd_cdc_if.c ****   */
  41:Src/usbd_cdc_if.c **** 
  42:Src/usbd_cdc_if.c **** /** @addtogroup USBD_CDC_IF
  43:Src/usbd_cdc_if.c ****   * @{
  44:Src/usbd_cdc_if.c ****   */
  45:Src/usbd_cdc_if.c **** 
  46:Src/usbd_cdc_if.c **** /** @defgroup USBD_CDC_IF_Private_TypesDefinitions USBD_CDC_IF_Private_TypesDefinitions
  47:Src/usbd_cdc_if.c ****   * @brief Private types.
  48:Src/usbd_cdc_if.c ****   * @{
  49:Src/usbd_cdc_if.c ****   */
  50:Src/usbd_cdc_if.c **** 
  51:Src/usbd_cdc_if.c **** /* USER CODE BEGIN PRIVATE_TYPES */
  52:Src/usbd_cdc_if.c **** 
  53:Src/usbd_cdc_if.c **** /* USER CODE END PRIVATE_TYPES */
  54:Src/usbd_cdc_if.c **** 
  55:Src/usbd_cdc_if.c **** /**
  56:Src/usbd_cdc_if.c ****   * @}
  57:Src/usbd_cdc_if.c ****   */
  58:Src/usbd_cdc_if.c **** 
  59:Src/usbd_cdc_if.c **** /** @defgroup USBD_CDC_IF_Private_Defines USBD_CDC_IF_Private_Defines
  60:Src/usbd_cdc_if.c ****   * @brief Private defines.
  61:Src/usbd_cdc_if.c ****   * @{
  62:Src/usbd_cdc_if.c ****   */
  63:Src/usbd_cdc_if.c **** 
  64:Src/usbd_cdc_if.c **** /* USER CODE BEGIN PRIVATE_DEFINES */
  65:Src/usbd_cdc_if.c **** /* USER CODE END PRIVATE_DEFINES */
  66:Src/usbd_cdc_if.c **** 
  67:Src/usbd_cdc_if.c **** /**
  68:Src/usbd_cdc_if.c ****   * @}
  69:Src/usbd_cdc_if.c ****   */
  70:Src/usbd_cdc_if.c **** 
  71:Src/usbd_cdc_if.c **** /** @defgroup USBD_CDC_IF_Private_Macros USBD_CDC_IF_Private_Macros
  72:Src/usbd_cdc_if.c ****   * @brief Private macros.
  73:Src/usbd_cdc_if.c ****   * @{
  74:Src/usbd_cdc_if.c ****   */
  75:Src/usbd_cdc_if.c **** 
  76:Src/usbd_cdc_if.c **** /* USER CODE BEGIN PRIVATE_MACRO */
  77:Src/usbd_cdc_if.c **** 
  78:Src/usbd_cdc_if.c **** /* USER CODE END PRIVATE_MACRO */
  79:Src/usbd_cdc_if.c **** 
  80:Src/usbd_cdc_if.c **** /**
  81:Src/usbd_cdc_if.c ****   * @}
  82:Src/usbd_cdc_if.c ****   */
  83:Src/usbd_cdc_if.c **** 
  84:Src/usbd_cdc_if.c **** /** @defgroup USBD_CDC_IF_Private_Variables USBD_CDC_IF_Private_Variables
  85:Src/usbd_cdc_if.c ****   * @brief Private variables.
  86:Src/usbd_cdc_if.c ****   * @{
  87:Src/usbd_cdc_if.c ****   */
  88:Src/usbd_cdc_if.c **** 
ARM GAS  C:\Users\ADMINI~1\AppData\Local\Temp\cc43ebqj.s 			page 3


  89:Src/usbd_cdc_if.c **** /* Create buffer for reception and transmission           */
  90:Src/usbd_cdc_if.c **** /* It's up to user to redefine and/or remove those define */
  91:Src/usbd_cdc_if.c **** /** Received data over USB are stored in this buffer      */
  92:Src/usbd_cdc_if.c **** uint8_t UserRxBufferHS[APP_RX_DATA_SIZE];
  93:Src/usbd_cdc_if.c **** 
  94:Src/usbd_cdc_if.c **** /** Data to send over USB CDC are stored in this buffer   */
  95:Src/usbd_cdc_if.c **** uint8_t UserTxBufferHS[APP_TX_DATA_SIZE];
  96:Src/usbd_cdc_if.c **** 
  97:Src/usbd_cdc_if.c **** /* USER CODE BEGIN PRIVATE_VARIABLES */
  98:Src/usbd_cdc_if.c **** 
  99:Src/usbd_cdc_if.c **** /* USER CODE END PRIVATE_VARIABLES */
 100:Src/usbd_cdc_if.c **** 
 101:Src/usbd_cdc_if.c **** /**
 102:Src/usbd_cdc_if.c ****   * @}
 103:Src/usbd_cdc_if.c ****   */
 104:Src/usbd_cdc_if.c **** 
 105:Src/usbd_cdc_if.c **** /** @defgroup USBD_CDC_IF_Exported_Variables USBD_CDC_IF_Exported_Variables
 106:Src/usbd_cdc_if.c ****   * @brief Public variables.
 107:Src/usbd_cdc_if.c ****   * @{
 108:Src/usbd_cdc_if.c ****   */
 109:Src/usbd_cdc_if.c **** 
 110:Src/usbd_cdc_if.c **** extern USBD_HandleTypeDef hUsbDeviceHS;
 111:Src/usbd_cdc_if.c **** 
 112:Src/usbd_cdc_if.c **** /* USER CODE BEGIN EXPORTED_VARIABLES */
 113:Src/usbd_cdc_if.c **** 
 114:Src/usbd_cdc_if.c **** /* USER CODE END EXPORTED_VARIABLES */
 115:Src/usbd_cdc_if.c **** 
 116:Src/usbd_cdc_if.c **** /**
 117:Src/usbd_cdc_if.c ****   * @}
 118:Src/usbd_cdc_if.c ****   */
 119:Src/usbd_cdc_if.c **** 
 120:Src/usbd_cdc_if.c **** /** @defgroup USBD_CDC_IF_Private_FunctionPrototypes USBD_CDC_IF_Private_FunctionPrototypes
 121:Src/usbd_cdc_if.c ****   * @brief Private functions declaration.
 122:Src/usbd_cdc_if.c ****   * @{
 123:Src/usbd_cdc_if.c ****   */
 124:Src/usbd_cdc_if.c **** 
 125:Src/usbd_cdc_if.c **** static int8_t CDC_Init_HS(void);
 126:Src/usbd_cdc_if.c **** static int8_t CDC_DeInit_HS(void);
 127:Src/usbd_cdc_if.c **** static int8_t CDC_Control_HS(uint8_t cmd, uint8_t* pbuf, uint16_t length);
 128:Src/usbd_cdc_if.c **** static int8_t CDC_Receive_HS(uint8_t* pbuf, uint32_t *Len);
 129:Src/usbd_cdc_if.c **** static int8_t CDC_TransmitCplt_HS(uint8_t *pbuf, uint32_t *Len, uint8_t epnum);
 130:Src/usbd_cdc_if.c **** 
 131:Src/usbd_cdc_if.c **** /* USER CODE BEGIN PRIVATE_FUNCTIONS_DECLARATION */
 132:Src/usbd_cdc_if.c **** 
 133:Src/usbd_cdc_if.c **** /* USER CODE END PRIVATE_FUNCTIONS_DECLARATION */
 134:Src/usbd_cdc_if.c **** 
 135:Src/usbd_cdc_if.c **** /**
 136:Src/usbd_cdc_if.c ****   * @}
 137:Src/usbd_cdc_if.c ****   */
 138:Src/usbd_cdc_if.c **** 
 139:Src/usbd_cdc_if.c **** USBD_CDC_ItfTypeDef USBD_Interface_fops_HS =
 140:Src/usbd_cdc_if.c **** {
 141:Src/usbd_cdc_if.c ****   CDC_Init_HS,
 142:Src/usbd_cdc_if.c ****   CDC_DeInit_HS,
 143:Src/usbd_cdc_if.c ****   CDC_Control_HS,
 144:Src/usbd_cdc_if.c ****   CDC_Receive_HS,
 145:Src/usbd_cdc_if.c ****   CDC_TransmitCplt_HS
ARM GAS  C:\Users\ADMINI~1\AppData\Local\Temp\cc43ebqj.s 			page 4


 146:Src/usbd_cdc_if.c **** };
 147:Src/usbd_cdc_if.c **** 
 148:Src/usbd_cdc_if.c **** /* Private functions ---------------------------------------------------------*/
 149:Src/usbd_cdc_if.c **** 
 150:Src/usbd_cdc_if.c **** /**
 151:Src/usbd_cdc_if.c ****   * @brief  Initializes the CDC media low layer over the USB HS IP
 152:Src/usbd_cdc_if.c ****   * @retval USBD_OK if all operations are OK else USBD_FAIL
 153:Src/usbd_cdc_if.c ****   */
 154:Src/usbd_cdc_if.c **** static int8_t CDC_Init_HS(void)
 155:Src/usbd_cdc_if.c **** {
 156:Src/usbd_cdc_if.c ****   /* USER CODE BEGIN 8 */
 157:Src/usbd_cdc_if.c ****   /* Set Application Buffers */
 158:Src/usbd_cdc_if.c ****   USBD_CDC_SetTxBuffer(&hUsbDeviceHS, UserTxBufferHS, 0);
 159:Src/usbd_cdc_if.c ****   USBD_CDC_SetRxBuffer(&hUsbDeviceHS, UserRxBufferHS);
 160:Src/usbd_cdc_if.c ****   return (USBD_OK);
 161:Src/usbd_cdc_if.c ****   /* USER CODE END 8 */
 162:Src/usbd_cdc_if.c **** }
 163:Src/usbd_cdc_if.c **** 
 164:Src/usbd_cdc_if.c **** /**
 165:Src/usbd_cdc_if.c ****   * @brief  DeInitializes the CDC media low layer
 166:Src/usbd_cdc_if.c ****   * @param  None
 167:Src/usbd_cdc_if.c ****   * @retval USBD_OK if all operations are OK else USBD_FAIL
 168:Src/usbd_cdc_if.c ****   */
 169:Src/usbd_cdc_if.c **** static int8_t CDC_DeInit_HS(void)
 170:Src/usbd_cdc_if.c **** {
  28              		.loc 1 170 1 view -0
  29              		.cfi_startproc
  30              		@ args = 0, pretend = 0, frame = 0
  31              		@ frame_needed = 0, uses_anonymous_args = 0
  32              		@ link register save eliminated.
 171:Src/usbd_cdc_if.c ****   /* USER CODE BEGIN 9 */
 172:Src/usbd_cdc_if.c ****   return (USBD_OK);
  33              		.loc 1 172 3 view .LVU1
 173:Src/usbd_cdc_if.c ****   /* USER CODE END 9 */
 174:Src/usbd_cdc_if.c **** }
  34              		.loc 1 174 1 is_stmt 0 view .LVU2
  35 0000 0020     		movs	r0, #0
  36 0002 7047     		bx	lr
  37              		.cfi_endproc
  38              	.LFE135:
  40              		.section	.text.CDC_Control_HS,"ax",%progbits
  41              		.align	1
  42              		.syntax unified
  43              		.thumb
  44              		.thumb_func
  46              	CDC_Control_HS:
  47              	.LVL0:
  48              	.LFB136:
 175:Src/usbd_cdc_if.c **** 
 176:Src/usbd_cdc_if.c **** /**
 177:Src/usbd_cdc_if.c ****   * @brief  Manage the CDC class requests
 178:Src/usbd_cdc_if.c ****   * @param  cmd: Command code
 179:Src/usbd_cdc_if.c ****   * @param  pbuf: Buffer containing command data (request parameters)
 180:Src/usbd_cdc_if.c ****   * @param  length: Number of data to be sent (in bytes)
 181:Src/usbd_cdc_if.c ****   * @retval Result of the operation: USBD_OK if all operations are OK else USBD_FAIL
 182:Src/usbd_cdc_if.c ****   */
 183:Src/usbd_cdc_if.c **** static int8_t CDC_Control_HS(uint8_t cmd, uint8_t* pbuf, uint16_t length)
ARM GAS  C:\Users\ADMINI~1\AppData\Local\Temp\cc43ebqj.s 			page 5


 184:Src/usbd_cdc_if.c **** {
  49              		.loc 1 184 1 is_stmt 1 view -0
  50              		.cfi_startproc
  51              		@ args = 0, pretend = 0, frame = 0
  52              		@ frame_needed = 0, uses_anonymous_args = 0
  53              		@ link register save eliminated.
 185:Src/usbd_cdc_if.c ****   /* USER CODE BEGIN 10 */
 186:Src/usbd_cdc_if.c ****   switch(cmd)
  54              		.loc 1 186 3 view .LVU4
 187:Src/usbd_cdc_if.c ****   {
 188:Src/usbd_cdc_if.c ****   case CDC_SEND_ENCAPSULATED_COMMAND:
 189:Src/usbd_cdc_if.c **** 
 190:Src/usbd_cdc_if.c ****     break;
 191:Src/usbd_cdc_if.c **** 
 192:Src/usbd_cdc_if.c ****   case CDC_GET_ENCAPSULATED_RESPONSE:
 193:Src/usbd_cdc_if.c **** 
 194:Src/usbd_cdc_if.c ****     break;
 195:Src/usbd_cdc_if.c **** 
 196:Src/usbd_cdc_if.c ****   case CDC_SET_COMM_FEATURE:
 197:Src/usbd_cdc_if.c **** 
 198:Src/usbd_cdc_if.c ****     break;
 199:Src/usbd_cdc_if.c **** 
 200:Src/usbd_cdc_if.c ****   case CDC_GET_COMM_FEATURE:
 201:Src/usbd_cdc_if.c **** 
 202:Src/usbd_cdc_if.c ****     break;
 203:Src/usbd_cdc_if.c **** 
 204:Src/usbd_cdc_if.c ****   case CDC_CLEAR_COMM_FEATURE:
 205:Src/usbd_cdc_if.c **** 
 206:Src/usbd_cdc_if.c ****     break;
 207:Src/usbd_cdc_if.c **** 
 208:Src/usbd_cdc_if.c ****   /*******************************************************************************/
 209:Src/usbd_cdc_if.c ****   /* Line Coding Structure                                                       */
 210:Src/usbd_cdc_if.c ****   /*-----------------------------------------------------------------------------*/
 211:Src/usbd_cdc_if.c ****   /* Offset | Field       | Size | Value  | Description                          */
 212:Src/usbd_cdc_if.c ****   /* 0      | dwDTERate   |   4  | Number |Data terminal rate, in bits per second*/
 213:Src/usbd_cdc_if.c ****   /* 4      | bCharFormat |   1  | Number | Stop bits                            */
 214:Src/usbd_cdc_if.c ****   /*                                        0 - 1 Stop bit                       */
 215:Src/usbd_cdc_if.c ****   /*                                        1 - 1.5 Stop bits                    */
 216:Src/usbd_cdc_if.c ****   /*                                        2 - 2 Stop bits                      */
 217:Src/usbd_cdc_if.c ****   /* 5      | bParityType |  1   | Number | Parity                               */
 218:Src/usbd_cdc_if.c ****   /*                                        0 - None                             */
 219:Src/usbd_cdc_if.c ****   /*                                        1 - Odd                              */
 220:Src/usbd_cdc_if.c ****   /*                                        2 - Even                             */
 221:Src/usbd_cdc_if.c ****   /*                                        3 - Mark                             */
 222:Src/usbd_cdc_if.c ****   /*                                        4 - Space                            */
 223:Src/usbd_cdc_if.c ****   /* 6      | bDataBits  |   1   | Number Data bits (5, 6, 7, 8 or 16).          */
 224:Src/usbd_cdc_if.c ****   /*******************************************************************************/
 225:Src/usbd_cdc_if.c ****   case CDC_SET_LINE_CODING:
 226:Src/usbd_cdc_if.c **** 
 227:Src/usbd_cdc_if.c ****     break;
 228:Src/usbd_cdc_if.c **** 
 229:Src/usbd_cdc_if.c ****   case CDC_GET_LINE_CODING:
 230:Src/usbd_cdc_if.c **** 
 231:Src/usbd_cdc_if.c ****     break;
 232:Src/usbd_cdc_if.c **** 
 233:Src/usbd_cdc_if.c ****   case CDC_SET_CONTROL_LINE_STATE:
 234:Src/usbd_cdc_if.c **** 
ARM GAS  C:\Users\ADMINI~1\AppData\Local\Temp\cc43ebqj.s 			page 6


 235:Src/usbd_cdc_if.c ****     break;
 236:Src/usbd_cdc_if.c **** 
 237:Src/usbd_cdc_if.c ****   case CDC_SEND_BREAK:
 238:Src/usbd_cdc_if.c **** 
 239:Src/usbd_cdc_if.c ****     break;
 240:Src/usbd_cdc_if.c **** 
 241:Src/usbd_cdc_if.c ****   default:
 242:Src/usbd_cdc_if.c ****     break;
 243:Src/usbd_cdc_if.c ****   }
 244:Src/usbd_cdc_if.c **** 
 245:Src/usbd_cdc_if.c ****   return (USBD_OK);
  55              		.loc 1 245 3 view .LVU5
 246:Src/usbd_cdc_if.c ****   /* USER CODE END 10 */
 247:Src/usbd_cdc_if.c **** }
  56              		.loc 1 247 1 is_stmt 0 view .LVU6
  57 0000 0020     		movs	r0, #0
  58              	.LVL1:
  59              		.loc 1 247 1 view .LVU7
  60 0002 7047     		bx	lr
  61              		.cfi_endproc
  62              	.LFE136:
  64              		.section	.text.CDC_TransmitCplt_HS,"ax",%progbits
  65              		.align	1
  66              		.syntax unified
  67              		.thumb
  68              		.thumb_func
  70              	CDC_TransmitCplt_HS:
  71              	.LVL2:
  72              	.LFB139:
 248:Src/usbd_cdc_if.c **** 
 249:Src/usbd_cdc_if.c **** /**
 250:Src/usbd_cdc_if.c ****   * @brief Data received over USB OUT endpoint are sent over CDC interface
 251:Src/usbd_cdc_if.c ****   *         through this function.
 252:Src/usbd_cdc_if.c ****   *
 253:Src/usbd_cdc_if.c ****   *         @note
 254:Src/usbd_cdc_if.c ****   *         This function will issue a NAK packet on any OUT packet received on
 255:Src/usbd_cdc_if.c ****   *         USB endpoint until exiting this function. If you exit this function
 256:Src/usbd_cdc_if.c ****   *         before transfer is complete on CDC interface (ie. using DMA controller)
 257:Src/usbd_cdc_if.c ****   *         it will result in receiving more data while previous ones are still
 258:Src/usbd_cdc_if.c ****   *         not sent.
 259:Src/usbd_cdc_if.c ****   *
 260:Src/usbd_cdc_if.c ****   * @param  Buf: Buffer of data to be received
 261:Src/usbd_cdc_if.c ****   * @param  Len: Number of data received (in bytes)
 262:Src/usbd_cdc_if.c ****   * @retval Result of the operation: USBD_OK if all operations are OK else USBD_FAILL
 263:Src/usbd_cdc_if.c ****   */
 264:Src/usbd_cdc_if.c **** static int8_t CDC_Receive_HS(uint8_t* Buf, uint32_t *Len)
 265:Src/usbd_cdc_if.c **** {
 266:Src/usbd_cdc_if.c ****   /* USER CODE BEGIN 11 */
 267:Src/usbd_cdc_if.c ****   USBD_CDC_SetRxBuffer(&hUsbDeviceHS, &Buf[0]);
 268:Src/usbd_cdc_if.c ****   USBD_CDC_ReceivePacket(&hUsbDeviceHS);
 269:Src/usbd_cdc_if.c ****   return (USBD_OK);
 270:Src/usbd_cdc_if.c ****   /* USER CODE END 11 */
 271:Src/usbd_cdc_if.c **** }
 272:Src/usbd_cdc_if.c **** 
 273:Src/usbd_cdc_if.c **** /**
 274:Src/usbd_cdc_if.c ****   * @brief  Data to send over USB IN endpoint are sent over CDC interface
 275:Src/usbd_cdc_if.c ****   *         through this function.
ARM GAS  C:\Users\ADMINI~1\AppData\Local\Temp\cc43ebqj.s 			page 7


 276:Src/usbd_cdc_if.c ****   * @param  Buf: Buffer of data to be sent
 277:Src/usbd_cdc_if.c ****   * @param  Len: Number of data to be sent (in bytes)
 278:Src/usbd_cdc_if.c ****   * @retval Result of the operation: USBD_OK if all operations are OK else USBD_FAIL or USBD_BUSY
 279:Src/usbd_cdc_if.c ****   */
 280:Src/usbd_cdc_if.c **** uint8_t CDC_Transmit_HS(uint8_t* Buf, uint16_t Len)
 281:Src/usbd_cdc_if.c **** {
 282:Src/usbd_cdc_if.c ****   uint8_t result = USBD_OK;
 283:Src/usbd_cdc_if.c ****   /* USER CODE BEGIN 12 */
 284:Src/usbd_cdc_if.c ****   USBD_CDC_HandleTypeDef *hcdc = (USBD_CDC_HandleTypeDef*)hUsbDeviceHS.pClassData;
 285:Src/usbd_cdc_if.c ****   if (hcdc->TxState != 0){
 286:Src/usbd_cdc_if.c ****     return USBD_BUSY;
 287:Src/usbd_cdc_if.c ****   }
 288:Src/usbd_cdc_if.c ****   USBD_CDC_SetTxBuffer(&hUsbDeviceHS, Buf, Len);
 289:Src/usbd_cdc_if.c ****   result = USBD_CDC_TransmitPacket(&hUsbDeviceHS);
 290:Src/usbd_cdc_if.c ****   /* USER CODE END 12 */
 291:Src/usbd_cdc_if.c ****   return result;
 292:Src/usbd_cdc_if.c **** }
 293:Src/usbd_cdc_if.c **** 
 294:Src/usbd_cdc_if.c **** /**
 295:Src/usbd_cdc_if.c ****   * @brief  CDC_TransmitCplt_HS
 296:Src/usbd_cdc_if.c ****   *         Data transmitted callback
 297:Src/usbd_cdc_if.c ****   *
 298:Src/usbd_cdc_if.c ****   *         @note
 299:Src/usbd_cdc_if.c ****   *         This function is IN transfer complete callback used to inform user that
 300:Src/usbd_cdc_if.c ****   *         the submitted Data is successfully sent over USB.
 301:Src/usbd_cdc_if.c ****   *
 302:Src/usbd_cdc_if.c ****   * @param  Buf: Buffer of data to be received
 303:Src/usbd_cdc_if.c ****   * @param  Len: Number of data received (in bytes)
 304:Src/usbd_cdc_if.c ****   * @retval Result of the operation: USBD_OK if all operations are OK else USBD_FAIL
 305:Src/usbd_cdc_if.c ****   */
 306:Src/usbd_cdc_if.c **** static int8_t CDC_TransmitCplt_HS(uint8_t *Buf, uint32_t *Len, uint8_t epnum)
 307:Src/usbd_cdc_if.c **** {
  73              		.loc 1 307 1 is_stmt 1 view -0
  74              		.cfi_startproc
  75              		@ args = 0, pretend = 0, frame = 0
  76              		@ frame_needed = 0, uses_anonymous_args = 0
  77              		@ link register save eliminated.
 308:Src/usbd_cdc_if.c ****   uint8_t result = USBD_OK;
  78              		.loc 1 308 3 view .LVU9
 309:Src/usbd_cdc_if.c ****   /* USER CODE BEGIN 14 */
 310:Src/usbd_cdc_if.c ****   UNUSED(Buf);
  79              		.loc 1 310 3 view .LVU10
 311:Src/usbd_cdc_if.c ****   UNUSED(Len);
  80              		.loc 1 311 3 view .LVU11
 312:Src/usbd_cdc_if.c ****   UNUSED(epnum);
  81              		.loc 1 312 3 view .LVU12
 313:Src/usbd_cdc_if.c ****   /* USER CODE END 14 */
 314:Src/usbd_cdc_if.c ****   return result;
  82              		.loc 1 314 3 view .LVU13
 315:Src/usbd_cdc_if.c **** }
  83              		.loc 1 315 1 is_stmt 0 view .LVU14
  84 0000 0020     		movs	r0, #0
  85              	.LVL3:
  86              		.loc 1 315 1 view .LVU15
  87 0002 7047     		bx	lr
  88              		.cfi_endproc
  89              	.LFE139:
ARM GAS  C:\Users\ADMINI~1\AppData\Local\Temp\cc43ebqj.s 			page 8


  91              		.section	.text.CDC_Receive_HS,"ax",%progbits
  92              		.align	1
  93              		.syntax unified
  94              		.thumb
  95              		.thumb_func
  97              	CDC_Receive_HS:
  98              	.LVL4:
  99              	.LFB137:
 265:Src/usbd_cdc_if.c ****   /* USER CODE BEGIN 11 */
 100              		.loc 1 265 1 is_stmt 1 view -0
 101              		.cfi_startproc
 102              		@ args = 0, pretend = 0, frame = 0
 103              		@ frame_needed = 0, uses_anonymous_args = 0
 265:Src/usbd_cdc_if.c ****   /* USER CODE BEGIN 11 */
 104              		.loc 1 265 1 is_stmt 0 view .LVU17
 105 0000 10B5     		push	{r4, lr}
 106              	.LCFI0:
 107              		.cfi_def_cfa_offset 8
 108              		.cfi_offset 4, -8
 109              		.cfi_offset 14, -4
 110 0002 0146     		mov	r1, r0
 111              	.LVL5:
 267:Src/usbd_cdc_if.c ****   USBD_CDC_ReceivePacket(&hUsbDeviceHS);
 112              		.loc 1 267 3 is_stmt 1 view .LVU18
 113 0004 044C     		ldr	r4, .L6
 114 0006 2046     		mov	r0, r4
 115              	.LVL6:
 267:Src/usbd_cdc_if.c ****   USBD_CDC_ReceivePacket(&hUsbDeviceHS);
 116              		.loc 1 267 3 is_stmt 0 view .LVU19
 117 0008 FFF7FEFF 		bl	USBD_CDC_SetRxBuffer
 118              	.LVL7:
 268:Src/usbd_cdc_if.c ****   return (USBD_OK);
 119              		.loc 1 268 3 is_stmt 1 view .LVU20
 120 000c 2046     		mov	r0, r4
 121 000e FFF7FEFF 		bl	USBD_CDC_ReceivePacket
 122              	.LVL8:
 269:Src/usbd_cdc_if.c ****   /* USER CODE END 11 */
 123              		.loc 1 269 3 view .LVU21
 271:Src/usbd_cdc_if.c **** 
 124              		.loc 1 271 1 is_stmt 0 view .LVU22
 125 0012 0020     		movs	r0, #0
 126 0014 10BD     		pop	{r4, pc}
 127              	.L7:
 128 0016 00BF     		.align	2
 129              	.L6:
 130 0018 00000000 		.word	hUsbDeviceHS
 131              		.cfi_endproc
 132              	.LFE137:
 134              		.section	.text.CDC_Init_HS,"ax",%progbits
 135              		.align	1
 136              		.syntax unified
 137              		.thumb
 138              		.thumb_func
 140              	CDC_Init_HS:
 141              	.LFB134:
 155:Src/usbd_cdc_if.c ****   /* USER CODE BEGIN 8 */
 142              		.loc 1 155 1 is_stmt 1 view -0
ARM GAS  C:\Users\ADMINI~1\AppData\Local\Temp\cc43ebqj.s 			page 9


 143              		.cfi_startproc
 144              		@ args = 0, pretend = 0, frame = 0
 145              		@ frame_needed = 0, uses_anonymous_args = 0
 146 0000 10B5     		push	{r4, lr}
 147              	.LCFI1:
 148              		.cfi_def_cfa_offset 8
 149              		.cfi_offset 4, -8
 150              		.cfi_offset 14, -4
 158:Src/usbd_cdc_if.c ****   USBD_CDC_SetRxBuffer(&hUsbDeviceHS, UserRxBufferHS);
 151              		.loc 1 158 3 view .LVU24
 152 0002 064C     		ldr	r4, .L10
 153 0004 0022     		movs	r2, #0
 154 0006 0649     		ldr	r1, .L10+4
 155 0008 2046     		mov	r0, r4
 156 000a FFF7FEFF 		bl	USBD_CDC_SetTxBuffer
 157              	.LVL9:
 159:Src/usbd_cdc_if.c ****   return (USBD_OK);
 158              		.loc 1 159 3 view .LVU25
 159 000e 0549     		ldr	r1, .L10+8
 160 0010 2046     		mov	r0, r4
 161 0012 FFF7FEFF 		bl	USBD_CDC_SetRxBuffer
 162              	.LVL10:
 160:Src/usbd_cdc_if.c ****   /* USER CODE END 8 */
 163              		.loc 1 160 3 view .LVU26
 162:Src/usbd_cdc_if.c **** 
 164              		.loc 1 162 1 is_stmt 0 view .LVU27
 165 0016 0020     		movs	r0, #0
 166 0018 10BD     		pop	{r4, pc}
 167              	.L11:
 168 001a 00BF     		.align	2
 169              	.L10:
 170 001c 00000000 		.word	hUsbDeviceHS
 171 0020 00000000 		.word	.LANCHOR0
 172 0024 00000000 		.word	.LANCHOR1
 173              		.cfi_endproc
 174              	.LFE134:
 176              		.section	.text.CDC_Transmit_HS,"ax",%progbits
 177              		.align	1
 178              		.global	CDC_Transmit_HS
 179              		.syntax unified
 180              		.thumb
 181              		.thumb_func
 183              	CDC_Transmit_HS:
 184              	.LVL11:
 185              	.LFB138:
 281:Src/usbd_cdc_if.c ****   uint8_t result = USBD_OK;
 186              		.loc 1 281 1 is_stmt 1 view -0
 187              		.cfi_startproc
 188              		@ args = 0, pretend = 0, frame = 0
 189              		@ frame_needed = 0, uses_anonymous_args = 0
 282:Src/usbd_cdc_if.c ****   /* USER CODE BEGIN 12 */
 190              		.loc 1 282 3 view .LVU29
 284:Src/usbd_cdc_if.c ****   if (hcdc->TxState != 0){
 191              		.loc 1 284 3 view .LVU30
 284:Src/usbd_cdc_if.c ****   if (hcdc->TxState != 0){
 192              		.loc 1 284 27 is_stmt 0 view .LVU31
 193 0000 094B     		ldr	r3, .L20
ARM GAS  C:\Users\ADMINI~1\AppData\Local\Temp\cc43ebqj.s 			page 10


 194 0002 D3F8C832 		ldr	r3, [r3, #712]
 195              	.LVL12:
 285:Src/usbd_cdc_if.c ****     return USBD_BUSY;
 196              		.loc 1 285 3 is_stmt 1 view .LVU32
 285:Src/usbd_cdc_if.c ****     return USBD_BUSY;
 197              		.loc 1 285 11 is_stmt 0 view .LVU33
 198 0006 D3F81432 		ldr	r3, [r3, #532]
 199              	.LVL13:
 285:Src/usbd_cdc_if.c ****     return USBD_BUSY;
 200              		.loc 1 285 6 view .LVU34
 201 000a 0BB1     		cbz	r3, .L19
 286:Src/usbd_cdc_if.c ****   }
 202              		.loc 1 286 12 view .LVU35
 203 000c 0120     		movs	r0, #1
 204              	.LVL14:
 292:Src/usbd_cdc_if.c **** 
 205              		.loc 1 292 1 view .LVU36
 206 000e 7047     		bx	lr
 207              	.LVL15:
 208              	.L19:
 281:Src/usbd_cdc_if.c ****   uint8_t result = USBD_OK;
 209              		.loc 1 281 1 view .LVU37
 210 0010 10B5     		push	{r4, lr}
 211              	.LCFI2:
 212              		.cfi_def_cfa_offset 8
 213              		.cfi_offset 4, -8
 214              		.cfi_offset 14, -4
 288:Src/usbd_cdc_if.c ****   result = USBD_CDC_TransmitPacket(&hUsbDeviceHS);
 215              		.loc 1 288 3 is_stmt 1 view .LVU38
 216 0012 054C     		ldr	r4, .L20
 217              	.LVL16:
 288:Src/usbd_cdc_if.c ****   result = USBD_CDC_TransmitPacket(&hUsbDeviceHS);
 218              		.loc 1 288 3 is_stmt 0 view .LVU39
 219 0014 0A46     		mov	r2, r1
 220 0016 0146     		mov	r1, r0
 221              	.LVL17:
 288:Src/usbd_cdc_if.c ****   result = USBD_CDC_TransmitPacket(&hUsbDeviceHS);
 222              		.loc 1 288 3 view .LVU40
 223 0018 2046     		mov	r0, r4
 224              	.LVL18:
 288:Src/usbd_cdc_if.c ****   result = USBD_CDC_TransmitPacket(&hUsbDeviceHS);
 225              		.loc 1 288 3 view .LVU41
 226 001a FFF7FEFF 		bl	USBD_CDC_SetTxBuffer
 227              	.LVL19:
 289:Src/usbd_cdc_if.c ****   /* USER CODE END 12 */
 228              		.loc 1 289 3 is_stmt 1 view .LVU42
 289:Src/usbd_cdc_if.c ****   /* USER CODE END 12 */
 229              		.loc 1 289 12 is_stmt 0 view .LVU43
 230 001e 2046     		mov	r0, r4
 231 0020 FFF7FEFF 		bl	USBD_CDC_TransmitPacket
 232              	.LVL20:
 291:Src/usbd_cdc_if.c **** }
 233              		.loc 1 291 3 is_stmt 1 view .LVU44
 292:Src/usbd_cdc_if.c **** 
 234              		.loc 1 292 1 is_stmt 0 view .LVU45
 235 0024 10BD     		pop	{r4, pc}
 236              	.L21:
ARM GAS  C:\Users\ADMINI~1\AppData\Local\Temp\cc43ebqj.s 			page 11


 237 0026 00BF     		.align	2
 238              	.L20:
 239 0028 00000000 		.word	hUsbDeviceHS
 240              		.cfi_endproc
 241              	.LFE138:
 243              		.global	USBD_Interface_fops_HS
 244              		.global	UserTxBufferHS
 245              		.global	UserRxBufferHS
 246              		.section	.bss.UserRxBufferHS,"aw",%nobits
 247              		.align	2
 248              		.set	.LANCHOR1,. + 0
 251              	UserRxBufferHS:
 252 0000 00000000 		.space	2048
 252      00000000 
 252      00000000 
 252      00000000 
 252      00000000 
 253              		.section	.bss.UserTxBufferHS,"aw",%nobits
 254              		.align	2
 255              		.set	.LANCHOR0,. + 0
 258              	UserTxBufferHS:
 259 0000 00000000 		.space	2048
 259      00000000 
 259      00000000 
 259      00000000 
 259      00000000 
 260              		.section	.data.USBD_Interface_fops_HS,"aw"
 261              		.align	2
 264              	USBD_Interface_fops_HS:
 265 0000 00000000 		.word	CDC_Init_HS
 266 0004 00000000 		.word	CDC_DeInit_HS
 267 0008 00000000 		.word	CDC_Control_HS
 268 000c 00000000 		.word	CDC_Receive_HS
 269 0010 00000000 		.word	CDC_TransmitCplt_HS
 270              		.text
 271              	.Letext0:
 272              		.file 2 "e:\\program files (x86)\\gnu arm embedded toolchain\\10 2021.10\\arm-none-eabi\\include\\
 273              		.file 3 "e:\\program files (x86)\\gnu arm embedded toolchain\\10 2021.10\\arm-none-eabi\\include\\
 274              		.file 4 "Middlewares/ST/STM32_USB_Device_Library/Core/Inc/usbd_def.h"
 275              		.file 5 "Middlewares/ST/STM32_USB_Device_Library/Class/CDC/Inc/usbd_cdc.h"
 276              		.file 6 "Inc/usbd_cdc_if.h"
ARM GAS  C:\Users\ADMINI~1\AppData\Local\Temp\cc43ebqj.s 			page 12


DEFINED SYMBOLS
                            *ABS*:00000000 usbd_cdc_if.c
C:\Users\ADMINI~1\AppData\Local\Temp\cc43ebqj.s:20     .text.CDC_DeInit_HS:00000000 $t
C:\Users\ADMINI~1\AppData\Local\Temp\cc43ebqj.s:25     .text.CDC_DeInit_HS:00000000 CDC_DeInit_HS
C:\Users\ADMINI~1\AppData\Local\Temp\cc43ebqj.s:41     .text.CDC_Control_HS:00000000 $t
C:\Users\ADMINI~1\AppData\Local\Temp\cc43ebqj.s:46     .text.CDC_Control_HS:00000000 CDC_Control_HS
C:\Users\ADMINI~1\AppData\Local\Temp\cc43ebqj.s:65     .text.CDC_TransmitCplt_HS:00000000 $t
C:\Users\ADMINI~1\AppData\Local\Temp\cc43ebqj.s:70     .text.CDC_TransmitCplt_HS:00000000 CDC_TransmitCplt_HS
C:\Users\ADMINI~1\AppData\Local\Temp\cc43ebqj.s:92     .text.CDC_Receive_HS:00000000 $t
C:\Users\ADMINI~1\AppData\Local\Temp\cc43ebqj.s:97     .text.CDC_Receive_HS:00000000 CDC_Receive_HS
C:\Users\ADMINI~1\AppData\Local\Temp\cc43ebqj.s:130    .text.CDC_Receive_HS:00000018 $d
C:\Users\ADMINI~1\AppData\Local\Temp\cc43ebqj.s:135    .text.CDC_Init_HS:00000000 $t
C:\Users\ADMINI~1\AppData\Local\Temp\cc43ebqj.s:140    .text.CDC_Init_HS:00000000 CDC_Init_HS
C:\Users\ADMINI~1\AppData\Local\Temp\cc43ebqj.s:170    .text.CDC_Init_HS:0000001c $d
C:\Users\ADMINI~1\AppData\Local\Temp\cc43ebqj.s:177    .text.CDC_Transmit_HS:00000000 $t
C:\Users\ADMINI~1\AppData\Local\Temp\cc43ebqj.s:183    .text.CDC_Transmit_HS:00000000 CDC_Transmit_HS
C:\Users\ADMINI~1\AppData\Local\Temp\cc43ebqj.s:239    .text.CDC_Transmit_HS:00000028 $d
C:\Users\ADMINI~1\AppData\Local\Temp\cc43ebqj.s:264    .data.USBD_Interface_fops_HS:00000000 USBD_Interface_fops_HS
C:\Users\ADMINI~1\AppData\Local\Temp\cc43ebqj.s:258    .bss.UserTxBufferHS:00000000 UserTxBufferHS
C:\Users\ADMINI~1\AppData\Local\Temp\cc43ebqj.s:251    .bss.UserRxBufferHS:00000000 UserRxBufferHS
C:\Users\ADMINI~1\AppData\Local\Temp\cc43ebqj.s:247    .bss.UserRxBufferHS:00000000 $d
C:\Users\ADMINI~1\AppData\Local\Temp\cc43ebqj.s:254    .bss.UserTxBufferHS:00000000 $d
C:\Users\ADMINI~1\AppData\Local\Temp\cc43ebqj.s:261    .data.USBD_Interface_fops_HS:00000000 $d

UNDEFINED SYMBOLS
USBD_CDC_SetRxBuffer
USBD_CDC_ReceivePacket
hUsbDeviceHS
USBD_CDC_SetTxBuffer
USBD_CDC_TransmitPacket
