ARM GAS  C:\Users\ADMINI~1\AppData\Local\Temp\ccV2PlY4.s 			page 1


   1              		.cpu cortex-m4
   2              		.arch armv7e-m
   3              		.fpu fpv4-sp-d16
   4              		.eabi_attribute 27, 1
   5              		.eabi_attribute 28, 1
   6              		.eabi_attribute 20, 1
   7              		.eabi_attribute 21, 1
   8              		.eabi_attribute 23, 3
   9              		.eabi_attribute 24, 1
  10              		.eabi_attribute 25, 1
  11              		.eabi_attribute 26, 1
  12              		.eabi_attribute 30, 1
  13              		.eabi_attribute 34, 1
  14              		.eabi_attribute 18, 4
  15              		.file	"main.c"
  16              		.text
  17              	.Ltext0:
  18              		.cfi_sections	.debug_frame
  19              		.section	.text.TransmitAndReceiveI2cPacket,"ax",%progbits
  20              		.align	1
  21              		.global	TransmitAndReceiveI2cPacket
  22              		.syntax unified
  23              		.thumb
  24              		.thumb_func
  26              	TransmitAndReceiveI2cPacket:
  27              	.LVL0:
  28              	.LFB134:
  29              		.file 1 "Src/main.c"
   1:Src/main.c    **** /* USER CODE BEGIN Header */
   2:Src/main.c    **** /**
   3:Src/main.c    ****   ******************************************************************************
   4:Src/main.c    ****   * @file           : main.c
   5:Src/main.c    ****   * @brief          : Main program body
   6:Src/main.c    ****   ******************************************************************************
   7:Src/main.c    ****   * @attention
   8:Src/main.c    ****   *
   9:Src/main.c    ****   * Copyright (c) 2022 STMicroelectronics.
  10:Src/main.c    ****   * All rights reserved.
  11:Src/main.c    ****   *
  12:Src/main.c    ****   * This software is licensed under terms that can be found in the LICENSE file
  13:Src/main.c    ****   * in the root directory of this software component.
  14:Src/main.c    ****   * If no LICENSE file comes with this software, it is provided AS-IS.
  15:Src/main.c    ****   *
  16:Src/main.c    ****   ******************************************************************************
  17:Src/main.c    ****   */
  18:Src/main.c    **** /* USER CODE END Header */
  19:Src/main.c    **** /* Includes ------------------------------------------------------------------*/
  20:Src/main.c    **** #include "main.h"
  21:Src/main.c    **** #include "i2c.h"
  22:Src/main.c    **** #include "spi.h"
  23:Src/main.c    **** #include "usart.h"
  24:Src/main.c    **** #include "usb_device.h"
  25:Src/main.c    **** #include "gpio.h"
  26:Src/main.c    **** 
  27:Src/main.c    **** /* Private includes ----------------------------------------------------------*/
  28:Src/main.c    **** /* USER CODE BEGIN Includes */
  29:Src/main.c    **** #include <stdio.h>
ARM GAS  C:\Users\ADMINI~1\AppData\Local\Temp\ccV2PlY4.s 			page 2


  30:Src/main.c    **** #include "w25q32.h"
  31:Src/main.c    **** /* USER CODE END Includes */
  32:Src/main.c    **** 
  33:Src/main.c    **** /* Private typedef -----------------------------------------------------------*/
  34:Src/main.c    **** /* USER CODE BEGIN PTD */
  35:Src/main.c    **** 
  36:Src/main.c    **** /* USER CODE END PTD */
  37:Src/main.c    **** 
  38:Src/main.c    **** /* Private define ------------------------------------------------------------*/
  39:Src/main.c    **** /* USER CODE BEGIN PD */
  40:Src/main.c    **** /* USER CODE END PD */
  41:Src/main.c    **** 
  42:Src/main.c    **** /* Private macro -------------------------------------------------------------*/
  43:Src/main.c    **** /* USER CODE BEGIN PM */
  44:Src/main.c    **** 
  45:Src/main.c    **** /* USER CODE END PM */
  46:Src/main.c    **** 
  47:Src/main.c    **** /* Private variables ---------------------------------------------------------*/
  48:Src/main.c    **** 
  49:Src/main.c    **** /* USER CODE BEGIN PV */
  50:Src/main.c    **** uint8_t i2cRxData[8];
  51:Src/main.c    **** uint8_t i2cTxData[8];
  52:Src/main.c    **** /* USER CODE END PV */
  53:Src/main.c    **** 
  54:Src/main.c    **** /* Private function prototypes -----------------------------------------------*/
  55:Src/main.c    **** void SystemClock_Config(void);
  56:Src/main.c    **** /* USER CODE BEGIN PFP */
  57:Src/main.c    **** 
  58:Src/main.c    **** /* USER CODE END PFP */
  59:Src/main.c    **** 
  60:Src/main.c    **** /* Private user code ---------------------------------------------------------*/
  61:Src/main.c    **** /* USER CODE BEGIN 0 */
  62:Src/main.c    **** void TransmitAndReceiveI2cPacket(uint8_t _id)
  63:Src/main.c    **** {
  30              		.loc 1 63 1 view -0
  31              		.cfi_startproc
  32              		@ args = 0, pretend = 0, frame = 0
  33              		@ frame_needed = 0, uses_anonymous_args = 0
  34              		.loc 1 63 1 is_stmt 0 view .LVU1
  35 0000 30B5     		push	{r4, r5, lr}
  36              	.LCFI0:
  37              		.cfi_def_cfa_offset 12
  38              		.cfi_offset 4, -12
  39              		.cfi_offset 5, -8
  40              		.cfi_offset 14, -4
  41 0002 83B0     		sub	sp, sp, #12
  42              	.LCFI1:
  43              		.cfi_def_cfa_offset 24
  44 0004 0546     		mov	r5, r0
  64:Src/main.c    ****     HAL_StatusTypeDef state = HAL_ERROR;
  45              		.loc 1 64 5 is_stmt 1 view .LVU2
  46              	.LVL1:
  47              	.L2:
  65:Src/main.c    ****     do
  48              		.loc 1 65 5 discriminator 1 view .LVU3
  66:Src/main.c    ****     {
  67:Src/main.c    ****         state = HAL_I2C_Master_Transmit(&hi2c1, _id, i2cTxData, 5, 5);
ARM GAS  C:\Users\ADMINI~1\AppData\Local\Temp\ccV2PlY4.s 			page 3


  49              		.loc 1 67 9 discriminator 1 view .LVU4
  50              		.loc 1 67 17 is_stmt 0 discriminator 1 view .LVU5
  51 0006 ACB2     		uxth	r4, r5
  52 0008 0523     		movs	r3, #5
  53 000a 0093     		str	r3, [sp]
  54 000c 084A     		ldr	r2, .L5
  55 000e 2146     		mov	r1, r4
  56 0010 0848     		ldr	r0, .L5+4
  57 0012 FFF7FEFF 		bl	HAL_I2C_Master_Transmit
  58              	.LVL2:
  68:Src/main.c    ****     } while (state != HAL_OK);
  59              		.loc 1 68 13 is_stmt 1 discriminator 1 view .LVU6
  60              		.loc 1 68 5 is_stmt 0 discriminator 1 view .LVU7
  61 0016 0028     		cmp	r0, #0
  62 0018 F5D1     		bne	.L2
  63              	.L3:
  69:Src/main.c    ****     do
  64              		.loc 1 69 5 is_stmt 1 discriminator 1 view .LVU8
  70:Src/main.c    ****     {
  71:Src/main.c    ****         state = HAL_I2C_Master_Receive(&hi2c1, _id, i2cRxData, 5, 5);
  65              		.loc 1 71 9 discriminator 1 view .LVU9
  66              		.loc 1 71 17 is_stmt 0 discriminator 1 view .LVU10
  67 001a 0523     		movs	r3, #5
  68 001c 0093     		str	r3, [sp]
  69 001e 064A     		ldr	r2, .L5+8
  70 0020 2146     		mov	r1, r4
  71 0022 0448     		ldr	r0, .L5+4
  72              	.LVL3:
  73              		.loc 1 71 17 discriminator 1 view .LVU11
  74 0024 FFF7FEFF 		bl	HAL_I2C_Master_Receive
  75              	.LVL4:
  72:Src/main.c    ****     } while (state != HAL_OK);
  76              		.loc 1 72 13 is_stmt 1 discriminator 1 view .LVU12
  77              		.loc 1 72 5 is_stmt 0 discriminator 1 view .LVU13
  78 0028 0028     		cmp	r0, #0
  79 002a F6D1     		bne	.L3
  73:Src/main.c    **** }
  80              		.loc 1 73 1 view .LVU14
  81 002c 03B0     		add	sp, sp, #12
  82              	.LCFI2:
  83              		.cfi_def_cfa_offset 12
  84              		@ sp needed
  85 002e 30BD     		pop	{r4, r5, pc}
  86              	.L6:
  87              		.align	2
  88              	.L5:
  89 0030 00000000 		.word	.LANCHOR0
  90 0034 00000000 		.word	hi2c1
  91 0038 00000000 		.word	.LANCHOR1
  92              		.cfi_endproc
  93              	.LFE134:
  95              		.section	.text._write,"ax",%progbits
  96              		.align	1
  97              		.global	_write
  98              		.syntax unified
  99              		.thumb
 100              		.thumb_func
ARM GAS  C:\Users\ADMINI~1\AppData\Local\Temp\ccV2PlY4.s 			page 4


 102              	_write:
 103              	.LVL5:
 104              	.LFB135:
  74:Src/main.c    **** 
  75:Src/main.c    **** int _write(int fd, char *ch, int len)
  76:Src/main.c    **** {
 105              		.loc 1 76 1 is_stmt 1 view -0
 106              		.cfi_startproc
 107              		@ args = 0, pretend = 0, frame = 0
 108              		@ frame_needed = 0, uses_anonymous_args = 0
 109              		.loc 1 76 1 is_stmt 0 view .LVU16
 110 0000 10B5     		push	{r4, lr}
 111              	.LCFI3:
 112              		.cfi_def_cfa_offset 8
 113              		.cfi_offset 4, -8
 114              		.cfi_offset 14, -4
 115 0002 1446     		mov	r4, r2
  77:Src/main.c    ****   // int i;  
  78:Src/main.c    ****   HAL_UART_Transmit(&huart1, (uint8_t*)ch, len, 0xFFFF);
 116              		.loc 1 78 3 is_stmt 1 view .LVU17
 117 0004 4FF6FF73 		movw	r3, #65535
 118 0008 92B2     		uxth	r2, r2
 119              	.LVL6:
 120              		.loc 1 78 3 is_stmt 0 view .LVU18
 121 000a 0248     		ldr	r0, .L9
 122              	.LVL7:
 123              		.loc 1 78 3 view .LVU19
 124 000c FFF7FEFF 		bl	HAL_UART_Transmit
 125              	.LVL8:
  79:Src/main.c    ****   
  80:Src/main.c    ****   return len;
 126              		.loc 1 80 3 is_stmt 1 view .LVU20
  81:Src/main.c    **** }
 127              		.loc 1 81 1 is_stmt 0 view .LVU21
 128 0010 2046     		mov	r0, r4
 129 0012 10BD     		pop	{r4, pc}
 130              	.LVL9:
 131              	.L10:
 132              		.loc 1 81 1 view .LVU22
 133              		.align	2
 134              	.L9:
 135 0014 00000000 		.word	huart1
 136              		.cfi_endproc
 137              	.LFE135:
 139              		.section	.text.HAL_TIM_PeriodElapsedCallback,"ax",%progbits
 140              		.align	1
 141              		.global	HAL_TIM_PeriodElapsedCallback
 142              		.syntax unified
 143              		.thumb
 144              		.thumb_func
 146              	HAL_TIM_PeriodElapsedCallback:
 147              	.LVL10:
 148              	.LFB138:
  82:Src/main.c    **** /* USER CODE END 0 */
  83:Src/main.c    **** 
  84:Src/main.c    **** /**
  85:Src/main.c    ****   * @brief  The application entry point.
ARM GAS  C:\Users\ADMINI~1\AppData\Local\Temp\ccV2PlY4.s 			page 5


  86:Src/main.c    ****   * @retval int
  87:Src/main.c    ****   */
  88:Src/main.c    **** int main(void)
  89:Src/main.c    **** {
  90:Src/main.c    ****   /* USER CODE BEGIN 1 */
  91:Src/main.c    ****   int i;
  92:Src/main.c    ****   /* USER CODE END 1 */
  93:Src/main.c    **** 
  94:Src/main.c    ****   /* MCU Configuration--------------------------------------------------------*/
  95:Src/main.c    **** 
  96:Src/main.c    ****   /* Reset of all peripherals, Initializes the Flash interface and the Systick. */
  97:Src/main.c    ****   HAL_Init();
  98:Src/main.c    **** 
  99:Src/main.c    ****   /* USER CODE BEGIN Init */
 100:Src/main.c    **** 
 101:Src/main.c    ****   /* USER CODE END Init */
 102:Src/main.c    **** 
 103:Src/main.c    ****   /* Configure the system clock */
 104:Src/main.c    ****   SystemClock_Config();
 105:Src/main.c    **** 
 106:Src/main.c    ****   /* USER CODE BEGIN SysInit */
 107:Src/main.c    **** 
 108:Src/main.c    ****   /* USER CODE END SysInit */
 109:Src/main.c    **** 
 110:Src/main.c    ****   /* Initialize all configured peripherals */
 111:Src/main.c    ****   MX_GPIO_Init();
 112:Src/main.c    ****   MX_I2C1_Init();
 113:Src/main.c    ****   MX_USART1_UART_Init();
 114:Src/main.c    ****  
 115:Src/main.c    ****   MX_SPI1_Init();
 116:Src/main.c    ****   /* USER CODE BEGIN 2 */
 117:Src/main.c    ****   printf("hello electronbot coming...\r\n");
 118:Src/main.c    ****   SpiFlash_Init();
 119:Src/main.c    **** 
 120:Src/main.c    ****   MX_USB_DEVICE_Init();
 121:Src/main.c    **** 
 122:Src/main.c    ****   /* i2cTxData[0]=0x21;
 123:Src/main.c    ****   i2cTxData[1]=0x02;
 124:Src/main.c    ****   TransmitAndReceiveI2cPacket(0); 
 125:Src/main.c    **** 
 126:Src/main.c    ****   for(i =0;i<5;i++)
 127:Src/main.c    ****         printf("%.2x ",i2cRxData[i]);
 128:Src/main.c    ****     printf("\r\n");*/
 129:Src/main.c    ****   /* USER CODE END 2 */
 130:Src/main.c    **** 
 131:Src/main.c    ****   /* Infinite loop */
 132:Src/main.c    ****   /* USER CODE BEGIN WHILE */
 133:Src/main.c    ****   while (1)
 134:Src/main.c    ****   {
 135:Src/main.c    ****      /*  HAL_StatusTypeDef sta=HAL_UART_Receive(&huart1, i2cTxData, 6, 0xffffffff);
 136:Src/main.c    ****     if(sta == HAL_OK)
 137:Src/main.c    ****     {
 138:Src/main.c    ****        for(i =0;i<6;i++)
 139:Src/main.c    ****          printf("%.2x ",i2cTxData[i]);
 140:Src/main.c    ****        printf("\r\n");
 141:Src/main.c    ****        TransmitAndReceiveI2cPacket(i2cTxData[5]);
 142:Src/main.c    ****        for(i =0;i<5;i++)
ARM GAS  C:\Users\ADMINI~1\AppData\Local\Temp\ccV2PlY4.s 			page 6


 143:Src/main.c    ****         printf("%.2x ",i2cRxData[i]);
 144:Src/main.c    ****       printf("\r\n");
 145:Src/main.c    **** 
 146:Src/main.c    ****     } */
 147:Src/main.c    ****     /* USER CODE END WHILE */
 148:Src/main.c    **** 
 149:Src/main.c    ****     /* USER CODE BEGIN 3 */
 150:Src/main.c    ****   }
 151:Src/main.c    ****   /* USER CODE END 3 */
 152:Src/main.c    **** }
 153:Src/main.c    **** 
 154:Src/main.c    **** /**
 155:Src/main.c    ****   * @brief System Clock Configuration
 156:Src/main.c    ****   * @retval None
 157:Src/main.c    ****   */
 158:Src/main.c    **** void SystemClock_Config(void)
 159:Src/main.c    **** {
 160:Src/main.c    ****   RCC_OscInitTypeDef RCC_OscInitStruct = {0};
 161:Src/main.c    ****   RCC_ClkInitTypeDef RCC_ClkInitStruct = {0};
 162:Src/main.c    **** 
 163:Src/main.c    ****   /** Configure the main internal regulator output voltage
 164:Src/main.c    ****   */
 165:Src/main.c    ****   __HAL_RCC_PWR_CLK_ENABLE();
 166:Src/main.c    ****   __HAL_PWR_VOLTAGESCALING_CONFIG(PWR_REGULATOR_VOLTAGE_SCALE1);
 167:Src/main.c    **** 
 168:Src/main.c    ****   /** Initializes the RCC Oscillators according to the specified parameters
 169:Src/main.c    ****   * in the RCC_OscInitTypeDef structure.
 170:Src/main.c    ****   */
 171:Src/main.c    ****   RCC_OscInitStruct.OscillatorType = RCC_OSCILLATORTYPE_HSE;
 172:Src/main.c    ****   RCC_OscInitStruct.HSEState = RCC_HSE_ON;
 173:Src/main.c    ****   RCC_OscInitStruct.PLL.PLLState = RCC_PLL_ON;
 174:Src/main.c    ****   RCC_OscInitStruct.PLL.PLLSource = RCC_PLLSOURCE_HSE;
 175:Src/main.c    ****   RCC_OscInitStruct.PLL.PLLM = 4;
 176:Src/main.c    ****   RCC_OscInitStruct.PLL.PLLN = 168;
 177:Src/main.c    ****   RCC_OscInitStruct.PLL.PLLP = RCC_PLLP_DIV2;
 178:Src/main.c    ****   RCC_OscInitStruct.PLL.PLLQ = 4;
 179:Src/main.c    ****   if (HAL_RCC_OscConfig(&RCC_OscInitStruct) != HAL_OK)
 180:Src/main.c    ****   {
 181:Src/main.c    ****     Error_Handler();
 182:Src/main.c    ****   }
 183:Src/main.c    **** 
 184:Src/main.c    ****   /** Initializes the CPU, AHB and APB buses clocks
 185:Src/main.c    ****   */
 186:Src/main.c    ****   RCC_ClkInitStruct.ClockType = RCC_CLOCKTYPE_HCLK|RCC_CLOCKTYPE_SYSCLK
 187:Src/main.c    ****                               |RCC_CLOCKTYPE_PCLK1|RCC_CLOCKTYPE_PCLK2;
 188:Src/main.c    ****   RCC_ClkInitStruct.SYSCLKSource = RCC_SYSCLKSOURCE_PLLCLK;
 189:Src/main.c    ****   RCC_ClkInitStruct.AHBCLKDivider = RCC_SYSCLK_DIV1;
 190:Src/main.c    ****   RCC_ClkInitStruct.APB1CLKDivider = RCC_HCLK_DIV4;
 191:Src/main.c    ****   RCC_ClkInitStruct.APB2CLKDivider = RCC_HCLK_DIV2;
 192:Src/main.c    **** 
 193:Src/main.c    ****   if (HAL_RCC_ClockConfig(&RCC_ClkInitStruct, FLASH_LATENCY_5) != HAL_OK)
 194:Src/main.c    ****   {
 195:Src/main.c    ****     Error_Handler();
 196:Src/main.c    ****   }
 197:Src/main.c    **** }
 198:Src/main.c    **** 
 199:Src/main.c    **** /* USER CODE BEGIN 4 */
ARM GAS  C:\Users\ADMINI~1\AppData\Local\Temp\ccV2PlY4.s 			page 7


 200:Src/main.c    **** 
 201:Src/main.c    **** /* USER CODE END 4 */
 202:Src/main.c    **** 
 203:Src/main.c    **** /**
 204:Src/main.c    ****   * @brief  Period elapsed callback in non blocking mode
 205:Src/main.c    ****   * @note   This function is called  when TIM14 interrupt took place, inside
 206:Src/main.c    ****   * HAL_TIM_IRQHandler(). It makes a direct call to HAL_IncTick() to increment
 207:Src/main.c    ****   * a global variable "uwTick" used as application time base.
 208:Src/main.c    ****   * @param  htim : TIM handle
 209:Src/main.c    ****   * @retval None
 210:Src/main.c    ****   */
 211:Src/main.c    **** void HAL_TIM_PeriodElapsedCallback(TIM_HandleTypeDef *htim)
 212:Src/main.c    **** {
 149              		.loc 1 212 1 is_stmt 1 view -0
 150              		.cfi_startproc
 151              		@ args = 0, pretend = 0, frame = 0
 152              		@ frame_needed = 0, uses_anonymous_args = 0
 153              		.loc 1 212 1 is_stmt 0 view .LVU24
 154 0000 08B5     		push	{r3, lr}
 155              	.LCFI4:
 156              		.cfi_def_cfa_offset 8
 157              		.cfi_offset 3, -8
 158              		.cfi_offset 14, -4
 213:Src/main.c    ****   /* USER CODE BEGIN Callback 0 */
 214:Src/main.c    **** 
 215:Src/main.c    ****   /* USER CODE END Callback 0 */
 216:Src/main.c    ****   if (htim->Instance == TIM14) {
 159              		.loc 1 216 3 is_stmt 1 view .LVU25
 160              		.loc 1 216 11 is_stmt 0 view .LVU26
 161 0002 0268     		ldr	r2, [r0]
 162              		.loc 1 216 6 view .LVU27
 163 0004 034B     		ldr	r3, .L15
 164 0006 9A42     		cmp	r2, r3
 165 0008 00D0     		beq	.L14
 166              	.LVL11:
 167              	.L11:
 217:Src/main.c    ****     HAL_IncTick();
 218:Src/main.c    ****   }
 219:Src/main.c    ****   /* USER CODE BEGIN Callback 1 */
 220:Src/main.c    **** 
 221:Src/main.c    ****   /* USER CODE END Callback 1 */
 222:Src/main.c    **** }
 168              		.loc 1 222 1 view .LVU28
 169 000a 08BD     		pop	{r3, pc}
 170              	.LVL12:
 171              	.L14:
 217:Src/main.c    ****     HAL_IncTick();
 172              		.loc 1 217 5 is_stmt 1 view .LVU29
 173 000c FFF7FEFF 		bl	HAL_IncTick
 174              	.LVL13:
 175              		.loc 1 222 1 is_stmt 0 view .LVU30
 176 0010 FBE7     		b	.L11
 177              	.L16:
 178 0012 00BF     		.align	2
 179              	.L15:
 180 0014 00200040 		.word	1073750016
 181              		.cfi_endproc
ARM GAS  C:\Users\ADMINI~1\AppData\Local\Temp\ccV2PlY4.s 			page 8


 182              	.LFE138:
 184              		.section	.text.Error_Handler,"ax",%progbits
 185              		.align	1
 186              		.global	Error_Handler
 187              		.syntax unified
 188              		.thumb
 189              		.thumb_func
 191              	Error_Handler:
 192              	.LFB139:
 223:Src/main.c    **** 
 224:Src/main.c    **** /**
 225:Src/main.c    ****   * @brief  This function is executed in case of error occurrence.
 226:Src/main.c    ****   * @retval None
 227:Src/main.c    ****   */
 228:Src/main.c    **** void Error_Handler(void)
 229:Src/main.c    **** {
 193              		.loc 1 229 1 is_stmt 1 view -0
 194              		.cfi_startproc
 195              		@ Volatile: function does not return.
 196              		@ args = 0, pretend = 0, frame = 0
 197              		@ frame_needed = 0, uses_anonymous_args = 0
 198              		@ link register save eliminated.
 230:Src/main.c    ****   /* USER CODE BEGIN Error_Handler_Debug */
 231:Src/main.c    ****   /* User can add his own implementation to report the HAL error return state */
 232:Src/main.c    ****   __disable_irq();
 199              		.loc 1 232 3 view .LVU32
 200              	.LBB4:
 201              	.LBI4:
 202              		.file 2 "Drivers/CMSIS/Include/cmsis_gcc.h"
   1:Drivers/CMSIS/Include/cmsis_gcc.h **** /**************************************************************************//**
   2:Drivers/CMSIS/Include/cmsis_gcc.h ****  * @file     cmsis_gcc.h
   3:Drivers/CMSIS/Include/cmsis_gcc.h ****  * @brief    CMSIS compiler GCC header file
   4:Drivers/CMSIS/Include/cmsis_gcc.h ****  * @version  V5.0.4
   5:Drivers/CMSIS/Include/cmsis_gcc.h ****  * @date     09. April 2018
   6:Drivers/CMSIS/Include/cmsis_gcc.h ****  ******************************************************************************/
   7:Drivers/CMSIS/Include/cmsis_gcc.h **** /*
   8:Drivers/CMSIS/Include/cmsis_gcc.h ****  * Copyright (c) 2009-2018 Arm Limited. All rights reserved.
   9:Drivers/CMSIS/Include/cmsis_gcc.h ****  *
  10:Drivers/CMSIS/Include/cmsis_gcc.h ****  * SPDX-License-Identifier: Apache-2.0
  11:Drivers/CMSIS/Include/cmsis_gcc.h ****  *
  12:Drivers/CMSIS/Include/cmsis_gcc.h ****  * Licensed under the Apache License, Version 2.0 (the License); you may
  13:Drivers/CMSIS/Include/cmsis_gcc.h ****  * not use this file except in compliance with the License.
  14:Drivers/CMSIS/Include/cmsis_gcc.h ****  * You may obtain a copy of the License at
  15:Drivers/CMSIS/Include/cmsis_gcc.h ****  *
  16:Drivers/CMSIS/Include/cmsis_gcc.h ****  * www.apache.org/licenses/LICENSE-2.0
  17:Drivers/CMSIS/Include/cmsis_gcc.h ****  *
  18:Drivers/CMSIS/Include/cmsis_gcc.h ****  * Unless required by applicable law or agreed to in writing, software
  19:Drivers/CMSIS/Include/cmsis_gcc.h ****  * distributed under the License is distributed on an AS IS BASIS, WITHOUT
  20:Drivers/CMSIS/Include/cmsis_gcc.h ****  * WARRANTIES OR CONDITIONS OF ANY KIND, either express or implied.
  21:Drivers/CMSIS/Include/cmsis_gcc.h ****  * See the License for the specific language governing permissions and
  22:Drivers/CMSIS/Include/cmsis_gcc.h ****  * limitations under the License.
  23:Drivers/CMSIS/Include/cmsis_gcc.h ****  */
  24:Drivers/CMSIS/Include/cmsis_gcc.h **** 
  25:Drivers/CMSIS/Include/cmsis_gcc.h **** #ifndef __CMSIS_GCC_H
  26:Drivers/CMSIS/Include/cmsis_gcc.h **** #define __CMSIS_GCC_H
  27:Drivers/CMSIS/Include/cmsis_gcc.h **** 
  28:Drivers/CMSIS/Include/cmsis_gcc.h **** /* ignore some GCC warnings */
ARM GAS  C:\Users\ADMINI~1\AppData\Local\Temp\ccV2PlY4.s 			page 9


  29:Drivers/CMSIS/Include/cmsis_gcc.h **** #pragma GCC diagnostic push
  30:Drivers/CMSIS/Include/cmsis_gcc.h **** #pragma GCC diagnostic ignored "-Wsign-conversion"
  31:Drivers/CMSIS/Include/cmsis_gcc.h **** #pragma GCC diagnostic ignored "-Wconversion"
  32:Drivers/CMSIS/Include/cmsis_gcc.h **** #pragma GCC diagnostic ignored "-Wunused-parameter"
  33:Drivers/CMSIS/Include/cmsis_gcc.h **** 
  34:Drivers/CMSIS/Include/cmsis_gcc.h **** /* Fallback for __has_builtin */
  35:Drivers/CMSIS/Include/cmsis_gcc.h **** #ifndef __has_builtin
  36:Drivers/CMSIS/Include/cmsis_gcc.h ****   #define __has_builtin(x) (0)
  37:Drivers/CMSIS/Include/cmsis_gcc.h **** #endif
  38:Drivers/CMSIS/Include/cmsis_gcc.h **** 
  39:Drivers/CMSIS/Include/cmsis_gcc.h **** /* CMSIS compiler specific defines */
  40:Drivers/CMSIS/Include/cmsis_gcc.h **** #ifndef   __ASM
  41:Drivers/CMSIS/Include/cmsis_gcc.h ****   #define __ASM                                  __asm
  42:Drivers/CMSIS/Include/cmsis_gcc.h **** #endif
  43:Drivers/CMSIS/Include/cmsis_gcc.h **** #ifndef   __INLINE
  44:Drivers/CMSIS/Include/cmsis_gcc.h ****   #define __INLINE                               inline
  45:Drivers/CMSIS/Include/cmsis_gcc.h **** #endif
  46:Drivers/CMSIS/Include/cmsis_gcc.h **** #ifndef   __STATIC_INLINE
  47:Drivers/CMSIS/Include/cmsis_gcc.h ****   #define __STATIC_INLINE                        static inline
  48:Drivers/CMSIS/Include/cmsis_gcc.h **** #endif
  49:Drivers/CMSIS/Include/cmsis_gcc.h **** #ifndef   __STATIC_FORCEINLINE                 
  50:Drivers/CMSIS/Include/cmsis_gcc.h ****   #define __STATIC_FORCEINLINE                   __attribute__((always_inline)) static inline
  51:Drivers/CMSIS/Include/cmsis_gcc.h **** #endif                                           
  52:Drivers/CMSIS/Include/cmsis_gcc.h **** #ifndef   __NO_RETURN
  53:Drivers/CMSIS/Include/cmsis_gcc.h ****   #define __NO_RETURN                            __attribute__((__noreturn__))
  54:Drivers/CMSIS/Include/cmsis_gcc.h **** #endif
  55:Drivers/CMSIS/Include/cmsis_gcc.h **** #ifndef   __USED
  56:Drivers/CMSIS/Include/cmsis_gcc.h ****   #define __USED                                 __attribute__((used))
  57:Drivers/CMSIS/Include/cmsis_gcc.h **** #endif
  58:Drivers/CMSIS/Include/cmsis_gcc.h **** #ifndef   __WEAK
  59:Drivers/CMSIS/Include/cmsis_gcc.h ****   #define __WEAK                                 __attribute__((weak))
  60:Drivers/CMSIS/Include/cmsis_gcc.h **** #endif
  61:Drivers/CMSIS/Include/cmsis_gcc.h **** #ifndef   __PACKED
  62:Drivers/CMSIS/Include/cmsis_gcc.h ****   #define __PACKED                               __attribute__((packed, aligned(1)))
  63:Drivers/CMSIS/Include/cmsis_gcc.h **** #endif
  64:Drivers/CMSIS/Include/cmsis_gcc.h **** #ifndef   __PACKED_STRUCT
  65:Drivers/CMSIS/Include/cmsis_gcc.h ****   #define __PACKED_STRUCT                        struct __attribute__((packed, aligned(1)))
  66:Drivers/CMSIS/Include/cmsis_gcc.h **** #endif
  67:Drivers/CMSIS/Include/cmsis_gcc.h **** #ifndef   __PACKED_UNION
  68:Drivers/CMSIS/Include/cmsis_gcc.h ****   #define __PACKED_UNION                         union __attribute__((packed, aligned(1)))
  69:Drivers/CMSIS/Include/cmsis_gcc.h **** #endif
  70:Drivers/CMSIS/Include/cmsis_gcc.h **** #ifndef   __UNALIGNED_UINT32        /* deprecated */
  71:Drivers/CMSIS/Include/cmsis_gcc.h ****   #pragma GCC diagnostic push
  72:Drivers/CMSIS/Include/cmsis_gcc.h ****   #pragma GCC diagnostic ignored "-Wpacked"
  73:Drivers/CMSIS/Include/cmsis_gcc.h ****   #pragma GCC diagnostic ignored "-Wattributes"
  74:Drivers/CMSIS/Include/cmsis_gcc.h ****   struct __attribute__((packed)) T_UINT32 { uint32_t v; };
  75:Drivers/CMSIS/Include/cmsis_gcc.h ****   #pragma GCC diagnostic pop
  76:Drivers/CMSIS/Include/cmsis_gcc.h ****   #define __UNALIGNED_UINT32(x)                  (((struct T_UINT32 *)(x))->v)
  77:Drivers/CMSIS/Include/cmsis_gcc.h **** #endif
  78:Drivers/CMSIS/Include/cmsis_gcc.h **** #ifndef   __UNALIGNED_UINT16_WRITE
  79:Drivers/CMSIS/Include/cmsis_gcc.h ****   #pragma GCC diagnostic push
  80:Drivers/CMSIS/Include/cmsis_gcc.h ****   #pragma GCC diagnostic ignored "-Wpacked"
  81:Drivers/CMSIS/Include/cmsis_gcc.h ****   #pragma GCC diagnostic ignored "-Wattributes"
  82:Drivers/CMSIS/Include/cmsis_gcc.h ****   __PACKED_STRUCT T_UINT16_WRITE { uint16_t v; };
  83:Drivers/CMSIS/Include/cmsis_gcc.h ****   #pragma GCC diagnostic pop
  84:Drivers/CMSIS/Include/cmsis_gcc.h ****   #define __UNALIGNED_UINT16_WRITE(addr, val)    (void)((((struct T_UINT16_WRITE *)(void *)(addr))-
  85:Drivers/CMSIS/Include/cmsis_gcc.h **** #endif
ARM GAS  C:\Users\ADMINI~1\AppData\Local\Temp\ccV2PlY4.s 			page 10


  86:Drivers/CMSIS/Include/cmsis_gcc.h **** #ifndef   __UNALIGNED_UINT16_READ
  87:Drivers/CMSIS/Include/cmsis_gcc.h ****   #pragma GCC diagnostic push
  88:Drivers/CMSIS/Include/cmsis_gcc.h ****   #pragma GCC diagnostic ignored "-Wpacked"
  89:Drivers/CMSIS/Include/cmsis_gcc.h ****   #pragma GCC diagnostic ignored "-Wattributes"
  90:Drivers/CMSIS/Include/cmsis_gcc.h ****   __PACKED_STRUCT T_UINT16_READ { uint16_t v; };
  91:Drivers/CMSIS/Include/cmsis_gcc.h ****   #pragma GCC diagnostic pop
  92:Drivers/CMSIS/Include/cmsis_gcc.h ****   #define __UNALIGNED_UINT16_READ(addr)          (((const struct T_UINT16_READ *)(const void *)(add
  93:Drivers/CMSIS/Include/cmsis_gcc.h **** #endif
  94:Drivers/CMSIS/Include/cmsis_gcc.h **** #ifndef   __UNALIGNED_UINT32_WRITE
  95:Drivers/CMSIS/Include/cmsis_gcc.h ****   #pragma GCC diagnostic push
  96:Drivers/CMSIS/Include/cmsis_gcc.h ****   #pragma GCC diagnostic ignored "-Wpacked"
  97:Drivers/CMSIS/Include/cmsis_gcc.h ****   #pragma GCC diagnostic ignored "-Wattributes"
  98:Drivers/CMSIS/Include/cmsis_gcc.h ****   __PACKED_STRUCT T_UINT32_WRITE { uint32_t v; };
  99:Drivers/CMSIS/Include/cmsis_gcc.h ****   #pragma GCC diagnostic pop
 100:Drivers/CMSIS/Include/cmsis_gcc.h ****   #define __UNALIGNED_UINT32_WRITE(addr, val)    (void)((((struct T_UINT32_WRITE *)(void *)(addr))-
 101:Drivers/CMSIS/Include/cmsis_gcc.h **** #endif
 102:Drivers/CMSIS/Include/cmsis_gcc.h **** #ifndef   __UNALIGNED_UINT32_READ
 103:Drivers/CMSIS/Include/cmsis_gcc.h ****   #pragma GCC diagnostic push
 104:Drivers/CMSIS/Include/cmsis_gcc.h ****   #pragma GCC diagnostic ignored "-Wpacked"
 105:Drivers/CMSIS/Include/cmsis_gcc.h ****   #pragma GCC diagnostic ignored "-Wattributes"
 106:Drivers/CMSIS/Include/cmsis_gcc.h ****   __PACKED_STRUCT T_UINT32_READ { uint32_t v; };
 107:Drivers/CMSIS/Include/cmsis_gcc.h ****   #pragma GCC diagnostic pop
 108:Drivers/CMSIS/Include/cmsis_gcc.h ****   #define __UNALIGNED_UINT32_READ(addr)          (((const struct T_UINT32_READ *)(const void *)(add
 109:Drivers/CMSIS/Include/cmsis_gcc.h **** #endif
 110:Drivers/CMSIS/Include/cmsis_gcc.h **** #ifndef   __ALIGNED
 111:Drivers/CMSIS/Include/cmsis_gcc.h ****   #define __ALIGNED(x)                           __attribute__((aligned(x)))
 112:Drivers/CMSIS/Include/cmsis_gcc.h **** #endif
 113:Drivers/CMSIS/Include/cmsis_gcc.h **** #ifndef   __RESTRICT
 114:Drivers/CMSIS/Include/cmsis_gcc.h ****   #define __RESTRICT                             __restrict
 115:Drivers/CMSIS/Include/cmsis_gcc.h **** #endif
 116:Drivers/CMSIS/Include/cmsis_gcc.h **** 
 117:Drivers/CMSIS/Include/cmsis_gcc.h **** 
 118:Drivers/CMSIS/Include/cmsis_gcc.h **** /* ###########################  Core Function Access  ########################### */
 119:Drivers/CMSIS/Include/cmsis_gcc.h **** /** \ingroup  CMSIS_Core_FunctionInterface
 120:Drivers/CMSIS/Include/cmsis_gcc.h ****     \defgroup CMSIS_Core_RegAccFunctions CMSIS Core Register Access Functions
 121:Drivers/CMSIS/Include/cmsis_gcc.h ****   @{
 122:Drivers/CMSIS/Include/cmsis_gcc.h ****  */
 123:Drivers/CMSIS/Include/cmsis_gcc.h **** 
 124:Drivers/CMSIS/Include/cmsis_gcc.h **** /**
 125:Drivers/CMSIS/Include/cmsis_gcc.h ****   \brief   Enable IRQ Interrupts
 126:Drivers/CMSIS/Include/cmsis_gcc.h ****   \details Enables IRQ interrupts by clearing the I-bit in the CPSR.
 127:Drivers/CMSIS/Include/cmsis_gcc.h ****            Can only be executed in Privileged modes.
 128:Drivers/CMSIS/Include/cmsis_gcc.h ****  */
 129:Drivers/CMSIS/Include/cmsis_gcc.h **** __STATIC_FORCEINLINE void __enable_irq(void)
 130:Drivers/CMSIS/Include/cmsis_gcc.h **** {
 131:Drivers/CMSIS/Include/cmsis_gcc.h ****   __ASM volatile ("cpsie i" : : : "memory");
 132:Drivers/CMSIS/Include/cmsis_gcc.h **** }
 133:Drivers/CMSIS/Include/cmsis_gcc.h **** 
 134:Drivers/CMSIS/Include/cmsis_gcc.h **** 
 135:Drivers/CMSIS/Include/cmsis_gcc.h **** /**
 136:Drivers/CMSIS/Include/cmsis_gcc.h ****   \brief   Disable IRQ Interrupts
 137:Drivers/CMSIS/Include/cmsis_gcc.h ****   \details Disables IRQ interrupts by setting the I-bit in the CPSR.
 138:Drivers/CMSIS/Include/cmsis_gcc.h ****            Can only be executed in Privileged modes.
 139:Drivers/CMSIS/Include/cmsis_gcc.h ****  */
 140:Drivers/CMSIS/Include/cmsis_gcc.h **** __STATIC_FORCEINLINE void __disable_irq(void)
 203              		.loc 2 140 27 view .LVU33
 204              	.LBB5:
ARM GAS  C:\Users\ADMINI~1\AppData\Local\Temp\ccV2PlY4.s 			page 11


 141:Drivers/CMSIS/Include/cmsis_gcc.h **** {
 142:Drivers/CMSIS/Include/cmsis_gcc.h ****   __ASM volatile ("cpsid i" : : : "memory");
 205              		.loc 2 142 3 view .LVU34
 206              		.syntax unified
 207              	@ 142 "Drivers/CMSIS/Include/cmsis_gcc.h" 1
 208 0000 72B6     		cpsid i
 209              	@ 0 "" 2
 210              		.thumb
 211              		.syntax unified
 212              	.L18:
 213              	.LBE5:
 214              	.LBE4:
 233:Src/main.c    ****   while (1)
 215              		.loc 1 233 3 discriminator 1 view .LVU35
 234:Src/main.c    ****   {
 235:Src/main.c    ****   }
 216              		.loc 1 235 3 discriminator 1 view .LVU36
 233:Src/main.c    ****   while (1)
 217              		.loc 1 233 9 discriminator 1 view .LVU37
 218 0002 FEE7     		b	.L18
 219              		.cfi_endproc
 220              	.LFE139:
 222              		.section	.text.SystemClock_Config,"ax",%progbits
 223              		.align	1
 224              		.global	SystemClock_Config
 225              		.syntax unified
 226              		.thumb
 227              		.thumb_func
 229              	SystemClock_Config:
 230              	.LFB137:
 159:Src/main.c    ****   RCC_OscInitTypeDef RCC_OscInitStruct = {0};
 231              		.loc 1 159 1 view -0
 232              		.cfi_startproc
 233              		@ args = 0, pretend = 0, frame = 80
 234              		@ frame_needed = 0, uses_anonymous_args = 0
 235 0000 00B5     		push	{lr}
 236              	.LCFI5:
 237              		.cfi_def_cfa_offset 4
 238              		.cfi_offset 14, -4
 239 0002 95B0     		sub	sp, sp, #84
 240              	.LCFI6:
 241              		.cfi_def_cfa_offset 88
 160:Src/main.c    ****   RCC_ClkInitTypeDef RCC_ClkInitStruct = {0};
 242              		.loc 1 160 3 view .LVU39
 160:Src/main.c    ****   RCC_ClkInitTypeDef RCC_ClkInitStruct = {0};
 243              		.loc 1 160 22 is_stmt 0 view .LVU40
 244 0004 3022     		movs	r2, #48
 245 0006 0021     		movs	r1, #0
 246 0008 08A8     		add	r0, sp, #32
 247 000a FFF7FEFF 		bl	memset
 248              	.LVL14:
 161:Src/main.c    **** 
 249              		.loc 1 161 3 is_stmt 1 view .LVU41
 161:Src/main.c    **** 
 250              		.loc 1 161 22 is_stmt 0 view .LVU42
 251 000e 0023     		movs	r3, #0
 252 0010 0393     		str	r3, [sp, #12]
ARM GAS  C:\Users\ADMINI~1\AppData\Local\Temp\ccV2PlY4.s 			page 12


 253 0012 0493     		str	r3, [sp, #16]
 254 0014 0593     		str	r3, [sp, #20]
 255 0016 0693     		str	r3, [sp, #24]
 256 0018 0793     		str	r3, [sp, #28]
 165:Src/main.c    ****   __HAL_PWR_VOLTAGESCALING_CONFIG(PWR_REGULATOR_VOLTAGE_SCALE1);
 257              		.loc 1 165 3 is_stmt 1 view .LVU43
 258              	.LBB6:
 165:Src/main.c    ****   __HAL_PWR_VOLTAGESCALING_CONFIG(PWR_REGULATOR_VOLTAGE_SCALE1);
 259              		.loc 1 165 3 view .LVU44
 260 001a 0193     		str	r3, [sp, #4]
 165:Src/main.c    ****   __HAL_PWR_VOLTAGESCALING_CONFIG(PWR_REGULATOR_VOLTAGE_SCALE1);
 261              		.loc 1 165 3 view .LVU45
 262 001c 204A     		ldr	r2, .L25
 263 001e 116C     		ldr	r1, [r2, #64]
 264 0020 41F08051 		orr	r1, r1, #268435456
 265 0024 1164     		str	r1, [r2, #64]
 165:Src/main.c    ****   __HAL_PWR_VOLTAGESCALING_CONFIG(PWR_REGULATOR_VOLTAGE_SCALE1);
 266              		.loc 1 165 3 view .LVU46
 267 0026 126C     		ldr	r2, [r2, #64]
 268 0028 02F08052 		and	r2, r2, #268435456
 269 002c 0192     		str	r2, [sp, #4]
 165:Src/main.c    ****   __HAL_PWR_VOLTAGESCALING_CONFIG(PWR_REGULATOR_VOLTAGE_SCALE1);
 270              		.loc 1 165 3 view .LVU47
 271 002e 019A     		ldr	r2, [sp, #4]
 272              	.LBE6:
 165:Src/main.c    ****   __HAL_PWR_VOLTAGESCALING_CONFIG(PWR_REGULATOR_VOLTAGE_SCALE1);
 273              		.loc 1 165 3 view .LVU48
 166:Src/main.c    **** 
 274              		.loc 1 166 3 view .LVU49
 275              	.LBB7:
 166:Src/main.c    **** 
 276              		.loc 1 166 3 view .LVU50
 277 0030 0293     		str	r3, [sp, #8]
 166:Src/main.c    **** 
 278              		.loc 1 166 3 view .LVU51
 279 0032 1C4B     		ldr	r3, .L25+4
 280 0034 1A68     		ldr	r2, [r3]
 281 0036 42F48042 		orr	r2, r2, #16384
 282 003a 1A60     		str	r2, [r3]
 166:Src/main.c    **** 
 283              		.loc 1 166 3 view .LVU52
 284 003c 1B68     		ldr	r3, [r3]
 285 003e 03F48043 		and	r3, r3, #16384
 286 0042 0293     		str	r3, [sp, #8]
 166:Src/main.c    **** 
 287              		.loc 1 166 3 view .LVU53
 288 0044 029B     		ldr	r3, [sp, #8]
 289              	.LBE7:
 166:Src/main.c    **** 
 290              		.loc 1 166 3 view .LVU54
 171:Src/main.c    ****   RCC_OscInitStruct.HSEState = RCC_HSE_ON;
 291              		.loc 1 171 3 view .LVU55
 171:Src/main.c    ****   RCC_OscInitStruct.HSEState = RCC_HSE_ON;
 292              		.loc 1 171 36 is_stmt 0 view .LVU56
 293 0046 0123     		movs	r3, #1
 294 0048 0893     		str	r3, [sp, #32]
 172:Src/main.c    ****   RCC_OscInitStruct.PLL.PLLState = RCC_PLL_ON;
ARM GAS  C:\Users\ADMINI~1\AppData\Local\Temp\ccV2PlY4.s 			page 13


 295              		.loc 1 172 3 is_stmt 1 view .LVU57
 172:Src/main.c    ****   RCC_OscInitStruct.PLL.PLLState = RCC_PLL_ON;
 296              		.loc 1 172 30 is_stmt 0 view .LVU58
 297 004a 4FF48033 		mov	r3, #65536
 298 004e 0993     		str	r3, [sp, #36]
 173:Src/main.c    ****   RCC_OscInitStruct.PLL.PLLSource = RCC_PLLSOURCE_HSE;
 299              		.loc 1 173 3 is_stmt 1 view .LVU59
 173:Src/main.c    ****   RCC_OscInitStruct.PLL.PLLSource = RCC_PLLSOURCE_HSE;
 300              		.loc 1 173 34 is_stmt 0 view .LVU60
 301 0050 0222     		movs	r2, #2
 302 0052 0E92     		str	r2, [sp, #56]
 174:Src/main.c    ****   RCC_OscInitStruct.PLL.PLLM = 4;
 303              		.loc 1 174 3 is_stmt 1 view .LVU61
 174:Src/main.c    ****   RCC_OscInitStruct.PLL.PLLM = 4;
 304              		.loc 1 174 35 is_stmt 0 view .LVU62
 305 0054 4FF48003 		mov	r3, #4194304
 306 0058 0F93     		str	r3, [sp, #60]
 175:Src/main.c    ****   RCC_OscInitStruct.PLL.PLLN = 168;
 307              		.loc 1 175 3 is_stmt 1 view .LVU63
 175:Src/main.c    ****   RCC_OscInitStruct.PLL.PLLN = 168;
 308              		.loc 1 175 30 is_stmt 0 view .LVU64
 309 005a 0423     		movs	r3, #4
 310 005c 1093     		str	r3, [sp, #64]
 176:Src/main.c    ****   RCC_OscInitStruct.PLL.PLLP = RCC_PLLP_DIV2;
 311              		.loc 1 176 3 is_stmt 1 view .LVU65
 176:Src/main.c    ****   RCC_OscInitStruct.PLL.PLLP = RCC_PLLP_DIV2;
 312              		.loc 1 176 30 is_stmt 0 view .LVU66
 313 005e A821     		movs	r1, #168
 314 0060 1191     		str	r1, [sp, #68]
 177:Src/main.c    ****   RCC_OscInitStruct.PLL.PLLQ = 4;
 315              		.loc 1 177 3 is_stmt 1 view .LVU67
 177:Src/main.c    ****   RCC_OscInitStruct.PLL.PLLQ = 4;
 316              		.loc 1 177 30 is_stmt 0 view .LVU68
 317 0062 1292     		str	r2, [sp, #72]
 178:Src/main.c    ****   if (HAL_RCC_OscConfig(&RCC_OscInitStruct) != HAL_OK)
 318              		.loc 1 178 3 is_stmt 1 view .LVU69
 178:Src/main.c    ****   if (HAL_RCC_OscConfig(&RCC_OscInitStruct) != HAL_OK)
 319              		.loc 1 178 30 is_stmt 0 view .LVU70
 320 0064 1393     		str	r3, [sp, #76]
 179:Src/main.c    ****   {
 321              		.loc 1 179 3 is_stmt 1 view .LVU71
 179:Src/main.c    ****   {
 322              		.loc 1 179 7 is_stmt 0 view .LVU72
 323 0066 08A8     		add	r0, sp, #32
 324 0068 FFF7FEFF 		bl	HAL_RCC_OscConfig
 325              	.LVL15:
 179:Src/main.c    ****   {
 326              		.loc 1 179 6 view .LVU73
 327 006c 98B9     		cbnz	r0, .L23
 186:Src/main.c    ****                               |RCC_CLOCKTYPE_PCLK1|RCC_CLOCKTYPE_PCLK2;
 328              		.loc 1 186 3 is_stmt 1 view .LVU74
 186:Src/main.c    ****                               |RCC_CLOCKTYPE_PCLK1|RCC_CLOCKTYPE_PCLK2;
 329              		.loc 1 186 31 is_stmt 0 view .LVU75
 330 006e 0F23     		movs	r3, #15
 331 0070 0393     		str	r3, [sp, #12]
 188:Src/main.c    ****   RCC_ClkInitStruct.AHBCLKDivider = RCC_SYSCLK_DIV1;
 332              		.loc 1 188 3 is_stmt 1 view .LVU76
ARM GAS  C:\Users\ADMINI~1\AppData\Local\Temp\ccV2PlY4.s 			page 14


 188:Src/main.c    ****   RCC_ClkInitStruct.AHBCLKDivider = RCC_SYSCLK_DIV1;
 333              		.loc 1 188 34 is_stmt 0 view .LVU77
 334 0072 0223     		movs	r3, #2
 335 0074 0493     		str	r3, [sp, #16]
 189:Src/main.c    ****   RCC_ClkInitStruct.APB1CLKDivider = RCC_HCLK_DIV4;
 336              		.loc 1 189 3 is_stmt 1 view .LVU78
 189:Src/main.c    ****   RCC_ClkInitStruct.APB1CLKDivider = RCC_HCLK_DIV4;
 337              		.loc 1 189 35 is_stmt 0 view .LVU79
 338 0076 0023     		movs	r3, #0
 339 0078 0593     		str	r3, [sp, #20]
 190:Src/main.c    ****   RCC_ClkInitStruct.APB2CLKDivider = RCC_HCLK_DIV2;
 340              		.loc 1 190 3 is_stmt 1 view .LVU80
 190:Src/main.c    ****   RCC_ClkInitStruct.APB2CLKDivider = RCC_HCLK_DIV2;
 341              		.loc 1 190 36 is_stmt 0 view .LVU81
 342 007a 4FF4A053 		mov	r3, #5120
 343 007e 0693     		str	r3, [sp, #24]
 191:Src/main.c    **** 
 344              		.loc 1 191 3 is_stmt 1 view .LVU82
 191:Src/main.c    **** 
 345              		.loc 1 191 36 is_stmt 0 view .LVU83
 346 0080 4FF48053 		mov	r3, #4096
 347 0084 0793     		str	r3, [sp, #28]
 193:Src/main.c    ****   {
 348              		.loc 1 193 3 is_stmt 1 view .LVU84
 193:Src/main.c    ****   {
 349              		.loc 1 193 7 is_stmt 0 view .LVU85
 350 0086 0521     		movs	r1, #5
 351 0088 03A8     		add	r0, sp, #12
 352 008a FFF7FEFF 		bl	HAL_RCC_ClockConfig
 353              	.LVL16:
 193:Src/main.c    ****   {
 354              		.loc 1 193 6 view .LVU86
 355 008e 20B9     		cbnz	r0, .L24
 197:Src/main.c    **** 
 356              		.loc 1 197 1 view .LVU87
 357 0090 15B0     		add	sp, sp, #84
 358              	.LCFI7:
 359              		.cfi_remember_state
 360              		.cfi_def_cfa_offset 4
 361              		@ sp needed
 362 0092 5DF804FB 		ldr	pc, [sp], #4
 363              	.L23:
 364              	.LCFI8:
 365              		.cfi_restore_state
 181:Src/main.c    ****   }
 366              		.loc 1 181 5 is_stmt 1 view .LVU88
 367 0096 FFF7FEFF 		bl	Error_Handler
 368              	.LVL17:
 369              	.L24:
 195:Src/main.c    ****   }
 370              		.loc 1 195 5 view .LVU89
 371 009a FFF7FEFF 		bl	Error_Handler
 372              	.LVL18:
 373              	.L26:
 374 009e 00BF     		.align	2
 375              	.L25:
 376 00a0 00380240 		.word	1073887232
ARM GAS  C:\Users\ADMINI~1\AppData\Local\Temp\ccV2PlY4.s 			page 15


 377 00a4 00700040 		.word	1073770496
 378              		.cfi_endproc
 379              	.LFE137:
 381              		.section	.rodata.main.str1.4,"aMS",%progbits,1
 382              		.align	2
 383              	.LC0:
 384 0000 68656C6C 		.ascii	"hello electronbot coming...\015\000"
 384      6F20656C 
 384      65637472 
 384      6F6E626F 
 384      7420636F 
 385              		.section	.text.main,"ax",%progbits
 386              		.align	1
 387              		.global	main
 388              		.syntax unified
 389              		.thumb
 390              		.thumb_func
 392              	main:
 393              	.LFB136:
  89:Src/main.c    ****   /* USER CODE BEGIN 1 */
 394              		.loc 1 89 1 view -0
 395              		.cfi_startproc
 396              		@ Volatile: function does not return.
 397              		@ args = 0, pretend = 0, frame = 0
 398              		@ frame_needed = 0, uses_anonymous_args = 0
 399 0000 08B5     		push	{r3, lr}
 400              	.LCFI9:
 401              		.cfi_def_cfa_offset 8
 402              		.cfi_offset 3, -8
 403              		.cfi_offset 14, -4
  91:Src/main.c    ****   /* USER CODE END 1 */
 404              		.loc 1 91 3 view .LVU91
  97:Src/main.c    **** 
 405              		.loc 1 97 3 view .LVU92
 406 0002 FFF7FEFF 		bl	HAL_Init
 407              	.LVL19:
 104:Src/main.c    **** 
 408              		.loc 1 104 3 view .LVU93
 409 0006 FFF7FEFF 		bl	SystemClock_Config
 410              	.LVL20:
 111:Src/main.c    ****   MX_I2C1_Init();
 411              		.loc 1 111 3 view .LVU94
 412 000a FFF7FEFF 		bl	MX_GPIO_Init
 413              	.LVL21:
 112:Src/main.c    ****   MX_USART1_UART_Init();
 414              		.loc 1 112 3 view .LVU95
 415 000e FFF7FEFF 		bl	MX_I2C1_Init
 416              	.LVL22:
 113:Src/main.c    ****  
 417              		.loc 1 113 3 view .LVU96
 418 0012 FFF7FEFF 		bl	MX_USART1_UART_Init
 419              	.LVL23:
 115:Src/main.c    ****   /* USER CODE BEGIN 2 */
 420              		.loc 1 115 3 view .LVU97
 421 0016 FFF7FEFF 		bl	MX_SPI1_Init
 422              	.LVL24:
 117:Src/main.c    ****   SpiFlash_Init();
ARM GAS  C:\Users\ADMINI~1\AppData\Local\Temp\ccV2PlY4.s 			page 16


 423              		.loc 1 117 3 view .LVU98
 424 001a 0448     		ldr	r0, .L30
 425 001c FFF7FEFF 		bl	puts
 426              	.LVL25:
 118:Src/main.c    **** 
 427              		.loc 1 118 3 view .LVU99
 428 0020 FFF7FEFF 		bl	SpiFlash_Init
 429              	.LVL26:
 120:Src/main.c    **** 
 430              		.loc 1 120 3 view .LVU100
 431 0024 FFF7FEFF 		bl	MX_USB_DEVICE_Init
 432              	.LVL27:
 433              	.L28:
 133:Src/main.c    ****   {
 434              		.loc 1 133 3 discriminator 1 view .LVU101
 150:Src/main.c    ****   /* USER CODE END 3 */
 435              		.loc 1 150 3 discriminator 1 view .LVU102
 133:Src/main.c    ****   {
 436              		.loc 1 133 9 discriminator 1 view .LVU103
 437 0028 FEE7     		b	.L28
 438              	.L31:
 439 002a 00BF     		.align	2
 440              	.L30:
 441 002c 00000000 		.word	.LC0
 442              		.cfi_endproc
 443              	.LFE136:
 445              		.global	i2cTxData
 446              		.global	i2cRxData
 447              		.section	.bss.i2cRxData,"aw",%nobits
 448              		.align	2
 449              		.set	.LANCHOR1,. + 0
 452              	i2cRxData:
 453 0000 00000000 		.space	8
 453      00000000 
 454              		.section	.bss.i2cTxData,"aw",%nobits
 455              		.align	2
 456              		.set	.LANCHOR0,. + 0
 459              	i2cTxData:
 460 0000 00000000 		.space	8
 460      00000000 
 461              		.text
 462              	.Letext0:
 463              		.file 3 "e:\\program files (x86)\\gnu arm embedded toolchain\\10 2021.10\\arm-none-eabi\\include\\
 464              		.file 4 "e:\\program files (x86)\\gnu arm embedded toolchain\\10 2021.10\\arm-none-eabi\\include\\
 465              		.file 5 "Drivers/CMSIS/Device/ST/STM32F4xx/Include/stm32f405xx.h"
 466              		.file 6 "Drivers/STM32F4xx_HAL_Driver/Inc/stm32f4xx_hal_def.h"
 467              		.file 7 "Drivers/STM32F4xx_HAL_Driver/Inc/stm32f4xx_hal_rcc_ex.h"
 468              		.file 8 "Drivers/STM32F4xx_HAL_Driver/Inc/stm32f4xx_hal_rcc.h"
 469              		.file 9 "Drivers/STM32F4xx_HAL_Driver/Inc/stm32f4xx_hal_dma.h"
 470              		.file 10 "Drivers/STM32F4xx_HAL_Driver/Inc/stm32f4xx_hal_i2c.h"
 471              		.file 11 "Drivers/STM32F4xx_HAL_Driver/Inc/stm32f4xx_hal_tim.h"
 472              		.file 12 "Drivers/STM32F4xx_HAL_Driver/Inc/stm32f4xx_hal_uart.h"
 473              		.file 13 "Inc/i2c.h"
 474              		.file 14 "Inc/usart.h"
 475              		.file 15 "Drivers/STM32F4xx_HAL_Driver/Inc/stm32f4xx_hal.h"
 476              		.file 16 "Inc/gpio.h"
 477              		.file 17 "Inc/spi.h"
ARM GAS  C:\Users\ADMINI~1\AppData\Local\Temp\ccV2PlY4.s 			page 17


 478              		.file 18 "<built-in>"
 479              		.file 19 "user/w25q32.h"
 480              		.file 20 "Inc/usb_device.h"
ARM GAS  C:\Users\ADMINI~1\AppData\Local\Temp\ccV2PlY4.s 			page 18


DEFINED SYMBOLS
                            *ABS*:00000000 main.c
C:\Users\ADMINI~1\AppData\Local\Temp\ccV2PlY4.s:20     .text.TransmitAndReceiveI2cPacket:00000000 $t
C:\Users\ADMINI~1\AppData\Local\Temp\ccV2PlY4.s:26     .text.TransmitAndReceiveI2cPacket:00000000 TransmitAndReceiveI2cPacket
C:\Users\ADMINI~1\AppData\Local\Temp\ccV2PlY4.s:89     .text.TransmitAndReceiveI2cPacket:00000030 $d
C:\Users\ADMINI~1\AppData\Local\Temp\ccV2PlY4.s:96     .text._write:00000000 $t
C:\Users\ADMINI~1\AppData\Local\Temp\ccV2PlY4.s:102    .text._write:00000000 _write
C:\Users\ADMINI~1\AppData\Local\Temp\ccV2PlY4.s:135    .text._write:00000014 $d
C:\Users\ADMINI~1\AppData\Local\Temp\ccV2PlY4.s:140    .text.HAL_TIM_PeriodElapsedCallback:00000000 $t
C:\Users\ADMINI~1\AppData\Local\Temp\ccV2PlY4.s:146    .text.HAL_TIM_PeriodElapsedCallback:00000000 HAL_TIM_PeriodElapsedCallback
C:\Users\ADMINI~1\AppData\Local\Temp\ccV2PlY4.s:180    .text.HAL_TIM_PeriodElapsedCallback:00000014 $d
C:\Users\ADMINI~1\AppData\Local\Temp\ccV2PlY4.s:185    .text.Error_Handler:00000000 $t
C:\Users\ADMINI~1\AppData\Local\Temp\ccV2PlY4.s:191    .text.Error_Handler:00000000 Error_Handler
C:\Users\ADMINI~1\AppData\Local\Temp\ccV2PlY4.s:223    .text.SystemClock_Config:00000000 $t
C:\Users\ADMINI~1\AppData\Local\Temp\ccV2PlY4.s:229    .text.SystemClock_Config:00000000 SystemClock_Config
C:\Users\ADMINI~1\AppData\Local\Temp\ccV2PlY4.s:376    .text.SystemClock_Config:000000a0 $d
C:\Users\ADMINI~1\AppData\Local\Temp\ccV2PlY4.s:382    .rodata.main.str1.4:00000000 $d
C:\Users\ADMINI~1\AppData\Local\Temp\ccV2PlY4.s:386    .text.main:00000000 $t
C:\Users\ADMINI~1\AppData\Local\Temp\ccV2PlY4.s:392    .text.main:00000000 main
C:\Users\ADMINI~1\AppData\Local\Temp\ccV2PlY4.s:441    .text.main:0000002c $d
C:\Users\ADMINI~1\AppData\Local\Temp\ccV2PlY4.s:459    .bss.i2cTxData:00000000 i2cTxData
C:\Users\ADMINI~1\AppData\Local\Temp\ccV2PlY4.s:452    .bss.i2cRxData:00000000 i2cRxData
C:\Users\ADMINI~1\AppData\Local\Temp\ccV2PlY4.s:448    .bss.i2cRxData:00000000 $d
C:\Users\ADMINI~1\AppData\Local\Temp\ccV2PlY4.s:455    .bss.i2cTxData:00000000 $d

UNDEFINED SYMBOLS
HAL_I2C_Master_Transmit
HAL_I2C_Master_Receive
hi2c1
HAL_UART_Transmit
huart1
HAL_IncTick
memset
HAL_RCC_OscConfig
HAL_RCC_ClockConfig
HAL_Init
MX_GPIO_Init
MX_I2C1_Init
MX_USART1_UART_Init
MX_SPI1_Init
puts
SpiFlash_Init
MX_USB_DEVICE_Init
