ARM GAS  C:\Users\ADMINI~1\AppData\Local\Temp\ccgoDjAh.s 			page 1


   1              		.cpu cortex-m4
   2              		.arch armv7e-m
   3              		.fpu fpv4-sp-d16
   4              		.eabi_attribute 27, 1
   5              		.eabi_attribute 28, 1
   6              		.eabi_attribute 20, 1
   7              		.eabi_attribute 21, 1
   8              		.eabi_attribute 23, 3
   9              		.eabi_attribute 24, 1
  10              		.eabi_attribute 25, 1
  11              		.eabi_attribute 26, 1
  12              		.eabi_attribute 30, 1
  13              		.eabi_attribute 34, 1
  14              		.eabi_attribute 18, 4
  15              		.file	"gpio.c"
  16              		.text
  17              	.Ltext0:
  18              		.cfi_sections	.debug_frame
  19              		.section	.text.MX_GPIO_Init,"ax",%progbits
  20              		.align	1
  21              		.global	MX_GPIO_Init
  22              		.syntax unified
  23              		.thumb
  24              		.thumb_func
  26              	MX_GPIO_Init:
  27              	.LFB235:
  28              		.file 1 "Core/Src/gpio.c"
   1:Core/Src/gpio.c **** /**
   2:Core/Src/gpio.c ****   ******************************************************************************
   3:Core/Src/gpio.c ****   * @file    gpio.c
   4:Core/Src/gpio.c ****   * @brief   This file provides code for the configuration
   5:Core/Src/gpio.c ****   *          of all used GPIO pins.
   6:Core/Src/gpio.c ****   ******************************************************************************
   7:Core/Src/gpio.c ****   * @attention
   8:Core/Src/gpio.c ****   *
   9:Core/Src/gpio.c ****   * <h2><center>&copy; Copyright (c) 2022 STMicroelectronics.
  10:Core/Src/gpio.c ****   * All rights reserved.</center></h2>
  11:Core/Src/gpio.c ****   *
  12:Core/Src/gpio.c ****   * This software component is licensed by ST under Ultimate Liberty license
  13:Core/Src/gpio.c ****   * SLA0044, the "License"; You may not use this file except in compliance with
  14:Core/Src/gpio.c ****   * the License. You may obtain a copy of the License at:
  15:Core/Src/gpio.c ****   *                             www.st.com/SLA0044
  16:Core/Src/gpio.c ****   *
  17:Core/Src/gpio.c ****   ******************************************************************************
  18:Core/Src/gpio.c ****   */
  19:Core/Src/gpio.c **** 
  20:Core/Src/gpio.c **** /* Includes ------------------------------------------------------------------*/
  21:Core/Src/gpio.c **** #include "gpio.h"
  22:Core/Src/gpio.c **** 
  23:Core/Src/gpio.c **** /* USER CODE BEGIN 0 */
  24:Core/Src/gpio.c **** 
  25:Core/Src/gpio.c **** /* USER CODE END 0 */
  26:Core/Src/gpio.c **** 
  27:Core/Src/gpio.c **** /*----------------------------------------------------------------------------*/
  28:Core/Src/gpio.c **** /* Configure GPIO                                                             */
  29:Core/Src/gpio.c **** /*----------------------------------------------------------------------------*/
  30:Core/Src/gpio.c **** /* USER CODE BEGIN 1 */
ARM GAS  C:\Users\ADMINI~1\AppData\Local\Temp\ccgoDjAh.s 			page 2


  31:Core/Src/gpio.c **** 
  32:Core/Src/gpio.c **** /* USER CODE END 1 */
  33:Core/Src/gpio.c **** 
  34:Core/Src/gpio.c **** /** Configure pins as
  35:Core/Src/gpio.c ****         * Analog
  36:Core/Src/gpio.c ****         * Input
  37:Core/Src/gpio.c ****         * Output
  38:Core/Src/gpio.c ****         * EVENT_OUT
  39:Core/Src/gpio.c ****         * EXTI
  40:Core/Src/gpio.c **** */
  41:Core/Src/gpio.c **** void MX_GPIO_Init(void)
  42:Core/Src/gpio.c **** {
  29              		.loc 1 42 1 view -0
  30              		.cfi_startproc
  31              		@ args = 0, pretend = 0, frame = 40
  32              		@ frame_needed = 0, uses_anonymous_args = 0
  33 0000 F0B5     		push	{r4, r5, r6, r7, lr}
  34              	.LCFI0:
  35              		.cfi_def_cfa_offset 20
  36              		.cfi_offset 4, -20
  37              		.cfi_offset 5, -16
  38              		.cfi_offset 6, -12
  39              		.cfi_offset 7, -8
  40              		.cfi_offset 14, -4
  41 0002 8BB0     		sub	sp, sp, #44
  42              	.LCFI1:
  43              		.cfi_def_cfa_offset 64
  43:Core/Src/gpio.c **** 
  44:Core/Src/gpio.c ****   GPIO_InitTypeDef GPIO_InitStruct = {0};
  44              		.loc 1 44 3 view .LVU1
  45              		.loc 1 44 20 is_stmt 0 view .LVU2
  46 0004 0024     		movs	r4, #0
  47 0006 0594     		str	r4, [sp, #20]
  48 0008 0694     		str	r4, [sp, #24]
  49 000a 0794     		str	r4, [sp, #28]
  50 000c 0894     		str	r4, [sp, #32]
  51 000e 0994     		str	r4, [sp, #36]
  45:Core/Src/gpio.c **** 
  46:Core/Src/gpio.c ****   /* GPIO Ports Clock Enable */
  47:Core/Src/gpio.c ****   __HAL_RCC_GPIOH_CLK_ENABLE();
  52              		.loc 1 47 3 is_stmt 1 view .LVU3
  53              	.LBB2:
  54              		.loc 1 47 3 view .LVU4
  55 0010 0194     		str	r4, [sp, #4]
  56              		.loc 1 47 3 view .LVU5
  57 0012 264B     		ldr	r3, .L3
  58 0014 1A6B     		ldr	r2, [r3, #48]
  59 0016 42F08002 		orr	r2, r2, #128
  60 001a 1A63     		str	r2, [r3, #48]
  61              		.loc 1 47 3 view .LVU6
  62 001c 1A6B     		ldr	r2, [r3, #48]
  63 001e 02F08002 		and	r2, r2, #128
  64 0022 0192     		str	r2, [sp, #4]
  65              		.loc 1 47 3 view .LVU7
  66 0024 019A     		ldr	r2, [sp, #4]
  67              	.LBE2:
  68              		.loc 1 47 3 view .LVU8
ARM GAS  C:\Users\ADMINI~1\AppData\Local\Temp\ccgoDjAh.s 			page 3


  48:Core/Src/gpio.c ****   __HAL_RCC_GPIOC_CLK_ENABLE();
  69              		.loc 1 48 3 view .LVU9
  70              	.LBB3:
  71              		.loc 1 48 3 view .LVU10
  72 0026 0294     		str	r4, [sp, #8]
  73              		.loc 1 48 3 view .LVU11
  74 0028 1A6B     		ldr	r2, [r3, #48]
  75 002a 42F00402 		orr	r2, r2, #4
  76 002e 1A63     		str	r2, [r3, #48]
  77              		.loc 1 48 3 view .LVU12
  78 0030 1A6B     		ldr	r2, [r3, #48]
  79 0032 02F00402 		and	r2, r2, #4
  80 0036 0292     		str	r2, [sp, #8]
  81              		.loc 1 48 3 view .LVU13
  82 0038 029A     		ldr	r2, [sp, #8]
  83              	.LBE3:
  84              		.loc 1 48 3 view .LVU14
  49:Core/Src/gpio.c ****   __HAL_RCC_GPIOA_CLK_ENABLE();
  85              		.loc 1 49 3 view .LVU15
  86              	.LBB4:
  87              		.loc 1 49 3 view .LVU16
  88 003a 0394     		str	r4, [sp, #12]
  89              		.loc 1 49 3 view .LVU17
  90 003c 1A6B     		ldr	r2, [r3, #48]
  91 003e 42F00102 		orr	r2, r2, #1
  92 0042 1A63     		str	r2, [r3, #48]
  93              		.loc 1 49 3 view .LVU18
  94 0044 1A6B     		ldr	r2, [r3, #48]
  95 0046 02F00102 		and	r2, r2, #1
  96 004a 0392     		str	r2, [sp, #12]
  97              		.loc 1 49 3 view .LVU19
  98 004c 039A     		ldr	r2, [sp, #12]
  99              	.LBE4:
 100              		.loc 1 49 3 view .LVU20
  50:Core/Src/gpio.c ****   __HAL_RCC_GPIOB_CLK_ENABLE();
 101              		.loc 1 50 3 view .LVU21
 102              	.LBB5:
 103              		.loc 1 50 3 view .LVU22
 104 004e 0494     		str	r4, [sp, #16]
 105              		.loc 1 50 3 view .LVU23
 106 0050 1A6B     		ldr	r2, [r3, #48]
 107 0052 42F00202 		orr	r2, r2, #2
 108 0056 1A63     		str	r2, [r3, #48]
 109              		.loc 1 50 3 view .LVU24
 110 0058 1B6B     		ldr	r3, [r3, #48]
 111 005a 03F00203 		and	r3, r3, #2
 112 005e 0493     		str	r3, [sp, #16]
 113              		.loc 1 50 3 view .LVU25
 114 0060 049B     		ldr	r3, [sp, #16]
 115              	.LBE5:
 116              		.loc 1 50 3 view .LVU26
  51:Core/Src/gpio.c **** 
  52:Core/Src/gpio.c ****   /*Configure GPIO pin Output Level */
  53:Core/Src/gpio.c ****   HAL_GPIO_WritePin(GPIOA, GPIO_PIN_11, GPIO_PIN_RESET);
 117              		.loc 1 53 3 view .LVU27
 118 0062 134F     		ldr	r7, .L3+4
 119 0064 2246     		mov	r2, r4
ARM GAS  C:\Users\ADMINI~1\AppData\Local\Temp\ccgoDjAh.s 			page 4


 120 0066 4FF40061 		mov	r1, #2048
 121 006a 3846     		mov	r0, r7
 122 006c FFF7FEFF 		bl	HAL_GPIO_WritePin
 123              	.LVL0:
  54:Core/Src/gpio.c **** 
  55:Core/Src/gpio.c ****   /*Configure GPIO pin Output Level */
  56:Core/Src/gpio.c ****   HAL_GPIO_WritePin(GPIOB, LCD_DC_Pin|LCD_RES_Pin|LCD_CS_Pin, GPIO_PIN_RESET);
 124              		.loc 1 56 3 view .LVU28
 125 0070 104D     		ldr	r5, .L3+8
 126 0072 2246     		mov	r2, r4
 127 0074 D021     		movs	r1, #208
 128 0076 2846     		mov	r0, r5
 129 0078 FFF7FEFF 		bl	HAL_GPIO_WritePin
 130              	.LVL1:
  57:Core/Src/gpio.c **** 
  58:Core/Src/gpio.c ****   /*Configure GPIO pin : PA11 */
  59:Core/Src/gpio.c ****   GPIO_InitStruct.Pin = GPIO_PIN_11;
 131              		.loc 1 59 3 view .LVU29
 132              		.loc 1 59 23 is_stmt 0 view .LVU30
 133 007c 4FF40063 		mov	r3, #2048
 134 0080 0593     		str	r3, [sp, #20]
  60:Core/Src/gpio.c ****   GPIO_InitStruct.Mode = GPIO_MODE_OUTPUT_PP;
 135              		.loc 1 60 3 is_stmt 1 view .LVU31
 136              		.loc 1 60 24 is_stmt 0 view .LVU32
 137 0082 0126     		movs	r6, #1
 138 0084 0696     		str	r6, [sp, #24]
  61:Core/Src/gpio.c ****   GPIO_InitStruct.Pull = GPIO_NOPULL;
 139              		.loc 1 61 3 is_stmt 1 view .LVU33
 140              		.loc 1 61 24 is_stmt 0 view .LVU34
 141 0086 0794     		str	r4, [sp, #28]
  62:Core/Src/gpio.c ****   GPIO_InitStruct.Speed = GPIO_SPEED_FREQ_LOW;
 142              		.loc 1 62 3 is_stmt 1 view .LVU35
 143              		.loc 1 62 25 is_stmt 0 view .LVU36
 144 0088 0894     		str	r4, [sp, #32]
  63:Core/Src/gpio.c ****   HAL_GPIO_Init(GPIOA, &GPIO_InitStruct);
 145              		.loc 1 63 3 is_stmt 1 view .LVU37
 146 008a 05A9     		add	r1, sp, #20
 147 008c 3846     		mov	r0, r7
 148 008e FFF7FEFF 		bl	HAL_GPIO_Init
 149              	.LVL2:
  64:Core/Src/gpio.c **** 
  65:Core/Src/gpio.c ****   /*Configure GPIO pins : PBPin PBPin PBPin */
  66:Core/Src/gpio.c ****   GPIO_InitStruct.Pin = LCD_DC_Pin|LCD_RES_Pin|LCD_CS_Pin;
 150              		.loc 1 66 3 view .LVU38
 151              		.loc 1 66 23 is_stmt 0 view .LVU39
 152 0092 D023     		movs	r3, #208
 153 0094 0593     		str	r3, [sp, #20]
  67:Core/Src/gpio.c ****   GPIO_InitStruct.Mode = GPIO_MODE_OUTPUT_PP;
 154              		.loc 1 67 3 is_stmt 1 view .LVU40
 155              		.loc 1 67 24 is_stmt 0 view .LVU41
 156 0096 0696     		str	r6, [sp, #24]
  68:Core/Src/gpio.c ****   GPIO_InitStruct.Pull = GPIO_NOPULL;
 157              		.loc 1 68 3 is_stmt 1 view .LVU42
 158              		.loc 1 68 24 is_stmt 0 view .LVU43
 159 0098 0794     		str	r4, [sp, #28]
  69:Core/Src/gpio.c ****   GPIO_InitStruct.Speed = GPIO_SPEED_FREQ_VERY_HIGH;
 160              		.loc 1 69 3 is_stmt 1 view .LVU44
ARM GAS  C:\Users\ADMINI~1\AppData\Local\Temp\ccgoDjAh.s 			page 5


 161              		.loc 1 69 25 is_stmt 0 view .LVU45
 162 009a 0323     		movs	r3, #3
 163 009c 0893     		str	r3, [sp, #32]
  70:Core/Src/gpio.c ****   HAL_GPIO_Init(GPIOB, &GPIO_InitStruct);
 164              		.loc 1 70 3 is_stmt 1 view .LVU46
 165 009e 05A9     		add	r1, sp, #20
 166 00a0 2846     		mov	r0, r5
 167 00a2 FFF7FEFF 		bl	HAL_GPIO_Init
 168              	.LVL3:
  71:Core/Src/gpio.c **** 
  72:Core/Src/gpio.c **** }
 169              		.loc 1 72 1 is_stmt 0 view .LVU47
 170 00a6 0BB0     		add	sp, sp, #44
 171              	.LCFI2:
 172              		.cfi_def_cfa_offset 20
 173              		@ sp needed
 174 00a8 F0BD     		pop	{r4, r5, r6, r7, pc}
 175              	.L4:
 176 00aa 00BF     		.align	2
 177              	.L3:
 178 00ac 00380240 		.word	1073887232
 179 00b0 00000240 		.word	1073872896
 180 00b4 00040240 		.word	1073873920
 181              		.cfi_endproc
 182              	.LFE235:
 184              		.text
 185              	.Letext0:
 186              		.file 2 "c:\\program files (x86)\\gnu arm embedded toolchain\\10 2021.10\\arm-none-eabi\\include\\
 187              		.file 3 "c:\\program files (x86)\\gnu arm embedded toolchain\\10 2021.10\\arm-none-eabi\\include\\
 188              		.file 4 "Drivers/CMSIS/Device/ST/STM32F4xx/Include/stm32f405xx.h"
 189              		.file 5 "Drivers/STM32F4xx_HAL_Driver/Inc/stm32f4xx_hal_gpio.h"
ARM GAS  C:\Users\ADMINI~1\AppData\Local\Temp\ccgoDjAh.s 			page 6


DEFINED SYMBOLS
                            *ABS*:00000000 gpio.c
C:\Users\ADMINI~1\AppData\Local\Temp\ccgoDjAh.s:20     .text.MX_GPIO_Init:00000000 $t
C:\Users\ADMINI~1\AppData\Local\Temp\ccgoDjAh.s:26     .text.MX_GPIO_Init:00000000 MX_GPIO_Init
C:\Users\ADMINI~1\AppData\Local\Temp\ccgoDjAh.s:178    .text.MX_GPIO_Init:000000ac $d

UNDEFINED SYMBOLS
HAL_GPIO_WritePin
HAL_GPIO_Init
