ARM GAS  C:\Users\ADMINI~1\AppData\Local\Temp\ccMtGl5Y.s 			page 1


   1              		.cpu cortex-m4
   2              		.arch armv7e-m
   3              		.fpu fpv4-sp-d16
   4              		.eabi_attribute 27, 1
   5              		.eabi_attribute 28, 1
   6              		.eabi_attribute 20, 1
   7              		.eabi_attribute 21, 1
   8              		.eabi_attribute 23, 3
   9              		.eabi_attribute 24, 1
  10              		.eabi_attribute 25, 1
  11              		.eabi_attribute 26, 1
  12              		.eabi_attribute 30, 1
  13              		.eabi_attribute 34, 1
  14              		.eabi_attribute 18, 4
  15              		.file	"usart.c"
  16              		.text
  17              	.Ltext0:
  18              		.cfi_sections	.debug_frame
  19              		.section	.text.MX_USART1_UART_Init,"ax",%progbits
  20              		.align	1
  21              		.global	MX_USART1_UART_Init
  22              		.syntax unified
  23              		.thumb
  24              		.thumb_func
  26              	MX_USART1_UART_Init:
  27              	.LFB238:
  28              		.file 1 "Core/Src/usart.c"
   1:Core/Src/usart.c **** /**
   2:Core/Src/usart.c ****   ******************************************************************************
   3:Core/Src/usart.c ****   * @file    usart.c
   4:Core/Src/usart.c ****   * @brief   This file provides code for the configuration
   5:Core/Src/usart.c ****   *          of the USART instances.
   6:Core/Src/usart.c ****   ******************************************************************************
   7:Core/Src/usart.c ****   * @attention
   8:Core/Src/usart.c ****   *
   9:Core/Src/usart.c ****   * <h2><center>&copy; Copyright (c) 2022 STMicroelectronics.
  10:Core/Src/usart.c ****   * All rights reserved.</center></h2>
  11:Core/Src/usart.c ****   *
  12:Core/Src/usart.c ****   * This software component is licensed by ST under Ultimate Liberty license
  13:Core/Src/usart.c ****   * SLA0044, the "License"; You may not use this file except in compliance with
  14:Core/Src/usart.c ****   * the License. You may obtain a copy of the License at:
  15:Core/Src/usart.c ****   *                             www.st.com/SLA0044
  16:Core/Src/usart.c ****   *
  17:Core/Src/usart.c ****   ******************************************************************************
  18:Core/Src/usart.c ****   */
  19:Core/Src/usart.c **** 
  20:Core/Src/usart.c **** /* Includes ------------------------------------------------------------------*/
  21:Core/Src/usart.c **** #include "usart.h"
  22:Core/Src/usart.c **** 
  23:Core/Src/usart.c **** /* USER CODE BEGIN 0 */
  24:Core/Src/usart.c **** #include "Utils/retarget.h"
  25:Core/Src/usart.c **** volatile uint8_t rxLen = 0;
  26:Core/Src/usart.c **** uint8_t rx_buffer[BUFFER_SIZE] = {0};
  27:Core/Src/usart.c **** void (* OnRecvEnd)(uint8_t* data, uint16_t len);
  28:Core/Src/usart.c **** /* USER CODE END 0 */
  29:Core/Src/usart.c **** 
  30:Core/Src/usart.c **** UART_HandleTypeDef huart1;
ARM GAS  C:\Users\ADMINI~1\AppData\Local\Temp\ccMtGl5Y.s 			page 2


  31:Core/Src/usart.c **** DMA_HandleTypeDef hdma_usart1_rx;
  32:Core/Src/usart.c **** DMA_HandleTypeDef hdma_usart1_tx;
  33:Core/Src/usart.c **** 
  34:Core/Src/usart.c **** /* USART1 init function */
  35:Core/Src/usart.c **** 
  36:Core/Src/usart.c **** void MX_USART1_UART_Init(void)
  37:Core/Src/usart.c **** {
  29              		.loc 1 37 1 view -0
  30              		.cfi_startproc
  31              		@ args = 0, pretend = 0, frame = 0
  32              		@ frame_needed = 0, uses_anonymous_args = 0
  33 0000 10B5     		push	{r4, lr}
  34              	.LCFI0:
  35              		.cfi_def_cfa_offset 8
  36              		.cfi_offset 4, -8
  37              		.cfi_offset 14, -4
  38:Core/Src/usart.c **** 
  39:Core/Src/usart.c ****   /* USER CODE BEGIN USART1_Init 0 */
  40:Core/Src/usart.c **** 
  41:Core/Src/usart.c ****   /* USER CODE END USART1_Init 0 */
  42:Core/Src/usart.c **** 
  43:Core/Src/usart.c ****   /* USER CODE BEGIN USART1_Init 1 */
  44:Core/Src/usart.c **** 
  45:Core/Src/usart.c ****   /* USER CODE END USART1_Init 1 */
  46:Core/Src/usart.c ****   huart1.Instance = USART1;
  38              		.loc 1 46 3 view .LVU1
  39              		.loc 1 46 19 is_stmt 0 view .LVU2
  40 0002 0F48     		ldr	r0, .L5
  41 0004 0F4B     		ldr	r3, .L5+4
  42 0006 0360     		str	r3, [r0]
  47:Core/Src/usart.c ****   huart1.Init.BaudRate = 115200;
  43              		.loc 1 47 3 is_stmt 1 view .LVU3
  44              		.loc 1 47 24 is_stmt 0 view .LVU4
  45 0008 4FF4E133 		mov	r3, #115200
  46 000c 4360     		str	r3, [r0, #4]
  48:Core/Src/usart.c ****   huart1.Init.WordLength = UART_WORDLENGTH_8B;
  47              		.loc 1 48 3 is_stmt 1 view .LVU5
  48              		.loc 1 48 26 is_stmt 0 view .LVU6
  49 000e 0023     		movs	r3, #0
  50 0010 8360     		str	r3, [r0, #8]
  49:Core/Src/usart.c ****   huart1.Init.StopBits = UART_STOPBITS_1;
  51              		.loc 1 49 3 is_stmt 1 view .LVU7
  52              		.loc 1 49 24 is_stmt 0 view .LVU8
  53 0012 C360     		str	r3, [r0, #12]
  50:Core/Src/usart.c ****   huart1.Init.Parity = UART_PARITY_NONE;
  54              		.loc 1 50 3 is_stmt 1 view .LVU9
  55              		.loc 1 50 22 is_stmt 0 view .LVU10
  56 0014 0361     		str	r3, [r0, #16]
  51:Core/Src/usart.c ****   huart1.Init.Mode = UART_MODE_TX_RX;
  57              		.loc 1 51 3 is_stmt 1 view .LVU11
  58              		.loc 1 51 20 is_stmt 0 view .LVU12
  59 0016 0C22     		movs	r2, #12
  60 0018 4261     		str	r2, [r0, #20]
  52:Core/Src/usart.c ****   huart1.Init.HwFlowCtl = UART_HWCONTROL_NONE;
  61              		.loc 1 52 3 is_stmt 1 view .LVU13
  62              		.loc 1 52 25 is_stmt 0 view .LVU14
  63 001a 8361     		str	r3, [r0, #24]
ARM GAS  C:\Users\ADMINI~1\AppData\Local\Temp\ccMtGl5Y.s 			page 3


  53:Core/Src/usart.c ****   huart1.Init.OverSampling = UART_OVERSAMPLING_16;
  64              		.loc 1 53 3 is_stmt 1 view .LVU15
  65              		.loc 1 53 28 is_stmt 0 view .LVU16
  66 001c C361     		str	r3, [r0, #28]
  54:Core/Src/usart.c ****   if (HAL_UART_Init(&huart1) != HAL_OK)
  67              		.loc 1 54 3 is_stmt 1 view .LVU17
  68              		.loc 1 54 7 is_stmt 0 view .LVU18
  69 001e FFF7FEFF 		bl	HAL_UART_Init
  70              	.LVL0:
  71              		.loc 1 54 6 view .LVU19
  72 0022 48B9     		cbnz	r0, .L4
  73              	.L2:
  55:Core/Src/usart.c ****   {
  56:Core/Src/usart.c ****     Error_Handler();
  57:Core/Src/usart.c ****   }
  58:Core/Src/usart.c ****   /* USER CODE BEGIN USART1_Init 2 */
  59:Core/Src/usart.c ****     RetargetInit(&huart1);
  74              		.loc 1 59 5 is_stmt 1 view .LVU20
  75 0024 064C     		ldr	r4, .L5
  76 0026 2046     		mov	r0, r4
  77 0028 FFF7FEFF 		bl	RetargetInit
  78              	.LVL1:
  60:Core/Src/usart.c **** 
  61:Core/Src/usart.c ****     HAL_UART_Receive_DMA(&huart1, rx_buffer, BUFFER_SIZE);
  79              		.loc 1 61 5 view .LVU21
  80 002c 8022     		movs	r2, #128
  81 002e 0649     		ldr	r1, .L5+8
  82 0030 2046     		mov	r0, r4
  83 0032 FFF7FEFF 		bl	HAL_UART_Receive_DMA
  84              	.LVL2:
  62:Core/Src/usart.c ****   /* USER CODE END USART1_Init 2 */
  63:Core/Src/usart.c **** 
  64:Core/Src/usart.c **** }
  85              		.loc 1 64 1 is_stmt 0 view .LVU22
  86 0036 10BD     		pop	{r4, pc}
  87              	.L4:
  56:Core/Src/usart.c ****   }
  88              		.loc 1 56 5 is_stmt 1 view .LVU23
  89 0038 FFF7FEFF 		bl	Error_Handler
  90              	.LVL3:
  91 003c F2E7     		b	.L2
  92              	.L6:
  93 003e 00BF     		.align	2
  94              	.L5:
  95 0040 00000000 		.word	.LANCHOR0
  96 0044 00100140 		.word	1073811456
  97 0048 00000000 		.word	.LANCHOR1
  98              		.cfi_endproc
  99              	.LFE238:
 101              		.section	.text.HAL_UART_MspInit,"ax",%progbits
 102              		.align	1
 103              		.global	HAL_UART_MspInit
 104              		.syntax unified
 105              		.thumb
 106              		.thumb_func
 108              	HAL_UART_MspInit:
 109              	.LVL4:
ARM GAS  C:\Users\ADMINI~1\AppData\Local\Temp\ccMtGl5Y.s 			page 4


 110              	.LFB239:
  65:Core/Src/usart.c **** 
  66:Core/Src/usart.c **** void HAL_UART_MspInit(UART_HandleTypeDef* uartHandle)
  67:Core/Src/usart.c **** {
 111              		.loc 1 67 1 view -0
 112              		.cfi_startproc
 113              		@ args = 0, pretend = 0, frame = 32
 114              		@ frame_needed = 0, uses_anonymous_args = 0
 115              		.loc 1 67 1 is_stmt 0 view .LVU25
 116 0000 30B5     		push	{r4, r5, lr}
 117              	.LCFI1:
 118              		.cfi_def_cfa_offset 12
 119              		.cfi_offset 4, -12
 120              		.cfi_offset 5, -8
 121              		.cfi_offset 14, -4
 122 0002 89B0     		sub	sp, sp, #36
 123              	.LCFI2:
 124              		.cfi_def_cfa_offset 48
  68:Core/Src/usart.c **** 
  69:Core/Src/usart.c ****   GPIO_InitTypeDef GPIO_InitStruct = {0};
 125              		.loc 1 69 3 is_stmt 1 view .LVU26
 126              		.loc 1 69 20 is_stmt 0 view .LVU27
 127 0004 0023     		movs	r3, #0
 128 0006 0393     		str	r3, [sp, #12]
 129 0008 0493     		str	r3, [sp, #16]
 130 000a 0593     		str	r3, [sp, #20]
 131 000c 0693     		str	r3, [sp, #24]
 132 000e 0793     		str	r3, [sp, #28]
  70:Core/Src/usart.c ****   if(uartHandle->Instance==USART1)
 133              		.loc 1 70 3 is_stmt 1 view .LVU28
 134              		.loc 1 70 16 is_stmt 0 view .LVU29
 135 0010 0268     		ldr	r2, [r0]
 136              		.loc 1 70 5 view .LVU30
 137 0012 03F18043 		add	r3, r3, #1073741824
 138 0016 03F58833 		add	r3, r3, #69632
 139 001a 9A42     		cmp	r2, r3
 140 001c 01D0     		beq	.L12
 141              	.LVL5:
 142              	.L7:
  71:Core/Src/usart.c ****   {
  72:Core/Src/usart.c ****   /* USER CODE BEGIN USART1_MspInit 0 */
  73:Core/Src/usart.c **** 
  74:Core/Src/usart.c ****   /* USER CODE END USART1_MspInit 0 */
  75:Core/Src/usart.c ****     /* USART1 clock enable */
  76:Core/Src/usart.c ****     __HAL_RCC_USART1_CLK_ENABLE();
  77:Core/Src/usart.c **** 
  78:Core/Src/usart.c ****     __HAL_RCC_GPIOA_CLK_ENABLE();
  79:Core/Src/usart.c ****     /**USART1 GPIO Configuration
  80:Core/Src/usart.c ****     PA9     ------> USART1_TX
  81:Core/Src/usart.c ****     PA10     ------> USART1_RX
  82:Core/Src/usart.c ****     */
  83:Core/Src/usart.c ****     GPIO_InitStruct.Pin = GPIO_PIN_9|GPIO_PIN_10;
  84:Core/Src/usart.c ****     GPIO_InitStruct.Mode = GPIO_MODE_AF_PP;
  85:Core/Src/usart.c ****     GPIO_InitStruct.Pull = GPIO_NOPULL;
  86:Core/Src/usart.c ****     GPIO_InitStruct.Speed = GPIO_SPEED_FREQ_VERY_HIGH;
  87:Core/Src/usart.c ****     GPIO_InitStruct.Alternate = GPIO_AF7_USART1;
  88:Core/Src/usart.c ****     HAL_GPIO_Init(GPIOA, &GPIO_InitStruct);
ARM GAS  C:\Users\ADMINI~1\AppData\Local\Temp\ccMtGl5Y.s 			page 5


  89:Core/Src/usart.c **** 
  90:Core/Src/usart.c ****     /* USART1 DMA Init */
  91:Core/Src/usart.c ****     /* USART1_RX Init */
  92:Core/Src/usart.c ****     hdma_usart1_rx.Instance = DMA2_Stream2;
  93:Core/Src/usart.c ****     hdma_usart1_rx.Init.Channel = DMA_CHANNEL_4;
  94:Core/Src/usart.c ****     hdma_usart1_rx.Init.Direction = DMA_PERIPH_TO_MEMORY;
  95:Core/Src/usart.c ****     hdma_usart1_rx.Init.PeriphInc = DMA_PINC_DISABLE;
  96:Core/Src/usart.c ****     hdma_usart1_rx.Init.MemInc = DMA_MINC_ENABLE;
  97:Core/Src/usart.c ****     hdma_usart1_rx.Init.PeriphDataAlignment = DMA_PDATAALIGN_BYTE;
  98:Core/Src/usart.c ****     hdma_usart1_rx.Init.MemDataAlignment = DMA_MDATAALIGN_BYTE;
  99:Core/Src/usart.c ****     hdma_usart1_rx.Init.Mode = DMA_CIRCULAR;
 100:Core/Src/usart.c ****     hdma_usart1_rx.Init.Priority = DMA_PRIORITY_LOW;
 101:Core/Src/usart.c ****     hdma_usart1_rx.Init.FIFOMode = DMA_FIFOMODE_DISABLE;
 102:Core/Src/usart.c ****     if (HAL_DMA_Init(&hdma_usart1_rx) != HAL_OK)
 103:Core/Src/usart.c ****     {
 104:Core/Src/usart.c ****       Error_Handler();
 105:Core/Src/usart.c ****     }
 106:Core/Src/usart.c **** 
 107:Core/Src/usart.c ****     __HAL_LINKDMA(uartHandle,hdmarx,hdma_usart1_rx);
 108:Core/Src/usart.c **** 
 109:Core/Src/usart.c ****     /* USART1_TX Init */
 110:Core/Src/usart.c ****     hdma_usart1_tx.Instance = DMA2_Stream7;
 111:Core/Src/usart.c ****     hdma_usart1_tx.Init.Channel = DMA_CHANNEL_4;
 112:Core/Src/usart.c ****     hdma_usart1_tx.Init.Direction = DMA_MEMORY_TO_PERIPH;
 113:Core/Src/usart.c ****     hdma_usart1_tx.Init.PeriphInc = DMA_PINC_DISABLE;
 114:Core/Src/usart.c ****     hdma_usart1_tx.Init.MemInc = DMA_MINC_ENABLE;
 115:Core/Src/usart.c ****     hdma_usart1_tx.Init.PeriphDataAlignment = DMA_PDATAALIGN_BYTE;
 116:Core/Src/usart.c ****     hdma_usart1_tx.Init.MemDataAlignment = DMA_MDATAALIGN_BYTE;
 117:Core/Src/usart.c ****     hdma_usart1_tx.Init.Mode = DMA_NORMAL;
 118:Core/Src/usart.c ****     hdma_usart1_tx.Init.Priority = DMA_PRIORITY_LOW;
 119:Core/Src/usart.c ****     hdma_usart1_tx.Init.FIFOMode = DMA_FIFOMODE_DISABLE;
 120:Core/Src/usart.c ****     if (HAL_DMA_Init(&hdma_usart1_tx) != HAL_OK)
 121:Core/Src/usart.c ****     {
 122:Core/Src/usart.c ****       Error_Handler();
 123:Core/Src/usart.c ****     }
 124:Core/Src/usart.c **** 
 125:Core/Src/usart.c ****     __HAL_LINKDMA(uartHandle,hdmatx,hdma_usart1_tx);
 126:Core/Src/usart.c **** 
 127:Core/Src/usart.c ****     /* USART1 interrupt Init */
 128:Core/Src/usart.c ****     HAL_NVIC_SetPriority(USART1_IRQn, 5, 0);
 129:Core/Src/usart.c ****     HAL_NVIC_EnableIRQ(USART1_IRQn);
 130:Core/Src/usart.c ****   /* USER CODE BEGIN USART1_MspInit 1 */
 131:Core/Src/usart.c **** 
 132:Core/Src/usart.c ****   /* USER CODE END USART1_MspInit 1 */
 133:Core/Src/usart.c ****   }
 134:Core/Src/usart.c **** }
 143              		.loc 1 134 1 view .LVU31
 144 001e 09B0     		add	sp, sp, #36
 145              	.LCFI3:
 146              		.cfi_remember_state
 147              		.cfi_def_cfa_offset 12
 148              		@ sp needed
 149 0020 30BD     		pop	{r4, r5, pc}
 150              	.LVL6:
 151              	.L12:
 152              	.LCFI4:
 153              		.cfi_restore_state
ARM GAS  C:\Users\ADMINI~1\AppData\Local\Temp\ccMtGl5Y.s 			page 6


 154              		.loc 1 134 1 view .LVU32
 155 0022 0446     		mov	r4, r0
  76:Core/Src/usart.c **** 
 156              		.loc 1 76 5 is_stmt 1 view .LVU33
 157              	.LBB2:
  76:Core/Src/usart.c **** 
 158              		.loc 1 76 5 view .LVU34
 159 0024 0025     		movs	r5, #0
 160 0026 0195     		str	r5, [sp, #4]
  76:Core/Src/usart.c **** 
 161              		.loc 1 76 5 view .LVU35
 162 0028 03F59433 		add	r3, r3, #75776
 163 002c 5A6C     		ldr	r2, [r3, #68]
 164 002e 42F01002 		orr	r2, r2, #16
 165 0032 5A64     		str	r2, [r3, #68]
  76:Core/Src/usart.c **** 
 166              		.loc 1 76 5 view .LVU36
 167 0034 5A6C     		ldr	r2, [r3, #68]
 168 0036 02F01002 		and	r2, r2, #16
 169 003a 0192     		str	r2, [sp, #4]
  76:Core/Src/usart.c **** 
 170              		.loc 1 76 5 view .LVU37
 171 003c 019A     		ldr	r2, [sp, #4]
 172              	.LBE2:
  76:Core/Src/usart.c **** 
 173              		.loc 1 76 5 view .LVU38
  78:Core/Src/usart.c ****     /**USART1 GPIO Configuration
 174              		.loc 1 78 5 view .LVU39
 175              	.LBB3:
  78:Core/Src/usart.c ****     /**USART1 GPIO Configuration
 176              		.loc 1 78 5 view .LVU40
 177 003e 0295     		str	r5, [sp, #8]
  78:Core/Src/usart.c ****     /**USART1 GPIO Configuration
 178              		.loc 1 78 5 view .LVU41
 179 0040 1A6B     		ldr	r2, [r3, #48]
 180 0042 42F00102 		orr	r2, r2, #1
 181 0046 1A63     		str	r2, [r3, #48]
  78:Core/Src/usart.c ****     /**USART1 GPIO Configuration
 182              		.loc 1 78 5 view .LVU42
 183 0048 1B6B     		ldr	r3, [r3, #48]
 184 004a 03F00103 		and	r3, r3, #1
 185 004e 0293     		str	r3, [sp, #8]
  78:Core/Src/usart.c ****     /**USART1 GPIO Configuration
 186              		.loc 1 78 5 view .LVU43
 187 0050 029B     		ldr	r3, [sp, #8]
 188              	.LBE3:
  78:Core/Src/usart.c ****     /**USART1 GPIO Configuration
 189              		.loc 1 78 5 view .LVU44
  83:Core/Src/usart.c ****     GPIO_InitStruct.Mode = GPIO_MODE_AF_PP;
 190              		.loc 1 83 5 view .LVU45
  83:Core/Src/usart.c ****     GPIO_InitStruct.Mode = GPIO_MODE_AF_PP;
 191              		.loc 1 83 25 is_stmt 0 view .LVU46
 192 0052 4FF4C063 		mov	r3, #1536
 193 0056 0393     		str	r3, [sp, #12]
  84:Core/Src/usart.c ****     GPIO_InitStruct.Pull = GPIO_NOPULL;
 194              		.loc 1 84 5 is_stmt 1 view .LVU47
  84:Core/Src/usart.c ****     GPIO_InitStruct.Pull = GPIO_NOPULL;
ARM GAS  C:\Users\ADMINI~1\AppData\Local\Temp\ccMtGl5Y.s 			page 7


 195              		.loc 1 84 26 is_stmt 0 view .LVU48
 196 0058 0223     		movs	r3, #2
 197 005a 0493     		str	r3, [sp, #16]
  85:Core/Src/usart.c ****     GPIO_InitStruct.Speed = GPIO_SPEED_FREQ_VERY_HIGH;
 198              		.loc 1 85 5 is_stmt 1 view .LVU49
  86:Core/Src/usart.c ****     GPIO_InitStruct.Alternate = GPIO_AF7_USART1;
 199              		.loc 1 86 5 view .LVU50
  86:Core/Src/usart.c ****     GPIO_InitStruct.Alternate = GPIO_AF7_USART1;
 200              		.loc 1 86 27 is_stmt 0 view .LVU51
 201 005c 0323     		movs	r3, #3
 202 005e 0693     		str	r3, [sp, #24]
  87:Core/Src/usart.c ****     HAL_GPIO_Init(GPIOA, &GPIO_InitStruct);
 203              		.loc 1 87 5 is_stmt 1 view .LVU52
  87:Core/Src/usart.c ****     HAL_GPIO_Init(GPIOA, &GPIO_InitStruct);
 204              		.loc 1 87 31 is_stmt 0 view .LVU53
 205 0060 0723     		movs	r3, #7
 206 0062 0793     		str	r3, [sp, #28]
  88:Core/Src/usart.c **** 
 207              		.loc 1 88 5 is_stmt 1 view .LVU54
 208 0064 03A9     		add	r1, sp, #12
 209 0066 2148     		ldr	r0, .L15
 210              	.LVL7:
  88:Core/Src/usart.c **** 
 211              		.loc 1 88 5 is_stmt 0 view .LVU55
 212 0068 FFF7FEFF 		bl	HAL_GPIO_Init
 213              	.LVL8:
  92:Core/Src/usart.c ****     hdma_usart1_rx.Init.Channel = DMA_CHANNEL_4;
 214              		.loc 1 92 5 is_stmt 1 view .LVU56
  92:Core/Src/usart.c ****     hdma_usart1_rx.Init.Channel = DMA_CHANNEL_4;
 215              		.loc 1 92 29 is_stmt 0 view .LVU57
 216 006c 2048     		ldr	r0, .L15+4
 217 006e 214B     		ldr	r3, .L15+8
 218 0070 0360     		str	r3, [r0]
  93:Core/Src/usart.c ****     hdma_usart1_rx.Init.Direction = DMA_PERIPH_TO_MEMORY;
 219              		.loc 1 93 5 is_stmt 1 view .LVU58
  93:Core/Src/usart.c ****     hdma_usart1_rx.Init.Direction = DMA_PERIPH_TO_MEMORY;
 220              		.loc 1 93 33 is_stmt 0 view .LVU59
 221 0072 4FF00063 		mov	r3, #134217728
 222 0076 4360     		str	r3, [r0, #4]
  94:Core/Src/usart.c ****     hdma_usart1_rx.Init.PeriphInc = DMA_PINC_DISABLE;
 223              		.loc 1 94 5 is_stmt 1 view .LVU60
  94:Core/Src/usart.c ****     hdma_usart1_rx.Init.PeriphInc = DMA_PINC_DISABLE;
 224              		.loc 1 94 35 is_stmt 0 view .LVU61
 225 0078 8560     		str	r5, [r0, #8]
  95:Core/Src/usart.c ****     hdma_usart1_rx.Init.MemInc = DMA_MINC_ENABLE;
 226              		.loc 1 95 5 is_stmt 1 view .LVU62
  95:Core/Src/usart.c ****     hdma_usart1_rx.Init.MemInc = DMA_MINC_ENABLE;
 227              		.loc 1 95 35 is_stmt 0 view .LVU63
 228 007a C560     		str	r5, [r0, #12]
  96:Core/Src/usart.c ****     hdma_usart1_rx.Init.PeriphDataAlignment = DMA_PDATAALIGN_BYTE;
 229              		.loc 1 96 5 is_stmt 1 view .LVU64
  96:Core/Src/usart.c ****     hdma_usart1_rx.Init.PeriphDataAlignment = DMA_PDATAALIGN_BYTE;
 230              		.loc 1 96 32 is_stmt 0 view .LVU65
 231 007c 4FF48063 		mov	r3, #1024
 232 0080 0361     		str	r3, [r0, #16]
  97:Core/Src/usart.c ****     hdma_usart1_rx.Init.MemDataAlignment = DMA_MDATAALIGN_BYTE;
 233              		.loc 1 97 5 is_stmt 1 view .LVU66
ARM GAS  C:\Users\ADMINI~1\AppData\Local\Temp\ccMtGl5Y.s 			page 8


  97:Core/Src/usart.c ****     hdma_usart1_rx.Init.MemDataAlignment = DMA_MDATAALIGN_BYTE;
 234              		.loc 1 97 45 is_stmt 0 view .LVU67
 235 0082 4561     		str	r5, [r0, #20]
  98:Core/Src/usart.c ****     hdma_usart1_rx.Init.Mode = DMA_CIRCULAR;
 236              		.loc 1 98 5 is_stmt 1 view .LVU68
  98:Core/Src/usart.c ****     hdma_usart1_rx.Init.Mode = DMA_CIRCULAR;
 237              		.loc 1 98 42 is_stmt 0 view .LVU69
 238 0084 8561     		str	r5, [r0, #24]
  99:Core/Src/usart.c ****     hdma_usart1_rx.Init.Priority = DMA_PRIORITY_LOW;
 239              		.loc 1 99 5 is_stmt 1 view .LVU70
  99:Core/Src/usart.c ****     hdma_usart1_rx.Init.Priority = DMA_PRIORITY_LOW;
 240              		.loc 1 99 30 is_stmt 0 view .LVU71
 241 0086 4FF48073 		mov	r3, #256
 242 008a C361     		str	r3, [r0, #28]
 100:Core/Src/usart.c ****     hdma_usart1_rx.Init.FIFOMode = DMA_FIFOMODE_DISABLE;
 243              		.loc 1 100 5 is_stmt 1 view .LVU72
 100:Core/Src/usart.c ****     hdma_usart1_rx.Init.FIFOMode = DMA_FIFOMODE_DISABLE;
 244              		.loc 1 100 34 is_stmt 0 view .LVU73
 245 008c 0562     		str	r5, [r0, #32]
 101:Core/Src/usart.c ****     if (HAL_DMA_Init(&hdma_usart1_rx) != HAL_OK)
 246              		.loc 1 101 5 is_stmt 1 view .LVU74
 101:Core/Src/usart.c ****     if (HAL_DMA_Init(&hdma_usart1_rx) != HAL_OK)
 247              		.loc 1 101 34 is_stmt 0 view .LVU75
 248 008e 4562     		str	r5, [r0, #36]
 102:Core/Src/usart.c ****     {
 249              		.loc 1 102 5 is_stmt 1 view .LVU76
 102:Core/Src/usart.c ****     {
 250              		.loc 1 102 9 is_stmt 0 view .LVU77
 251 0090 FFF7FEFF 		bl	HAL_DMA_Init
 252              	.LVL9:
 102:Core/Src/usart.c ****     {
 253              		.loc 1 102 8 view .LVU78
 254 0094 18BB     		cbnz	r0, .L13
 255              	.L9:
 107:Core/Src/usart.c **** 
 256              		.loc 1 107 5 is_stmt 1 view .LVU79
 107:Core/Src/usart.c **** 
 257              		.loc 1 107 5 view .LVU80
 258 0096 164B     		ldr	r3, .L15+4
 259 0098 A363     		str	r3, [r4, #56]
 107:Core/Src/usart.c **** 
 260              		.loc 1 107 5 view .LVU81
 261 009a 9C63     		str	r4, [r3, #56]
 107:Core/Src/usart.c **** 
 262              		.loc 1 107 5 view .LVU82
 110:Core/Src/usart.c ****     hdma_usart1_tx.Init.Channel = DMA_CHANNEL_4;
 263              		.loc 1 110 5 view .LVU83
 110:Core/Src/usart.c ****     hdma_usart1_tx.Init.Channel = DMA_CHANNEL_4;
 264              		.loc 1 110 29 is_stmt 0 view .LVU84
 265 009c 1648     		ldr	r0, .L15+12
 266 009e 174B     		ldr	r3, .L15+16
 267 00a0 0360     		str	r3, [r0]
 111:Core/Src/usart.c ****     hdma_usart1_tx.Init.Direction = DMA_MEMORY_TO_PERIPH;
 268              		.loc 1 111 5 is_stmt 1 view .LVU85
 111:Core/Src/usart.c ****     hdma_usart1_tx.Init.Direction = DMA_MEMORY_TO_PERIPH;
 269              		.loc 1 111 33 is_stmt 0 view .LVU86
 270 00a2 4FF00063 		mov	r3, #134217728
ARM GAS  C:\Users\ADMINI~1\AppData\Local\Temp\ccMtGl5Y.s 			page 9


 271 00a6 4360     		str	r3, [r0, #4]
 112:Core/Src/usart.c ****     hdma_usart1_tx.Init.PeriphInc = DMA_PINC_DISABLE;
 272              		.loc 1 112 5 is_stmt 1 view .LVU87
 112:Core/Src/usart.c ****     hdma_usart1_tx.Init.PeriphInc = DMA_PINC_DISABLE;
 273              		.loc 1 112 35 is_stmt 0 view .LVU88
 274 00a8 4023     		movs	r3, #64
 275 00aa 8360     		str	r3, [r0, #8]
 113:Core/Src/usart.c ****     hdma_usart1_tx.Init.MemInc = DMA_MINC_ENABLE;
 276              		.loc 1 113 5 is_stmt 1 view .LVU89
 113:Core/Src/usart.c ****     hdma_usart1_tx.Init.MemInc = DMA_MINC_ENABLE;
 277              		.loc 1 113 35 is_stmt 0 view .LVU90
 278 00ac 0023     		movs	r3, #0
 279 00ae C360     		str	r3, [r0, #12]
 114:Core/Src/usart.c ****     hdma_usart1_tx.Init.PeriphDataAlignment = DMA_PDATAALIGN_BYTE;
 280              		.loc 1 114 5 is_stmt 1 view .LVU91
 114:Core/Src/usart.c ****     hdma_usart1_tx.Init.PeriphDataAlignment = DMA_PDATAALIGN_BYTE;
 281              		.loc 1 114 32 is_stmt 0 view .LVU92
 282 00b0 4FF48062 		mov	r2, #1024
 283 00b4 0261     		str	r2, [r0, #16]
 115:Core/Src/usart.c ****     hdma_usart1_tx.Init.MemDataAlignment = DMA_MDATAALIGN_BYTE;
 284              		.loc 1 115 5 is_stmt 1 view .LVU93
 115:Core/Src/usart.c ****     hdma_usart1_tx.Init.MemDataAlignment = DMA_MDATAALIGN_BYTE;
 285              		.loc 1 115 45 is_stmt 0 view .LVU94
 286 00b6 4361     		str	r3, [r0, #20]
 116:Core/Src/usart.c ****     hdma_usart1_tx.Init.Mode = DMA_NORMAL;
 287              		.loc 1 116 5 is_stmt 1 view .LVU95
 116:Core/Src/usart.c ****     hdma_usart1_tx.Init.Mode = DMA_NORMAL;
 288              		.loc 1 116 42 is_stmt 0 view .LVU96
 289 00b8 8361     		str	r3, [r0, #24]
 117:Core/Src/usart.c ****     hdma_usart1_tx.Init.Priority = DMA_PRIORITY_LOW;
 290              		.loc 1 117 5 is_stmt 1 view .LVU97
 117:Core/Src/usart.c ****     hdma_usart1_tx.Init.Priority = DMA_PRIORITY_LOW;
 291              		.loc 1 117 30 is_stmt 0 view .LVU98
 292 00ba C361     		str	r3, [r0, #28]
 118:Core/Src/usart.c ****     hdma_usart1_tx.Init.FIFOMode = DMA_FIFOMODE_DISABLE;
 293              		.loc 1 118 5 is_stmt 1 view .LVU99
 118:Core/Src/usart.c ****     hdma_usart1_tx.Init.FIFOMode = DMA_FIFOMODE_DISABLE;
 294              		.loc 1 118 34 is_stmt 0 view .LVU100
 295 00bc 0362     		str	r3, [r0, #32]
 119:Core/Src/usart.c ****     if (HAL_DMA_Init(&hdma_usart1_tx) != HAL_OK)
 296              		.loc 1 119 5 is_stmt 1 view .LVU101
 119:Core/Src/usart.c ****     if (HAL_DMA_Init(&hdma_usart1_tx) != HAL_OK)
 297              		.loc 1 119 34 is_stmt 0 view .LVU102
 298 00be 4362     		str	r3, [r0, #36]
 120:Core/Src/usart.c ****     {
 299              		.loc 1 120 5 is_stmt 1 view .LVU103
 120:Core/Src/usart.c ****     {
 300              		.loc 1 120 9 is_stmt 0 view .LVU104
 301 00c0 FFF7FEFF 		bl	HAL_DMA_Init
 302              	.LVL10:
 120:Core/Src/usart.c ****     {
 303              		.loc 1 120 8 view .LVU105
 304 00c4 70B9     		cbnz	r0, .L14
 305              	.L10:
 125:Core/Src/usart.c **** 
 306              		.loc 1 125 5 is_stmt 1 view .LVU106
 125:Core/Src/usart.c **** 
ARM GAS  C:\Users\ADMINI~1\AppData\Local\Temp\ccMtGl5Y.s 			page 10


 307              		.loc 1 125 5 view .LVU107
 308 00c6 0C4B     		ldr	r3, .L15+12
 309 00c8 6363     		str	r3, [r4, #52]
 125:Core/Src/usart.c **** 
 310              		.loc 1 125 5 view .LVU108
 311 00ca 9C63     		str	r4, [r3, #56]
 125:Core/Src/usart.c **** 
 312              		.loc 1 125 5 view .LVU109
 128:Core/Src/usart.c ****     HAL_NVIC_EnableIRQ(USART1_IRQn);
 313              		.loc 1 128 5 view .LVU110
 314 00cc 0022     		movs	r2, #0
 315 00ce 0521     		movs	r1, #5
 316 00d0 2520     		movs	r0, #37
 317 00d2 FFF7FEFF 		bl	HAL_NVIC_SetPriority
 318              	.LVL11:
 129:Core/Src/usart.c ****   /* USER CODE BEGIN USART1_MspInit 1 */
 319              		.loc 1 129 5 view .LVU111
 320 00d6 2520     		movs	r0, #37
 321 00d8 FFF7FEFF 		bl	HAL_NVIC_EnableIRQ
 322              	.LVL12:
 323              		.loc 1 134 1 is_stmt 0 view .LVU112
 324 00dc 9FE7     		b	.L7
 325              	.L13:
 104:Core/Src/usart.c ****     }
 326              		.loc 1 104 7 is_stmt 1 view .LVU113
 327 00de FFF7FEFF 		bl	Error_Handler
 328              	.LVL13:
 329 00e2 D8E7     		b	.L9
 330              	.L14:
 122:Core/Src/usart.c ****     }
 331              		.loc 1 122 7 view .LVU114
 332 00e4 FFF7FEFF 		bl	Error_Handler
 333              	.LVL14:
 334 00e8 EDE7     		b	.L10
 335              	.L16:
 336 00ea 00BF     		.align	2
 337              	.L15:
 338 00ec 00000240 		.word	1073872896
 339 00f0 00000000 		.word	.LANCHOR2
 340 00f4 40640240 		.word	1073898560
 341 00f8 00000000 		.word	.LANCHOR3
 342 00fc B8640240 		.word	1073898680
 343              		.cfi_endproc
 344              	.LFE239:
 346              		.section	.text.HAL_UART_MspDeInit,"ax",%progbits
 347              		.align	1
 348              		.global	HAL_UART_MspDeInit
 349              		.syntax unified
 350              		.thumb
 351              		.thumb_func
 353              	HAL_UART_MspDeInit:
 354              	.LVL15:
 355              	.LFB240:
 135:Core/Src/usart.c **** 
 136:Core/Src/usart.c **** void HAL_UART_MspDeInit(UART_HandleTypeDef* uartHandle)
 137:Core/Src/usart.c **** {
 356              		.loc 1 137 1 view -0
ARM GAS  C:\Users\ADMINI~1\AppData\Local\Temp\ccMtGl5Y.s 			page 11


 357              		.cfi_startproc
 358              		@ args = 0, pretend = 0, frame = 0
 359              		@ frame_needed = 0, uses_anonymous_args = 0
 138:Core/Src/usart.c **** 
 139:Core/Src/usart.c ****   if(uartHandle->Instance==USART1)
 360              		.loc 1 139 3 view .LVU116
 361              		.loc 1 139 16 is_stmt 0 view .LVU117
 362 0000 0268     		ldr	r2, [r0]
 363              		.loc 1 139 5 view .LVU118
 364 0002 0D4B     		ldr	r3, .L24
 365 0004 9A42     		cmp	r2, r3
 366 0006 00D0     		beq	.L23
 367 0008 7047     		bx	lr
 368              	.L23:
 137:Core/Src/usart.c **** 
 369              		.loc 1 137 1 view .LVU119
 370 000a 10B5     		push	{r4, lr}
 371              	.LCFI5:
 372              		.cfi_def_cfa_offset 8
 373              		.cfi_offset 4, -8
 374              		.cfi_offset 14, -4
 375 000c 0446     		mov	r4, r0
 140:Core/Src/usart.c ****   {
 141:Core/Src/usart.c ****   /* USER CODE BEGIN USART1_MspDeInit 0 */
 142:Core/Src/usart.c **** 
 143:Core/Src/usart.c ****   /* USER CODE END USART1_MspDeInit 0 */
 144:Core/Src/usart.c ****     /* Peripheral clock disable */
 145:Core/Src/usart.c ****     __HAL_RCC_USART1_CLK_DISABLE();
 376              		.loc 1 145 5 is_stmt 1 view .LVU120
 377 000e 0B4A     		ldr	r2, .L24+4
 378 0010 536C     		ldr	r3, [r2, #68]
 379 0012 23F01003 		bic	r3, r3, #16
 380 0016 5364     		str	r3, [r2, #68]
 146:Core/Src/usart.c **** 
 147:Core/Src/usart.c ****     /**USART1 GPIO Configuration
 148:Core/Src/usart.c ****     PA9     ------> USART1_TX
 149:Core/Src/usart.c ****     PA10     ------> USART1_RX
 150:Core/Src/usart.c ****     */
 151:Core/Src/usart.c ****     HAL_GPIO_DeInit(GPIOA, GPIO_PIN_9|GPIO_PIN_10);
 381              		.loc 1 151 5 view .LVU121
 382 0018 4FF4C061 		mov	r1, #1536
 383 001c 0848     		ldr	r0, .L24+8
 384              	.LVL16:
 385              		.loc 1 151 5 is_stmt 0 view .LVU122
 386 001e FFF7FEFF 		bl	HAL_GPIO_DeInit
 387              	.LVL17:
 152:Core/Src/usart.c **** 
 153:Core/Src/usart.c ****     /* USART1 DMA DeInit */
 154:Core/Src/usart.c ****     HAL_DMA_DeInit(uartHandle->hdmarx);
 388              		.loc 1 154 5 is_stmt 1 view .LVU123
 389 0022 A06B     		ldr	r0, [r4, #56]
 390 0024 FFF7FEFF 		bl	HAL_DMA_DeInit
 391              	.LVL18:
 155:Core/Src/usart.c ****     HAL_DMA_DeInit(uartHandle->hdmatx);
 392              		.loc 1 155 5 view .LVU124
 393 0028 606B     		ldr	r0, [r4, #52]
 394 002a FFF7FEFF 		bl	HAL_DMA_DeInit
ARM GAS  C:\Users\ADMINI~1\AppData\Local\Temp\ccMtGl5Y.s 			page 12


 395              	.LVL19:
 156:Core/Src/usart.c **** 
 157:Core/Src/usart.c ****     /* USART1 interrupt Deinit */
 158:Core/Src/usart.c ****     HAL_NVIC_DisableIRQ(USART1_IRQn);
 396              		.loc 1 158 5 view .LVU125
 397 002e 2520     		movs	r0, #37
 398 0030 FFF7FEFF 		bl	HAL_NVIC_DisableIRQ
 399              	.LVL20:
 159:Core/Src/usart.c ****   /* USER CODE BEGIN USART1_MspDeInit 1 */
 160:Core/Src/usart.c **** 
 161:Core/Src/usart.c ****   /* USER CODE END USART1_MspDeInit 1 */
 162:Core/Src/usart.c ****   }
 163:Core/Src/usart.c **** }
 400              		.loc 1 163 1 is_stmt 0 view .LVU126
 401 0034 10BD     		pop	{r4, pc}
 402              	.LVL21:
 403              	.L25:
 404              		.loc 1 163 1 view .LVU127
 405 0036 00BF     		.align	2
 406              	.L24:
 407 0038 00100140 		.word	1073811456
 408 003c 00380240 		.word	1073887232
 409 0040 00000240 		.word	1073872896
 410              		.cfi_endproc
 411              	.LFE240:
 413              		.section	.text.Uart_SetRxCpltCallBack,"ax",%progbits
 414              		.align	1
 415              		.global	Uart_SetRxCpltCallBack
 416              		.syntax unified
 417              		.thumb
 418              		.thumb_func
 420              	Uart_SetRxCpltCallBack:
 421              	.LVL22:
 422              	.LFB241:
 164:Core/Src/usart.c **** 
 165:Core/Src/usart.c **** /* USER CODE BEGIN 1 */
 166:Core/Src/usart.c **** void Uart_SetRxCpltCallBack(void(* xerc)(uint8_t*, uint16_t))
 167:Core/Src/usart.c **** {
 423              		.loc 1 167 1 is_stmt 1 view -0
 424              		.cfi_startproc
 425              		@ args = 0, pretend = 0, frame = 0
 426              		@ frame_needed = 0, uses_anonymous_args = 0
 427              		@ link register save eliminated.
 168:Core/Src/usart.c ****     OnRecvEnd = xerc;
 428              		.loc 1 168 5 view .LVU129
 429              		.loc 1 168 15 is_stmt 0 view .LVU130
 430 0000 014B     		ldr	r3, .L27
 431 0002 1860     		str	r0, [r3]
 169:Core/Src/usart.c **** }
 432              		.loc 1 169 1 view .LVU131
 433 0004 7047     		bx	lr
 434              	.L28:
 435 0006 00BF     		.align	2
 436              	.L27:
 437 0008 00000000 		.word	.LANCHOR4
 438              		.cfi_endproc
 439              	.LFE241:
ARM GAS  C:\Users\ADMINI~1\AppData\Local\Temp\ccMtGl5Y.s 			page 13


 441              		.global	hdma_usart1_tx
 442              		.global	hdma_usart1_rx
 443              		.global	huart1
 444              		.global	OnRecvEnd
 445              		.global	rx_buffer
 446              		.global	rxLen
 447              		.section	.bss.OnRecvEnd,"aw",%nobits
 448              		.align	2
 449              		.set	.LANCHOR4,. + 0
 452              	OnRecvEnd:
 453 0000 00000000 		.space	4
 454              		.section	.bss.hdma_usart1_rx,"aw",%nobits
 455              		.align	2
 456              		.set	.LANCHOR2,. + 0
 459              	hdma_usart1_rx:
 460 0000 00000000 		.space	96
 460      00000000 
 460      00000000 
 460      00000000 
 460      00000000 
 461              		.section	.bss.hdma_usart1_tx,"aw",%nobits
 462              		.align	2
 463              		.set	.LANCHOR3,. + 0
 466              	hdma_usart1_tx:
 467 0000 00000000 		.space	96
 467      00000000 
 467      00000000 
 467      00000000 
 467      00000000 
 468              		.section	.bss.huart1,"aw",%nobits
 469              		.align	2
 470              		.set	.LANCHOR0,. + 0
 473              	huart1:
 474 0000 00000000 		.space	68
 474      00000000 
 474      00000000 
 474      00000000 
 474      00000000 
 475              		.section	.bss.rxLen,"aw",%nobits
 478              	rxLen:
 479 0000 00       		.space	1
 480              		.section	.bss.rx_buffer,"aw",%nobits
 481              		.align	2
 482              		.set	.LANCHOR1,. + 0
 485              	rx_buffer:
 486 0000 00000000 		.space	128
 486      00000000 
 486      00000000 
 486      00000000 
 486      00000000 
 487              		.text
 488              	.Letext0:
 489              		.file 2 "c:\\program files (x86)\\gnu arm embedded toolchain\\10 2021.10\\arm-none-eabi\\include\\
 490              		.file 3 "c:\\program files (x86)\\gnu arm embedded toolchain\\10 2021.10\\arm-none-eabi\\include\\
 491              		.file 4 "Drivers/CMSIS/Device/ST/STM32F4xx/Include/stm32f405xx.h"
 492              		.file 5 "Drivers/STM32F4xx_HAL_Driver/Inc/stm32f4xx_hal_def.h"
 493              		.file 6 "Drivers/STM32F4xx_HAL_Driver/Inc/stm32f4xx_hal_gpio.h"
ARM GAS  C:\Users\ADMINI~1\AppData\Local\Temp\ccMtGl5Y.s 			page 14


 494              		.file 7 "Drivers/STM32F4xx_HAL_Driver/Inc/stm32f4xx_hal_dma.h"
 495              		.file 8 "Drivers/STM32F4xx_HAL_Driver/Inc/stm32f4xx_hal_uart.h"
 496              		.file 9 "Core/Inc/usart.h"
 497              		.file 10 "Drivers/STM32F4xx_HAL_Driver/Inc/stm32f4xx_hal_cortex.h"
 498              		.file 11 "Core/Inc/main.h"
 499              		.file 12 "UserApp/Utils/retarget.h"
ARM GAS  C:\Users\ADMINI~1\AppData\Local\Temp\ccMtGl5Y.s 			page 15


DEFINED SYMBOLS
                            *ABS*:00000000 usart.c
C:\Users\ADMINI~1\AppData\Local\Temp\ccMtGl5Y.s:20     .text.MX_USART1_UART_Init:00000000 $t
C:\Users\ADMINI~1\AppData\Local\Temp\ccMtGl5Y.s:26     .text.MX_USART1_UART_Init:00000000 MX_USART1_UART_Init
C:\Users\ADMINI~1\AppData\Local\Temp\ccMtGl5Y.s:95     .text.MX_USART1_UART_Init:00000040 $d
C:\Users\ADMINI~1\AppData\Local\Temp\ccMtGl5Y.s:102    .text.HAL_UART_MspInit:00000000 $t
C:\Users\ADMINI~1\AppData\Local\Temp\ccMtGl5Y.s:108    .text.HAL_UART_MspInit:00000000 HAL_UART_MspInit
C:\Users\ADMINI~1\AppData\Local\Temp\ccMtGl5Y.s:338    .text.HAL_UART_MspInit:000000ec $d
C:\Users\ADMINI~1\AppData\Local\Temp\ccMtGl5Y.s:347    .text.HAL_UART_MspDeInit:00000000 $t
C:\Users\ADMINI~1\AppData\Local\Temp\ccMtGl5Y.s:353    .text.HAL_UART_MspDeInit:00000000 HAL_UART_MspDeInit
C:\Users\ADMINI~1\AppData\Local\Temp\ccMtGl5Y.s:407    .text.HAL_UART_MspDeInit:00000038 $d
C:\Users\ADMINI~1\AppData\Local\Temp\ccMtGl5Y.s:414    .text.Uart_SetRxCpltCallBack:00000000 $t
C:\Users\ADMINI~1\AppData\Local\Temp\ccMtGl5Y.s:420    .text.Uart_SetRxCpltCallBack:00000000 Uart_SetRxCpltCallBack
C:\Users\ADMINI~1\AppData\Local\Temp\ccMtGl5Y.s:437    .text.Uart_SetRxCpltCallBack:00000008 $d
C:\Users\ADMINI~1\AppData\Local\Temp\ccMtGl5Y.s:466    .bss.hdma_usart1_tx:00000000 hdma_usart1_tx
C:\Users\ADMINI~1\AppData\Local\Temp\ccMtGl5Y.s:459    .bss.hdma_usart1_rx:00000000 hdma_usart1_rx
C:\Users\ADMINI~1\AppData\Local\Temp\ccMtGl5Y.s:473    .bss.huart1:00000000 huart1
C:\Users\ADMINI~1\AppData\Local\Temp\ccMtGl5Y.s:452    .bss.OnRecvEnd:00000000 OnRecvEnd
C:\Users\ADMINI~1\AppData\Local\Temp\ccMtGl5Y.s:485    .bss.rx_buffer:00000000 rx_buffer
C:\Users\ADMINI~1\AppData\Local\Temp\ccMtGl5Y.s:478    .bss.rxLen:00000000 rxLen
C:\Users\ADMINI~1\AppData\Local\Temp\ccMtGl5Y.s:448    .bss.OnRecvEnd:00000000 $d
C:\Users\ADMINI~1\AppData\Local\Temp\ccMtGl5Y.s:455    .bss.hdma_usart1_rx:00000000 $d
C:\Users\ADMINI~1\AppData\Local\Temp\ccMtGl5Y.s:462    .bss.hdma_usart1_tx:00000000 $d
C:\Users\ADMINI~1\AppData\Local\Temp\ccMtGl5Y.s:469    .bss.huart1:00000000 $d
C:\Users\ADMINI~1\AppData\Local\Temp\ccMtGl5Y.s:479    .bss.rxLen:00000000 $d
C:\Users\ADMINI~1\AppData\Local\Temp\ccMtGl5Y.s:481    .bss.rx_buffer:00000000 $d

UNDEFINED SYMBOLS
HAL_UART_Init
RetargetInit
HAL_UART_Receive_DMA
Error_Handler
HAL_GPIO_Init
HAL_DMA_Init
HAL_NVIC_SetPriority
HAL_NVIC_EnableIRQ
HAL_GPIO_DeInit
HAL_DMA_DeInit
HAL_NVIC_DisableIRQ
