ARM GAS  C:\Users\ADMINI~1\AppData\Local\Temp\ccjqMhWi.s 			page 1


   1              		.cpu cortex-m4
   2              		.arch armv7e-m
   3              		.fpu fpv4-sp-d16
   4              		.eabi_attribute 27, 1
   5              		.eabi_attribute 28, 1
   6              		.eabi_attribute 20, 1
   7              		.eabi_attribute 21, 1
   8              		.eabi_attribute 23, 3
   9              		.eabi_attribute 24, 1
  10              		.eabi_attribute 25, 1
  11              		.eabi_attribute 26, 1
  12              		.eabi_attribute 30, 1
  13              		.eabi_attribute 34, 1
  14              		.eabi_attribute 18, 4
  15              		.file	"usbd_desc.c"
  16              		.text
  17              	.Ltext0:
  18              		.cfi_sections	.debug_frame
  19              		.section	.text.USBD_HS_DeviceDescriptor,"ax",%progbits
  20              		.align	1
  21              		.global	USBD_HS_DeviceDescriptor
  22              		.syntax unified
  23              		.thumb
  24              		.thumb_func
  26              	USBD_HS_DeviceDescriptor:
  27              	.LVL0:
  28              	.LFB239:
  29              		.file 1 "USB_DEVICE/App/usbd_desc.c"
   1:USB_DEVICE/App/usbd_desc.c **** /* USER CODE BEGIN Header */
   2:USB_DEVICE/App/usbd_desc.c **** /**
   3:USB_DEVICE/App/usbd_desc.c ****   ******************************************************************************
   4:USB_DEVICE/App/usbd_desc.c ****   * @file           : App/usbd_desc.c
   5:USB_DEVICE/App/usbd_desc.c ****   * @version        : v1.0_Cube
   6:USB_DEVICE/App/usbd_desc.c ****   * @brief          : This file implements the USB device descriptors.
   7:USB_DEVICE/App/usbd_desc.c ****   ******************************************************************************
   8:USB_DEVICE/App/usbd_desc.c ****   * @attention
   9:USB_DEVICE/App/usbd_desc.c ****   *
  10:USB_DEVICE/App/usbd_desc.c ****   * <h2><center>&copy; Copyright (c) 2022 STMicroelectronics.
  11:USB_DEVICE/App/usbd_desc.c ****   * All rights reserved.</center></h2>
  12:USB_DEVICE/App/usbd_desc.c ****   *
  13:USB_DEVICE/App/usbd_desc.c ****   * This software component is licensed by ST under Ultimate Liberty license
  14:USB_DEVICE/App/usbd_desc.c ****   * SLA0044, the "License"; You may not use this file except in compliance with
  15:USB_DEVICE/App/usbd_desc.c ****   * the License. You may obtain a copy of the License at:
  16:USB_DEVICE/App/usbd_desc.c ****   *                             www.st.com/SLA0044
  17:USB_DEVICE/App/usbd_desc.c ****   *
  18:USB_DEVICE/App/usbd_desc.c ****   ******************************************************************************
  19:USB_DEVICE/App/usbd_desc.c ****   */
  20:USB_DEVICE/App/usbd_desc.c **** /* USER CODE END Header */
  21:USB_DEVICE/App/usbd_desc.c **** 
  22:USB_DEVICE/App/usbd_desc.c **** /* Includes ------------------------------------------------------------------*/
  23:USB_DEVICE/App/usbd_desc.c **** #include "usbd_core.h"
  24:USB_DEVICE/App/usbd_desc.c **** #include "usbd_desc.h"
  25:USB_DEVICE/App/usbd_desc.c **** #include "usbd_conf.h"
  26:USB_DEVICE/App/usbd_desc.c **** 
  27:USB_DEVICE/App/usbd_desc.c **** /* USER CODE BEGIN INCLUDE */
  28:USB_DEVICE/App/usbd_desc.c **** 
  29:USB_DEVICE/App/usbd_desc.c **** /* USER CODE END INCLUDE */
ARM GAS  C:\Users\ADMINI~1\AppData\Local\Temp\ccjqMhWi.s 			page 2


  30:USB_DEVICE/App/usbd_desc.c **** 
  31:USB_DEVICE/App/usbd_desc.c **** /* Private typedef -----------------------------------------------------------*/
  32:USB_DEVICE/App/usbd_desc.c **** /* Private define ------------------------------------------------------------*/
  33:USB_DEVICE/App/usbd_desc.c **** /* Private macro -------------------------------------------------------------*/
  34:USB_DEVICE/App/usbd_desc.c **** 
  35:USB_DEVICE/App/usbd_desc.c **** /* USER CODE BEGIN PV */
  36:USB_DEVICE/App/usbd_desc.c **** /* Private variables ---------------------------------------------------------*/
  37:USB_DEVICE/App/usbd_desc.c **** 
  38:USB_DEVICE/App/usbd_desc.c **** /* USER CODE END PV */
  39:USB_DEVICE/App/usbd_desc.c **** 
  40:USB_DEVICE/App/usbd_desc.c **** /** @addtogroup STM32_USB_OTG_DEVICE_LIBRARY
  41:USB_DEVICE/App/usbd_desc.c ****   * @{
  42:USB_DEVICE/App/usbd_desc.c ****   */
  43:USB_DEVICE/App/usbd_desc.c **** 
  44:USB_DEVICE/App/usbd_desc.c **** /** @addtogroup USBD_DESC
  45:USB_DEVICE/App/usbd_desc.c ****   * @{
  46:USB_DEVICE/App/usbd_desc.c ****   */
  47:USB_DEVICE/App/usbd_desc.c **** 
  48:USB_DEVICE/App/usbd_desc.c **** /** @defgroup USBD_DESC_Private_TypesDefinitions USBD_DESC_Private_TypesDefinitions
  49:USB_DEVICE/App/usbd_desc.c ****   * @brief Private types.
  50:USB_DEVICE/App/usbd_desc.c ****   * @{
  51:USB_DEVICE/App/usbd_desc.c ****   */
  52:USB_DEVICE/App/usbd_desc.c **** 
  53:USB_DEVICE/App/usbd_desc.c **** /* USER CODE BEGIN PRIVATE_TYPES */
  54:USB_DEVICE/App/usbd_desc.c **** 
  55:USB_DEVICE/App/usbd_desc.c **** /* USER CODE END PRIVATE_TYPES */
  56:USB_DEVICE/App/usbd_desc.c **** 
  57:USB_DEVICE/App/usbd_desc.c **** /**
  58:USB_DEVICE/App/usbd_desc.c ****   * @}
  59:USB_DEVICE/App/usbd_desc.c ****   */
  60:USB_DEVICE/App/usbd_desc.c **** 
  61:USB_DEVICE/App/usbd_desc.c **** /** @defgroup USBD_DESC_Private_Defines USBD_DESC_Private_Defines
  62:USB_DEVICE/App/usbd_desc.c ****   * @brief Private defines.
  63:USB_DEVICE/App/usbd_desc.c ****   * @{
  64:USB_DEVICE/App/usbd_desc.c ****   */
  65:USB_DEVICE/App/usbd_desc.c **** 
  66:USB_DEVICE/App/usbd_desc.c **** #define USBD_VID     0x1001
  67:USB_DEVICE/App/usbd_desc.c **** #define USBD_LANGID_STRING     1033
  68:USB_DEVICE/App/usbd_desc.c **** #define USBD_MANUFACTURER_STRING     "Pengzhihui"
  69:USB_DEVICE/App/usbd_desc.c **** #define USBD_PID_HS     0x8023
  70:USB_DEVICE/App/usbd_desc.c **** #define USBD_PRODUCT_STRING_HS     "ElectronBot@PZH"
  71:USB_DEVICE/App/usbd_desc.c **** #define USBD_CONFIGURATION_STRING_HS     "CDC Config"
  72:USB_DEVICE/App/usbd_desc.c **** #define USBD_INTERFACE_STRING_HS     "CDC Interface"
  73:USB_DEVICE/App/usbd_desc.c **** 
  74:USB_DEVICE/App/usbd_desc.c **** #define USB_SIZ_BOS_DESC            0x0C
  75:USB_DEVICE/App/usbd_desc.c **** 
  76:USB_DEVICE/App/usbd_desc.c **** /* USER CODE BEGIN PRIVATE_DEFINES */
  77:USB_DEVICE/App/usbd_desc.c **** 
  78:USB_DEVICE/App/usbd_desc.c **** /* USER CODE END PRIVATE_DEFINES */
  79:USB_DEVICE/App/usbd_desc.c **** 
  80:USB_DEVICE/App/usbd_desc.c **** /**
  81:USB_DEVICE/App/usbd_desc.c ****   * @}
  82:USB_DEVICE/App/usbd_desc.c ****   */
  83:USB_DEVICE/App/usbd_desc.c **** 
  84:USB_DEVICE/App/usbd_desc.c **** /* USER CODE BEGIN 0 */
  85:USB_DEVICE/App/usbd_desc.c **** 
  86:USB_DEVICE/App/usbd_desc.c **** /* USER CODE END 0 */
ARM GAS  C:\Users\ADMINI~1\AppData\Local\Temp\ccjqMhWi.s 			page 3


  87:USB_DEVICE/App/usbd_desc.c **** 
  88:USB_DEVICE/App/usbd_desc.c **** /** @defgroup USBD_DESC_Private_Macros USBD_DESC_Private_Macros
  89:USB_DEVICE/App/usbd_desc.c ****   * @brief Private macros.
  90:USB_DEVICE/App/usbd_desc.c ****   * @{
  91:USB_DEVICE/App/usbd_desc.c ****   */
  92:USB_DEVICE/App/usbd_desc.c **** 
  93:USB_DEVICE/App/usbd_desc.c **** /* USER CODE BEGIN PRIVATE_MACRO */
  94:USB_DEVICE/App/usbd_desc.c **** 
  95:USB_DEVICE/App/usbd_desc.c **** /* USER CODE END PRIVATE_MACRO */
  96:USB_DEVICE/App/usbd_desc.c **** 
  97:USB_DEVICE/App/usbd_desc.c **** /**
  98:USB_DEVICE/App/usbd_desc.c ****   * @}
  99:USB_DEVICE/App/usbd_desc.c ****   */
 100:USB_DEVICE/App/usbd_desc.c **** 
 101:USB_DEVICE/App/usbd_desc.c **** /** @defgroup USBD_DESC_Private_FunctionPrototypes USBD_DESC_Private_FunctionPrototypes
 102:USB_DEVICE/App/usbd_desc.c ****   * @brief Private functions declaration.
 103:USB_DEVICE/App/usbd_desc.c ****   * @{
 104:USB_DEVICE/App/usbd_desc.c ****   */
 105:USB_DEVICE/App/usbd_desc.c **** 
 106:USB_DEVICE/App/usbd_desc.c **** static void Get_SerialNum(void);
 107:USB_DEVICE/App/usbd_desc.c **** static void IntToUnicode(uint32_t value, uint8_t * pbuf, uint8_t len);
 108:USB_DEVICE/App/usbd_desc.c **** 
 109:USB_DEVICE/App/usbd_desc.c **** /**
 110:USB_DEVICE/App/usbd_desc.c ****   * @}
 111:USB_DEVICE/App/usbd_desc.c ****   */
 112:USB_DEVICE/App/usbd_desc.c **** 
 113:USB_DEVICE/App/usbd_desc.c **** /** @defgroup USBD_DESC_Private_FunctionPrototypes USBD_DESC_Private_FunctionPrototypes
 114:USB_DEVICE/App/usbd_desc.c ****   * @brief Private functions declaration for HS.
 115:USB_DEVICE/App/usbd_desc.c ****   * @{
 116:USB_DEVICE/App/usbd_desc.c ****   */
 117:USB_DEVICE/App/usbd_desc.c **** 
 118:USB_DEVICE/App/usbd_desc.c **** uint8_t * USBD_HS_DeviceDescriptor(USBD_SpeedTypeDef speed, uint16_t *length);
 119:USB_DEVICE/App/usbd_desc.c **** uint8_t * USBD_HS_LangIDStrDescriptor(USBD_SpeedTypeDef speed, uint16_t *length);
 120:USB_DEVICE/App/usbd_desc.c **** uint8_t * USBD_HS_ManufacturerStrDescriptor(USBD_SpeedTypeDef speed, uint16_t *length);
 121:USB_DEVICE/App/usbd_desc.c **** uint8_t * USBD_HS_ProductStrDescriptor(USBD_SpeedTypeDef speed, uint16_t *length);
 122:USB_DEVICE/App/usbd_desc.c **** uint8_t * USBD_HS_SerialStrDescriptor(USBD_SpeedTypeDef speed, uint16_t *length);
 123:USB_DEVICE/App/usbd_desc.c **** uint8_t * USBD_HS_ConfigStrDescriptor(USBD_SpeedTypeDef speed, uint16_t *length);
 124:USB_DEVICE/App/usbd_desc.c **** uint8_t * USBD_HS_InterfaceStrDescriptor(USBD_SpeedTypeDef speed, uint16_t *length);
 125:USB_DEVICE/App/usbd_desc.c **** 
 126:USB_DEVICE/App/usbd_desc.c **** #if (USBD_LPM_ENABLED == 1)
 127:USB_DEVICE/App/usbd_desc.c **** uint8_t * USBD_HS_USR_BOSDescriptor(USBD_SpeedTypeDef speed, uint16_t *length);
 128:USB_DEVICE/App/usbd_desc.c **** #endif /* (USBD_LPM_ENABLED == 1) */
 129:USB_DEVICE/App/usbd_desc.c **** 
 130:USB_DEVICE/App/usbd_desc.c **** /**
 131:USB_DEVICE/App/usbd_desc.c ****   * @}
 132:USB_DEVICE/App/usbd_desc.c ****   */
 133:USB_DEVICE/App/usbd_desc.c **** 
 134:USB_DEVICE/App/usbd_desc.c **** /** @defgroup USBD_DESC_Private_Variables USBD_DESC_Private_Variables
 135:USB_DEVICE/App/usbd_desc.c ****   * @brief Private variables.
 136:USB_DEVICE/App/usbd_desc.c ****   * @{
 137:USB_DEVICE/App/usbd_desc.c ****   */
 138:USB_DEVICE/App/usbd_desc.c **** 
 139:USB_DEVICE/App/usbd_desc.c **** USBD_DescriptorsTypeDef HS_Desc =
 140:USB_DEVICE/App/usbd_desc.c **** {
 141:USB_DEVICE/App/usbd_desc.c ****   USBD_HS_DeviceDescriptor
 142:USB_DEVICE/App/usbd_desc.c **** , USBD_HS_LangIDStrDescriptor
 143:USB_DEVICE/App/usbd_desc.c **** , USBD_HS_ManufacturerStrDescriptor
ARM GAS  C:\Users\ADMINI~1\AppData\Local\Temp\ccjqMhWi.s 			page 4


 144:USB_DEVICE/App/usbd_desc.c **** , USBD_HS_ProductStrDescriptor
 145:USB_DEVICE/App/usbd_desc.c **** , USBD_HS_SerialStrDescriptor
 146:USB_DEVICE/App/usbd_desc.c **** , USBD_HS_ConfigStrDescriptor
 147:USB_DEVICE/App/usbd_desc.c **** , USBD_HS_InterfaceStrDescriptor
 148:USB_DEVICE/App/usbd_desc.c **** #if (USBD_LPM_ENABLED == 1)
 149:USB_DEVICE/App/usbd_desc.c **** , USBD_HS_USR_BOSDescriptor
 150:USB_DEVICE/App/usbd_desc.c **** #endif /* (USBD_LPM_ENABLED == 1) */
 151:USB_DEVICE/App/usbd_desc.c **** };
 152:USB_DEVICE/App/usbd_desc.c **** 
 153:USB_DEVICE/App/usbd_desc.c **** #if defined ( __ICCARM__ ) /* IAR Compiler */
 154:USB_DEVICE/App/usbd_desc.c ****   #pragma data_alignment=4
 155:USB_DEVICE/App/usbd_desc.c **** #endif /* defined ( __ICCARM__ ) */
 156:USB_DEVICE/App/usbd_desc.c **** /** USB standard device descriptor. */
 157:USB_DEVICE/App/usbd_desc.c **** __ALIGN_BEGIN uint8_t USBD_HS_DeviceDesc[USB_LEN_DEV_DESC] __ALIGN_END =
 158:USB_DEVICE/App/usbd_desc.c **** {
 159:USB_DEVICE/App/usbd_desc.c ****   0x12,                       /*bLength */
 160:USB_DEVICE/App/usbd_desc.c ****   USB_DESC_TYPE_DEVICE,       /*bDescriptorType*/
 161:USB_DEVICE/App/usbd_desc.c **** #if (USBD_LPM_ENABLED == 1)
 162:USB_DEVICE/App/usbd_desc.c ****   0x01,                       /*bcdUSB */ /* changed to USB version 2.01
 163:USB_DEVICE/App/usbd_desc.c ****                                              in order to support LPM L1 suspend
 164:USB_DEVICE/App/usbd_desc.c ****                                              resume test of USBCV3.0*/
 165:USB_DEVICE/App/usbd_desc.c **** #else
 166:USB_DEVICE/App/usbd_desc.c ****   0x00,                       /*bcdUSB */
 167:USB_DEVICE/App/usbd_desc.c **** #endif /* (USBD_LPM_ENABLED == 1) */
 168:USB_DEVICE/App/usbd_desc.c **** 
 169:USB_DEVICE/App/usbd_desc.c ****   0x02,
 170:USB_DEVICE/App/usbd_desc.c ****   0x02,                       /*bDeviceClass*/
 171:USB_DEVICE/App/usbd_desc.c ****   0x00,                       /*bDeviceSubClass*/
 172:USB_DEVICE/App/usbd_desc.c ****   0x00,                       /*bDeviceProtocol*/
 173:USB_DEVICE/App/usbd_desc.c ****   USB_MAX_EP0_SIZE,           /*bMaxPacketSize*/
 174:USB_DEVICE/App/usbd_desc.c ****   LOBYTE(USBD_VID),           /*idVendor*/
 175:USB_DEVICE/App/usbd_desc.c ****   HIBYTE(USBD_VID),           /*idVendor*/
 176:USB_DEVICE/App/usbd_desc.c ****   LOBYTE(USBD_PID_HS),        /*idProduct*/
 177:USB_DEVICE/App/usbd_desc.c ****   HIBYTE(USBD_PID_HS),        /*idProduct*/
 178:USB_DEVICE/App/usbd_desc.c ****   0x00,                       /*bcdDevice rel. 2.00*/
 179:USB_DEVICE/App/usbd_desc.c ****   0x02,
 180:USB_DEVICE/App/usbd_desc.c ****   USBD_IDX_MFC_STR,           /*Index of manufacturer  string*/
 181:USB_DEVICE/App/usbd_desc.c ****   USBD_IDX_PRODUCT_STR,       /*Index of product string*/
 182:USB_DEVICE/App/usbd_desc.c ****   USBD_IDX_SERIAL_STR,        /*Index of serial number string*/
 183:USB_DEVICE/App/usbd_desc.c ****   USBD_MAX_NUM_CONFIGURATION  /*bNumConfigurations*/
 184:USB_DEVICE/App/usbd_desc.c **** };
 185:USB_DEVICE/App/usbd_desc.c **** 
 186:USB_DEVICE/App/usbd_desc.c **** /** BOS descriptor. */
 187:USB_DEVICE/App/usbd_desc.c **** #if (USBD_LPM_ENABLED == 1)
 188:USB_DEVICE/App/usbd_desc.c **** #if defined ( __ICCARM__ ) /* IAR Compiler */
 189:USB_DEVICE/App/usbd_desc.c ****   #pragma data_alignment=4
 190:USB_DEVICE/App/usbd_desc.c **** #endif /* defined ( __ICCARM__ ) */
 191:USB_DEVICE/App/usbd_desc.c **** __ALIGN_BEGIN uint8_t USBD_HS_BOSDesc[USB_SIZ_BOS_DESC] __ALIGN_END =
 192:USB_DEVICE/App/usbd_desc.c **** {
 193:USB_DEVICE/App/usbd_desc.c ****   0x5,
 194:USB_DEVICE/App/usbd_desc.c ****   USB_DESC_TYPE_BOS,
 195:USB_DEVICE/App/usbd_desc.c ****   0xC,
 196:USB_DEVICE/App/usbd_desc.c ****   0x0,
 197:USB_DEVICE/App/usbd_desc.c ****   0x1,  /* 1 device capability */
 198:USB_DEVICE/App/usbd_desc.c ****         /* device capability */
 199:USB_DEVICE/App/usbd_desc.c ****   0x7,
 200:USB_DEVICE/App/usbd_desc.c ****   USB_DEVICE_CAPABITY_TYPE,
ARM GAS  C:\Users\ADMINI~1\AppData\Local\Temp\ccjqMhWi.s 			page 5


 201:USB_DEVICE/App/usbd_desc.c ****   0x2,
 202:USB_DEVICE/App/usbd_desc.c ****   0x2,  /*LPM capability bit set */
 203:USB_DEVICE/App/usbd_desc.c ****   0x0,
 204:USB_DEVICE/App/usbd_desc.c ****   0x0,
 205:USB_DEVICE/App/usbd_desc.c ****   0x0
 206:USB_DEVICE/App/usbd_desc.c **** };
 207:USB_DEVICE/App/usbd_desc.c **** #endif /* (USBD_LPM_ENABLED == 1) */
 208:USB_DEVICE/App/usbd_desc.c **** 
 209:USB_DEVICE/App/usbd_desc.c **** /**
 210:USB_DEVICE/App/usbd_desc.c ****   * @}
 211:USB_DEVICE/App/usbd_desc.c ****   */
 212:USB_DEVICE/App/usbd_desc.c **** 
 213:USB_DEVICE/App/usbd_desc.c **** /** @defgroup USBD_DESC_Private_Variables USBD_DESC_Private_Variables
 214:USB_DEVICE/App/usbd_desc.c ****   * @brief Private variables.
 215:USB_DEVICE/App/usbd_desc.c ****   * @{
 216:USB_DEVICE/App/usbd_desc.c ****   */
 217:USB_DEVICE/App/usbd_desc.c **** 
 218:USB_DEVICE/App/usbd_desc.c **** #if defined ( __ICCARM__ ) /* IAR Compiler */
 219:USB_DEVICE/App/usbd_desc.c ****   #pragma data_alignment=4
 220:USB_DEVICE/App/usbd_desc.c **** #endif /* defined ( __ICCARM__ ) */
 221:USB_DEVICE/App/usbd_desc.c **** 
 222:USB_DEVICE/App/usbd_desc.c **** /** USB lang indentifier descriptor. */
 223:USB_DEVICE/App/usbd_desc.c **** __ALIGN_BEGIN uint8_t USBD_LangIDDesc[USB_LEN_LANGID_STR_DESC] __ALIGN_END =
 224:USB_DEVICE/App/usbd_desc.c **** {
 225:USB_DEVICE/App/usbd_desc.c ****      USB_LEN_LANGID_STR_DESC,
 226:USB_DEVICE/App/usbd_desc.c ****      USB_DESC_TYPE_STRING,
 227:USB_DEVICE/App/usbd_desc.c ****      LOBYTE(USBD_LANGID_STRING),
 228:USB_DEVICE/App/usbd_desc.c ****      HIBYTE(USBD_LANGID_STRING)
 229:USB_DEVICE/App/usbd_desc.c **** };
 230:USB_DEVICE/App/usbd_desc.c **** 
 231:USB_DEVICE/App/usbd_desc.c **** #if defined ( __ICCARM__ ) /* IAR Compiler */
 232:USB_DEVICE/App/usbd_desc.c ****   #pragma data_alignment=4
 233:USB_DEVICE/App/usbd_desc.c **** #endif /* defined ( __ICCARM__ ) */
 234:USB_DEVICE/App/usbd_desc.c **** /* Internal string descriptor. */
 235:USB_DEVICE/App/usbd_desc.c **** __ALIGN_BEGIN uint8_t USBD_StrDesc[USBD_MAX_STR_DESC_SIZ] __ALIGN_END;
 236:USB_DEVICE/App/usbd_desc.c **** 
 237:USB_DEVICE/App/usbd_desc.c **** #if defined ( __ICCARM__ ) /*!< IAR Compiler */
 238:USB_DEVICE/App/usbd_desc.c ****   #pragma data_alignment=4
 239:USB_DEVICE/App/usbd_desc.c **** #endif
 240:USB_DEVICE/App/usbd_desc.c **** __ALIGN_BEGIN uint8_t USBD_StringSerial[USB_SIZ_STRING_SERIAL] __ALIGN_END = {
 241:USB_DEVICE/App/usbd_desc.c ****   USB_SIZ_STRING_SERIAL,
 242:USB_DEVICE/App/usbd_desc.c ****   USB_DESC_TYPE_STRING,
 243:USB_DEVICE/App/usbd_desc.c **** };
 244:USB_DEVICE/App/usbd_desc.c **** 
 245:USB_DEVICE/App/usbd_desc.c **** /**
 246:USB_DEVICE/App/usbd_desc.c ****   * @}
 247:USB_DEVICE/App/usbd_desc.c ****   */
 248:USB_DEVICE/App/usbd_desc.c **** 
 249:USB_DEVICE/App/usbd_desc.c **** /** @defgroup USBD_DESC_Private_Functions USBD_DESC_Private_Functions
 250:USB_DEVICE/App/usbd_desc.c ****   * @brief Private functions.
 251:USB_DEVICE/App/usbd_desc.c ****   * @{
 252:USB_DEVICE/App/usbd_desc.c ****   */
 253:USB_DEVICE/App/usbd_desc.c **** 
 254:USB_DEVICE/App/usbd_desc.c **** /**
 255:USB_DEVICE/App/usbd_desc.c ****   * @brief  Return the device descriptor
 256:USB_DEVICE/App/usbd_desc.c ****   * @param  speed : Current device speed
 257:USB_DEVICE/App/usbd_desc.c ****   * @param  length : Pointer to data length variable
ARM GAS  C:\Users\ADMINI~1\AppData\Local\Temp\ccjqMhWi.s 			page 6


 258:USB_DEVICE/App/usbd_desc.c ****   * @retval Pointer to descriptor buffer
 259:USB_DEVICE/App/usbd_desc.c ****   */
 260:USB_DEVICE/App/usbd_desc.c **** uint8_t * USBD_HS_DeviceDescriptor(USBD_SpeedTypeDef speed, uint16_t *length)
 261:USB_DEVICE/App/usbd_desc.c **** {
  30              		.loc 1 261 1 view -0
  31              		.cfi_startproc
  32              		@ args = 0, pretend = 0, frame = 0
  33              		@ frame_needed = 0, uses_anonymous_args = 0
  34              		@ link register save eliminated.
 262:USB_DEVICE/App/usbd_desc.c ****   UNUSED(speed);
  35              		.loc 1 262 3 view .LVU1
 263:USB_DEVICE/App/usbd_desc.c ****   *length = sizeof(USBD_HS_DeviceDesc);
  36              		.loc 1 263 3 view .LVU2
  37              		.loc 1 263 11 is_stmt 0 view .LVU3
  38 0000 1223     		movs	r3, #18
  39 0002 0B80     		strh	r3, [r1]	@ movhi
 264:USB_DEVICE/App/usbd_desc.c ****   return USBD_HS_DeviceDesc;
  40              		.loc 1 264 3 is_stmt 1 view .LVU4
 265:USB_DEVICE/App/usbd_desc.c **** }
  41              		.loc 1 265 1 is_stmt 0 view .LVU5
  42 0004 0048     		ldr	r0, .L2
  43              	.LVL1:
  44              		.loc 1 265 1 view .LVU6
  45 0006 7047     		bx	lr
  46              	.L3:
  47              		.align	2
  48              	.L2:
  49 0008 00000000 		.word	.LANCHOR0
  50              		.cfi_endproc
  51              	.LFE239:
  53              		.section	.text.USBD_HS_LangIDStrDescriptor,"ax",%progbits
  54              		.align	1
  55              		.global	USBD_HS_LangIDStrDescriptor
  56              		.syntax unified
  57              		.thumb
  58              		.thumb_func
  60              	USBD_HS_LangIDStrDescriptor:
  61              	.LVL2:
  62              	.LFB240:
 266:USB_DEVICE/App/usbd_desc.c **** 
 267:USB_DEVICE/App/usbd_desc.c **** /**
 268:USB_DEVICE/App/usbd_desc.c ****   * @brief  Return the LangID string descriptor
 269:USB_DEVICE/App/usbd_desc.c ****   * @param  speed : Current device speed
 270:USB_DEVICE/App/usbd_desc.c ****   * @param  length : Pointer to data length variable
 271:USB_DEVICE/App/usbd_desc.c ****   * @retval Pointer to descriptor buffer
 272:USB_DEVICE/App/usbd_desc.c ****   */
 273:USB_DEVICE/App/usbd_desc.c **** uint8_t * USBD_HS_LangIDStrDescriptor(USBD_SpeedTypeDef speed, uint16_t *length)
 274:USB_DEVICE/App/usbd_desc.c **** {
  63              		.loc 1 274 1 is_stmt 1 view -0
  64              		.cfi_startproc
  65              		@ args = 0, pretend = 0, frame = 0
  66              		@ frame_needed = 0, uses_anonymous_args = 0
  67              		@ link register save eliminated.
 275:USB_DEVICE/App/usbd_desc.c ****   UNUSED(speed);
  68              		.loc 1 275 3 view .LVU8
 276:USB_DEVICE/App/usbd_desc.c ****   *length = sizeof(USBD_LangIDDesc);
  69              		.loc 1 276 3 view .LVU9
ARM GAS  C:\Users\ADMINI~1\AppData\Local\Temp\ccjqMhWi.s 			page 7


  70              		.loc 1 276 11 is_stmt 0 view .LVU10
  71 0000 0423     		movs	r3, #4
  72 0002 0B80     		strh	r3, [r1]	@ movhi
 277:USB_DEVICE/App/usbd_desc.c ****   return USBD_LangIDDesc;
  73              		.loc 1 277 3 is_stmt 1 view .LVU11
 278:USB_DEVICE/App/usbd_desc.c **** }
  74              		.loc 1 278 1 is_stmt 0 view .LVU12
  75 0004 0048     		ldr	r0, .L5
  76              	.LVL3:
  77              		.loc 1 278 1 view .LVU13
  78 0006 7047     		bx	lr
  79              	.L6:
  80              		.align	2
  81              	.L5:
  82 0008 00000000 		.word	.LANCHOR1
  83              		.cfi_endproc
  84              	.LFE240:
  86              		.section	.text.IntToUnicode,"ax",%progbits
  87              		.align	1
  88              		.syntax unified
  89              		.thumb
  90              		.thumb_func
  92              	IntToUnicode:
  93              	.LVL4:
  94              	.LFB247:
 279:USB_DEVICE/App/usbd_desc.c **** 
 280:USB_DEVICE/App/usbd_desc.c **** /**
 281:USB_DEVICE/App/usbd_desc.c ****   * @brief  Return the product string descriptor
 282:USB_DEVICE/App/usbd_desc.c ****   * @param  speed : current device speed
 283:USB_DEVICE/App/usbd_desc.c ****   * @param  length : pointer to data length variable
 284:USB_DEVICE/App/usbd_desc.c ****   * @retval pointer to descriptor buffer
 285:USB_DEVICE/App/usbd_desc.c ****   */
 286:USB_DEVICE/App/usbd_desc.c **** uint8_t * USBD_HS_ProductStrDescriptor(USBD_SpeedTypeDef speed, uint16_t *length)
 287:USB_DEVICE/App/usbd_desc.c **** {
 288:USB_DEVICE/App/usbd_desc.c ****   if(speed == 0)
 289:USB_DEVICE/App/usbd_desc.c ****   {
 290:USB_DEVICE/App/usbd_desc.c ****     USBD_GetString((uint8_t *)USBD_PRODUCT_STRING_HS, USBD_StrDesc, length);
 291:USB_DEVICE/App/usbd_desc.c ****   }
 292:USB_DEVICE/App/usbd_desc.c ****   else
 293:USB_DEVICE/App/usbd_desc.c ****   {
 294:USB_DEVICE/App/usbd_desc.c ****     USBD_GetString((uint8_t *)USBD_PRODUCT_STRING_HS, USBD_StrDesc, length);
 295:USB_DEVICE/App/usbd_desc.c ****   }
 296:USB_DEVICE/App/usbd_desc.c ****   return USBD_StrDesc;
 297:USB_DEVICE/App/usbd_desc.c **** }
 298:USB_DEVICE/App/usbd_desc.c **** 
 299:USB_DEVICE/App/usbd_desc.c **** /**
 300:USB_DEVICE/App/usbd_desc.c ****   * @brief  Return the manufacturer string descriptor
 301:USB_DEVICE/App/usbd_desc.c ****   * @param  speed : Current device speed
 302:USB_DEVICE/App/usbd_desc.c ****   * @param  length : Pointer to data length variable
 303:USB_DEVICE/App/usbd_desc.c ****   * @retval Pointer to descriptor buffer
 304:USB_DEVICE/App/usbd_desc.c ****   */
 305:USB_DEVICE/App/usbd_desc.c **** uint8_t * USBD_HS_ManufacturerStrDescriptor(USBD_SpeedTypeDef speed, uint16_t *length)
 306:USB_DEVICE/App/usbd_desc.c **** {
 307:USB_DEVICE/App/usbd_desc.c ****   UNUSED(speed);
 308:USB_DEVICE/App/usbd_desc.c ****   USBD_GetString((uint8_t *)USBD_MANUFACTURER_STRING, USBD_StrDesc, length);
 309:USB_DEVICE/App/usbd_desc.c ****   return USBD_StrDesc;
 310:USB_DEVICE/App/usbd_desc.c **** }
ARM GAS  C:\Users\ADMINI~1\AppData\Local\Temp\ccjqMhWi.s 			page 8


 311:USB_DEVICE/App/usbd_desc.c **** 
 312:USB_DEVICE/App/usbd_desc.c **** /**
 313:USB_DEVICE/App/usbd_desc.c ****   * @brief  Return the serial number string descriptor
 314:USB_DEVICE/App/usbd_desc.c ****   * @param  speed : Current device speed
 315:USB_DEVICE/App/usbd_desc.c ****   * @param  length : Pointer to data length variable
 316:USB_DEVICE/App/usbd_desc.c ****   * @retval Pointer to descriptor buffer
 317:USB_DEVICE/App/usbd_desc.c ****   */
 318:USB_DEVICE/App/usbd_desc.c **** uint8_t * USBD_HS_SerialStrDescriptor(USBD_SpeedTypeDef speed, uint16_t *length)
 319:USB_DEVICE/App/usbd_desc.c **** {
 320:USB_DEVICE/App/usbd_desc.c ****   UNUSED(speed);
 321:USB_DEVICE/App/usbd_desc.c ****   *length = USB_SIZ_STRING_SERIAL;
 322:USB_DEVICE/App/usbd_desc.c **** 
 323:USB_DEVICE/App/usbd_desc.c ****   /* Update the serial number string descriptor with the data from the unique
 324:USB_DEVICE/App/usbd_desc.c ****    * ID */
 325:USB_DEVICE/App/usbd_desc.c ****   Get_SerialNum();
 326:USB_DEVICE/App/usbd_desc.c ****   /* USER CODE BEGIN USBD_HS_SerialStrDescriptor */
 327:USB_DEVICE/App/usbd_desc.c **** 
 328:USB_DEVICE/App/usbd_desc.c ****   /* USER CODE END USBD_HS_SerialStrDescriptor */
 329:USB_DEVICE/App/usbd_desc.c **** 
 330:USB_DEVICE/App/usbd_desc.c ****   return (uint8_t *) USBD_StringSerial;
 331:USB_DEVICE/App/usbd_desc.c **** }
 332:USB_DEVICE/App/usbd_desc.c **** 
 333:USB_DEVICE/App/usbd_desc.c **** /**
 334:USB_DEVICE/App/usbd_desc.c ****   * @brief  Return the configuration string descriptor
 335:USB_DEVICE/App/usbd_desc.c ****   * @param  speed : Current device speed
 336:USB_DEVICE/App/usbd_desc.c ****   * @param  length : Pointer to data length variable
 337:USB_DEVICE/App/usbd_desc.c ****   * @retval Pointer to descriptor buffer
 338:USB_DEVICE/App/usbd_desc.c ****   */
 339:USB_DEVICE/App/usbd_desc.c **** uint8_t * USBD_HS_ConfigStrDescriptor(USBD_SpeedTypeDef speed, uint16_t *length)
 340:USB_DEVICE/App/usbd_desc.c **** {
 341:USB_DEVICE/App/usbd_desc.c ****   if(speed == USBD_SPEED_HIGH)
 342:USB_DEVICE/App/usbd_desc.c ****   {
 343:USB_DEVICE/App/usbd_desc.c ****     USBD_GetString((uint8_t *)USBD_CONFIGURATION_STRING_HS, USBD_StrDesc, length);
 344:USB_DEVICE/App/usbd_desc.c ****   }
 345:USB_DEVICE/App/usbd_desc.c ****   else
 346:USB_DEVICE/App/usbd_desc.c ****   {
 347:USB_DEVICE/App/usbd_desc.c ****     USBD_GetString((uint8_t *)USBD_CONFIGURATION_STRING_HS, USBD_StrDesc, length);
 348:USB_DEVICE/App/usbd_desc.c ****   }
 349:USB_DEVICE/App/usbd_desc.c ****   return USBD_StrDesc;
 350:USB_DEVICE/App/usbd_desc.c **** }
 351:USB_DEVICE/App/usbd_desc.c **** 
 352:USB_DEVICE/App/usbd_desc.c **** /**
 353:USB_DEVICE/App/usbd_desc.c ****   * @brief  Return the interface string descriptor
 354:USB_DEVICE/App/usbd_desc.c ****   * @param  speed : Current device speed
 355:USB_DEVICE/App/usbd_desc.c ****   * @param  length : Pointer to data length variable
 356:USB_DEVICE/App/usbd_desc.c ****   * @retval Pointer to descriptor buffer
 357:USB_DEVICE/App/usbd_desc.c ****   */
 358:USB_DEVICE/App/usbd_desc.c **** uint8_t * USBD_HS_InterfaceStrDescriptor(USBD_SpeedTypeDef speed, uint16_t *length)
 359:USB_DEVICE/App/usbd_desc.c **** {
 360:USB_DEVICE/App/usbd_desc.c ****   if(speed == 0)
 361:USB_DEVICE/App/usbd_desc.c ****   {
 362:USB_DEVICE/App/usbd_desc.c ****     USBD_GetString((uint8_t *)USBD_INTERFACE_STRING_HS, USBD_StrDesc, length);
 363:USB_DEVICE/App/usbd_desc.c ****   }
 364:USB_DEVICE/App/usbd_desc.c ****   else
 365:USB_DEVICE/App/usbd_desc.c ****   {
 366:USB_DEVICE/App/usbd_desc.c ****     USBD_GetString((uint8_t *)USBD_INTERFACE_STRING_HS, USBD_StrDesc, length);
 367:USB_DEVICE/App/usbd_desc.c ****   }
ARM GAS  C:\Users\ADMINI~1\AppData\Local\Temp\ccjqMhWi.s 			page 9


 368:USB_DEVICE/App/usbd_desc.c ****   return USBD_StrDesc;
 369:USB_DEVICE/App/usbd_desc.c **** }
 370:USB_DEVICE/App/usbd_desc.c **** 
 371:USB_DEVICE/App/usbd_desc.c **** #if (USBD_LPM_ENABLED == 1)
 372:USB_DEVICE/App/usbd_desc.c **** /**
 373:USB_DEVICE/App/usbd_desc.c ****   * @brief  Return the BOS descriptor
 374:USB_DEVICE/App/usbd_desc.c ****   * @param  speed : Current device speed
 375:USB_DEVICE/App/usbd_desc.c ****   * @param  length : Pointer to data length variable
 376:USB_DEVICE/App/usbd_desc.c ****   * @retval Pointer to descriptor buffer
 377:USB_DEVICE/App/usbd_desc.c ****   */
 378:USB_DEVICE/App/usbd_desc.c **** uint8_t * USBD_HS_USR_BOSDescriptor(USBD_SpeedTypeDef speed, uint16_t *length)
 379:USB_DEVICE/App/usbd_desc.c **** {
 380:USB_DEVICE/App/usbd_desc.c ****   UNUSED(speed);
 381:USB_DEVICE/App/usbd_desc.c ****   *length = sizeof(USBD_HS_BOSDesc);
 382:USB_DEVICE/App/usbd_desc.c ****   return (uint8_t*)USBD_HS_BOSDesc;
 383:USB_DEVICE/App/usbd_desc.c **** }
 384:USB_DEVICE/App/usbd_desc.c **** #endif /* (USBD_LPM_ENABLED == 1) */
 385:USB_DEVICE/App/usbd_desc.c **** 
 386:USB_DEVICE/App/usbd_desc.c **** /**
 387:USB_DEVICE/App/usbd_desc.c ****   * @brief  Create the serial number string descriptor
 388:USB_DEVICE/App/usbd_desc.c ****   * @param  None
 389:USB_DEVICE/App/usbd_desc.c ****   * @retval None
 390:USB_DEVICE/App/usbd_desc.c ****   */
 391:USB_DEVICE/App/usbd_desc.c **** static void Get_SerialNum(void)
 392:USB_DEVICE/App/usbd_desc.c **** {
 393:USB_DEVICE/App/usbd_desc.c ****   uint32_t deviceserial0, deviceserial1, deviceserial2;
 394:USB_DEVICE/App/usbd_desc.c **** 
 395:USB_DEVICE/App/usbd_desc.c ****   deviceserial0 = *(uint32_t *) DEVICE_ID1;
 396:USB_DEVICE/App/usbd_desc.c ****   deviceserial1 = *(uint32_t *) DEVICE_ID2;
 397:USB_DEVICE/App/usbd_desc.c ****   deviceserial2 = *(uint32_t *) DEVICE_ID3;
 398:USB_DEVICE/App/usbd_desc.c **** 
 399:USB_DEVICE/App/usbd_desc.c ****   deviceserial0 += deviceserial2;
 400:USB_DEVICE/App/usbd_desc.c **** 
 401:USB_DEVICE/App/usbd_desc.c ****   if (deviceserial0 != 0)
 402:USB_DEVICE/App/usbd_desc.c ****   {
 403:USB_DEVICE/App/usbd_desc.c ****     IntToUnicode(deviceserial0, &USBD_StringSerial[2], 8);
 404:USB_DEVICE/App/usbd_desc.c ****     IntToUnicode(deviceserial1, &USBD_StringSerial[18], 4);
 405:USB_DEVICE/App/usbd_desc.c ****   }
 406:USB_DEVICE/App/usbd_desc.c **** }
 407:USB_DEVICE/App/usbd_desc.c **** 
 408:USB_DEVICE/App/usbd_desc.c **** /**
 409:USB_DEVICE/App/usbd_desc.c ****   * @brief  Convert Hex 32Bits value into char
 410:USB_DEVICE/App/usbd_desc.c ****   * @param  value: value to convert
 411:USB_DEVICE/App/usbd_desc.c ****   * @param  pbuf: pointer to the buffer
 412:USB_DEVICE/App/usbd_desc.c ****   * @param  len: buffer length
 413:USB_DEVICE/App/usbd_desc.c ****   * @retval None
 414:USB_DEVICE/App/usbd_desc.c ****   */
 415:USB_DEVICE/App/usbd_desc.c **** static void IntToUnicode(uint32_t value, uint8_t * pbuf, uint8_t len)
 416:USB_DEVICE/App/usbd_desc.c **** {
  95              		.loc 1 416 1 is_stmt 1 view -0
  96              		.cfi_startproc
  97              		@ args = 0, pretend = 0, frame = 0
  98              		@ frame_needed = 0, uses_anonymous_args = 0
 417:USB_DEVICE/App/usbd_desc.c ****   uint8_t idx = 0;
  99              		.loc 1 417 3 view .LVU15
 418:USB_DEVICE/App/usbd_desc.c **** 
 419:USB_DEVICE/App/usbd_desc.c ****   for (idx = 0; idx < len; idx++)
ARM GAS  C:\Users\ADMINI~1\AppData\Local\Temp\ccjqMhWi.s 			page 10


 100              		.loc 1 419 3 view .LVU16
 101              		.loc 1 419 12 is_stmt 0 view .LVU17
 102 0000 0023     		movs	r3, #0
 103              	.LVL5:
 104              		.loc 1 419 17 is_stmt 1 view .LVU18
 105              		.loc 1 419 3 is_stmt 0 view .LVU19
 106 0002 9342     		cmp	r3, r2
 107 0004 1ED2     		bcs	.L15
 416:USB_DEVICE/App/usbd_desc.c ****   uint8_t idx = 0;
 108              		.loc 1 416 1 view .LVU20
 109 0006 00B5     		push	{lr}
 110              	.LCFI0:
 111              		.cfi_def_cfa_offset 4
 112              		.cfi_offset 14, -4
 113 0008 10E0     		b	.L11
 114              	.L9:
 420:USB_DEVICE/App/usbd_desc.c ****   {
 421:USB_DEVICE/App/usbd_desc.c ****     if (((value >> 28)) < 0xA)
 422:USB_DEVICE/App/usbd_desc.c ****     {
 423:USB_DEVICE/App/usbd_desc.c ****       pbuf[2 * idx] = (value >> 28) + '0';
 424:USB_DEVICE/App/usbd_desc.c ****     }
 425:USB_DEVICE/App/usbd_desc.c ****     else
 426:USB_DEVICE/App/usbd_desc.c ****     {
 427:USB_DEVICE/App/usbd_desc.c ****       pbuf[2 * idx] = (value >> 28) + 'A' - 10;
 115              		.loc 1 427 7 is_stmt 1 view .LVU21
 116              		.loc 1 427 43 is_stmt 0 view .LVU22
 117 000a 0CF1370C 		add	ip, ip, #55
 118              		.loc 1 427 21 view .LVU23
 119 000e 01F813C0 		strb	ip, [r1, r3, lsl #1]
 120              	.L10:
 428:USB_DEVICE/App/usbd_desc.c ****     }
 429:USB_DEVICE/App/usbd_desc.c **** 
 430:USB_DEVICE/App/usbd_desc.c ****     value = value << 4;
 121              		.loc 1 430 5 is_stmt 1 discriminator 2 view .LVU24
 122              		.loc 1 430 11 is_stmt 0 discriminator 2 view .LVU25
 123 0012 0001     		lsls	r0, r0, #4
 124              	.LVL6:
 431:USB_DEVICE/App/usbd_desc.c **** 
 432:USB_DEVICE/App/usbd_desc.c ****     pbuf[2 * idx + 1] = 0;
 125              		.loc 1 432 5 is_stmt 1 discriminator 2 view .LVU26
 126              		.loc 1 432 12 is_stmt 0 discriminator 2 view .LVU27
 127 0014 4FEA430C 		lsl	ip, r3, #1
 128              		.loc 1 432 9 discriminator 2 view .LVU28
 129 0018 0CF1010C 		add	ip, ip, #1
 130              		.loc 1 432 23 discriminator 2 view .LVU29
 131 001c 4FF0000E 		mov	lr, #0
 132 0020 01F80CE0 		strb	lr, [r1, ip]
 419:USB_DEVICE/App/usbd_desc.c ****   {
 133              		.loc 1 419 28 is_stmt 1 discriminator 2 view .LVU30
 419:USB_DEVICE/App/usbd_desc.c ****   {
 134              		.loc 1 419 31 is_stmt 0 discriminator 2 view .LVU31
 135 0024 0133     		adds	r3, r3, #1
 136              	.LVL7:
 419:USB_DEVICE/App/usbd_desc.c ****   {
 137              		.loc 1 419 31 discriminator 2 view .LVU32
 138 0026 DBB2     		uxtb	r3, r3
 139              	.LVL8:
ARM GAS  C:\Users\ADMINI~1\AppData\Local\Temp\ccjqMhWi.s 			page 11


 419:USB_DEVICE/App/usbd_desc.c ****   {
 140              		.loc 1 419 17 is_stmt 1 discriminator 2 view .LVU33
 419:USB_DEVICE/App/usbd_desc.c ****   {
 141              		.loc 1 419 3 is_stmt 0 discriminator 2 view .LVU34
 142 0028 9342     		cmp	r3, r2
 143 002a 09D2     		bcs	.L16
 144              	.L11:
 421:USB_DEVICE/App/usbd_desc.c ****     {
 145              		.loc 1 421 5 is_stmt 1 view .LVU35
 421:USB_DEVICE/App/usbd_desc.c ****     {
 146              		.loc 1 421 17 is_stmt 0 view .LVU36
 147 002c 4FEA107C 		lsr	ip, r0, #28
 421:USB_DEVICE/App/usbd_desc.c ****     {
 148              		.loc 1 421 8 view .LVU37
 149 0030 B0F1204F 		cmp	r0, #-1610612736
 150 0034 E9D2     		bcs	.L9
 423:USB_DEVICE/App/usbd_desc.c ****     }
 151              		.loc 1 423 7 is_stmt 1 view .LVU38
 423:USB_DEVICE/App/usbd_desc.c ****     }
 152              		.loc 1 423 37 is_stmt 0 view .LVU39
 153 0036 0CF1300C 		add	ip, ip, #48
 423:USB_DEVICE/App/usbd_desc.c ****     }
 154              		.loc 1 423 21 view .LVU40
 155 003a 01F813C0 		strb	ip, [r1, r3, lsl #1]
 156 003e E8E7     		b	.L10
 157              	.L16:
 433:USB_DEVICE/App/usbd_desc.c ****   }
 434:USB_DEVICE/App/usbd_desc.c **** }
 158              		.loc 1 434 1 view .LVU41
 159 0040 5DF804FB 		ldr	pc, [sp], #4
 160              	.L15:
 161              	.LCFI1:
 162              		.cfi_def_cfa_offset 0
 163              		.cfi_restore 14
 164              		.loc 1 434 1 view .LVU42
 165 0044 7047     		bx	lr
 166              		.cfi_endproc
 167              	.LFE247:
 169              		.section	.text.Get_SerialNum,"ax",%progbits
 170              		.align	1
 171              		.syntax unified
 172              		.thumb
 173              		.thumb_func
 175              	Get_SerialNum:
 176              	.LFB246:
 392:USB_DEVICE/App/usbd_desc.c ****   uint32_t deviceserial0, deviceserial1, deviceserial2;
 177              		.loc 1 392 1 is_stmt 1 view -0
 178              		.cfi_startproc
 179              		@ args = 0, pretend = 0, frame = 0
 180              		@ frame_needed = 0, uses_anonymous_args = 0
 181 0000 38B5     		push	{r3, r4, r5, lr}
 182              	.LCFI2:
 183              		.cfi_def_cfa_offset 16
 184              		.cfi_offset 3, -16
 185              		.cfi_offset 4, -12
 186              		.cfi_offset 5, -8
 187              		.cfi_offset 14, -4
ARM GAS  C:\Users\ADMINI~1\AppData\Local\Temp\ccjqMhWi.s 			page 12


 393:USB_DEVICE/App/usbd_desc.c **** 
 188              		.loc 1 393 3 view .LVU44
 395:USB_DEVICE/App/usbd_desc.c ****   deviceserial1 = *(uint32_t *) DEVICE_ID2;
 189              		.loc 1 395 3 view .LVU45
 395:USB_DEVICE/App/usbd_desc.c ****   deviceserial1 = *(uint32_t *) DEVICE_ID2;
 190              		.loc 1 395 17 is_stmt 0 view .LVU46
 191 0002 0B4B     		ldr	r3, .L21
 192 0004 D3F8100A 		ldr	r0, [r3, #2576]
 193              	.LVL9:
 396:USB_DEVICE/App/usbd_desc.c ****   deviceserial2 = *(uint32_t *) DEVICE_ID3;
 194              		.loc 1 396 3 is_stmt 1 view .LVU47
 396:USB_DEVICE/App/usbd_desc.c ****   deviceserial2 = *(uint32_t *) DEVICE_ID3;
 195              		.loc 1 396 17 is_stmt 0 view .LVU48
 196 0008 D3F8144A 		ldr	r4, [r3, #2580]
 197              	.LVL10:
 397:USB_DEVICE/App/usbd_desc.c **** 
 198              		.loc 1 397 3 is_stmt 1 view .LVU49
 397:USB_DEVICE/App/usbd_desc.c **** 
 199              		.loc 1 397 17 is_stmt 0 view .LVU50
 200 000c D3F8183A 		ldr	r3, [r3, #2584]
 201              	.LVL11:
 399:USB_DEVICE/App/usbd_desc.c **** 
 202              		.loc 1 399 3 is_stmt 1 view .LVU51
 401:USB_DEVICE/App/usbd_desc.c ****   {
 203              		.loc 1 401 3 view .LVU52
 401:USB_DEVICE/App/usbd_desc.c ****   {
 204              		.loc 1 401 6 is_stmt 0 view .LVU53
 205 0010 C018     		adds	r0, r0, r3
 206              	.LVL12:
 401:USB_DEVICE/App/usbd_desc.c ****   {
 207              		.loc 1 401 6 view .LVU54
 208 0012 00D1     		bne	.L20
 209              	.LVL13:
 210              	.L17:
 406:USB_DEVICE/App/usbd_desc.c **** 
 211              		.loc 1 406 1 view .LVU55
 212 0014 38BD     		pop	{r3, r4, r5, pc}
 213              	.LVL14:
 214              	.L20:
 403:USB_DEVICE/App/usbd_desc.c ****     IntToUnicode(deviceserial1, &USBD_StringSerial[18], 4);
 215              		.loc 1 403 5 is_stmt 1 view .LVU56
 216 0016 074D     		ldr	r5, .L21+4
 217 0018 0822     		movs	r2, #8
 218 001a A91C     		adds	r1, r5, #2
 219 001c FFF7FEFF 		bl	IntToUnicode
 220              	.LVL15:
 404:USB_DEVICE/App/usbd_desc.c ****   }
 221              		.loc 1 404 5 view .LVU57
 222 0020 0422     		movs	r2, #4
 223 0022 05F11201 		add	r1, r5, #18
 224 0026 2046     		mov	r0, r4
 225 0028 FFF7FEFF 		bl	IntToUnicode
 226              	.LVL16:
 406:USB_DEVICE/App/usbd_desc.c **** 
 227              		.loc 1 406 1 is_stmt 0 view .LVU58
 228 002c F2E7     		b	.L17
 229              	.L22:
ARM GAS  C:\Users\ADMINI~1\AppData\Local\Temp\ccjqMhWi.s 			page 13


 230 002e 00BF     		.align	2
 231              	.L21:
 232 0030 0070FF1F 		.word	536834048
 233 0034 00000000 		.word	.LANCHOR2
 234              		.cfi_endproc
 235              	.LFE246:
 237              		.section	.text.USBD_HS_SerialStrDescriptor,"ax",%progbits
 238              		.align	1
 239              		.global	USBD_HS_SerialStrDescriptor
 240              		.syntax unified
 241              		.thumb
 242              		.thumb_func
 244              	USBD_HS_SerialStrDescriptor:
 245              	.LVL17:
 246              	.LFB243:
 319:USB_DEVICE/App/usbd_desc.c ****   UNUSED(speed);
 247              		.loc 1 319 1 is_stmt 1 view -0
 248              		.cfi_startproc
 249              		@ args = 0, pretend = 0, frame = 0
 250              		@ frame_needed = 0, uses_anonymous_args = 0
 319:USB_DEVICE/App/usbd_desc.c ****   UNUSED(speed);
 251              		.loc 1 319 1 is_stmt 0 view .LVU60
 252 0000 08B5     		push	{r3, lr}
 253              	.LCFI3:
 254              		.cfi_def_cfa_offset 8
 255              		.cfi_offset 3, -8
 256              		.cfi_offset 14, -4
 320:USB_DEVICE/App/usbd_desc.c ****   *length = USB_SIZ_STRING_SERIAL;
 257              		.loc 1 320 3 is_stmt 1 view .LVU61
 321:USB_DEVICE/App/usbd_desc.c **** 
 258              		.loc 1 321 3 view .LVU62
 321:USB_DEVICE/App/usbd_desc.c **** 
 259              		.loc 1 321 11 is_stmt 0 view .LVU63
 260 0002 1A23     		movs	r3, #26
 261 0004 0B80     		strh	r3, [r1]	@ movhi
 325:USB_DEVICE/App/usbd_desc.c ****   /* USER CODE BEGIN USBD_HS_SerialStrDescriptor */
 262              		.loc 1 325 3 is_stmt 1 view .LVU64
 263 0006 FFF7FEFF 		bl	Get_SerialNum
 264              	.LVL18:
 330:USB_DEVICE/App/usbd_desc.c **** }
 265              		.loc 1 330 3 view .LVU65
 331:USB_DEVICE/App/usbd_desc.c **** 
 266              		.loc 1 331 1 is_stmt 0 view .LVU66
 267 000a 0148     		ldr	r0, .L25
 268 000c 08BD     		pop	{r3, pc}
 269              	.L26:
 270 000e 00BF     		.align	2
 271              	.L25:
 272 0010 00000000 		.word	.LANCHOR2
 273              		.cfi_endproc
 274              	.LFE243:
 276              		.section	.rodata.USBD_HS_ProductStrDescriptor.str1.4,"aMS",%progbits,1
 277              		.align	2
 278              	.LC0:
 279 0000 456C6563 		.ascii	"ElectronBot@PZH\000"
 279      74726F6E 
 279      426F7440 
ARM GAS  C:\Users\ADMINI~1\AppData\Local\Temp\ccjqMhWi.s 			page 14


 279      505A4800 
 280              		.section	.text.USBD_HS_ProductStrDescriptor,"ax",%progbits
 281              		.align	1
 282              		.global	USBD_HS_ProductStrDescriptor
 283              		.syntax unified
 284              		.thumb
 285              		.thumb_func
 287              	USBD_HS_ProductStrDescriptor:
 288              	.LVL19:
 289              	.LFB241:
 287:USB_DEVICE/App/usbd_desc.c ****   if(speed == 0)
 290              		.loc 1 287 1 is_stmt 1 view -0
 291              		.cfi_startproc
 292              		@ args = 0, pretend = 0, frame = 0
 293              		@ frame_needed = 0, uses_anonymous_args = 0
 287:USB_DEVICE/App/usbd_desc.c ****   if(speed == 0)
 294              		.loc 1 287 1 is_stmt 0 view .LVU68
 295 0000 08B5     		push	{r3, lr}
 296              	.LCFI4:
 297              		.cfi_def_cfa_offset 8
 298              		.cfi_offset 3, -8
 299              		.cfi_offset 14, -4
 300 0002 0A46     		mov	r2, r1
 288:USB_DEVICE/App/usbd_desc.c ****   {
 301              		.loc 1 288 3 is_stmt 1 view .LVU69
 288:USB_DEVICE/App/usbd_desc.c ****   {
 302              		.loc 1 288 5 is_stmt 0 view .LVU70
 303 0004 28B9     		cbnz	r0, .L28
 290:USB_DEVICE/App/usbd_desc.c ****   }
 304              		.loc 1 290 5 is_stmt 1 view .LVU71
 305 0006 0549     		ldr	r1, .L31
 306              	.LVL20:
 290:USB_DEVICE/App/usbd_desc.c ****   }
 307              		.loc 1 290 5 is_stmt 0 view .LVU72
 308 0008 0548     		ldr	r0, .L31+4
 309              	.LVL21:
 290:USB_DEVICE/App/usbd_desc.c ****   }
 310              		.loc 1 290 5 view .LVU73
 311 000a FFF7FEFF 		bl	USBD_GetString
 312              	.LVL22:
 313              	.L29:
 296:USB_DEVICE/App/usbd_desc.c **** }
 314              		.loc 1 296 3 is_stmt 1 view .LVU74
 297:USB_DEVICE/App/usbd_desc.c **** 
 315              		.loc 1 297 1 is_stmt 0 view .LVU75
 316 000e 0348     		ldr	r0, .L31
 317 0010 08BD     		pop	{r3, pc}
 318              	.LVL23:
 319              	.L28:
 294:USB_DEVICE/App/usbd_desc.c ****   }
 320              		.loc 1 294 5 is_stmt 1 view .LVU76
 321 0012 0249     		ldr	r1, .L31
 322              	.LVL24:
 294:USB_DEVICE/App/usbd_desc.c ****   }
 323              		.loc 1 294 5 is_stmt 0 view .LVU77
 324 0014 0248     		ldr	r0, .L31+4
 325              	.LVL25:
ARM GAS  C:\Users\ADMINI~1\AppData\Local\Temp\ccjqMhWi.s 			page 15


 294:USB_DEVICE/App/usbd_desc.c ****   }
 326              		.loc 1 294 5 view .LVU78
 327 0016 FFF7FEFF 		bl	USBD_GetString
 328              	.LVL26:
 294:USB_DEVICE/App/usbd_desc.c ****   }
 329              		.loc 1 294 5 view .LVU79
 330 001a F8E7     		b	.L29
 331              	.L32:
 332              		.align	2
 333              	.L31:
 334 001c 00000000 		.word	.LANCHOR3
 335 0020 00000000 		.word	.LC0
 336              		.cfi_endproc
 337              	.LFE241:
 339              		.section	.rodata.USBD_HS_ManufacturerStrDescriptor.str1.4,"aMS",%progbits,1
 340              		.align	2
 341              	.LC1:
 342 0000 50656E67 		.ascii	"Pengzhihui\000"
 342      7A686968 
 342      756900
 343              		.section	.text.USBD_HS_ManufacturerStrDescriptor,"ax",%progbits
 344              		.align	1
 345              		.global	USBD_HS_ManufacturerStrDescriptor
 346              		.syntax unified
 347              		.thumb
 348              		.thumb_func
 350              	USBD_HS_ManufacturerStrDescriptor:
 351              	.LVL27:
 352              	.LFB242:
 306:USB_DEVICE/App/usbd_desc.c ****   UNUSED(speed);
 353              		.loc 1 306 1 is_stmt 1 view -0
 354              		.cfi_startproc
 355              		@ args = 0, pretend = 0, frame = 0
 356              		@ frame_needed = 0, uses_anonymous_args = 0
 306:USB_DEVICE/App/usbd_desc.c ****   UNUSED(speed);
 357              		.loc 1 306 1 is_stmt 0 view .LVU81
 358 0000 10B5     		push	{r4, lr}
 359              	.LCFI5:
 360              		.cfi_def_cfa_offset 8
 361              		.cfi_offset 4, -8
 362              		.cfi_offset 14, -4
 363 0002 0A46     		mov	r2, r1
 307:USB_DEVICE/App/usbd_desc.c ****   USBD_GetString((uint8_t *)USBD_MANUFACTURER_STRING, USBD_StrDesc, length);
 364              		.loc 1 307 3 is_stmt 1 view .LVU82
 308:USB_DEVICE/App/usbd_desc.c ****   return USBD_StrDesc;
 365              		.loc 1 308 3 view .LVU83
 366 0004 034C     		ldr	r4, .L35
 367 0006 2146     		mov	r1, r4
 368              	.LVL28:
 308:USB_DEVICE/App/usbd_desc.c ****   return USBD_StrDesc;
 369              		.loc 1 308 3 is_stmt 0 view .LVU84
 370 0008 0348     		ldr	r0, .L35+4
 371              	.LVL29:
 308:USB_DEVICE/App/usbd_desc.c ****   return USBD_StrDesc;
 372              		.loc 1 308 3 view .LVU85
 373 000a FFF7FEFF 		bl	USBD_GetString
 374              	.LVL30:
ARM GAS  C:\Users\ADMINI~1\AppData\Local\Temp\ccjqMhWi.s 			page 16


 309:USB_DEVICE/App/usbd_desc.c **** }
 375              		.loc 1 309 3 is_stmt 1 view .LVU86
 310:USB_DEVICE/App/usbd_desc.c **** 
 376              		.loc 1 310 1 is_stmt 0 view .LVU87
 377 000e 2046     		mov	r0, r4
 378 0010 10BD     		pop	{r4, pc}
 379              	.L36:
 380 0012 00BF     		.align	2
 381              	.L35:
 382 0014 00000000 		.word	.LANCHOR3
 383 0018 00000000 		.word	.LC1
 384              		.cfi_endproc
 385              	.LFE242:
 387              		.section	.rodata.USBD_HS_ConfigStrDescriptor.str1.4,"aMS",%progbits,1
 388              		.align	2
 389              	.LC2:
 390 0000 43444320 		.ascii	"CDC Config\000"
 390      436F6E66 
 390      696700
 391              		.section	.text.USBD_HS_ConfigStrDescriptor,"ax",%progbits
 392              		.align	1
 393              		.global	USBD_HS_ConfigStrDescriptor
 394              		.syntax unified
 395              		.thumb
 396              		.thumb_func
 398              	USBD_HS_ConfigStrDescriptor:
 399              	.LVL31:
 400              	.LFB244:
 340:USB_DEVICE/App/usbd_desc.c ****   if(speed == USBD_SPEED_HIGH)
 401              		.loc 1 340 1 is_stmt 1 view -0
 402              		.cfi_startproc
 403              		@ args = 0, pretend = 0, frame = 0
 404              		@ frame_needed = 0, uses_anonymous_args = 0
 340:USB_DEVICE/App/usbd_desc.c ****   if(speed == USBD_SPEED_HIGH)
 405              		.loc 1 340 1 is_stmt 0 view .LVU89
 406 0000 08B5     		push	{r3, lr}
 407              	.LCFI6:
 408              		.cfi_def_cfa_offset 8
 409              		.cfi_offset 3, -8
 410              		.cfi_offset 14, -4
 411 0002 0A46     		mov	r2, r1
 341:USB_DEVICE/App/usbd_desc.c ****   {
 412              		.loc 1 341 3 is_stmt 1 view .LVU90
 341:USB_DEVICE/App/usbd_desc.c ****   {
 413              		.loc 1 341 5 is_stmt 0 view .LVU91
 414 0004 28B9     		cbnz	r0, .L38
 343:USB_DEVICE/App/usbd_desc.c ****   }
 415              		.loc 1 343 5 is_stmt 1 view .LVU92
 416 0006 0549     		ldr	r1, .L41
 417              	.LVL32:
 343:USB_DEVICE/App/usbd_desc.c ****   }
 418              		.loc 1 343 5 is_stmt 0 view .LVU93
 419 0008 0548     		ldr	r0, .L41+4
 420              	.LVL33:
 343:USB_DEVICE/App/usbd_desc.c ****   }
 421              		.loc 1 343 5 view .LVU94
 422 000a FFF7FEFF 		bl	USBD_GetString
ARM GAS  C:\Users\ADMINI~1\AppData\Local\Temp\ccjqMhWi.s 			page 17


 423              	.LVL34:
 424              	.L39:
 349:USB_DEVICE/App/usbd_desc.c **** }
 425              		.loc 1 349 3 is_stmt 1 view .LVU95
 350:USB_DEVICE/App/usbd_desc.c **** 
 426              		.loc 1 350 1 is_stmt 0 view .LVU96
 427 000e 0348     		ldr	r0, .L41
 428 0010 08BD     		pop	{r3, pc}
 429              	.LVL35:
 430              	.L38:
 347:USB_DEVICE/App/usbd_desc.c ****   }
 431              		.loc 1 347 5 is_stmt 1 view .LVU97
 432 0012 0249     		ldr	r1, .L41
 433              	.LVL36:
 347:USB_DEVICE/App/usbd_desc.c ****   }
 434              		.loc 1 347 5 is_stmt 0 view .LVU98
 435 0014 0248     		ldr	r0, .L41+4
 436              	.LVL37:
 347:USB_DEVICE/App/usbd_desc.c ****   }
 437              		.loc 1 347 5 view .LVU99
 438 0016 FFF7FEFF 		bl	USBD_GetString
 439              	.LVL38:
 347:USB_DEVICE/App/usbd_desc.c ****   }
 440              		.loc 1 347 5 view .LVU100
 441 001a F8E7     		b	.L39
 442              	.L42:
 443              		.align	2
 444              	.L41:
 445 001c 00000000 		.word	.LANCHOR3
 446 0020 00000000 		.word	.LC2
 447              		.cfi_endproc
 448              	.LFE244:
 450              		.section	.rodata.USBD_HS_InterfaceStrDescriptor.str1.4,"aMS",%progbits,1
 451              		.align	2
 452              	.LC3:
 453 0000 43444320 		.ascii	"CDC Interface\000"
 453      496E7465 
 453      72666163 
 453      6500
 454              		.section	.text.USBD_HS_InterfaceStrDescriptor,"ax",%progbits
 455              		.align	1
 456              		.global	USBD_HS_InterfaceStrDescriptor
 457              		.syntax unified
 458              		.thumb
 459              		.thumb_func
 461              	USBD_HS_InterfaceStrDescriptor:
 462              	.LVL39:
 463              	.LFB245:
 359:USB_DEVICE/App/usbd_desc.c ****   if(speed == 0)
 464              		.loc 1 359 1 is_stmt 1 view -0
 465              		.cfi_startproc
 466              		@ args = 0, pretend = 0, frame = 0
 467              		@ frame_needed = 0, uses_anonymous_args = 0
 359:USB_DEVICE/App/usbd_desc.c ****   if(speed == 0)
 468              		.loc 1 359 1 is_stmt 0 view .LVU102
 469 0000 08B5     		push	{r3, lr}
 470              	.LCFI7:
ARM GAS  C:\Users\ADMINI~1\AppData\Local\Temp\ccjqMhWi.s 			page 18


 471              		.cfi_def_cfa_offset 8
 472              		.cfi_offset 3, -8
 473              		.cfi_offset 14, -4
 474 0002 0A46     		mov	r2, r1
 360:USB_DEVICE/App/usbd_desc.c ****   {
 475              		.loc 1 360 3 is_stmt 1 view .LVU103
 360:USB_DEVICE/App/usbd_desc.c ****   {
 476              		.loc 1 360 5 is_stmt 0 view .LVU104
 477 0004 28B9     		cbnz	r0, .L44
 362:USB_DEVICE/App/usbd_desc.c ****   }
 478              		.loc 1 362 5 is_stmt 1 view .LVU105
 479 0006 0549     		ldr	r1, .L47
 480              	.LVL40:
 362:USB_DEVICE/App/usbd_desc.c ****   }
 481              		.loc 1 362 5 is_stmt 0 view .LVU106
 482 0008 0548     		ldr	r0, .L47+4
 483              	.LVL41:
 362:USB_DEVICE/App/usbd_desc.c ****   }
 484              		.loc 1 362 5 view .LVU107
 485 000a FFF7FEFF 		bl	USBD_GetString
 486              	.LVL42:
 487              	.L45:
 368:USB_DEVICE/App/usbd_desc.c **** }
 488              		.loc 1 368 3 is_stmt 1 view .LVU108
 369:USB_DEVICE/App/usbd_desc.c **** 
 489              		.loc 1 369 1 is_stmt 0 view .LVU109
 490 000e 0348     		ldr	r0, .L47
 491 0010 08BD     		pop	{r3, pc}
 492              	.LVL43:
 493              	.L44:
 366:USB_DEVICE/App/usbd_desc.c ****   }
 494              		.loc 1 366 5 is_stmt 1 view .LVU110
 495 0012 0249     		ldr	r1, .L47
 496              	.LVL44:
 366:USB_DEVICE/App/usbd_desc.c ****   }
 497              		.loc 1 366 5 is_stmt 0 view .LVU111
 498 0014 0248     		ldr	r0, .L47+4
 499              	.LVL45:
 366:USB_DEVICE/App/usbd_desc.c ****   }
 500              		.loc 1 366 5 view .LVU112
 501 0016 FFF7FEFF 		bl	USBD_GetString
 502              	.LVL46:
 366:USB_DEVICE/App/usbd_desc.c ****   }
 503              		.loc 1 366 5 view .LVU113
 504 001a F8E7     		b	.L45
 505              	.L48:
 506              		.align	2
 507              	.L47:
 508 001c 00000000 		.word	.LANCHOR3
 509 0020 00000000 		.word	.LC3
 510              		.cfi_endproc
 511              	.LFE245:
 513              		.global	USBD_StringSerial
 514              		.global	USBD_StrDesc
 515              		.global	USBD_LangIDDesc
 516              		.global	USBD_HS_DeviceDesc
 517              		.global	HS_Desc
ARM GAS  C:\Users\ADMINI~1\AppData\Local\Temp\ccjqMhWi.s 			page 19


 518              		.section	.bss.USBD_StrDesc,"aw",%nobits
 519              		.align	2
 520              		.set	.LANCHOR3,. + 0
 523              	USBD_StrDesc:
 524 0000 00000000 		.space	512
 524      00000000 
 524      00000000 
 524      00000000 
 524      00000000 
 525              		.section	.data.HS_Desc,"aw"
 526              		.align	2
 529              	HS_Desc:
 530 0000 00000000 		.word	USBD_HS_DeviceDescriptor
 531 0004 00000000 		.word	USBD_HS_LangIDStrDescriptor
 532 0008 00000000 		.word	USBD_HS_ManufacturerStrDescriptor
 533 000c 00000000 		.word	USBD_HS_ProductStrDescriptor
 534 0010 00000000 		.word	USBD_HS_SerialStrDescriptor
 535 0014 00000000 		.word	USBD_HS_ConfigStrDescriptor
 536 0018 00000000 		.word	USBD_HS_InterfaceStrDescriptor
 537              		.section	.data.USBD_HS_DeviceDesc,"aw"
 538              		.align	2
 539              		.set	.LANCHOR0,. + 0
 542              	USBD_HS_DeviceDesc:
 543 0000 12010002 		.ascii	"\022\001\000\002\002\000\000@\001\020#\200\000\002\001"
 543      02000040 
 543      01102380 
 543      000201
 544 000f 020301   		.ascii	"\002\003\001"
 545              		.section	.data.USBD_LangIDDesc,"aw"
 546              		.align	2
 547              		.set	.LANCHOR1,. + 0
 550              	USBD_LangIDDesc:
 551 0000 04030904 		.ascii	"\004\003\011\004"
 552              		.section	.data.USBD_StringSerial,"aw"
 553              		.align	2
 554              		.set	.LANCHOR2,. + 0
 557              	USBD_StringSerial:
 558 0000 1A0300   		.ascii	"\032\003\000"
 559 0003 00000000 		.space	23
 559      00000000 
 559      00000000 
 559      00000000 
 559      00000000 
 560              		.text
 561              	.Letext0:
 562              		.file 2 "c:\\program files (x86)\\gnu arm embedded toolchain\\10 2021.10\\arm-none-eabi\\include\\
 563              		.file 3 "c:\\program files (x86)\\gnu arm embedded toolchain\\10 2021.10\\arm-none-eabi\\include\\
 564              		.file 4 "Middlewares/ST/STM32_USB_Device_Library/Core/Inc/usbd_def.h"
 565              		.file 5 "USB_DEVICE/App/usbd_desc.h"
 566              		.file 6 "Middlewares/ST/STM32_USB_Device_Library/Core/Inc/usbd_ctlreq.h"
ARM GAS  C:\Users\ADMINI~1\AppData\Local\Temp\ccjqMhWi.s 			page 20


DEFINED SYMBOLS
                            *ABS*:00000000 usbd_desc.c
C:\Users\ADMINI~1\AppData\Local\Temp\ccjqMhWi.s:20     .text.USBD_HS_DeviceDescriptor:00000000 $t
C:\Users\ADMINI~1\AppData\Local\Temp\ccjqMhWi.s:26     .text.USBD_HS_DeviceDescriptor:00000000 USBD_HS_DeviceDescriptor
C:\Users\ADMINI~1\AppData\Local\Temp\ccjqMhWi.s:49     .text.USBD_HS_DeviceDescriptor:00000008 $d
C:\Users\ADMINI~1\AppData\Local\Temp\ccjqMhWi.s:54     .text.USBD_HS_LangIDStrDescriptor:00000000 $t
C:\Users\ADMINI~1\AppData\Local\Temp\ccjqMhWi.s:60     .text.USBD_HS_LangIDStrDescriptor:00000000 USBD_HS_LangIDStrDescriptor
C:\Users\ADMINI~1\AppData\Local\Temp\ccjqMhWi.s:82     .text.USBD_HS_LangIDStrDescriptor:00000008 $d
C:\Users\ADMINI~1\AppData\Local\Temp\ccjqMhWi.s:87     .text.IntToUnicode:00000000 $t
C:\Users\ADMINI~1\AppData\Local\Temp\ccjqMhWi.s:92     .text.IntToUnicode:00000000 IntToUnicode
C:\Users\ADMINI~1\AppData\Local\Temp\ccjqMhWi.s:170    .text.Get_SerialNum:00000000 $t
C:\Users\ADMINI~1\AppData\Local\Temp\ccjqMhWi.s:175    .text.Get_SerialNum:00000000 Get_SerialNum
C:\Users\ADMINI~1\AppData\Local\Temp\ccjqMhWi.s:232    .text.Get_SerialNum:00000030 $d
C:\Users\ADMINI~1\AppData\Local\Temp\ccjqMhWi.s:238    .text.USBD_HS_SerialStrDescriptor:00000000 $t
C:\Users\ADMINI~1\AppData\Local\Temp\ccjqMhWi.s:244    .text.USBD_HS_SerialStrDescriptor:00000000 USBD_HS_SerialStrDescriptor
C:\Users\ADMINI~1\AppData\Local\Temp\ccjqMhWi.s:272    .text.USBD_HS_SerialStrDescriptor:00000010 $d
C:\Users\ADMINI~1\AppData\Local\Temp\ccjqMhWi.s:277    .rodata.USBD_HS_ProductStrDescriptor.str1.4:00000000 $d
C:\Users\ADMINI~1\AppData\Local\Temp\ccjqMhWi.s:281    .text.USBD_HS_ProductStrDescriptor:00000000 $t
C:\Users\ADMINI~1\AppData\Local\Temp\ccjqMhWi.s:287    .text.USBD_HS_ProductStrDescriptor:00000000 USBD_HS_ProductStrDescriptor
C:\Users\ADMINI~1\AppData\Local\Temp\ccjqMhWi.s:334    .text.USBD_HS_ProductStrDescriptor:0000001c $d
C:\Users\ADMINI~1\AppData\Local\Temp\ccjqMhWi.s:340    .rodata.USBD_HS_ManufacturerStrDescriptor.str1.4:00000000 $d
C:\Users\ADMINI~1\AppData\Local\Temp\ccjqMhWi.s:344    .text.USBD_HS_ManufacturerStrDescriptor:00000000 $t
C:\Users\ADMINI~1\AppData\Local\Temp\ccjqMhWi.s:350    .text.USBD_HS_ManufacturerStrDescriptor:00000000 USBD_HS_ManufacturerStrDescriptor
C:\Users\ADMINI~1\AppData\Local\Temp\ccjqMhWi.s:382    .text.USBD_HS_ManufacturerStrDescriptor:00000014 $d
C:\Users\ADMINI~1\AppData\Local\Temp\ccjqMhWi.s:388    .rodata.USBD_HS_ConfigStrDescriptor.str1.4:00000000 $d
C:\Users\ADMINI~1\AppData\Local\Temp\ccjqMhWi.s:392    .text.USBD_HS_ConfigStrDescriptor:00000000 $t
C:\Users\ADMINI~1\AppData\Local\Temp\ccjqMhWi.s:398    .text.USBD_HS_ConfigStrDescriptor:00000000 USBD_HS_ConfigStrDescriptor
C:\Users\ADMINI~1\AppData\Local\Temp\ccjqMhWi.s:445    .text.USBD_HS_ConfigStrDescriptor:0000001c $d
C:\Users\ADMINI~1\AppData\Local\Temp\ccjqMhWi.s:451    .rodata.USBD_HS_InterfaceStrDescriptor.str1.4:00000000 $d
C:\Users\ADMINI~1\AppData\Local\Temp\ccjqMhWi.s:455    .text.USBD_HS_InterfaceStrDescriptor:00000000 $t
C:\Users\ADMINI~1\AppData\Local\Temp\ccjqMhWi.s:461    .text.USBD_HS_InterfaceStrDescriptor:00000000 USBD_HS_InterfaceStrDescriptor
C:\Users\ADMINI~1\AppData\Local\Temp\ccjqMhWi.s:508    .text.USBD_HS_InterfaceStrDescriptor:0000001c $d
C:\Users\ADMINI~1\AppData\Local\Temp\ccjqMhWi.s:557    .data.USBD_StringSerial:00000000 USBD_StringSerial
C:\Users\ADMINI~1\AppData\Local\Temp\ccjqMhWi.s:523    .bss.USBD_StrDesc:00000000 USBD_StrDesc
C:\Users\ADMINI~1\AppData\Local\Temp\ccjqMhWi.s:550    .data.USBD_LangIDDesc:00000000 USBD_LangIDDesc
C:\Users\ADMINI~1\AppData\Local\Temp\ccjqMhWi.s:542    .data.USBD_HS_DeviceDesc:00000000 USBD_HS_DeviceDesc
C:\Users\ADMINI~1\AppData\Local\Temp\ccjqMhWi.s:529    .data.HS_Desc:00000000 HS_Desc
C:\Users\ADMINI~1\AppData\Local\Temp\ccjqMhWi.s:519    .bss.USBD_StrDesc:00000000 $d
C:\Users\ADMINI~1\AppData\Local\Temp\ccjqMhWi.s:526    .data.HS_Desc:00000000 $d
C:\Users\ADMINI~1\AppData\Local\Temp\ccjqMhWi.s:538    .data.USBD_HS_DeviceDesc:00000000 $d
C:\Users\ADMINI~1\AppData\Local\Temp\ccjqMhWi.s:546    .data.USBD_LangIDDesc:00000000 $d
C:\Users\ADMINI~1\AppData\Local\Temp\ccjqMhWi.s:553    .data.USBD_StringSerial:00000000 $d

UNDEFINED SYMBOLS
USBD_GetString
