ARM GAS  C:\Users\ADMINI~1\AppData\Local\Temp\ccJKdLSY.s 			page 1


   1              		.cpu cortex-m4
   2              		.arch armv7e-m
   3              		.fpu fpv4-sp-d16
   4              		.eabi_attribute 27, 1
   5              		.eabi_attribute 28, 1
   6              		.eabi_attribute 20, 1
   7              		.eabi_attribute 21, 1
   8              		.eabi_attribute 23, 3
   9              		.eabi_attribute 24, 1
  10              		.eabi_attribute 25, 1
  11              		.eabi_attribute 26, 1
  12              		.eabi_attribute 30, 1
  13              		.eabi_attribute 34, 1
  14              		.eabi_attribute 18, 4
  15              		.file	"freertos.c"
  16              		.text
  17              	.Ltext0:
  18              		.cfi_sections	.debug_frame
  19              		.section	.text.StartDefaultTask,"ax",%progbits
  20              		.align	1
  21              		.global	StartDefaultTask
  22              		.syntax unified
  23              		.thumb
  24              		.thumb_func
  26              	StartDefaultTask:
  27              	.LVL0:
  28              	.LFB139:
  29              		.file 1 "Src/freertos.c"
   1:Src/freertos.c **** /* USER CODE BEGIN Header */
   2:Src/freertos.c **** /**
   3:Src/freertos.c ****   ******************************************************************************
   4:Src/freertos.c ****   * File Name          : freertos.c
   5:Src/freertos.c ****   * Description        : Code for freertos applications
   6:Src/freertos.c ****   ******************************************************************************
   7:Src/freertos.c ****   * @attention
   8:Src/freertos.c ****   *
   9:Src/freertos.c ****   * Copyright (c) 2022 STMicroelectronics.
  10:Src/freertos.c ****   * All rights reserved.
  11:Src/freertos.c ****   *
  12:Src/freertos.c ****   * This software is licensed under terms that can be found in the LICENSE file
  13:Src/freertos.c ****   * in the root directory of this software component.
  14:Src/freertos.c ****   * If no LICENSE file comes with this software, it is provided AS-IS.
  15:Src/freertos.c ****   *
  16:Src/freertos.c ****   ******************************************************************************
  17:Src/freertos.c ****   */
  18:Src/freertos.c **** /* USER CODE END Header */
  19:Src/freertos.c **** 
  20:Src/freertos.c **** /* Includes ------------------------------------------------------------------*/
  21:Src/freertos.c **** #include "FreeRTOS.h"
  22:Src/freertos.c **** #include "task.h"
  23:Src/freertos.c **** #include "main.h"
  24:Src/freertos.c **** #include "cmsis_os.h"
  25:Src/freertos.c **** 
  26:Src/freertos.c **** /* Private includes ----------------------------------------------------------*/
  27:Src/freertos.c **** /* USER CODE BEGIN Includes */
  28:Src/freertos.c **** #include "common_inc.h"
  29:Src/freertos.c **** /* USER CODE END Includes */
ARM GAS  C:\Users\ADMINI~1\AppData\Local\Temp\ccJKdLSY.s 			page 2


  30:Src/freertos.c **** 
  31:Src/freertos.c **** /* Private typedef -----------------------------------------------------------*/
  32:Src/freertos.c **** /* USER CODE BEGIN PTD */
  33:Src/freertos.c **** 
  34:Src/freertos.c **** /* USER CODE END PTD */
  35:Src/freertos.c **** 
  36:Src/freertos.c **** /* Private define ------------------------------------------------------------*/
  37:Src/freertos.c **** /* USER CODE BEGIN PD */
  38:Src/freertos.c **** 
  39:Src/freertos.c **** /* USER CODE END PD */
  40:Src/freertos.c **** 
  41:Src/freertos.c **** /* Private macro -------------------------------------------------------------*/
  42:Src/freertos.c **** /* USER CODE BEGIN PM */
  43:Src/freertos.c **** 
  44:Src/freertos.c **** /* USER CODE END PM */
  45:Src/freertos.c **** 
  46:Src/freertos.c **** /* Private variables ---------------------------------------------------------*/
  47:Src/freertos.c **** /* USER CODE BEGIN Variables */
  48:Src/freertos.c **** 
  49:Src/freertos.c **** /* USER CODE END Variables */
  50:Src/freertos.c **** /* Definitions for defaultTask */
  51:Src/freertos.c **** osThreadId_t defaultTaskHandle;
  52:Src/freertos.c **** const osThreadAttr_t defaultTask_attributes = {
  53:Src/freertos.c ****   .name = "defaultTask",
  54:Src/freertos.c ****   .stack_size = 128 * 4,
  55:Src/freertos.c ****   .priority = (osPriority_t) osPriorityNormal,
  56:Src/freertos.c **** };
  57:Src/freertos.c **** 
  58:Src/freertos.c **** /* Private function prototypes -----------------------------------------------*/
  59:Src/freertos.c **** /* USER CODE BEGIN FunctionPrototypes */
  60:Src/freertos.c **** 
  61:Src/freertos.c **** /* USER CODE END FunctionPrototypes */
  62:Src/freertos.c **** 
  63:Src/freertos.c **** void StartDefaultTask(void *argument);
  64:Src/freertos.c **** 
  65:Src/freertos.c **** extern void MX_USB_DEVICE_Init(void);
  66:Src/freertos.c **** void MX_FREERTOS_Init(void); /* (MISRA C 2004 rule 8.1) */
  67:Src/freertos.c **** 
  68:Src/freertos.c **** /**
  69:Src/freertos.c ****   * @brief  FreeRTOS initialization
  70:Src/freertos.c ****   * @param  None
  71:Src/freertos.c ****   * @retval None
  72:Src/freertos.c ****   */
  73:Src/freertos.c **** void MX_FREERTOS_Init(void) {
  74:Src/freertos.c ****   /* USER CODE BEGIN Init */
  75:Src/freertos.c **** 
  76:Src/freertos.c ****   /* USER CODE END Init */
  77:Src/freertos.c **** 
  78:Src/freertos.c ****   /* USER CODE BEGIN RTOS_MUTEX */
  79:Src/freertos.c ****   /* add mutexes, ... */
  80:Src/freertos.c ****   /* USER CODE END RTOS_MUTEX */
  81:Src/freertos.c **** 
  82:Src/freertos.c ****   /* USER CODE BEGIN RTOS_SEMAPHORES */
  83:Src/freertos.c ****   /* add semaphores, ... */
  84:Src/freertos.c ****   /* USER CODE END RTOS_SEMAPHORES */
  85:Src/freertos.c **** 
  86:Src/freertos.c ****   /* USER CODE BEGIN RTOS_TIMERS */
ARM GAS  C:\Users\ADMINI~1\AppData\Local\Temp\ccJKdLSY.s 			page 3


  87:Src/freertos.c ****   /* start timers, add new ones, ... */
  88:Src/freertos.c ****   /* USER CODE END RTOS_TIMERS */
  89:Src/freertos.c **** 
  90:Src/freertos.c ****   /* USER CODE BEGIN RTOS_QUEUES */
  91:Src/freertos.c ****   /* add queues, ... */
  92:Src/freertos.c ****   /* USER CODE END RTOS_QUEUES */
  93:Src/freertos.c **** 
  94:Src/freertos.c ****   /* Create the thread(s) */
  95:Src/freertos.c ****   /* creation of defaultTask */
  96:Src/freertos.c ****   defaultTaskHandle = osThreadNew(StartDefaultTask, NULL, &defaultTask_attributes);
  97:Src/freertos.c **** 
  98:Src/freertos.c ****   /* USER CODE BEGIN RTOS_THREADS */
  99:Src/freertos.c ****   /* add threads, ... */
 100:Src/freertos.c ****   /* USER CODE END RTOS_THREADS */
 101:Src/freertos.c **** 
 102:Src/freertos.c ****   /* USER CODE BEGIN RTOS_EVENTS */
 103:Src/freertos.c ****   /* add events, ... */
 104:Src/freertos.c ****   /* USER CODE END RTOS_EVENTS */
 105:Src/freertos.c **** 
 106:Src/freertos.c **** }
 107:Src/freertos.c **** 
 108:Src/freertos.c **** /* USER CODE BEGIN Header_StartDefaultTask */
 109:Src/freertos.c **** /**
 110:Src/freertos.c ****   * @brief  Function implementing the defaultTask thread.
 111:Src/freertos.c ****   * @param  argument: Not used
 112:Src/freertos.c ****   * @retval None
 113:Src/freertos.c ****   */
 114:Src/freertos.c **** /* USER CODE END Header_StartDefaultTask */
 115:Src/freertos.c **** void StartDefaultTask(void *argument)
 116:Src/freertos.c **** {
  30              		.loc 1 116 1 view -0
  31              		.cfi_startproc
  32              		@ args = 0, pretend = 0, frame = 0
  33              		@ frame_needed = 0, uses_anonymous_args = 0
  34              		.loc 1 116 1 is_stmt 0 view .LVU1
  35 0000 08B5     		push	{r3, lr}
  36              	.LCFI0:
  37              		.cfi_def_cfa_offset 8
  38              		.cfi_offset 3, -8
  39              		.cfi_offset 14, -4
 117:Src/freertos.c ****   /* init code for USB_DEVICE */
 118:Src/freertos.c ****   MX_USB_DEVICE_Init();
  40              		.loc 1 118 3 is_stmt 1 view .LVU2
  41 0002 FFF7FEFF 		bl	MX_USB_DEVICE_Init
  42              	.LVL1:
 119:Src/freertos.c ****   /* USER CODE BEGIN StartDefaultTask */
 120:Src/freertos.c ****   /* Infinite loop */
 121:Src/freertos.c ****   Main();
  43              		.loc 1 121 3 view .LVU3
  44 0006 FFF7FEFF 		bl	Main
  45              	.LVL2:
 122:Src/freertos.c ****   /* for(;;)
 123:Src/freertos.c ****   {
 124:Src/freertos.c ****     osDelay(1);
 125:Src/freertos.c ****   } */
 126:Src/freertos.c ****   vTaskDelete(defaultTaskHandle);
  46              		.loc 1 126 3 view .LVU4
ARM GAS  C:\Users\ADMINI~1\AppData\Local\Temp\ccJKdLSY.s 			page 4


  47 000a 024B     		ldr	r3, .L3
  48 000c 1868     		ldr	r0, [r3]
  49 000e FFF7FEFF 		bl	vTaskDelete
  50              	.LVL3:
 127:Src/freertos.c ****   /* USER CODE END StartDefaultTask */
 128:Src/freertos.c **** }
  51              		.loc 1 128 1 is_stmt 0 view .LVU5
  52 0012 08BD     		pop	{r3, pc}
  53              	.L4:
  54              		.align	2
  55              	.L3:
  56 0014 00000000 		.word	.LANCHOR0
  57              		.cfi_endproc
  58              	.LFE139:
  60              		.section	.text.MX_FREERTOS_Init,"ax",%progbits
  61              		.align	1
  62              		.global	MX_FREERTOS_Init
  63              		.syntax unified
  64              		.thumb
  65              		.thumb_func
  67              	MX_FREERTOS_Init:
  68              	.LFB138:
  73:Src/freertos.c ****   /* USER CODE BEGIN Init */
  69              		.loc 1 73 29 is_stmt 1 view -0
  70              		.cfi_startproc
  71              		@ args = 0, pretend = 0, frame = 0
  72              		@ frame_needed = 0, uses_anonymous_args = 0
  73 0000 08B5     		push	{r3, lr}
  74              	.LCFI1:
  75              		.cfi_def_cfa_offset 8
  76              		.cfi_offset 3, -8
  77              		.cfi_offset 14, -4
  96:Src/freertos.c **** 
  78              		.loc 1 96 3 view .LVU7
  96:Src/freertos.c **** 
  79              		.loc 1 96 23 is_stmt 0 view .LVU8
  80 0002 044A     		ldr	r2, .L7
  81 0004 0021     		movs	r1, #0
  82 0006 0448     		ldr	r0, .L7+4
  83 0008 FFF7FEFF 		bl	osThreadNew
  84              	.LVL4:
  96:Src/freertos.c **** 
  85              		.loc 1 96 21 view .LVU9
  86 000c 034B     		ldr	r3, .L7+8
  87 000e 1860     		str	r0, [r3]
 106:Src/freertos.c **** 
  88              		.loc 1 106 1 view .LVU10
  89 0010 08BD     		pop	{r3, pc}
  90              	.L8:
  91 0012 00BF     		.align	2
  92              	.L7:
  93 0014 00000000 		.word	.LANCHOR1
  94 0018 00000000 		.word	StartDefaultTask
  95 001c 00000000 		.word	.LANCHOR0
  96              		.cfi_endproc
  97              	.LFE138:
  99              		.global	defaultTask_attributes
ARM GAS  C:\Users\ADMINI~1\AppData\Local\Temp\ccJKdLSY.s 			page 5


 100              		.section	.rodata.str1.4,"aMS",%progbits,1
 101              		.align	2
 102              	.LC0:
 103 0000 64656661 		.ascii	"defaultTask\000"
 103      756C7454 
 103      61736B00 
 104              		.global	defaultTaskHandle
 105              		.section	.bss.defaultTaskHandle,"aw",%nobits
 106              		.align	2
 107              		.set	.LANCHOR0,. + 0
 110              	defaultTaskHandle:
 111 0000 00000000 		.space	4
 112              		.section	.rodata.defaultTask_attributes,"a"
 113              		.align	2
 114              		.set	.LANCHOR1,. + 0
 117              	defaultTask_attributes:
 118 0000 00000000 		.word	.LC0
 119 0004 00000000 		.space	16
 119      00000000 
 119      00000000 
 119      00000000 
 120 0014 00020000 		.word	512
 121 0018 18000000 		.word	24
 122 001c 00000000 		.space	8
 122      00000000 
 123              		.text
 124              	.Letext0:
 125              		.file 2 "c:\\program files (x86)\\gnu arm embedded toolchain\\10 2021.10\\arm-none-eabi\\include\\
 126              		.file 3 "c:\\program files (x86)\\gnu arm embedded toolchain\\10 2021.10\\arm-none-eabi\\include\\
 127              		.file 4 "Middlewares/Third_Party/FreeRTOS/Source/CMSIS_RTOS_V2/cmsis_os2.h"
 128              		.file 5 "user/common_inc.h"
 129              		.file 6 "Middlewares/Third_Party/FreeRTOS/Source/include/task.h"
ARM GAS  C:\Users\ADMINI~1\AppData\Local\Temp\ccJKdLSY.s 			page 6


DEFINED SYMBOLS
                            *ABS*:00000000 freertos.c
C:\Users\ADMINI~1\AppData\Local\Temp\ccJKdLSY.s:20     .text.StartDefaultTask:00000000 $t
C:\Users\ADMINI~1\AppData\Local\Temp\ccJKdLSY.s:26     .text.StartDefaultTask:00000000 StartDefaultTask
C:\Users\ADMINI~1\AppData\Local\Temp\ccJKdLSY.s:56     .text.StartDefaultTask:00000014 $d
C:\Users\ADMINI~1\AppData\Local\Temp\ccJKdLSY.s:61     .text.MX_FREERTOS_Init:00000000 $t
C:\Users\ADMINI~1\AppData\Local\Temp\ccJKdLSY.s:67     .text.MX_FREERTOS_Init:00000000 MX_FREERTOS_Init
C:\Users\ADMINI~1\AppData\Local\Temp\ccJKdLSY.s:93     .text.MX_FREERTOS_Init:00000014 $d
C:\Users\ADMINI~1\AppData\Local\Temp\ccJKdLSY.s:117    .rodata.defaultTask_attributes:00000000 defaultTask_attributes
C:\Users\ADMINI~1\AppData\Local\Temp\ccJKdLSY.s:101    .rodata.str1.4:00000000 $d
C:\Users\ADMINI~1\AppData\Local\Temp\ccJKdLSY.s:110    .bss.defaultTaskHandle:00000000 defaultTaskHandle
C:\Users\ADMINI~1\AppData\Local\Temp\ccJKdLSY.s:106    .bss.defaultTaskHandle:00000000 $d
C:\Users\ADMINI~1\AppData\Local\Temp\ccJKdLSY.s:113    .rodata.defaultTask_attributes:00000000 $d

UNDEFINED SYMBOLS
MX_USB_DEVICE_Init
Main
vTaskDelete
osThreadNew
