ARM GAS  C:\Users\ADMINI~1\AppData\Local\Temp\ccdlx1kh.s 			page 1


   1              		.cpu cortex-m4
   2              		.arch armv7e-m
   3              		.fpu fpv4-sp-d16
   4              		.eabi_attribute 27, 1
   5              		.eabi_attribute 28, 1
   6              		.eabi_attribute 20, 1
   7              		.eabi_attribute 21, 1
   8              		.eabi_attribute 23, 3
   9              		.eabi_attribute 24, 1
  10              		.eabi_attribute 25, 1
  11              		.eabi_attribute 26, 1
  12              		.eabi_attribute 30, 1
  13              		.eabi_attribute 34, 1
  14              		.eabi_attribute 18, 4
  15              		.file	"gpio.c"
  16              		.text
  17              	.Ltext0:
  18              		.cfi_sections	.debug_frame
  19              		.section	.text.MX_GPIO_Init,"ax",%progbits
  20              		.align	1
  21              		.global	MX_GPIO_Init
  22              		.syntax unified
  23              		.thumb
  24              		.thumb_func
  26              	MX_GPIO_Init:
  27              	.LFB130:
  28              		.file 1 "Src/gpio.c"
   1:Src/gpio.c    **** /* USER CODE BEGIN Header */
   2:Src/gpio.c    **** /**
   3:Src/gpio.c    ****   ******************************************************************************
   4:Src/gpio.c    ****   * @file    gpio.c
   5:Src/gpio.c    ****   * @brief   This file provides code for the configuration
   6:Src/gpio.c    ****   *          of all used GPIO pins.
   7:Src/gpio.c    ****   ******************************************************************************
   8:Src/gpio.c    ****   * @attention
   9:Src/gpio.c    ****   *
  10:Src/gpio.c    ****   * Copyright (c) 2022 STMicroelectronics.
  11:Src/gpio.c    ****   * All rights reserved.
  12:Src/gpio.c    ****   *
  13:Src/gpio.c    ****   * This software is licensed under terms that can be found in the LICENSE file
  14:Src/gpio.c    ****   * in the root directory of this software component.
  15:Src/gpio.c    ****   * If no LICENSE file comes with this software, it is provided AS-IS.
  16:Src/gpio.c    ****   *
  17:Src/gpio.c    ****   ******************************************************************************
  18:Src/gpio.c    ****   */
  19:Src/gpio.c    **** /* USER CODE END Header */
  20:Src/gpio.c    **** 
  21:Src/gpio.c    **** /* Includes ------------------------------------------------------------------*/
  22:Src/gpio.c    **** #include "gpio.h"
  23:Src/gpio.c    **** 
  24:Src/gpio.c    **** /* USER CODE BEGIN 0 */
  25:Src/gpio.c    **** 
  26:Src/gpio.c    **** /* USER CODE END 0 */
  27:Src/gpio.c    **** 
  28:Src/gpio.c    **** /*----------------------------------------------------------------------------*/
  29:Src/gpio.c    **** /* Configure GPIO                                                             */
  30:Src/gpio.c    **** /*----------------------------------------------------------------------------*/
ARM GAS  C:\Users\ADMINI~1\AppData\Local\Temp\ccdlx1kh.s 			page 2


  31:Src/gpio.c    **** /* USER CODE BEGIN 1 */
  32:Src/gpio.c    **** 
  33:Src/gpio.c    **** /* USER CODE END 1 */
  34:Src/gpio.c    **** 
  35:Src/gpio.c    **** /** Configure pins as
  36:Src/gpio.c    ****         * Analog
  37:Src/gpio.c    ****         * Input
  38:Src/gpio.c    ****         * Output
  39:Src/gpio.c    ****         * EVENT_OUT
  40:Src/gpio.c    ****         * EXTI
  41:Src/gpio.c    **** */
  42:Src/gpio.c    **** void MX_GPIO_Init(void)
  43:Src/gpio.c    **** {
  29              		.loc 1 43 1 view -0
  30              		.cfi_startproc
  31              		@ args = 0, pretend = 0, frame = 40
  32              		@ frame_needed = 0, uses_anonymous_args = 0
  33 0000 F0B5     		push	{r4, r5, r6, r7, lr}
  34              	.LCFI0:
  35              		.cfi_def_cfa_offset 20
  36              		.cfi_offset 4, -20
  37              		.cfi_offset 5, -16
  38              		.cfi_offset 6, -12
  39              		.cfi_offset 7, -8
  40              		.cfi_offset 14, -4
  41 0002 8BB0     		sub	sp, sp, #44
  42              	.LCFI1:
  43              		.cfi_def_cfa_offset 64
  44:Src/gpio.c    **** 
  45:Src/gpio.c    ****   GPIO_InitTypeDef GPIO_InitStruct = {0};
  44              		.loc 1 45 3 view .LVU1
  45              		.loc 1 45 20 is_stmt 0 view .LVU2
  46 0004 0024     		movs	r4, #0
  47 0006 0594     		str	r4, [sp, #20]
  48 0008 0694     		str	r4, [sp, #24]
  49 000a 0794     		str	r4, [sp, #28]
  50 000c 0894     		str	r4, [sp, #32]
  51 000e 0994     		str	r4, [sp, #36]
  46:Src/gpio.c    **** 
  47:Src/gpio.c    ****   /* GPIO Ports Clock Enable */
  48:Src/gpio.c    ****   __HAL_RCC_GPIOH_CLK_ENABLE();
  52              		.loc 1 48 3 is_stmt 1 view .LVU3
  53              	.LBB2:
  54              		.loc 1 48 3 view .LVU4
  55 0010 0194     		str	r4, [sp, #4]
  56              		.loc 1 48 3 view .LVU5
  57 0012 344B     		ldr	r3, .L3
  58 0014 1A6B     		ldr	r2, [r3, #48]
  59 0016 42F08002 		orr	r2, r2, #128
  60 001a 1A63     		str	r2, [r3, #48]
  61              		.loc 1 48 3 view .LVU6
  62 001c 1A6B     		ldr	r2, [r3, #48]
  63 001e 02F08002 		and	r2, r2, #128
  64 0022 0192     		str	r2, [sp, #4]
  65              		.loc 1 48 3 view .LVU7
  66 0024 019A     		ldr	r2, [sp, #4]
  67              	.LBE2:
ARM GAS  C:\Users\ADMINI~1\AppData\Local\Temp\ccdlx1kh.s 			page 3


  68              		.loc 1 48 3 view .LVU8
  49:Src/gpio.c    ****   __HAL_RCC_GPIOC_CLK_ENABLE();
  69              		.loc 1 49 3 view .LVU9
  70              	.LBB3:
  71              		.loc 1 49 3 view .LVU10
  72 0026 0294     		str	r4, [sp, #8]
  73              		.loc 1 49 3 view .LVU11
  74 0028 1A6B     		ldr	r2, [r3, #48]
  75 002a 42F00402 		orr	r2, r2, #4
  76 002e 1A63     		str	r2, [r3, #48]
  77              		.loc 1 49 3 view .LVU12
  78 0030 1A6B     		ldr	r2, [r3, #48]
  79 0032 02F00402 		and	r2, r2, #4
  80 0036 0292     		str	r2, [sp, #8]
  81              		.loc 1 49 3 view .LVU13
  82 0038 029A     		ldr	r2, [sp, #8]
  83              	.LBE3:
  84              		.loc 1 49 3 view .LVU14
  50:Src/gpio.c    ****   __HAL_RCC_GPIOA_CLK_ENABLE();
  85              		.loc 1 50 3 view .LVU15
  86              	.LBB4:
  87              		.loc 1 50 3 view .LVU16
  88 003a 0394     		str	r4, [sp, #12]
  89              		.loc 1 50 3 view .LVU17
  90 003c 1A6B     		ldr	r2, [r3, #48]
  91 003e 42F00102 		orr	r2, r2, #1
  92 0042 1A63     		str	r2, [r3, #48]
  93              		.loc 1 50 3 view .LVU18
  94 0044 1A6B     		ldr	r2, [r3, #48]
  95 0046 02F00102 		and	r2, r2, #1
  96 004a 0392     		str	r2, [sp, #12]
  97              		.loc 1 50 3 view .LVU19
  98 004c 039A     		ldr	r2, [sp, #12]
  99              	.LBE4:
 100              		.loc 1 50 3 view .LVU20
  51:Src/gpio.c    ****   __HAL_RCC_GPIOB_CLK_ENABLE();
 101              		.loc 1 51 3 view .LVU21
 102              	.LBB5:
 103              		.loc 1 51 3 view .LVU22
 104 004e 0494     		str	r4, [sp, #16]
 105              		.loc 1 51 3 view .LVU23
 106 0050 1A6B     		ldr	r2, [r3, #48]
 107 0052 42F00202 		orr	r2, r2, #2
 108 0056 1A63     		str	r2, [r3, #48]
 109              		.loc 1 51 3 view .LVU24
 110 0058 1B6B     		ldr	r3, [r3, #48]
 111 005a 03F00203 		and	r3, r3, #2
 112 005e 0493     		str	r3, [sp, #16]
 113              		.loc 1 51 3 view .LVU25
 114 0060 049B     		ldr	r3, [sp, #16]
 115              	.LBE5:
 116              		.loc 1 51 3 view .LVU26
  52:Src/gpio.c    **** 
  53:Src/gpio.c    ****   /*Configure GPIO pin Output Level */
  54:Src/gpio.c    ****   HAL_GPIO_WritePin(spiFlashCs_GPIO_Port, spiFlashCs_Pin, GPIO_PIN_SET);
 117              		.loc 1 54 3 view .LVU27
 118 0062 214F     		ldr	r7, .L3+4
ARM GAS  C:\Users\ADMINI~1\AppData\Local\Temp\ccdlx1kh.s 			page 4


 119 0064 0122     		movs	r2, #1
 120 0066 1021     		movs	r1, #16
 121 0068 3846     		mov	r0, r7
 122 006a FFF7FEFF 		bl	HAL_GPIO_WritePin
 123              	.LVL0:
  55:Src/gpio.c    **** 
  56:Src/gpio.c    ****   /*Configure GPIO pin Output Level */
  57:Src/gpio.c    ****   HAL_GPIO_WritePin(LCD_BL_GPIO_Port, LCD_BL_Pin, GPIO_PIN_RESET);
 124              		.loc 1 57 3 view .LVU28
 125 006e 2246     		mov	r2, r4
 126 0070 4FF40061 		mov	r1, #2048
 127 0074 3846     		mov	r0, r7
 128 0076 FFF7FEFF 		bl	HAL_GPIO_WritePin
 129              	.LVL1:
  58:Src/gpio.c    **** 
  59:Src/gpio.c    ****   /*Configure GPIO pin Output Level */
  60:Src/gpio.c    ****   HAL_GPIO_WritePin(GPIOB, LCD_DC_Pin|LCD_RES_Pin, GPIO_PIN_RESET);
 130              		.loc 1 60 3 view .LVU29
 131 007a 1C4E     		ldr	r6, .L3+8
 132 007c 2246     		mov	r2, r4
 133 007e 5021     		movs	r1, #80
 134 0080 3046     		mov	r0, r6
 135 0082 FFF7FEFF 		bl	HAL_GPIO_WritePin
 136              	.LVL2:
  61:Src/gpio.c    **** 
  62:Src/gpio.c    ****   /*Configure GPIO pin Output Level */
  63:Src/gpio.c    ****   HAL_GPIO_WritePin(LCD_CS_GPIO_Port, LCD_CS_Pin, GPIO_PIN_SET);
 137              		.loc 1 63 3 view .LVU30
 138 0086 0122     		movs	r2, #1
 139 0088 8021     		movs	r1, #128
 140 008a 3046     		mov	r0, r6
 141 008c FFF7FEFF 		bl	HAL_GPIO_WritePin
 142              	.LVL3:
  64:Src/gpio.c    **** 
  65:Src/gpio.c    ****   /*Configure GPIO pin : PtPin */
  66:Src/gpio.c    ****   GPIO_InitStruct.Pin = spiFlashCs_Pin;
 143              		.loc 1 66 3 view .LVU31
 144              		.loc 1 66 23 is_stmt 0 view .LVU32
 145 0090 1023     		movs	r3, #16
 146 0092 0593     		str	r3, [sp, #20]
  67:Src/gpio.c    ****   GPIO_InitStruct.Mode = GPIO_MODE_OUTPUT_PP;
 147              		.loc 1 67 3 is_stmt 1 view .LVU33
 148              		.loc 1 67 24 is_stmt 0 view .LVU34
 149 0094 0125     		movs	r5, #1
 150 0096 0695     		str	r5, [sp, #24]
  68:Src/gpio.c    ****   GPIO_InitStruct.Pull = GPIO_PULLUP;
 151              		.loc 1 68 3 is_stmt 1 view .LVU35
 152              		.loc 1 68 24 is_stmt 0 view .LVU36
 153 0098 0795     		str	r5, [sp, #28]
  69:Src/gpio.c    ****   GPIO_InitStruct.Speed = GPIO_SPEED_FREQ_LOW;
 154              		.loc 1 69 3 is_stmt 1 view .LVU37
 155              		.loc 1 69 25 is_stmt 0 view .LVU38
 156 009a 0894     		str	r4, [sp, #32]
  70:Src/gpio.c    ****   HAL_GPIO_Init(spiFlashCs_GPIO_Port, &GPIO_InitStruct);
 157              		.loc 1 70 3 is_stmt 1 view .LVU39
 158 009c 05A9     		add	r1, sp, #20
 159 009e 3846     		mov	r0, r7
ARM GAS  C:\Users\ADMINI~1\AppData\Local\Temp\ccdlx1kh.s 			page 5


 160 00a0 FFF7FEFF 		bl	HAL_GPIO_Init
 161              	.LVL4:
  71:Src/gpio.c    **** 
  72:Src/gpio.c    ****   /*Configure GPIO pin : PtPin */
  73:Src/gpio.c    ****   GPIO_InitStruct.Pin = LCD_BL_Pin;
 162              		.loc 1 73 3 view .LVU40
 163              		.loc 1 73 23 is_stmt 0 view .LVU41
 164 00a4 4FF40063 		mov	r3, #2048
 165 00a8 0593     		str	r3, [sp, #20]
  74:Src/gpio.c    ****   GPIO_InitStruct.Mode = GPIO_MODE_OUTPUT_PP;
 166              		.loc 1 74 3 is_stmt 1 view .LVU42
 167              		.loc 1 74 24 is_stmt 0 view .LVU43
 168 00aa 0695     		str	r5, [sp, #24]
  75:Src/gpio.c    ****   GPIO_InitStruct.Pull = GPIO_NOPULL;
 169              		.loc 1 75 3 is_stmt 1 view .LVU44
 170              		.loc 1 75 24 is_stmt 0 view .LVU45
 171 00ac 0794     		str	r4, [sp, #28]
  76:Src/gpio.c    ****   GPIO_InitStruct.Speed = GPIO_SPEED_FREQ_LOW;
 172              		.loc 1 76 3 is_stmt 1 view .LVU46
 173              		.loc 1 76 25 is_stmt 0 view .LVU47
 174 00ae 0894     		str	r4, [sp, #32]
  77:Src/gpio.c    ****   HAL_GPIO_Init(LCD_BL_GPIO_Port, &GPIO_InitStruct);
 175              		.loc 1 77 3 is_stmt 1 view .LVU48
 176 00b0 05A9     		add	r1, sp, #20
 177 00b2 3846     		mov	r0, r7
 178 00b4 FFF7FEFF 		bl	HAL_GPIO_Init
 179              	.LVL5:
  78:Src/gpio.c    **** 
  79:Src/gpio.c    ****   /*Configure GPIO pins : PBPin PBPin */
  80:Src/gpio.c    ****   GPIO_InitStruct.Pin = LCD_DC_Pin|LCD_RES_Pin;
 180              		.loc 1 80 3 view .LVU49
 181              		.loc 1 80 23 is_stmt 0 view .LVU50
 182 00b8 5023     		movs	r3, #80
 183 00ba 0593     		str	r3, [sp, #20]
  81:Src/gpio.c    ****   GPIO_InitStruct.Mode = GPIO_MODE_OUTPUT_PP;
 184              		.loc 1 81 3 is_stmt 1 view .LVU51
 185              		.loc 1 81 24 is_stmt 0 view .LVU52
 186 00bc 0695     		str	r5, [sp, #24]
  82:Src/gpio.c    ****   GPIO_InitStruct.Pull = GPIO_NOPULL;
 187              		.loc 1 82 3 is_stmt 1 view .LVU53
 188              		.loc 1 82 24 is_stmt 0 view .LVU54
 189 00be 0794     		str	r4, [sp, #28]
  83:Src/gpio.c    ****   GPIO_InitStruct.Speed = GPIO_SPEED_FREQ_VERY_HIGH;
 190              		.loc 1 83 3 is_stmt 1 view .LVU55
 191              		.loc 1 83 25 is_stmt 0 view .LVU56
 192 00c0 0324     		movs	r4, #3
 193 00c2 0894     		str	r4, [sp, #32]
  84:Src/gpio.c    ****   HAL_GPIO_Init(GPIOB, &GPIO_InitStruct);
 194              		.loc 1 84 3 is_stmt 1 view .LVU57
 195 00c4 05A9     		add	r1, sp, #20
 196 00c6 3046     		mov	r0, r6
 197 00c8 FFF7FEFF 		bl	HAL_GPIO_Init
 198              	.LVL6:
  85:Src/gpio.c    **** 
  86:Src/gpio.c    ****   /*Configure GPIO pin : PtPin */
  87:Src/gpio.c    ****   GPIO_InitStruct.Pin = LCD_CS_Pin;
 199              		.loc 1 87 3 view .LVU58
ARM GAS  C:\Users\ADMINI~1\AppData\Local\Temp\ccdlx1kh.s 			page 6


 200              		.loc 1 87 23 is_stmt 0 view .LVU59
 201 00cc 8023     		movs	r3, #128
 202 00ce 0593     		str	r3, [sp, #20]
  88:Src/gpio.c    ****   GPIO_InitStruct.Mode = GPIO_MODE_OUTPUT_PP;
 203              		.loc 1 88 3 is_stmt 1 view .LVU60
 204              		.loc 1 88 24 is_stmt 0 view .LVU61
 205 00d0 0695     		str	r5, [sp, #24]
  89:Src/gpio.c    ****   GPIO_InitStruct.Pull = GPIO_PULLUP;
 206              		.loc 1 89 3 is_stmt 1 view .LVU62
 207              		.loc 1 89 24 is_stmt 0 view .LVU63
 208 00d2 0795     		str	r5, [sp, #28]
  90:Src/gpio.c    ****   GPIO_InitStruct.Speed = GPIO_SPEED_FREQ_VERY_HIGH;
 209              		.loc 1 90 3 is_stmt 1 view .LVU64
 210              		.loc 1 90 25 is_stmt 0 view .LVU65
 211 00d4 0894     		str	r4, [sp, #32]
  91:Src/gpio.c    ****   HAL_GPIO_Init(LCD_CS_GPIO_Port, &GPIO_InitStruct);
 212              		.loc 1 91 3 is_stmt 1 view .LVU66
 213 00d6 05A9     		add	r1, sp, #20
 214 00d8 3046     		mov	r0, r6
 215 00da FFF7FEFF 		bl	HAL_GPIO_Init
 216              	.LVL7:
  92:Src/gpio.c    **** 
  93:Src/gpio.c    **** }
 217              		.loc 1 93 1 is_stmt 0 view .LVU67
 218 00de 0BB0     		add	sp, sp, #44
 219              	.LCFI2:
 220              		.cfi_def_cfa_offset 20
 221              		@ sp needed
 222 00e0 F0BD     		pop	{r4, r5, r6, r7, pc}
 223              	.L4:
 224 00e2 00BF     		.align	2
 225              	.L3:
 226 00e4 00380240 		.word	1073887232
 227 00e8 00000240 		.word	1073872896
 228 00ec 00040240 		.word	1073873920
 229              		.cfi_endproc
 230              	.LFE130:
 232              		.text
 233              	.Letext0:
 234              		.file 2 "c:\\program files (x86)\\gnu arm embedded toolchain\\10 2021.10\\arm-none-eabi\\include\\
 235              		.file 3 "c:\\program files (x86)\\gnu arm embedded toolchain\\10 2021.10\\arm-none-eabi\\include\\
 236              		.file 4 "Drivers/CMSIS/Device/ST/STM32F4xx/Include/stm32f405xx.h"
 237              		.file 5 "Drivers/STM32F4xx_HAL_Driver/Inc/stm32f4xx_hal_gpio.h"
ARM GAS  C:\Users\ADMINI~1\AppData\Local\Temp\ccdlx1kh.s 			page 7


DEFINED SYMBOLS
                            *ABS*:00000000 gpio.c
C:\Users\ADMINI~1\AppData\Local\Temp\ccdlx1kh.s:20     .text.MX_GPIO_Init:00000000 $t
C:\Users\ADMINI~1\AppData\Local\Temp\ccdlx1kh.s:26     .text.MX_GPIO_Init:00000000 MX_GPIO_Init
C:\Users\ADMINI~1\AppData\Local\Temp\ccdlx1kh.s:226    .text.MX_GPIO_Init:000000e4 $d

UNDEFINED SYMBOLS
HAL_GPIO_WritePin
HAL_GPIO_Init
