ARM GAS  C:\Users\ADMINI~1\AppData\Local\Temp\cclwnyWE.s 			page 1


   1              		.cpu cortex-m4
   2              		.arch armv7e-m
   3              		.fpu fpv4-sp-d16
   4              		.eabi_attribute 27, 1
   5              		.eabi_attribute 28, 1
   6              		.eabi_attribute 20, 1
   7              		.eabi_attribute 21, 1
   8              		.eabi_attribute 23, 3
   9              		.eabi_attribute 24, 1
  10              		.eabi_attribute 25, 1
  11              		.eabi_attribute 26, 1
  12              		.eabi_attribute 30, 1
  13              		.eabi_attribute 34, 1
  14              		.eabi_attribute 18, 4
  15              		.file	"main.c"
  16              		.text
  17              	.Ltext0:
  18              		.cfi_sections	.debug_frame
  19              		.section	.text.HAL_TIM_PeriodElapsedCallback,"ax",%progbits
  20              		.align	1
  21              		.global	HAL_TIM_PeriodElapsedCallback
  22              		.syntax unified
  23              		.thumb
  24              		.thumb_func
  26              	HAL_TIM_PeriodElapsedCallback:
  27              	.LVL0:
  28              	.LFB140:
  29              		.file 1 "Src/main.c"
   1:Src/main.c    **** /* USER CODE BEGIN Header */
   2:Src/main.c    **** /**
   3:Src/main.c    ****   ******************************************************************************
   4:Src/main.c    ****   * @file           : main.c
   5:Src/main.c    ****   * @brief          : Main program body
   6:Src/main.c    ****   ******************************************************************************
   7:Src/main.c    ****   * @attention
   8:Src/main.c    ****   *
   9:Src/main.c    ****   * Copyright (c) 2022 STMicroelectronics.
  10:Src/main.c    ****   * All rights reserved.
  11:Src/main.c    ****   *
  12:Src/main.c    ****   * This software is licensed under terms that can be found in the LICENSE file
  13:Src/main.c    ****   * in the root directory of this software component.
  14:Src/main.c    ****   * If no LICENSE file comes with this software, it is provided AS-IS.
  15:Src/main.c    ****   *
  16:Src/main.c    ****   ******************************************************************************
  17:Src/main.c    ****   */
  18:Src/main.c    **** /* USER CODE END Header */
  19:Src/main.c    **** /* Includes ------------------------------------------------------------------*/
  20:Src/main.c    **** #include "main.h"
  21:Src/main.c    **** #include "cmsis_os.h"
  22:Src/main.c    **** #include "dma.h"
  23:Src/main.c    **** #include "i2c.h"
  24:Src/main.c    **** #include "spi.h"
  25:Src/main.c    **** #include "usart.h"
  26:Src/main.c    **** #include "usb_device.h"
  27:Src/main.c    **** #include "gpio.h"
  28:Src/main.c    **** 
  29:Src/main.c    **** /* Private includes ----------------------------------------------------------*/
ARM GAS  C:\Users\ADMINI~1\AppData\Local\Temp\cclwnyWE.s 			page 2


  30:Src/main.c    **** /* USER CODE BEGIN Includes */
  31:Src/main.c    **** #include <stdio.h>
  32:Src/main.c    **** #include "w25q32.h"
  33:Src/main.c    **** /* USER CODE END Includes */
  34:Src/main.c    **** 
  35:Src/main.c    **** /* Private typedef -----------------------------------------------------------*/
  36:Src/main.c    **** /* USER CODE BEGIN PTD */
  37:Src/main.c    **** 
  38:Src/main.c    **** /* USER CODE END PTD */
  39:Src/main.c    **** 
  40:Src/main.c    **** /* Private define ------------------------------------------------------------*/
  41:Src/main.c    **** /* USER CODE BEGIN PD */
  42:Src/main.c    **** /* USER CODE END PD */
  43:Src/main.c    **** 
  44:Src/main.c    **** /* Private macro -------------------------------------------------------------*/
  45:Src/main.c    **** /* USER CODE BEGIN PM */
  46:Src/main.c    **** 
  47:Src/main.c    **** /* USER CODE END PM */
  48:Src/main.c    **** 
  49:Src/main.c    **** /* Private variables ---------------------------------------------------------*/
  50:Src/main.c    **** 
  51:Src/main.c    **** /* USER CODE BEGIN PV */
  52:Src/main.c    **** uint8_t i2cRxData[8];
  53:Src/main.c    **** uint8_t i2cTxData[8];
  54:Src/main.c    **** /* USER CODE END PV */
  55:Src/main.c    **** 
  56:Src/main.c    **** /* Private function prototypes -----------------------------------------------*/
  57:Src/main.c    **** void SystemClock_Config(void);
  58:Src/main.c    **** void MX_FREERTOS_Init(void);
  59:Src/main.c    **** /* USER CODE BEGIN PFP */
  60:Src/main.c    **** 
  61:Src/main.c    **** /* USER CODE END PFP */
  62:Src/main.c    **** 
  63:Src/main.c    **** /* Private user code ---------------------------------------------------------*/
  64:Src/main.c    **** /* USER CODE BEGIN 0 */
  65:Src/main.c    **** /* void TransmitAndReceiveI2cPacket(uint8_t _id)
  66:Src/main.c    **** {
  67:Src/main.c    ****     HAL_StatusTypeDef state = HAL_ERROR;
  68:Src/main.c    ****     do
  69:Src/main.c    ****     {   printf("tttttt");
  70:Src/main.c    ****         state = HAL_I2C_Master_Transmit(&hi2c1, _id, i2cTxData, 5, 50);
  71:Src/main.c    ****     } while (state != HAL_OK);
  72:Src/main.c    ****     do
  73:Src/main.c    ****     {      
  74:Src/main.c    ****         state = HAL_I2C_Master_Receive(&hi2c1, _id, i2cRxData, 5, 50);
  75:Src/main.c    ****     } while (state != HAL_OK);
  76:Src/main.c    **** }
  77:Src/main.c    ****  */
  78:Src/main.c    **** /* int _write(int fd, char *ch, int len)
  79:Src/main.c    **** {
  80:Src/main.c    ****   // int i;  
  81:Src/main.c    ****   HAL_UART_Transmit(&huart1, (uint8_t*)ch, len, 0xFFFF);
  82:Src/main.c    ****   
  83:Src/main.c    ****   return len;
  84:Src/main.c    **** } */
  85:Src/main.c    **** /* USER CODE END 0 */
  86:Src/main.c    **** 
ARM GAS  C:\Users\ADMINI~1\AppData\Local\Temp\cclwnyWE.s 			page 3


  87:Src/main.c    **** /**
  88:Src/main.c    ****   * @brief  The application entry point.
  89:Src/main.c    ****   * @retval int
  90:Src/main.c    ****   */
  91:Src/main.c    **** int main(void)
  92:Src/main.c    **** {
  93:Src/main.c    ****   /* USER CODE BEGIN 1 */
  94:Src/main.c    ****   int i;
  95:Src/main.c    ****   /* USER CODE END 1 */
  96:Src/main.c    **** 
  97:Src/main.c    ****   /* MCU Configuration--------------------------------------------------------*/
  98:Src/main.c    **** 
  99:Src/main.c    ****   /* Reset of all peripherals, Initializes the Flash interface and the Systick. */
 100:Src/main.c    ****   HAL_Init();
 101:Src/main.c    **** 
 102:Src/main.c    ****   /* USER CODE BEGIN Init */
 103:Src/main.c    **** 
 104:Src/main.c    ****   /* USER CODE END Init */
 105:Src/main.c    **** 
 106:Src/main.c    ****   /* Configure the system clock */
 107:Src/main.c    ****   SystemClock_Config();
 108:Src/main.c    **** 
 109:Src/main.c    ****   /* USER CODE BEGIN SysInit */
 110:Src/main.c    **** 
 111:Src/main.c    ****   /* USER CODE END SysInit */
 112:Src/main.c    **** 
 113:Src/main.c    ****   /* Initialize all configured peripherals */
 114:Src/main.c    ****   MX_GPIO_Init();
 115:Src/main.c    ****   MX_DMA_Init();
 116:Src/main.c    ****   MX_I2C1_Init();
 117:Src/main.c    ****   MX_USART1_UART_Init();
 118:Src/main.c    ****   MX_SPI1_Init();
 119:Src/main.c    ****   /* USER CODE BEGIN 2 */
 120:Src/main.c    ****   
 121:Src/main.c    ****   /* // while(HAL_DMA_GetState(&hdma_usart1_tx)==HAL_DMA_STATE_BUSY)
 122:Src/main.c    ****   HAL_Delay(1000);
 123:Src/main.c    ****   HAL_UART_Transmit_DMA(&huart1, "tx_buffer", 9);
 124:Src/main.c    ****   // while(HAL_DMA_GetState(&hdma_usart1_tx)==HAL_DMA_STATE_BUSY)
 125:Src/main.c    ****   HAL_Delay(1000);
 126:Src/main.c    ****   HAL_UART_Transmit_DMA(&huart1, "rx_buffer", 9);
 127:Src/main.c    ****   // while(HAL_DMA_GetState(&hdma_usart1_tx)==HAL_DMA_STATE_BUSY)
 128:Src/main.c    ****   HAL_Delay(1000);
 129:Src/main.c    ****   HAL_UART_Transmit_DMA(&huart1, "ex_buffer", 9);
 130:Src/main.c    ****   HAL_Delay(1000);
 131:Src/main.c    ****   printf("ennnnn...\r\n"); */
 132:Src/main.c    ****   SpiFlash_Init(); 
 133:Src/main.c    ****   printf("hello electronbot coming...\r\n");
 134:Src/main.c    ****  /*  i2cTxData[0]=0x01;
 135:Src/main.c    ****   *(float*)&i2cTxData[1]=30.0f;
 136:Src/main.c    ****   TransmitAndReceiveI2cPacket(12);
 137:Src/main.c    ****   printf("tttt\r\n");
 138:Src/main.c    ****   for(i =0;i<5;i++)
 139:Src/main.c    ****         printf("%.2x ",i2cRxData[i]);
 140:Src/main.c    ****     printf("\r\n");
 141:Src/main.c    ****     while(1); */
 142:Src/main.c    ****   /* USER CODE END 2
 143:Src/main.c    **** 
ARM GAS  C:\Users\ADMINI~1\AppData\Local\Temp\cclwnyWE.s 			page 4


 144:Src/main.c    ****   /* Init scheduler */
 145:Src/main.c    ****   osKernelInitialize();  /* Call init function for freertos objects (in freertos.c) */
 146:Src/main.c    ****   MX_FREERTOS_Init();
 147:Src/main.c    **** 
 148:Src/main.c    ****   /* Start scheduler */
 149:Src/main.c    ****   osKernelStart();
 150:Src/main.c    **** 
 151:Src/main.c    ****   /* We should never get here as control is now taken by the scheduler */
 152:Src/main.c    ****   /* Infinite loop */
 153:Src/main.c    ****   /* USER CODE BEGIN WHILE */
 154:Src/main.c    ****   while (1)
 155:Src/main.c    ****   {
 156:Src/main.c    ****      /*  HAL_StatusTypeDef sta=HAL_UART_Receive(&huart1, i2cTxData, 6, 0xffffffff);
 157:Src/main.c    ****     if(sta == HAL_OK)
 158:Src/main.c    ****     {
 159:Src/main.c    ****        for(i =0;i<6;i++)
 160:Src/main.c    ****          printf("%.2x ",i2cTxData[i]);
 161:Src/main.c    ****        printf("\r\n");
 162:Src/main.c    ****        TransmitAndReceiveI2cPacket(i2cTxData[5]);
 163:Src/main.c    ****        for(i =0;i<5;i++)
 164:Src/main.c    ****         printf("%.2x ",i2cRxData[i]);
 165:Src/main.c    ****       printf("\r\n");
 166:Src/main.c    **** 
 167:Src/main.c    ****     } */
 168:Src/main.c    ****     /* USER CODE END WHILE */
 169:Src/main.c    **** 
 170:Src/main.c    ****     /* USER CODE BEGIN 3 */
 171:Src/main.c    ****   }
 172:Src/main.c    ****   /* USER CODE END 3 */
 173:Src/main.c    **** }
 174:Src/main.c    **** 
 175:Src/main.c    **** /**
 176:Src/main.c    ****   * @brief System Clock Configuration
 177:Src/main.c    ****   * @retval None
 178:Src/main.c    ****   */
 179:Src/main.c    **** void SystemClock_Config(void)
 180:Src/main.c    **** {
 181:Src/main.c    ****   RCC_OscInitTypeDef RCC_OscInitStruct = {0};
 182:Src/main.c    ****   RCC_ClkInitTypeDef RCC_ClkInitStruct = {0};
 183:Src/main.c    **** 
 184:Src/main.c    ****   /** Configure the main internal regulator output voltage
 185:Src/main.c    ****   */
 186:Src/main.c    ****   __HAL_RCC_PWR_CLK_ENABLE();
 187:Src/main.c    ****   __HAL_PWR_VOLTAGESCALING_CONFIG(PWR_REGULATOR_VOLTAGE_SCALE1);
 188:Src/main.c    **** 
 189:Src/main.c    ****   /** Initializes the RCC Oscillators according to the specified parameters
 190:Src/main.c    ****   * in the RCC_OscInitTypeDef structure.
 191:Src/main.c    ****   */
 192:Src/main.c    ****   RCC_OscInitStruct.OscillatorType = RCC_OSCILLATORTYPE_HSE;
 193:Src/main.c    ****   RCC_OscInitStruct.HSEState = RCC_HSE_ON;
 194:Src/main.c    ****   RCC_OscInitStruct.PLL.PLLState = RCC_PLL_ON;
 195:Src/main.c    ****   RCC_OscInitStruct.PLL.PLLSource = RCC_PLLSOURCE_HSE;
 196:Src/main.c    ****   RCC_OscInitStruct.PLL.PLLM = 4;
 197:Src/main.c    ****   RCC_OscInitStruct.PLL.PLLN = 168;
 198:Src/main.c    ****   RCC_OscInitStruct.PLL.PLLP = RCC_PLLP_DIV2;
 199:Src/main.c    ****   RCC_OscInitStruct.PLL.PLLQ = 4;
 200:Src/main.c    ****   if (HAL_RCC_OscConfig(&RCC_OscInitStruct) != HAL_OK)
ARM GAS  C:\Users\ADMINI~1\AppData\Local\Temp\cclwnyWE.s 			page 5


 201:Src/main.c    ****   {
 202:Src/main.c    ****     Error_Handler();
 203:Src/main.c    ****   }
 204:Src/main.c    **** 
 205:Src/main.c    ****   /** Initializes the CPU, AHB and APB buses clocks
 206:Src/main.c    ****   */
 207:Src/main.c    ****   RCC_ClkInitStruct.ClockType = RCC_CLOCKTYPE_HCLK|RCC_CLOCKTYPE_SYSCLK
 208:Src/main.c    ****                               |RCC_CLOCKTYPE_PCLK1|RCC_CLOCKTYPE_PCLK2;
 209:Src/main.c    ****   RCC_ClkInitStruct.SYSCLKSource = RCC_SYSCLKSOURCE_PLLCLK;
 210:Src/main.c    ****   RCC_ClkInitStruct.AHBCLKDivider = RCC_SYSCLK_DIV1;
 211:Src/main.c    ****   RCC_ClkInitStruct.APB1CLKDivider = RCC_HCLK_DIV4;
 212:Src/main.c    ****   RCC_ClkInitStruct.APB2CLKDivider = RCC_HCLK_DIV2;
 213:Src/main.c    **** 
 214:Src/main.c    ****   if (HAL_RCC_ClockConfig(&RCC_ClkInitStruct, FLASH_LATENCY_5) != HAL_OK)
 215:Src/main.c    ****   {
 216:Src/main.c    ****     Error_Handler();
 217:Src/main.c    ****   }
 218:Src/main.c    **** }
 219:Src/main.c    **** 
 220:Src/main.c    **** /* USER CODE BEGIN 4 */
 221:Src/main.c    **** 
 222:Src/main.c    **** /* USER CODE END 4 */
 223:Src/main.c    **** 
 224:Src/main.c    **** /**
 225:Src/main.c    ****   * @brief  Period elapsed callback in non blocking mode
 226:Src/main.c    ****   * @note   This function is called  when TIM14 interrupt took place, inside
 227:Src/main.c    ****   * HAL_TIM_IRQHandler(). It makes a direct call to HAL_IncTick() to increment
 228:Src/main.c    ****   * a global variable "uwTick" used as application time base.
 229:Src/main.c    ****   * @param  htim : TIM handle
 230:Src/main.c    ****   * @retval None
 231:Src/main.c    ****   */
 232:Src/main.c    **** void HAL_TIM_PeriodElapsedCallback(TIM_HandleTypeDef *htim)
 233:Src/main.c    **** {
  30              		.loc 1 233 1 view -0
  31              		.cfi_startproc
  32              		@ args = 0, pretend = 0, frame = 0
  33              		@ frame_needed = 0, uses_anonymous_args = 0
  34              		.loc 1 233 1 is_stmt 0 view .LVU1
  35 0000 08B5     		push	{r3, lr}
  36              	.LCFI0:
  37              		.cfi_def_cfa_offset 8
  38              		.cfi_offset 3, -8
  39              		.cfi_offset 14, -4
 234:Src/main.c    ****   /* USER CODE BEGIN Callback 0 */
 235:Src/main.c    **** 
 236:Src/main.c    ****   /* USER CODE END Callback 0 */
 237:Src/main.c    ****   if (htim->Instance == TIM14) {
  40              		.loc 1 237 3 is_stmt 1 view .LVU2
  41              		.loc 1 237 11 is_stmt 0 view .LVU3
  42 0002 0268     		ldr	r2, [r0]
  43              		.loc 1 237 6 view .LVU4
  44 0004 034B     		ldr	r3, .L5
  45 0006 9A42     		cmp	r2, r3
  46 0008 00D0     		beq	.L4
  47              	.LVL1:
  48              	.L1:
 238:Src/main.c    ****     HAL_IncTick();
ARM GAS  C:\Users\ADMINI~1\AppData\Local\Temp\cclwnyWE.s 			page 6


 239:Src/main.c    ****   }
 240:Src/main.c    ****   /* USER CODE BEGIN Callback 1 */
 241:Src/main.c    **** 
 242:Src/main.c    ****   /* USER CODE END Callback 1 */
 243:Src/main.c    **** }
  49              		.loc 1 243 1 view .LVU5
  50 000a 08BD     		pop	{r3, pc}
  51              	.LVL2:
  52              	.L4:
 238:Src/main.c    ****     HAL_IncTick();
  53              		.loc 1 238 5 is_stmt 1 view .LVU6
  54 000c FFF7FEFF 		bl	HAL_IncTick
  55              	.LVL3:
  56              		.loc 1 243 1 is_stmt 0 view .LVU7
  57 0010 FBE7     		b	.L1
  58              	.L6:
  59 0012 00BF     		.align	2
  60              	.L5:
  61 0014 00200040 		.word	1073750016
  62              		.cfi_endproc
  63              	.LFE140:
  65              		.section	.text.Error_Handler,"ax",%progbits
  66              		.align	1
  67              		.global	Error_Handler
  68              		.syntax unified
  69              		.thumb
  70              		.thumb_func
  72              	Error_Handler:
  73              	.LFB141:
 244:Src/main.c    **** 
 245:Src/main.c    **** /**
 246:Src/main.c    ****   * @brief  This function is executed in case of error occurrence.
 247:Src/main.c    ****   * @retval None
 248:Src/main.c    ****   */
 249:Src/main.c    **** void Error_Handler(void)
 250:Src/main.c    **** {
  74              		.loc 1 250 1 is_stmt 1 view -0
  75              		.cfi_startproc
  76              		@ Volatile: function does not return.
  77              		@ args = 0, pretend = 0, frame = 0
  78              		@ frame_needed = 0, uses_anonymous_args = 0
  79              		@ link register save eliminated.
 251:Src/main.c    ****   /* USER CODE BEGIN Error_Handler_Debug */
 252:Src/main.c    ****   /* User can add his own implementation to report the HAL error return state */
 253:Src/main.c    ****   __disable_irq();
  80              		.loc 1 253 3 view .LVU9
  81              	.LBB4:
  82              	.LBI4:
  83              		.file 2 "Drivers/CMSIS/Include/cmsis_gcc.h"
   1:Drivers/CMSIS/Include/cmsis_gcc.h **** /**************************************************************************//**
   2:Drivers/CMSIS/Include/cmsis_gcc.h ****  * @file     cmsis_gcc.h
   3:Drivers/CMSIS/Include/cmsis_gcc.h ****  * @brief    CMSIS compiler GCC header file
   4:Drivers/CMSIS/Include/cmsis_gcc.h ****  * @version  V5.0.4
   5:Drivers/CMSIS/Include/cmsis_gcc.h ****  * @date     09. April 2018
   6:Drivers/CMSIS/Include/cmsis_gcc.h ****  ******************************************************************************/
   7:Drivers/CMSIS/Include/cmsis_gcc.h **** /*
   8:Drivers/CMSIS/Include/cmsis_gcc.h ****  * Copyright (c) 2009-2018 Arm Limited. All rights reserved.
ARM GAS  C:\Users\ADMINI~1\AppData\Local\Temp\cclwnyWE.s 			page 7


   9:Drivers/CMSIS/Include/cmsis_gcc.h ****  *
  10:Drivers/CMSIS/Include/cmsis_gcc.h ****  * SPDX-License-Identifier: Apache-2.0
  11:Drivers/CMSIS/Include/cmsis_gcc.h ****  *
  12:Drivers/CMSIS/Include/cmsis_gcc.h ****  * Licensed under the Apache License, Version 2.0 (the License); you may
  13:Drivers/CMSIS/Include/cmsis_gcc.h ****  * not use this file except in compliance with the License.
  14:Drivers/CMSIS/Include/cmsis_gcc.h ****  * You may obtain a copy of the License at
  15:Drivers/CMSIS/Include/cmsis_gcc.h ****  *
  16:Drivers/CMSIS/Include/cmsis_gcc.h ****  * www.apache.org/licenses/LICENSE-2.0
  17:Drivers/CMSIS/Include/cmsis_gcc.h ****  *
  18:Drivers/CMSIS/Include/cmsis_gcc.h ****  * Unless required by applicable law or agreed to in writing, software
  19:Drivers/CMSIS/Include/cmsis_gcc.h ****  * distributed under the License is distributed on an AS IS BASIS, WITHOUT
  20:Drivers/CMSIS/Include/cmsis_gcc.h ****  * WARRANTIES OR CONDITIONS OF ANY KIND, either express or implied.
  21:Drivers/CMSIS/Include/cmsis_gcc.h ****  * See the License for the specific language governing permissions and
  22:Drivers/CMSIS/Include/cmsis_gcc.h ****  * limitations under the License.
  23:Drivers/CMSIS/Include/cmsis_gcc.h ****  */
  24:Drivers/CMSIS/Include/cmsis_gcc.h **** 
  25:Drivers/CMSIS/Include/cmsis_gcc.h **** #ifndef __CMSIS_GCC_H
  26:Drivers/CMSIS/Include/cmsis_gcc.h **** #define __CMSIS_GCC_H
  27:Drivers/CMSIS/Include/cmsis_gcc.h **** 
  28:Drivers/CMSIS/Include/cmsis_gcc.h **** /* ignore some GCC warnings */
  29:Drivers/CMSIS/Include/cmsis_gcc.h **** #pragma GCC diagnostic push
  30:Drivers/CMSIS/Include/cmsis_gcc.h **** #pragma GCC diagnostic ignored "-Wsign-conversion"
  31:Drivers/CMSIS/Include/cmsis_gcc.h **** #pragma GCC diagnostic ignored "-Wconversion"
  32:Drivers/CMSIS/Include/cmsis_gcc.h **** #pragma GCC diagnostic ignored "-Wunused-parameter"
  33:Drivers/CMSIS/Include/cmsis_gcc.h **** 
  34:Drivers/CMSIS/Include/cmsis_gcc.h **** /* Fallback for __has_builtin */
  35:Drivers/CMSIS/Include/cmsis_gcc.h **** #ifndef __has_builtin
  36:Drivers/CMSIS/Include/cmsis_gcc.h ****   #define __has_builtin(x) (0)
  37:Drivers/CMSIS/Include/cmsis_gcc.h **** #endif
  38:Drivers/CMSIS/Include/cmsis_gcc.h **** 
  39:Drivers/CMSIS/Include/cmsis_gcc.h **** /* CMSIS compiler specific defines */
  40:Drivers/CMSIS/Include/cmsis_gcc.h **** #ifndef   __ASM
  41:Drivers/CMSIS/Include/cmsis_gcc.h ****   #define __ASM                                  __asm
  42:Drivers/CMSIS/Include/cmsis_gcc.h **** #endif
  43:Drivers/CMSIS/Include/cmsis_gcc.h **** #ifndef   __INLINE
  44:Drivers/CMSIS/Include/cmsis_gcc.h ****   #define __INLINE                               inline
  45:Drivers/CMSIS/Include/cmsis_gcc.h **** #endif
  46:Drivers/CMSIS/Include/cmsis_gcc.h **** #ifndef   __STATIC_INLINE
  47:Drivers/CMSIS/Include/cmsis_gcc.h ****   #define __STATIC_INLINE                        static inline
  48:Drivers/CMSIS/Include/cmsis_gcc.h **** #endif
  49:Drivers/CMSIS/Include/cmsis_gcc.h **** #ifndef   __STATIC_FORCEINLINE                 
  50:Drivers/CMSIS/Include/cmsis_gcc.h ****   #define __STATIC_FORCEINLINE                   __attribute__((always_inline)) static inline
  51:Drivers/CMSIS/Include/cmsis_gcc.h **** #endif                                           
  52:Drivers/CMSIS/Include/cmsis_gcc.h **** #ifndef   __NO_RETURN
  53:Drivers/CMSIS/Include/cmsis_gcc.h ****   #define __NO_RETURN                            __attribute__((__noreturn__))
  54:Drivers/CMSIS/Include/cmsis_gcc.h **** #endif
  55:Drivers/CMSIS/Include/cmsis_gcc.h **** #ifndef   __USED
  56:Drivers/CMSIS/Include/cmsis_gcc.h ****   #define __USED                                 __attribute__((used))
  57:Drivers/CMSIS/Include/cmsis_gcc.h **** #endif
  58:Drivers/CMSIS/Include/cmsis_gcc.h **** #ifndef   __WEAK
  59:Drivers/CMSIS/Include/cmsis_gcc.h ****   #define __WEAK                                 __attribute__((weak))
  60:Drivers/CMSIS/Include/cmsis_gcc.h **** #endif
  61:Drivers/CMSIS/Include/cmsis_gcc.h **** #ifndef   __PACKED
  62:Drivers/CMSIS/Include/cmsis_gcc.h ****   #define __PACKED                               __attribute__((packed, aligned(1)))
  63:Drivers/CMSIS/Include/cmsis_gcc.h **** #endif
  64:Drivers/CMSIS/Include/cmsis_gcc.h **** #ifndef   __PACKED_STRUCT
  65:Drivers/CMSIS/Include/cmsis_gcc.h ****   #define __PACKED_STRUCT                        struct __attribute__((packed, aligned(1)))
ARM GAS  C:\Users\ADMINI~1\AppData\Local\Temp\cclwnyWE.s 			page 8


  66:Drivers/CMSIS/Include/cmsis_gcc.h **** #endif
  67:Drivers/CMSIS/Include/cmsis_gcc.h **** #ifndef   __PACKED_UNION
  68:Drivers/CMSIS/Include/cmsis_gcc.h ****   #define __PACKED_UNION                         union __attribute__((packed, aligned(1)))
  69:Drivers/CMSIS/Include/cmsis_gcc.h **** #endif
  70:Drivers/CMSIS/Include/cmsis_gcc.h **** #ifndef   __UNALIGNED_UINT32        /* deprecated */
  71:Drivers/CMSIS/Include/cmsis_gcc.h ****   #pragma GCC diagnostic push
  72:Drivers/CMSIS/Include/cmsis_gcc.h ****   #pragma GCC diagnostic ignored "-Wpacked"
  73:Drivers/CMSIS/Include/cmsis_gcc.h ****   #pragma GCC diagnostic ignored "-Wattributes"
  74:Drivers/CMSIS/Include/cmsis_gcc.h ****   struct __attribute__((packed)) T_UINT32 { uint32_t v; };
  75:Drivers/CMSIS/Include/cmsis_gcc.h ****   #pragma GCC diagnostic pop
  76:Drivers/CMSIS/Include/cmsis_gcc.h ****   #define __UNALIGNED_UINT32(x)                  (((struct T_UINT32 *)(x))->v)
  77:Drivers/CMSIS/Include/cmsis_gcc.h **** #endif
  78:Drivers/CMSIS/Include/cmsis_gcc.h **** #ifndef   __UNALIGNED_UINT16_WRITE
  79:Drivers/CMSIS/Include/cmsis_gcc.h ****   #pragma GCC diagnostic push
  80:Drivers/CMSIS/Include/cmsis_gcc.h ****   #pragma GCC diagnostic ignored "-Wpacked"
  81:Drivers/CMSIS/Include/cmsis_gcc.h ****   #pragma GCC diagnostic ignored "-Wattributes"
  82:Drivers/CMSIS/Include/cmsis_gcc.h ****   __PACKED_STRUCT T_UINT16_WRITE { uint16_t v; };
  83:Drivers/CMSIS/Include/cmsis_gcc.h ****   #pragma GCC diagnostic pop
  84:Drivers/CMSIS/Include/cmsis_gcc.h ****   #define __UNALIGNED_UINT16_WRITE(addr, val)    (void)((((struct T_UINT16_WRITE *)(void *)(addr))-
  85:Drivers/CMSIS/Include/cmsis_gcc.h **** #endif
  86:Drivers/CMSIS/Include/cmsis_gcc.h **** #ifndef   __UNALIGNED_UINT16_READ
  87:Drivers/CMSIS/Include/cmsis_gcc.h ****   #pragma GCC diagnostic push
  88:Drivers/CMSIS/Include/cmsis_gcc.h ****   #pragma GCC diagnostic ignored "-Wpacked"
  89:Drivers/CMSIS/Include/cmsis_gcc.h ****   #pragma GCC diagnostic ignored "-Wattributes"
  90:Drivers/CMSIS/Include/cmsis_gcc.h ****   __PACKED_STRUCT T_UINT16_READ { uint16_t v; };
  91:Drivers/CMSIS/Include/cmsis_gcc.h ****   #pragma GCC diagnostic pop
  92:Drivers/CMSIS/Include/cmsis_gcc.h ****   #define __UNALIGNED_UINT16_READ(addr)          (((const struct T_UINT16_READ *)(const void *)(add
  93:Drivers/CMSIS/Include/cmsis_gcc.h **** #endif
  94:Drivers/CMSIS/Include/cmsis_gcc.h **** #ifndef   __UNALIGNED_UINT32_WRITE
  95:Drivers/CMSIS/Include/cmsis_gcc.h ****   #pragma GCC diagnostic push
  96:Drivers/CMSIS/Include/cmsis_gcc.h ****   #pragma GCC diagnostic ignored "-Wpacked"
  97:Drivers/CMSIS/Include/cmsis_gcc.h ****   #pragma GCC diagnostic ignored "-Wattributes"
  98:Drivers/CMSIS/Include/cmsis_gcc.h ****   __PACKED_STRUCT T_UINT32_WRITE { uint32_t v; };
  99:Drivers/CMSIS/Include/cmsis_gcc.h ****   #pragma GCC diagnostic pop
 100:Drivers/CMSIS/Include/cmsis_gcc.h ****   #define __UNALIGNED_UINT32_WRITE(addr, val)    (void)((((struct T_UINT32_WRITE *)(void *)(addr))-
 101:Drivers/CMSIS/Include/cmsis_gcc.h **** #endif
 102:Drivers/CMSIS/Include/cmsis_gcc.h **** #ifndef   __UNALIGNED_UINT32_READ
 103:Drivers/CMSIS/Include/cmsis_gcc.h ****   #pragma GCC diagnostic push
 104:Drivers/CMSIS/Include/cmsis_gcc.h ****   #pragma GCC diagnostic ignored "-Wpacked"
 105:Drivers/CMSIS/Include/cmsis_gcc.h ****   #pragma GCC diagnostic ignored "-Wattributes"
 106:Drivers/CMSIS/Include/cmsis_gcc.h ****   __PACKED_STRUCT T_UINT32_READ { uint32_t v; };
 107:Drivers/CMSIS/Include/cmsis_gcc.h ****   #pragma GCC diagnostic pop
 108:Drivers/CMSIS/Include/cmsis_gcc.h ****   #define __UNALIGNED_UINT32_READ(addr)          (((const struct T_UINT32_READ *)(const void *)(add
 109:Drivers/CMSIS/Include/cmsis_gcc.h **** #endif
 110:Drivers/CMSIS/Include/cmsis_gcc.h **** #ifndef   __ALIGNED
 111:Drivers/CMSIS/Include/cmsis_gcc.h ****   #define __ALIGNED(x)                           __attribute__((aligned(x)))
 112:Drivers/CMSIS/Include/cmsis_gcc.h **** #endif
 113:Drivers/CMSIS/Include/cmsis_gcc.h **** #ifndef   __RESTRICT
 114:Drivers/CMSIS/Include/cmsis_gcc.h ****   #define __RESTRICT                             __restrict
 115:Drivers/CMSIS/Include/cmsis_gcc.h **** #endif
 116:Drivers/CMSIS/Include/cmsis_gcc.h **** 
 117:Drivers/CMSIS/Include/cmsis_gcc.h **** 
 118:Drivers/CMSIS/Include/cmsis_gcc.h **** /* ###########################  Core Function Access  ########################### */
 119:Drivers/CMSIS/Include/cmsis_gcc.h **** /** \ingroup  CMSIS_Core_FunctionInterface
 120:Drivers/CMSIS/Include/cmsis_gcc.h ****     \defgroup CMSIS_Core_RegAccFunctions CMSIS Core Register Access Functions
 121:Drivers/CMSIS/Include/cmsis_gcc.h ****   @{
 122:Drivers/CMSIS/Include/cmsis_gcc.h ****  */
ARM GAS  C:\Users\ADMINI~1\AppData\Local\Temp\cclwnyWE.s 			page 9


 123:Drivers/CMSIS/Include/cmsis_gcc.h **** 
 124:Drivers/CMSIS/Include/cmsis_gcc.h **** /**
 125:Drivers/CMSIS/Include/cmsis_gcc.h ****   \brief   Enable IRQ Interrupts
 126:Drivers/CMSIS/Include/cmsis_gcc.h ****   \details Enables IRQ interrupts by clearing the I-bit in the CPSR.
 127:Drivers/CMSIS/Include/cmsis_gcc.h ****            Can only be executed in Privileged modes.
 128:Drivers/CMSIS/Include/cmsis_gcc.h ****  */
 129:Drivers/CMSIS/Include/cmsis_gcc.h **** __STATIC_FORCEINLINE void __enable_irq(void)
 130:Drivers/CMSIS/Include/cmsis_gcc.h **** {
 131:Drivers/CMSIS/Include/cmsis_gcc.h ****   __ASM volatile ("cpsie i" : : : "memory");
 132:Drivers/CMSIS/Include/cmsis_gcc.h **** }
 133:Drivers/CMSIS/Include/cmsis_gcc.h **** 
 134:Drivers/CMSIS/Include/cmsis_gcc.h **** 
 135:Drivers/CMSIS/Include/cmsis_gcc.h **** /**
 136:Drivers/CMSIS/Include/cmsis_gcc.h ****   \brief   Disable IRQ Interrupts
 137:Drivers/CMSIS/Include/cmsis_gcc.h ****   \details Disables IRQ interrupts by setting the I-bit in the CPSR.
 138:Drivers/CMSIS/Include/cmsis_gcc.h ****            Can only be executed in Privileged modes.
 139:Drivers/CMSIS/Include/cmsis_gcc.h ****  */
 140:Drivers/CMSIS/Include/cmsis_gcc.h **** __STATIC_FORCEINLINE void __disable_irq(void)
  84              		.loc 2 140 27 view .LVU10
  85              	.LBB5:
 141:Drivers/CMSIS/Include/cmsis_gcc.h **** {
 142:Drivers/CMSIS/Include/cmsis_gcc.h ****   __ASM volatile ("cpsid i" : : : "memory");
  86              		.loc 2 142 3 view .LVU11
  87              		.syntax unified
  88              	@ 142 "Drivers/CMSIS/Include/cmsis_gcc.h" 1
  89 0000 72B6     		cpsid i
  90              	@ 0 "" 2
  91              		.thumb
  92              		.syntax unified
  93              	.L8:
  94              	.LBE5:
  95              	.LBE4:
 254:Src/main.c    ****   while (1)
  96              		.loc 1 254 3 discriminator 1 view .LVU12
 255:Src/main.c    ****   {
 256:Src/main.c    ****   }
  97              		.loc 1 256 3 discriminator 1 view .LVU13
 254:Src/main.c    ****   while (1)
  98              		.loc 1 254 9 discriminator 1 view .LVU14
  99 0002 FEE7     		b	.L8
 100              		.cfi_endproc
 101              	.LFE141:
 103              		.section	.text.SystemClock_Config,"ax",%progbits
 104              		.align	1
 105              		.global	SystemClock_Config
 106              		.syntax unified
 107              		.thumb
 108              		.thumb_func
 110              	SystemClock_Config:
 111              	.LFB139:
 180:Src/main.c    ****   RCC_OscInitTypeDef RCC_OscInitStruct = {0};
 112              		.loc 1 180 1 view -0
 113              		.cfi_startproc
 114              		@ args = 0, pretend = 0, frame = 80
 115              		@ frame_needed = 0, uses_anonymous_args = 0
 116 0000 00B5     		push	{lr}
 117              	.LCFI1:
ARM GAS  C:\Users\ADMINI~1\AppData\Local\Temp\cclwnyWE.s 			page 10


 118              		.cfi_def_cfa_offset 4
 119              		.cfi_offset 14, -4
 120 0002 95B0     		sub	sp, sp, #84
 121              	.LCFI2:
 122              		.cfi_def_cfa_offset 88
 181:Src/main.c    ****   RCC_ClkInitTypeDef RCC_ClkInitStruct = {0};
 123              		.loc 1 181 3 view .LVU16
 181:Src/main.c    ****   RCC_ClkInitTypeDef RCC_ClkInitStruct = {0};
 124              		.loc 1 181 22 is_stmt 0 view .LVU17
 125 0004 3022     		movs	r2, #48
 126 0006 0021     		movs	r1, #0
 127 0008 08A8     		add	r0, sp, #32
 128 000a FFF7FEFF 		bl	memset
 129              	.LVL4:
 182:Src/main.c    **** 
 130              		.loc 1 182 3 is_stmt 1 view .LVU18
 182:Src/main.c    **** 
 131              		.loc 1 182 22 is_stmt 0 view .LVU19
 132 000e 0023     		movs	r3, #0
 133 0010 0393     		str	r3, [sp, #12]
 134 0012 0493     		str	r3, [sp, #16]
 135 0014 0593     		str	r3, [sp, #20]
 136 0016 0693     		str	r3, [sp, #24]
 137 0018 0793     		str	r3, [sp, #28]
 186:Src/main.c    ****   __HAL_PWR_VOLTAGESCALING_CONFIG(PWR_REGULATOR_VOLTAGE_SCALE1);
 138              		.loc 1 186 3 is_stmt 1 view .LVU20
 139              	.LBB6:
 186:Src/main.c    ****   __HAL_PWR_VOLTAGESCALING_CONFIG(PWR_REGULATOR_VOLTAGE_SCALE1);
 140              		.loc 1 186 3 view .LVU21
 141 001a 0193     		str	r3, [sp, #4]
 186:Src/main.c    ****   __HAL_PWR_VOLTAGESCALING_CONFIG(PWR_REGULATOR_VOLTAGE_SCALE1);
 142              		.loc 1 186 3 view .LVU22
 143 001c 204A     		ldr	r2, .L15
 144 001e 116C     		ldr	r1, [r2, #64]
 145 0020 41F08051 		orr	r1, r1, #268435456
 146 0024 1164     		str	r1, [r2, #64]
 186:Src/main.c    ****   __HAL_PWR_VOLTAGESCALING_CONFIG(PWR_REGULATOR_VOLTAGE_SCALE1);
 147              		.loc 1 186 3 view .LVU23
 148 0026 126C     		ldr	r2, [r2, #64]
 149 0028 02F08052 		and	r2, r2, #268435456
 150 002c 0192     		str	r2, [sp, #4]
 186:Src/main.c    ****   __HAL_PWR_VOLTAGESCALING_CONFIG(PWR_REGULATOR_VOLTAGE_SCALE1);
 151              		.loc 1 186 3 view .LVU24
 152 002e 019A     		ldr	r2, [sp, #4]
 153              	.LBE6:
 186:Src/main.c    ****   __HAL_PWR_VOLTAGESCALING_CONFIG(PWR_REGULATOR_VOLTAGE_SCALE1);
 154              		.loc 1 186 3 view .LVU25
 187:Src/main.c    **** 
 155              		.loc 1 187 3 view .LVU26
 156              	.LBB7:
 187:Src/main.c    **** 
 157              		.loc 1 187 3 view .LVU27
 158 0030 0293     		str	r3, [sp, #8]
 187:Src/main.c    **** 
 159              		.loc 1 187 3 view .LVU28
 160 0032 1C4B     		ldr	r3, .L15+4
 161 0034 1A68     		ldr	r2, [r3]
ARM GAS  C:\Users\ADMINI~1\AppData\Local\Temp\cclwnyWE.s 			page 11


 162 0036 42F48042 		orr	r2, r2, #16384
 163 003a 1A60     		str	r2, [r3]
 187:Src/main.c    **** 
 164              		.loc 1 187 3 view .LVU29
 165 003c 1B68     		ldr	r3, [r3]
 166 003e 03F48043 		and	r3, r3, #16384
 167 0042 0293     		str	r3, [sp, #8]
 187:Src/main.c    **** 
 168              		.loc 1 187 3 view .LVU30
 169 0044 029B     		ldr	r3, [sp, #8]
 170              	.LBE7:
 187:Src/main.c    **** 
 171              		.loc 1 187 3 view .LVU31
 192:Src/main.c    ****   RCC_OscInitStruct.HSEState = RCC_HSE_ON;
 172              		.loc 1 192 3 view .LVU32
 192:Src/main.c    ****   RCC_OscInitStruct.HSEState = RCC_HSE_ON;
 173              		.loc 1 192 36 is_stmt 0 view .LVU33
 174 0046 0123     		movs	r3, #1
 175 0048 0893     		str	r3, [sp, #32]
 193:Src/main.c    ****   RCC_OscInitStruct.PLL.PLLState = RCC_PLL_ON;
 176              		.loc 1 193 3 is_stmt 1 view .LVU34
 193:Src/main.c    ****   RCC_OscInitStruct.PLL.PLLState = RCC_PLL_ON;
 177              		.loc 1 193 30 is_stmt 0 view .LVU35
 178 004a 4FF48033 		mov	r3, #65536
 179 004e 0993     		str	r3, [sp, #36]
 194:Src/main.c    ****   RCC_OscInitStruct.PLL.PLLSource = RCC_PLLSOURCE_HSE;
 180              		.loc 1 194 3 is_stmt 1 view .LVU36
 194:Src/main.c    ****   RCC_OscInitStruct.PLL.PLLSource = RCC_PLLSOURCE_HSE;
 181              		.loc 1 194 34 is_stmt 0 view .LVU37
 182 0050 0222     		movs	r2, #2
 183 0052 0E92     		str	r2, [sp, #56]
 195:Src/main.c    ****   RCC_OscInitStruct.PLL.PLLM = 4;
 184              		.loc 1 195 3 is_stmt 1 view .LVU38
 195:Src/main.c    ****   RCC_OscInitStruct.PLL.PLLM = 4;
 185              		.loc 1 195 35 is_stmt 0 view .LVU39
 186 0054 4FF48003 		mov	r3, #4194304
 187 0058 0F93     		str	r3, [sp, #60]
 196:Src/main.c    ****   RCC_OscInitStruct.PLL.PLLN = 168;
 188              		.loc 1 196 3 is_stmt 1 view .LVU40
 196:Src/main.c    ****   RCC_OscInitStruct.PLL.PLLN = 168;
 189              		.loc 1 196 30 is_stmt 0 view .LVU41
 190 005a 0423     		movs	r3, #4
 191 005c 1093     		str	r3, [sp, #64]
 197:Src/main.c    ****   RCC_OscInitStruct.PLL.PLLP = RCC_PLLP_DIV2;
 192              		.loc 1 197 3 is_stmt 1 view .LVU42
 197:Src/main.c    ****   RCC_OscInitStruct.PLL.PLLP = RCC_PLLP_DIV2;
 193              		.loc 1 197 30 is_stmt 0 view .LVU43
 194 005e A821     		movs	r1, #168
 195 0060 1191     		str	r1, [sp, #68]
 198:Src/main.c    ****   RCC_OscInitStruct.PLL.PLLQ = 4;
 196              		.loc 1 198 3 is_stmt 1 view .LVU44
 198:Src/main.c    ****   RCC_OscInitStruct.PLL.PLLQ = 4;
 197              		.loc 1 198 30 is_stmt 0 view .LVU45
 198 0062 1292     		str	r2, [sp, #72]
 199:Src/main.c    ****   if (HAL_RCC_OscConfig(&RCC_OscInitStruct) != HAL_OK)
 199              		.loc 1 199 3 is_stmt 1 view .LVU46
 199:Src/main.c    ****   if (HAL_RCC_OscConfig(&RCC_OscInitStruct) != HAL_OK)
ARM GAS  C:\Users\ADMINI~1\AppData\Local\Temp\cclwnyWE.s 			page 12


 200              		.loc 1 199 30 is_stmt 0 view .LVU47
 201 0064 1393     		str	r3, [sp, #76]
 200:Src/main.c    ****   {
 202              		.loc 1 200 3 is_stmt 1 view .LVU48
 200:Src/main.c    ****   {
 203              		.loc 1 200 7 is_stmt 0 view .LVU49
 204 0066 08A8     		add	r0, sp, #32
 205 0068 FFF7FEFF 		bl	HAL_RCC_OscConfig
 206              	.LVL5:
 200:Src/main.c    ****   {
 207              		.loc 1 200 6 view .LVU50
 208 006c 98B9     		cbnz	r0, .L13
 207:Src/main.c    ****                               |RCC_CLOCKTYPE_PCLK1|RCC_CLOCKTYPE_PCLK2;
 209              		.loc 1 207 3 is_stmt 1 view .LVU51
 207:Src/main.c    ****                               |RCC_CLOCKTYPE_PCLK1|RCC_CLOCKTYPE_PCLK2;
 210              		.loc 1 207 31 is_stmt 0 view .LVU52
 211 006e 0F23     		movs	r3, #15
 212 0070 0393     		str	r3, [sp, #12]
 209:Src/main.c    ****   RCC_ClkInitStruct.AHBCLKDivider = RCC_SYSCLK_DIV1;
 213              		.loc 1 209 3 is_stmt 1 view .LVU53
 209:Src/main.c    ****   RCC_ClkInitStruct.AHBCLKDivider = RCC_SYSCLK_DIV1;
 214              		.loc 1 209 34 is_stmt 0 view .LVU54
 215 0072 0223     		movs	r3, #2
 216 0074 0493     		str	r3, [sp, #16]
 210:Src/main.c    ****   RCC_ClkInitStruct.APB1CLKDivider = RCC_HCLK_DIV4;
 217              		.loc 1 210 3 is_stmt 1 view .LVU55
 210:Src/main.c    ****   RCC_ClkInitStruct.APB1CLKDivider = RCC_HCLK_DIV4;
 218              		.loc 1 210 35 is_stmt 0 view .LVU56
 219 0076 0023     		movs	r3, #0
 220 0078 0593     		str	r3, [sp, #20]
 211:Src/main.c    ****   RCC_ClkInitStruct.APB2CLKDivider = RCC_HCLK_DIV2;
 221              		.loc 1 211 3 is_stmt 1 view .LVU57
 211:Src/main.c    ****   RCC_ClkInitStruct.APB2CLKDivider = RCC_HCLK_DIV2;
 222              		.loc 1 211 36 is_stmt 0 view .LVU58
 223 007a 4FF4A053 		mov	r3, #5120
 224 007e 0693     		str	r3, [sp, #24]
 212:Src/main.c    **** 
 225              		.loc 1 212 3 is_stmt 1 view .LVU59
 212:Src/main.c    **** 
 226              		.loc 1 212 36 is_stmt 0 view .LVU60
 227 0080 4FF48053 		mov	r3, #4096
 228 0084 0793     		str	r3, [sp, #28]
 214:Src/main.c    ****   {
 229              		.loc 1 214 3 is_stmt 1 view .LVU61
 214:Src/main.c    ****   {
 230              		.loc 1 214 7 is_stmt 0 view .LVU62
 231 0086 0521     		movs	r1, #5
 232 0088 03A8     		add	r0, sp, #12
 233 008a FFF7FEFF 		bl	HAL_RCC_ClockConfig
 234              	.LVL6:
 214:Src/main.c    ****   {
 235              		.loc 1 214 6 view .LVU63
 236 008e 20B9     		cbnz	r0, .L14
 218:Src/main.c    **** 
 237              		.loc 1 218 1 view .LVU64
 238 0090 15B0     		add	sp, sp, #84
 239              	.LCFI3:
ARM GAS  C:\Users\ADMINI~1\AppData\Local\Temp\cclwnyWE.s 			page 13


 240              		.cfi_remember_state
 241              		.cfi_def_cfa_offset 4
 242              		@ sp needed
 243 0092 5DF804FB 		ldr	pc, [sp], #4
 244              	.L13:
 245              	.LCFI4:
 246              		.cfi_restore_state
 202:Src/main.c    ****   }
 247              		.loc 1 202 5 is_stmt 1 view .LVU65
 248 0096 FFF7FEFF 		bl	Error_Handler
 249              	.LVL7:
 250              	.L14:
 216:Src/main.c    ****   }
 251              		.loc 1 216 5 view .LVU66
 252 009a FFF7FEFF 		bl	Error_Handler
 253              	.LVL8:
 254              	.L16:
 255 009e 00BF     		.align	2
 256              	.L15:
 257 00a0 00380240 		.word	1073887232
 258 00a4 00700040 		.word	1073770496
 259              		.cfi_endproc
 260              	.LFE139:
 262              		.section	.rodata.main.str1.4,"aMS",%progbits,1
 263              		.align	2
 264              	.LC0:
 265 0000 68656C6C 		.ascii	"hello electronbot coming...\015\000"
 265      6F20656C 
 265      65637472 
 265      6F6E626F 
 265      7420636F 
 266              		.section	.text.main,"ax",%progbits
 267              		.align	1
 268              		.global	main
 269              		.syntax unified
 270              		.thumb
 271              		.thumb_func
 273              	main:
 274              	.LFB138:
  92:Src/main.c    ****   /* USER CODE BEGIN 1 */
 275              		.loc 1 92 1 view -0
 276              		.cfi_startproc
 277              		@ Volatile: function does not return.
 278              		@ args = 0, pretend = 0, frame = 0
 279              		@ frame_needed = 0, uses_anonymous_args = 0
 280 0000 08B5     		push	{r3, lr}
 281              	.LCFI5:
 282              		.cfi_def_cfa_offset 8
 283              		.cfi_offset 3, -8
 284              		.cfi_offset 14, -4
  94:Src/main.c    ****   /* USER CODE END 1 */
 285              		.loc 1 94 3 view .LVU68
 100:Src/main.c    **** 
 286              		.loc 1 100 3 view .LVU69
 287 0002 FFF7FEFF 		bl	HAL_Init
 288              	.LVL9:
 107:Src/main.c    **** 
ARM GAS  C:\Users\ADMINI~1\AppData\Local\Temp\cclwnyWE.s 			page 14


 289              		.loc 1 107 3 view .LVU70
 290 0006 FFF7FEFF 		bl	SystemClock_Config
 291              	.LVL10:
 114:Src/main.c    ****   MX_DMA_Init();
 292              		.loc 1 114 3 view .LVU71
 293 000a FFF7FEFF 		bl	MX_GPIO_Init
 294              	.LVL11:
 115:Src/main.c    ****   MX_I2C1_Init();
 295              		.loc 1 115 3 view .LVU72
 296 000e FFF7FEFF 		bl	MX_DMA_Init
 297              	.LVL12:
 116:Src/main.c    ****   MX_USART1_UART_Init();
 298              		.loc 1 116 3 view .LVU73
 299 0012 FFF7FEFF 		bl	MX_I2C1_Init
 300              	.LVL13:
 117:Src/main.c    ****   MX_SPI1_Init();
 301              		.loc 1 117 3 view .LVU74
 302 0016 FFF7FEFF 		bl	MX_USART1_UART_Init
 303              	.LVL14:
 118:Src/main.c    ****   /* USER CODE BEGIN 2 */
 304              		.loc 1 118 3 view .LVU75
 305 001a FFF7FEFF 		bl	MX_SPI1_Init
 306              	.LVL15:
 132:Src/main.c    ****   printf("hello electronbot coming...\r\n");
 307              		.loc 1 132 3 view .LVU76
 308 001e FFF7FEFF 		bl	SpiFlash_Init
 309              	.LVL16:
 133:Src/main.c    ****  /*  i2cTxData[0]=0x01;
 310              		.loc 1 133 3 view .LVU77
 311 0022 0548     		ldr	r0, .L20
 312 0024 FFF7FEFF 		bl	puts
 313              	.LVL17:
 145:Src/main.c    ****   MX_FREERTOS_Init();
 314              		.loc 1 145 3 view .LVU78
 315 0028 FFF7FEFF 		bl	osKernelInitialize
 316              	.LVL18:
 146:Src/main.c    **** 
 317              		.loc 1 146 3 view .LVU79
 318 002c FFF7FEFF 		bl	MX_FREERTOS_Init
 319              	.LVL19:
 149:Src/main.c    **** 
 320              		.loc 1 149 3 view .LVU80
 321 0030 FFF7FEFF 		bl	osKernelStart
 322              	.LVL20:
 323              	.L18:
 154:Src/main.c    ****   {
 324              		.loc 1 154 3 discriminator 1 view .LVU81
 171:Src/main.c    ****   /* USER CODE END 3 */
 325              		.loc 1 171 3 discriminator 1 view .LVU82
 154:Src/main.c    ****   {
 326              		.loc 1 154 9 discriminator 1 view .LVU83
 327 0034 FEE7     		b	.L18
 328              	.L21:
 329 0036 00BF     		.align	2
 330              	.L20:
 331 0038 00000000 		.word	.LC0
 332              		.cfi_endproc
ARM GAS  C:\Users\ADMINI~1\AppData\Local\Temp\cclwnyWE.s 			page 15


 333              	.LFE138:
 335              		.global	i2cTxData
 336              		.global	i2cRxData
 337              		.section	.bss.i2cRxData,"aw",%nobits
 338              		.align	2
 341              	i2cRxData:
 342 0000 00000000 		.space	8
 342      00000000 
 343              		.section	.bss.i2cTxData,"aw",%nobits
 344              		.align	2
 347              	i2cTxData:
 348 0000 00000000 		.space	8
 348      00000000 
 349              		.text
 350              	.Letext0:
 351              		.file 3 "c:\\program files (x86)\\gnu arm embedded toolchain\\10 2021.10\\arm-none-eabi\\include\\
 352              		.file 4 "c:\\program files (x86)\\gnu arm embedded toolchain\\10 2021.10\\arm-none-eabi\\include\\
 353              		.file 5 "Drivers/CMSIS/Device/ST/STM32F4xx/Include/stm32f405xx.h"
 354              		.file 6 "Drivers/STM32F4xx_HAL_Driver/Inc/stm32f4xx_hal_def.h"
 355              		.file 7 "Drivers/STM32F4xx_HAL_Driver/Inc/stm32f4xx_hal_rcc_ex.h"
 356              		.file 8 "Drivers/STM32F4xx_HAL_Driver/Inc/stm32f4xx_hal_rcc.h"
 357              		.file 9 "Drivers/STM32F4xx_HAL_Driver/Inc/stm32f4xx_hal_dma.h"
 358              		.file 10 "Drivers/STM32F4xx_HAL_Driver/Inc/stm32f4xx_hal_tim.h"
 359              		.file 11 "Drivers/STM32F4xx_HAL_Driver/Inc/stm32f4xx_hal.h"
 360              		.file 12 "Inc/gpio.h"
 361              		.file 13 "Inc/dma.h"
 362              		.file 14 "Inc/i2c.h"
 363              		.file 15 "Inc/usart.h"
 364              		.file 16 "Inc/spi.h"
 365              		.file 17 "user/w25q32.h"
 366              		.file 18 "<built-in>"
 367              		.file 19 "Middlewares/Third_Party/FreeRTOS/Source/CMSIS_RTOS_V2/cmsis_os2.h"
ARM GAS  C:\Users\ADMINI~1\AppData\Local\Temp\cclwnyWE.s 			page 16


DEFINED SYMBOLS
                            *ABS*:00000000 main.c
C:\Users\ADMINI~1\AppData\Local\Temp\cclwnyWE.s:20     .text.HAL_TIM_PeriodElapsedCallback:00000000 $t
C:\Users\ADMINI~1\AppData\Local\Temp\cclwnyWE.s:26     .text.HAL_TIM_PeriodElapsedCallback:00000000 HAL_TIM_PeriodElapsedCallback
C:\Users\ADMINI~1\AppData\Local\Temp\cclwnyWE.s:61     .text.HAL_TIM_PeriodElapsedCallback:00000014 $d
C:\Users\ADMINI~1\AppData\Local\Temp\cclwnyWE.s:66     .text.Error_Handler:00000000 $t
C:\Users\ADMINI~1\AppData\Local\Temp\cclwnyWE.s:72     .text.Error_Handler:00000000 Error_Handler
C:\Users\ADMINI~1\AppData\Local\Temp\cclwnyWE.s:104    .text.SystemClock_Config:00000000 $t
C:\Users\ADMINI~1\AppData\Local\Temp\cclwnyWE.s:110    .text.SystemClock_Config:00000000 SystemClock_Config
C:\Users\ADMINI~1\AppData\Local\Temp\cclwnyWE.s:257    .text.SystemClock_Config:000000a0 $d
C:\Users\ADMINI~1\AppData\Local\Temp\cclwnyWE.s:263    .rodata.main.str1.4:00000000 $d
C:\Users\ADMINI~1\AppData\Local\Temp\cclwnyWE.s:267    .text.main:00000000 $t
C:\Users\ADMINI~1\AppData\Local\Temp\cclwnyWE.s:273    .text.main:00000000 main
C:\Users\ADMINI~1\AppData\Local\Temp\cclwnyWE.s:331    .text.main:00000038 $d
C:\Users\ADMINI~1\AppData\Local\Temp\cclwnyWE.s:347    .bss.i2cTxData:00000000 i2cTxData
C:\Users\ADMINI~1\AppData\Local\Temp\cclwnyWE.s:341    .bss.i2cRxData:00000000 i2cRxData
C:\Users\ADMINI~1\AppData\Local\Temp\cclwnyWE.s:338    .bss.i2cRxData:00000000 $d
C:\Users\ADMINI~1\AppData\Local\Temp\cclwnyWE.s:344    .bss.i2cTxData:00000000 $d

UNDEFINED SYMBOLS
HAL_IncTick
memset
HAL_RCC_OscConfig
HAL_RCC_ClockConfig
HAL_Init
MX_GPIO_Init
MX_DMA_Init
MX_I2C1_Init
MX_USART1_UART_Init
MX_SPI1_Init
SpiFlash_Init
puts
osKernelInitialize
MX_FREERTOS_Init
osKernelStart
