ARM GAS  C:\Users\ADMINI~1\AppData\Local\Temp\ccEfH8hI.s 			page 1


   1              		.cpu cortex-m4
   2              		.arch armv7e-m
   3              		.fpu fpv4-sp-d16
   4              		.eabi_attribute 27, 1
   5              		.eabi_attribute 28, 1
   6              		.eabi_attribute 20, 1
   7              		.eabi_attribute 21, 1
   8              		.eabi_attribute 23, 3
   9              		.eabi_attribute 24, 1
  10              		.eabi_attribute 25, 1
  11              		.eabi_attribute 26, 1
  12              		.eabi_attribute 30, 1
  13              		.eabi_attribute 34, 1
  14              		.eabi_attribute 18, 4
  15              		.file	"spi.c"
  16              		.text
  17              	.Ltext0:
  18              		.cfi_sections	.debug_frame
  19              		.section	.text.MX_SPI1_Init,"ax",%progbits
  20              		.align	1
  21              		.global	MX_SPI1_Init
  22              		.syntax unified
  23              		.thumb
  24              		.thumb_func
  26              	MX_SPI1_Init:
  27              	.LFB130:
  28              		.file 1 "Src/spi.c"
   1:Src/spi.c     **** /* USER CODE BEGIN Header */
   2:Src/spi.c     **** /**
   3:Src/spi.c     ****   ******************************************************************************
   4:Src/spi.c     ****   * @file    spi.c
   5:Src/spi.c     ****   * @brief   This file provides code for the configuration
   6:Src/spi.c     ****   *          of the SPI instances.
   7:Src/spi.c     ****   ******************************************************************************
   8:Src/spi.c     ****   * @attention
   9:Src/spi.c     ****   *
  10:Src/spi.c     ****   * Copyright (c) 2022 STMicroelectronics.
  11:Src/spi.c     ****   * All rights reserved.
  12:Src/spi.c     ****   *
  13:Src/spi.c     ****   * This software is licensed under terms that can be found in the LICENSE file
  14:Src/spi.c     ****   * in the root directory of this software component.
  15:Src/spi.c     ****   * If no LICENSE file comes with this software, it is provided AS-IS.
  16:Src/spi.c     ****   *
  17:Src/spi.c     ****   ******************************************************************************
  18:Src/spi.c     ****   */
  19:Src/spi.c     **** /* USER CODE END Header */
  20:Src/spi.c     **** /* Includes ------------------------------------------------------------------*/
  21:Src/spi.c     **** #include "spi.h"
  22:Src/spi.c     **** 
  23:Src/spi.c     **** /* USER CODE BEGIN 0 */
  24:Src/spi.c     **** 
  25:Src/spi.c     **** /* USER CODE END 0 */
  26:Src/spi.c     **** 
  27:Src/spi.c     **** SPI_HandleTypeDef hspi1;
  28:Src/spi.c     **** 
  29:Src/spi.c     **** /* SPI1 init function */
  30:Src/spi.c     **** void MX_SPI1_Init(void)
ARM GAS  C:\Users\ADMINI~1\AppData\Local\Temp\ccEfH8hI.s 			page 2


  31:Src/spi.c     **** {
  29              		.loc 1 31 1 view -0
  30              		.cfi_startproc
  31              		@ args = 0, pretend = 0, frame = 0
  32              		@ frame_needed = 0, uses_anonymous_args = 0
  33 0000 08B5     		push	{r3, lr}
  34              	.LCFI0:
  35              		.cfi_def_cfa_offset 8
  36              		.cfi_offset 3, -8
  37              		.cfi_offset 14, -4
  32:Src/spi.c     **** 
  33:Src/spi.c     ****   /* USER CODE BEGIN SPI1_Init 0 */
  34:Src/spi.c     **** 
  35:Src/spi.c     ****   /* USER CODE END SPI1_Init 0 */
  36:Src/spi.c     **** 
  37:Src/spi.c     ****   /* USER CODE BEGIN SPI1_Init 1 */
  38:Src/spi.c     **** 
  39:Src/spi.c     ****   /* USER CODE END SPI1_Init 1 */
  40:Src/spi.c     ****   hspi1.Instance = SPI1;
  38              		.loc 1 40 3 view .LVU1
  39              		.loc 1 40 18 is_stmt 0 view .LVU2
  40 0002 0E48     		ldr	r0, .L5
  41 0004 0E4B     		ldr	r3, .L5+4
  42 0006 0360     		str	r3, [r0]
  41:Src/spi.c     ****   hspi1.Init.Mode = SPI_MODE_MASTER;
  43              		.loc 1 41 3 is_stmt 1 view .LVU3
  44              		.loc 1 41 19 is_stmt 0 view .LVU4
  45 0008 4FF48273 		mov	r3, #260
  46 000c 4360     		str	r3, [r0, #4]
  42:Src/spi.c     ****   hspi1.Init.Direction = SPI_DIRECTION_2LINES;
  47              		.loc 1 42 3 is_stmt 1 view .LVU5
  48              		.loc 1 42 24 is_stmt 0 view .LVU6
  49 000e 0023     		movs	r3, #0
  50 0010 8360     		str	r3, [r0, #8]
  43:Src/spi.c     ****   hspi1.Init.DataSize = SPI_DATASIZE_8BIT;
  51              		.loc 1 43 3 is_stmt 1 view .LVU7
  52              		.loc 1 43 23 is_stmt 0 view .LVU8
  53 0012 C360     		str	r3, [r0, #12]
  44:Src/spi.c     ****   hspi1.Init.CLKPolarity = SPI_POLARITY_LOW;
  54              		.loc 1 44 3 is_stmt 1 view .LVU9
  55              		.loc 1 44 26 is_stmt 0 view .LVU10
  56 0014 0361     		str	r3, [r0, #16]
  45:Src/spi.c     ****   hspi1.Init.CLKPhase = SPI_PHASE_1EDGE;
  57              		.loc 1 45 3 is_stmt 1 view .LVU11
  58              		.loc 1 45 23 is_stmt 0 view .LVU12
  59 0016 4361     		str	r3, [r0, #20]
  46:Src/spi.c     ****   hspi1.Init.NSS = SPI_NSS_SOFT;
  60              		.loc 1 46 3 is_stmt 1 view .LVU13
  61              		.loc 1 46 18 is_stmt 0 view .LVU14
  62 0018 4FF40072 		mov	r2, #512
  63 001c 8261     		str	r2, [r0, #24]
  47:Src/spi.c     ****   hspi1.Init.BaudRatePrescaler = SPI_BAUDRATEPRESCALER_4;
  64              		.loc 1 47 3 is_stmt 1 view .LVU15
  65              		.loc 1 47 32 is_stmt 0 view .LVU16
  66 001e 0822     		movs	r2, #8
  67 0020 C261     		str	r2, [r0, #28]
  48:Src/spi.c     ****   hspi1.Init.FirstBit = SPI_FIRSTBIT_MSB;
ARM GAS  C:\Users\ADMINI~1\AppData\Local\Temp\ccEfH8hI.s 			page 3


  68              		.loc 1 48 3 is_stmt 1 view .LVU17
  69              		.loc 1 48 23 is_stmt 0 view .LVU18
  70 0022 0362     		str	r3, [r0, #32]
  49:Src/spi.c     ****   hspi1.Init.TIMode = SPI_TIMODE_DISABLE;
  71              		.loc 1 49 3 is_stmt 1 view .LVU19
  72              		.loc 1 49 21 is_stmt 0 view .LVU20
  73 0024 4362     		str	r3, [r0, #36]
  50:Src/spi.c     ****   hspi1.Init.CRCCalculation = SPI_CRCCALCULATION_DISABLE;
  74              		.loc 1 50 3 is_stmt 1 view .LVU21
  75              		.loc 1 50 29 is_stmt 0 view .LVU22
  76 0026 8362     		str	r3, [r0, #40]
  51:Src/spi.c     ****   hspi1.Init.CRCPolynomial = 10;
  77              		.loc 1 51 3 is_stmt 1 view .LVU23
  78              		.loc 1 51 28 is_stmt 0 view .LVU24
  79 0028 0A23     		movs	r3, #10
  80 002a C362     		str	r3, [r0, #44]
  52:Src/spi.c     ****   if (HAL_SPI_Init(&hspi1) != HAL_OK)
  81              		.loc 1 52 3 is_stmt 1 view .LVU25
  82              		.loc 1 52 7 is_stmt 0 view .LVU26
  83 002c FFF7FEFF 		bl	HAL_SPI_Init
  84              	.LVL0:
  85              		.loc 1 52 6 view .LVU27
  86 0030 00B9     		cbnz	r0, .L4
  87              	.L1:
  53:Src/spi.c     ****   {
  54:Src/spi.c     ****     Error_Handler();
  55:Src/spi.c     ****   }
  56:Src/spi.c     ****   /* USER CODE BEGIN SPI1_Init 2 */
  57:Src/spi.c     **** 
  58:Src/spi.c     ****   /* USER CODE END SPI1_Init 2 */
  59:Src/spi.c     **** 
  60:Src/spi.c     **** }
  88              		.loc 1 60 1 view .LVU28
  89 0032 08BD     		pop	{r3, pc}
  90              	.L4:
  54:Src/spi.c     ****   }
  91              		.loc 1 54 5 is_stmt 1 view .LVU29
  92 0034 FFF7FEFF 		bl	Error_Handler
  93              	.LVL1:
  94              		.loc 1 60 1 is_stmt 0 view .LVU30
  95 0038 FBE7     		b	.L1
  96              	.L6:
  97 003a 00BF     		.align	2
  98              	.L5:
  99 003c 00000000 		.word	.LANCHOR0
 100 0040 00300140 		.word	1073819648
 101              		.cfi_endproc
 102              	.LFE130:
 104              		.section	.text.HAL_SPI_MspInit,"ax",%progbits
 105              		.align	1
 106              		.global	HAL_SPI_MspInit
 107              		.syntax unified
 108              		.thumb
 109              		.thumb_func
 111              	HAL_SPI_MspInit:
 112              	.LVL2:
 113              	.LFB131:
ARM GAS  C:\Users\ADMINI~1\AppData\Local\Temp\ccEfH8hI.s 			page 4


  61:Src/spi.c     **** 
  62:Src/spi.c     **** void HAL_SPI_MspInit(SPI_HandleTypeDef* spiHandle)
  63:Src/spi.c     **** {
 114              		.loc 1 63 1 is_stmt 1 view -0
 115              		.cfi_startproc
 116              		@ args = 0, pretend = 0, frame = 32
 117              		@ frame_needed = 0, uses_anonymous_args = 0
 118              		.loc 1 63 1 is_stmt 0 view .LVU32
 119 0000 F0B5     		push	{r4, r5, r6, r7, lr}
 120              	.LCFI1:
 121              		.cfi_def_cfa_offset 20
 122              		.cfi_offset 4, -20
 123              		.cfi_offset 5, -16
 124              		.cfi_offset 6, -12
 125              		.cfi_offset 7, -8
 126              		.cfi_offset 14, -4
 127 0002 89B0     		sub	sp, sp, #36
 128              	.LCFI2:
 129              		.cfi_def_cfa_offset 56
  64:Src/spi.c     **** 
  65:Src/spi.c     ****   GPIO_InitTypeDef GPIO_InitStruct = {0};
 130              		.loc 1 65 3 is_stmt 1 view .LVU33
 131              		.loc 1 65 20 is_stmt 0 view .LVU34
 132 0004 0023     		movs	r3, #0
 133 0006 0393     		str	r3, [sp, #12]
 134 0008 0493     		str	r3, [sp, #16]
 135 000a 0593     		str	r3, [sp, #20]
 136 000c 0693     		str	r3, [sp, #24]
 137 000e 0793     		str	r3, [sp, #28]
  66:Src/spi.c     ****   if(spiHandle->Instance==SPI1)
 138              		.loc 1 66 3 is_stmt 1 view .LVU35
 139              		.loc 1 66 15 is_stmt 0 view .LVU36
 140 0010 0268     		ldr	r2, [r0]
 141              		.loc 1 66 5 view .LVU37
 142 0012 1E4B     		ldr	r3, .L11
 143 0014 9A42     		cmp	r2, r3
 144 0016 01D0     		beq	.L10
 145              	.LVL3:
 146              	.L7:
  67:Src/spi.c     ****   {
  68:Src/spi.c     ****   /* USER CODE BEGIN SPI1_MspInit 0 */
  69:Src/spi.c     **** 
  70:Src/spi.c     ****   /* USER CODE END SPI1_MspInit 0 */
  71:Src/spi.c     ****     /* SPI1 clock enable */
  72:Src/spi.c     ****     __HAL_RCC_SPI1_CLK_ENABLE();
  73:Src/spi.c     **** 
  74:Src/spi.c     ****     __HAL_RCC_GPIOA_CLK_ENABLE();
  75:Src/spi.c     ****     __HAL_RCC_GPIOB_CLK_ENABLE();
  76:Src/spi.c     ****     /**SPI1 GPIO Configuration
  77:Src/spi.c     ****     PA6     ------> SPI1_MISO
  78:Src/spi.c     ****     PA7     ------> SPI1_MOSI
  79:Src/spi.c     ****     PB3     ------> SPI1_SCK
  80:Src/spi.c     ****     */
  81:Src/spi.c     ****     GPIO_InitStruct.Pin = GPIO_PIN_6|GPIO_PIN_7;
  82:Src/spi.c     ****     GPIO_InitStruct.Mode = GPIO_MODE_AF_PP;
  83:Src/spi.c     ****     GPIO_InitStruct.Pull = GPIO_NOPULL;
  84:Src/spi.c     ****     GPIO_InitStruct.Speed = GPIO_SPEED_FREQ_VERY_HIGH;
ARM GAS  C:\Users\ADMINI~1\AppData\Local\Temp\ccEfH8hI.s 			page 5


  85:Src/spi.c     ****     GPIO_InitStruct.Alternate = GPIO_AF5_SPI1;
  86:Src/spi.c     ****     HAL_GPIO_Init(GPIOA, &GPIO_InitStruct);
  87:Src/spi.c     **** 
  88:Src/spi.c     ****     GPIO_InitStruct.Pin = GPIO_PIN_3;
  89:Src/spi.c     ****     GPIO_InitStruct.Mode = GPIO_MODE_AF_PP;
  90:Src/spi.c     ****     GPIO_InitStruct.Pull = GPIO_NOPULL;
  91:Src/spi.c     ****     GPIO_InitStruct.Speed = GPIO_SPEED_FREQ_VERY_HIGH;
  92:Src/spi.c     ****     GPIO_InitStruct.Alternate = GPIO_AF5_SPI1;
  93:Src/spi.c     ****     HAL_GPIO_Init(GPIOB, &GPIO_InitStruct);
  94:Src/spi.c     **** 
  95:Src/spi.c     ****   /* USER CODE BEGIN SPI1_MspInit 1 */
  96:Src/spi.c     **** 
  97:Src/spi.c     ****   /* USER CODE END SPI1_MspInit 1 */
  98:Src/spi.c     ****   }
  99:Src/spi.c     **** }
 147              		.loc 1 99 1 view .LVU38
 148 0018 09B0     		add	sp, sp, #36
 149              	.LCFI3:
 150              		.cfi_remember_state
 151              		.cfi_def_cfa_offset 20
 152              		@ sp needed
 153 001a F0BD     		pop	{r4, r5, r6, r7, pc}
 154              	.LVL4:
 155              	.L10:
 156              	.LCFI4:
 157              		.cfi_restore_state
  72:Src/spi.c     **** 
 158              		.loc 1 72 5 is_stmt 1 view .LVU39
 159              	.LBB2:
  72:Src/spi.c     **** 
 160              		.loc 1 72 5 view .LVU40
 161 001c 0024     		movs	r4, #0
 162 001e 0094     		str	r4, [sp]
  72:Src/spi.c     **** 
 163              		.loc 1 72 5 view .LVU41
 164 0020 03F58433 		add	r3, r3, #67584
 165 0024 5A6C     		ldr	r2, [r3, #68]
 166 0026 42F48052 		orr	r2, r2, #4096
 167 002a 5A64     		str	r2, [r3, #68]
  72:Src/spi.c     **** 
 168              		.loc 1 72 5 view .LVU42
 169 002c 5A6C     		ldr	r2, [r3, #68]
 170 002e 02F48052 		and	r2, r2, #4096
 171 0032 0092     		str	r2, [sp]
  72:Src/spi.c     **** 
 172              		.loc 1 72 5 view .LVU43
 173 0034 009A     		ldr	r2, [sp]
 174              	.LBE2:
  72:Src/spi.c     **** 
 175              		.loc 1 72 5 view .LVU44
  74:Src/spi.c     ****     __HAL_RCC_GPIOB_CLK_ENABLE();
 176              		.loc 1 74 5 view .LVU45
 177              	.LBB3:
  74:Src/spi.c     ****     __HAL_RCC_GPIOB_CLK_ENABLE();
 178              		.loc 1 74 5 view .LVU46
 179 0036 0194     		str	r4, [sp, #4]
  74:Src/spi.c     ****     __HAL_RCC_GPIOB_CLK_ENABLE();
ARM GAS  C:\Users\ADMINI~1\AppData\Local\Temp\ccEfH8hI.s 			page 6


 180              		.loc 1 74 5 view .LVU47
 181 0038 1A6B     		ldr	r2, [r3, #48]
 182 003a 42F00102 		orr	r2, r2, #1
 183 003e 1A63     		str	r2, [r3, #48]
  74:Src/spi.c     ****     __HAL_RCC_GPIOB_CLK_ENABLE();
 184              		.loc 1 74 5 view .LVU48
 185 0040 1A6B     		ldr	r2, [r3, #48]
 186 0042 02F00102 		and	r2, r2, #1
 187 0046 0192     		str	r2, [sp, #4]
  74:Src/spi.c     ****     __HAL_RCC_GPIOB_CLK_ENABLE();
 188              		.loc 1 74 5 view .LVU49
 189 0048 019A     		ldr	r2, [sp, #4]
 190              	.LBE3:
  74:Src/spi.c     ****     __HAL_RCC_GPIOB_CLK_ENABLE();
 191              		.loc 1 74 5 view .LVU50
  75:Src/spi.c     ****     /**SPI1 GPIO Configuration
 192              		.loc 1 75 5 view .LVU51
 193              	.LBB4:
  75:Src/spi.c     ****     /**SPI1 GPIO Configuration
 194              		.loc 1 75 5 view .LVU52
 195 004a 0294     		str	r4, [sp, #8]
  75:Src/spi.c     ****     /**SPI1 GPIO Configuration
 196              		.loc 1 75 5 view .LVU53
 197 004c 1A6B     		ldr	r2, [r3, #48]
 198 004e 42F00202 		orr	r2, r2, #2
 199 0052 1A63     		str	r2, [r3, #48]
  75:Src/spi.c     ****     /**SPI1 GPIO Configuration
 200              		.loc 1 75 5 view .LVU54
 201 0054 1B6B     		ldr	r3, [r3, #48]
 202 0056 03F00203 		and	r3, r3, #2
 203 005a 0293     		str	r3, [sp, #8]
  75:Src/spi.c     ****     /**SPI1 GPIO Configuration
 204              		.loc 1 75 5 view .LVU55
 205 005c 029B     		ldr	r3, [sp, #8]
 206              	.LBE4:
  75:Src/spi.c     ****     /**SPI1 GPIO Configuration
 207              		.loc 1 75 5 view .LVU56
  81:Src/spi.c     ****     GPIO_InitStruct.Mode = GPIO_MODE_AF_PP;
 208              		.loc 1 81 5 view .LVU57
  81:Src/spi.c     ****     GPIO_InitStruct.Mode = GPIO_MODE_AF_PP;
 209              		.loc 1 81 25 is_stmt 0 view .LVU58
 210 005e C023     		movs	r3, #192
 211 0060 0393     		str	r3, [sp, #12]
  82:Src/spi.c     ****     GPIO_InitStruct.Pull = GPIO_NOPULL;
 212              		.loc 1 82 5 is_stmt 1 view .LVU59
  82:Src/spi.c     ****     GPIO_InitStruct.Pull = GPIO_NOPULL;
 213              		.loc 1 82 26 is_stmt 0 view .LVU60
 214 0062 0227     		movs	r7, #2
 215 0064 0497     		str	r7, [sp, #16]
  83:Src/spi.c     ****     GPIO_InitStruct.Speed = GPIO_SPEED_FREQ_VERY_HIGH;
 216              		.loc 1 83 5 is_stmt 1 view .LVU61
  84:Src/spi.c     ****     GPIO_InitStruct.Alternate = GPIO_AF5_SPI1;
 217              		.loc 1 84 5 view .LVU62
  84:Src/spi.c     ****     GPIO_InitStruct.Alternate = GPIO_AF5_SPI1;
 218              		.loc 1 84 27 is_stmt 0 view .LVU63
 219 0066 0326     		movs	r6, #3
 220 0068 0696     		str	r6, [sp, #24]
ARM GAS  C:\Users\ADMINI~1\AppData\Local\Temp\ccEfH8hI.s 			page 7


  85:Src/spi.c     ****     HAL_GPIO_Init(GPIOA, &GPIO_InitStruct);
 221              		.loc 1 85 5 is_stmt 1 view .LVU64
  85:Src/spi.c     ****     HAL_GPIO_Init(GPIOA, &GPIO_InitStruct);
 222              		.loc 1 85 31 is_stmt 0 view .LVU65
 223 006a 0525     		movs	r5, #5
 224 006c 0795     		str	r5, [sp, #28]
  86:Src/spi.c     **** 
 225              		.loc 1 86 5 is_stmt 1 view .LVU66
 226 006e 03A9     		add	r1, sp, #12
 227 0070 0748     		ldr	r0, .L11+4
 228              	.LVL5:
  86:Src/spi.c     **** 
 229              		.loc 1 86 5 is_stmt 0 view .LVU67
 230 0072 FFF7FEFF 		bl	HAL_GPIO_Init
 231              	.LVL6:
  88:Src/spi.c     ****     GPIO_InitStruct.Mode = GPIO_MODE_AF_PP;
 232              		.loc 1 88 5 is_stmt 1 view .LVU68
  88:Src/spi.c     ****     GPIO_InitStruct.Mode = GPIO_MODE_AF_PP;
 233              		.loc 1 88 25 is_stmt 0 view .LVU69
 234 0076 0823     		movs	r3, #8
 235 0078 0393     		str	r3, [sp, #12]
  89:Src/spi.c     ****     GPIO_InitStruct.Pull = GPIO_NOPULL;
 236              		.loc 1 89 5 is_stmt 1 view .LVU70
  89:Src/spi.c     ****     GPIO_InitStruct.Pull = GPIO_NOPULL;
 237              		.loc 1 89 26 is_stmt 0 view .LVU71
 238 007a 0497     		str	r7, [sp, #16]
  90:Src/spi.c     ****     GPIO_InitStruct.Speed = GPIO_SPEED_FREQ_VERY_HIGH;
 239              		.loc 1 90 5 is_stmt 1 view .LVU72
  90:Src/spi.c     ****     GPIO_InitStruct.Speed = GPIO_SPEED_FREQ_VERY_HIGH;
 240              		.loc 1 90 26 is_stmt 0 view .LVU73
 241 007c 0594     		str	r4, [sp, #20]
  91:Src/spi.c     ****     GPIO_InitStruct.Alternate = GPIO_AF5_SPI1;
 242              		.loc 1 91 5 is_stmt 1 view .LVU74
  91:Src/spi.c     ****     GPIO_InitStruct.Alternate = GPIO_AF5_SPI1;
 243              		.loc 1 91 27 is_stmt 0 view .LVU75
 244 007e 0696     		str	r6, [sp, #24]
  92:Src/spi.c     ****     HAL_GPIO_Init(GPIOB, &GPIO_InitStruct);
 245              		.loc 1 92 5 is_stmt 1 view .LVU76
  92:Src/spi.c     ****     HAL_GPIO_Init(GPIOB, &GPIO_InitStruct);
 246              		.loc 1 92 31 is_stmt 0 view .LVU77
 247 0080 0795     		str	r5, [sp, #28]
  93:Src/spi.c     **** 
 248              		.loc 1 93 5 is_stmt 1 view .LVU78
 249 0082 03A9     		add	r1, sp, #12
 250 0084 0348     		ldr	r0, .L11+8
 251 0086 FFF7FEFF 		bl	HAL_GPIO_Init
 252              	.LVL7:
 253              		.loc 1 99 1 is_stmt 0 view .LVU79
 254 008a C5E7     		b	.L7
 255              	.L12:
 256              		.align	2
 257              	.L11:
 258 008c 00300140 		.word	1073819648
 259 0090 00000240 		.word	1073872896
 260 0094 00040240 		.word	1073873920
 261              		.cfi_endproc
 262              	.LFE131:
ARM GAS  C:\Users\ADMINI~1\AppData\Local\Temp\ccEfH8hI.s 			page 8


 264              		.section	.text.HAL_SPI_MspDeInit,"ax",%progbits
 265              		.align	1
 266              		.global	HAL_SPI_MspDeInit
 267              		.syntax unified
 268              		.thumb
 269              		.thumb_func
 271              	HAL_SPI_MspDeInit:
 272              	.LVL8:
 273              	.LFB132:
 100:Src/spi.c     **** 
 101:Src/spi.c     **** void HAL_SPI_MspDeInit(SPI_HandleTypeDef* spiHandle)
 102:Src/spi.c     **** {
 274              		.loc 1 102 1 is_stmt 1 view -0
 275              		.cfi_startproc
 276              		@ args = 0, pretend = 0, frame = 0
 277              		@ frame_needed = 0, uses_anonymous_args = 0
 278              		.loc 1 102 1 is_stmt 0 view .LVU81
 279 0000 08B5     		push	{r3, lr}
 280              	.LCFI5:
 281              		.cfi_def_cfa_offset 8
 282              		.cfi_offset 3, -8
 283              		.cfi_offset 14, -4
 103:Src/spi.c     **** 
 104:Src/spi.c     ****   if(spiHandle->Instance==SPI1)
 284              		.loc 1 104 3 is_stmt 1 view .LVU82
 285              		.loc 1 104 15 is_stmt 0 view .LVU83
 286 0002 0268     		ldr	r2, [r0]
 287              		.loc 1 104 5 view .LVU84
 288 0004 084B     		ldr	r3, .L17
 289 0006 9A42     		cmp	r2, r3
 290 0008 00D0     		beq	.L16
 291              	.LVL9:
 292              	.L13:
 105:Src/spi.c     ****   {
 106:Src/spi.c     ****   /* USER CODE BEGIN SPI1_MspDeInit 0 */
 107:Src/spi.c     **** 
 108:Src/spi.c     ****   /* USER CODE END SPI1_MspDeInit 0 */
 109:Src/spi.c     ****     /* Peripheral clock disable */
 110:Src/spi.c     ****     __HAL_RCC_SPI1_CLK_DISABLE();
 111:Src/spi.c     **** 
 112:Src/spi.c     ****     /**SPI1 GPIO Configuration
 113:Src/spi.c     ****     PA6     ------> SPI1_MISO
 114:Src/spi.c     ****     PA7     ------> SPI1_MOSI
 115:Src/spi.c     ****     PB3     ------> SPI1_SCK
 116:Src/spi.c     ****     */
 117:Src/spi.c     ****     HAL_GPIO_DeInit(GPIOA, GPIO_PIN_6|GPIO_PIN_7);
 118:Src/spi.c     **** 
 119:Src/spi.c     ****     HAL_GPIO_DeInit(GPIOB, GPIO_PIN_3);
 120:Src/spi.c     **** 
 121:Src/spi.c     ****   /* USER CODE BEGIN SPI1_MspDeInit 1 */
 122:Src/spi.c     **** 
 123:Src/spi.c     ****   /* USER CODE END SPI1_MspDeInit 1 */
 124:Src/spi.c     ****   }
 125:Src/spi.c     **** }
 293              		.loc 1 125 1 view .LVU85
 294 000a 08BD     		pop	{r3, pc}
 295              	.LVL10:
ARM GAS  C:\Users\ADMINI~1\AppData\Local\Temp\ccEfH8hI.s 			page 9


 296              	.L16:
 110:Src/spi.c     **** 
 297              		.loc 1 110 5 is_stmt 1 view .LVU86
 298 000c 074A     		ldr	r2, .L17+4
 299 000e 536C     		ldr	r3, [r2, #68]
 300 0010 23F48053 		bic	r3, r3, #4096
 301 0014 5364     		str	r3, [r2, #68]
 117:Src/spi.c     **** 
 302              		.loc 1 117 5 view .LVU87
 303 0016 C021     		movs	r1, #192
 304 0018 0548     		ldr	r0, .L17+8
 305              	.LVL11:
 117:Src/spi.c     **** 
 306              		.loc 1 117 5 is_stmt 0 view .LVU88
 307 001a FFF7FEFF 		bl	HAL_GPIO_DeInit
 308              	.LVL12:
 119:Src/spi.c     **** 
 309              		.loc 1 119 5 is_stmt 1 view .LVU89
 310 001e 0821     		movs	r1, #8
 311 0020 0448     		ldr	r0, .L17+12
 312 0022 FFF7FEFF 		bl	HAL_GPIO_DeInit
 313              	.LVL13:
 314              		.loc 1 125 1 is_stmt 0 view .LVU90
 315 0026 F0E7     		b	.L13
 316              	.L18:
 317              		.align	2
 318              	.L17:
 319 0028 00300140 		.word	1073819648
 320 002c 00380240 		.word	1073887232
 321 0030 00000240 		.word	1073872896
 322 0034 00040240 		.word	1073873920
 323              		.cfi_endproc
 324              	.LFE132:
 326              		.global	hspi1
 327              		.section	.bss.hspi1,"aw",%nobits
 328              		.align	2
 329              		.set	.LANCHOR0,. + 0
 332              	hspi1:
 333 0000 00000000 		.space	88
 333      00000000 
 333      00000000 
 333      00000000 
 333      00000000 
 334              		.text
 335              	.Letext0:
 336              		.file 2 "e:\\program files (x86)\\gnu arm embedded toolchain\\10 2021.10\\arm-none-eabi\\include\\
 337              		.file 3 "e:\\program files (x86)\\gnu arm embedded toolchain\\10 2021.10\\arm-none-eabi\\include\\
 338              		.file 4 "Drivers/CMSIS/Device/ST/STM32F4xx/Include/stm32f405xx.h"
 339              		.file 5 "Drivers/STM32F4xx_HAL_Driver/Inc/stm32f4xx_hal_def.h"
 340              		.file 6 "Drivers/STM32F4xx_HAL_Driver/Inc/stm32f4xx_hal_gpio.h"
 341              		.file 7 "Drivers/STM32F4xx_HAL_Driver/Inc/stm32f4xx_hal_dma.h"
 342              		.file 8 "Drivers/STM32F4xx_HAL_Driver/Inc/stm32f4xx_hal_spi.h"
 343              		.file 9 "Inc/main.h"
 344              		.file 10 "Inc/spi.h"
ARM GAS  C:\Users\ADMINI~1\AppData\Local\Temp\ccEfH8hI.s 			page 10


DEFINED SYMBOLS
                            *ABS*:00000000 spi.c
C:\Users\ADMINI~1\AppData\Local\Temp\ccEfH8hI.s:20     .text.MX_SPI1_Init:00000000 $t
C:\Users\ADMINI~1\AppData\Local\Temp\ccEfH8hI.s:26     .text.MX_SPI1_Init:00000000 MX_SPI1_Init
C:\Users\ADMINI~1\AppData\Local\Temp\ccEfH8hI.s:99     .text.MX_SPI1_Init:0000003c $d
C:\Users\ADMINI~1\AppData\Local\Temp\ccEfH8hI.s:105    .text.HAL_SPI_MspInit:00000000 $t
C:\Users\ADMINI~1\AppData\Local\Temp\ccEfH8hI.s:111    .text.HAL_SPI_MspInit:00000000 HAL_SPI_MspInit
C:\Users\ADMINI~1\AppData\Local\Temp\ccEfH8hI.s:258    .text.HAL_SPI_MspInit:0000008c $d
C:\Users\ADMINI~1\AppData\Local\Temp\ccEfH8hI.s:265    .text.HAL_SPI_MspDeInit:00000000 $t
C:\Users\ADMINI~1\AppData\Local\Temp\ccEfH8hI.s:271    .text.HAL_SPI_MspDeInit:00000000 HAL_SPI_MspDeInit
C:\Users\ADMINI~1\AppData\Local\Temp\ccEfH8hI.s:319    .text.HAL_SPI_MspDeInit:00000028 $d
C:\Users\ADMINI~1\AppData\Local\Temp\ccEfH8hI.s:332    .bss.hspi1:00000000 hspi1
C:\Users\ADMINI~1\AppData\Local\Temp\ccEfH8hI.s:328    .bss.hspi1:00000000 $d

UNDEFINED SYMBOLS
HAL_SPI_Init
Error_Handler
HAL_GPIO_Init
HAL_GPIO_DeInit
