ARM GAS  C:\Users\ADMINI~1\AppData\Local\Temp\ccEkM5hx.s 			page 1


   1              		.cpu cortex-m4
   2              		.arch armv7e-m
   3              		.fpu fpv4-sp-d16
   4              		.eabi_attribute 27, 1
   5              		.eabi_attribute 28, 1
   6              		.eabi_attribute 20, 1
   7              		.eabi_attribute 21, 1
   8              		.eabi_attribute 23, 3
   9              		.eabi_attribute 24, 1
  10              		.eabi_attribute 25, 1
  11              		.eabi_attribute 26, 1
  12              		.eabi_attribute 30, 1
  13              		.eabi_attribute 34, 1
  14              		.eabi_attribute 18, 4
  15              		.file	"stm32f4xx_hal_timebase_tim.c"
  16              		.text
  17              	.Ltext0:
  18              		.cfi_sections	.debug_frame
  19              		.section	.text.HAL_InitTick,"ax",%progbits
  20              		.align	1
  21              		.global	HAL_InitTick
  22              		.syntax unified
  23              		.thumb
  24              		.thumb_func
  26              	HAL_InitTick:
  27              	.LVL0:
  28              	.LFB130:
  29              		.file 1 "Src/stm32f4xx_hal_timebase_tim.c"
   1:Src/stm32f4xx_hal_timebase_tim.c **** /* USER CODE BEGIN Header */
   2:Src/stm32f4xx_hal_timebase_tim.c **** /**
   3:Src/stm32f4xx_hal_timebase_tim.c ****   ******************************************************************************
   4:Src/stm32f4xx_hal_timebase_tim.c ****   * @file    stm32f4xx_hal_timebase_TIM.c
   5:Src/stm32f4xx_hal_timebase_tim.c ****   * @brief   HAL time base based on the hardware TIM.
   6:Src/stm32f4xx_hal_timebase_tim.c ****   ******************************************************************************
   7:Src/stm32f4xx_hal_timebase_tim.c ****   * @attention
   8:Src/stm32f4xx_hal_timebase_tim.c ****   *
   9:Src/stm32f4xx_hal_timebase_tim.c ****   * Copyright (c) 2022 STMicroelectronics.
  10:Src/stm32f4xx_hal_timebase_tim.c ****   * All rights reserved.
  11:Src/stm32f4xx_hal_timebase_tim.c ****   *
  12:Src/stm32f4xx_hal_timebase_tim.c ****   * This software is licensed under terms that can be found in the LICENSE file
  13:Src/stm32f4xx_hal_timebase_tim.c ****   * in the root directory of this software component.
  14:Src/stm32f4xx_hal_timebase_tim.c ****   * If no LICENSE file comes with this software, it is provided AS-IS.
  15:Src/stm32f4xx_hal_timebase_tim.c ****   *
  16:Src/stm32f4xx_hal_timebase_tim.c ****   ******************************************************************************
  17:Src/stm32f4xx_hal_timebase_tim.c ****   */
  18:Src/stm32f4xx_hal_timebase_tim.c **** /* USER CODE END Header */
  19:Src/stm32f4xx_hal_timebase_tim.c **** 
  20:Src/stm32f4xx_hal_timebase_tim.c **** /* Includes ------------------------------------------------------------------*/
  21:Src/stm32f4xx_hal_timebase_tim.c **** #include "stm32f4xx_hal.h"
  22:Src/stm32f4xx_hal_timebase_tim.c **** #include "stm32f4xx_hal_tim.h"
  23:Src/stm32f4xx_hal_timebase_tim.c **** 
  24:Src/stm32f4xx_hal_timebase_tim.c **** /* Private typedef -----------------------------------------------------------*/
  25:Src/stm32f4xx_hal_timebase_tim.c **** /* Private define ------------------------------------------------------------*/
  26:Src/stm32f4xx_hal_timebase_tim.c **** /* Private macro -------------------------------------------------------------*/
  27:Src/stm32f4xx_hal_timebase_tim.c **** /* Private variables ---------------------------------------------------------*/
  28:Src/stm32f4xx_hal_timebase_tim.c **** TIM_HandleTypeDef        htim14;
  29:Src/stm32f4xx_hal_timebase_tim.c **** /* Private function prototypes -----------------------------------------------*/
ARM GAS  C:\Users\ADMINI~1\AppData\Local\Temp\ccEkM5hx.s 			page 2


  30:Src/stm32f4xx_hal_timebase_tim.c **** /* Private functions ---------------------------------------------------------*/
  31:Src/stm32f4xx_hal_timebase_tim.c **** 
  32:Src/stm32f4xx_hal_timebase_tim.c **** /**
  33:Src/stm32f4xx_hal_timebase_tim.c ****   * @brief  This function configures the TIM14 as a time base source.
  34:Src/stm32f4xx_hal_timebase_tim.c ****   *         The time source is configured  to have 1ms time base with a dedicated
  35:Src/stm32f4xx_hal_timebase_tim.c ****   *         Tick interrupt priority.
  36:Src/stm32f4xx_hal_timebase_tim.c ****   * @note   This function is called  automatically at the beginning of program after
  37:Src/stm32f4xx_hal_timebase_tim.c ****   *         reset by HAL_Init() or at any time when clock is configured, by HAL_RCC_ClockConfig().
  38:Src/stm32f4xx_hal_timebase_tim.c ****   * @param  TickPriority: Tick interrupt priority.
  39:Src/stm32f4xx_hal_timebase_tim.c ****   * @retval HAL status
  40:Src/stm32f4xx_hal_timebase_tim.c ****   */
  41:Src/stm32f4xx_hal_timebase_tim.c **** HAL_StatusTypeDef HAL_InitTick(uint32_t TickPriority)
  42:Src/stm32f4xx_hal_timebase_tim.c **** {
  30              		.loc 1 42 1 view -0
  31              		.cfi_startproc
  32              		@ args = 0, pretend = 0, frame = 32
  33              		@ frame_needed = 0, uses_anonymous_args = 0
  34              		.loc 1 42 1 is_stmt 0 view .LVU1
  35 0000 30B5     		push	{r4, r5, lr}
  36              	.LCFI0:
  37              		.cfi_def_cfa_offset 12
  38              		.cfi_offset 4, -12
  39              		.cfi_offset 5, -8
  40              		.cfi_offset 14, -4
  41 0002 89B0     		sub	sp, sp, #36
  42              	.LCFI1:
  43              		.cfi_def_cfa_offset 48
  44 0004 0446     		mov	r4, r0
  43:Src/stm32f4xx_hal_timebase_tim.c ****   RCC_ClkInitTypeDef    clkconfig;
  45              		.loc 1 43 3 is_stmt 1 view .LVU2
  44:Src/stm32f4xx_hal_timebase_tim.c ****   uint32_t              uwTimclock, uwAPB1Prescaler = 0U;
  46              		.loc 1 44 3 view .LVU3
  47              	.LVL1:
  45:Src/stm32f4xx_hal_timebase_tim.c **** 
  46:Src/stm32f4xx_hal_timebase_tim.c ****   uint32_t              uwPrescalerValue = 0U;
  48              		.loc 1 46 3 view .LVU4
  47:Src/stm32f4xx_hal_timebase_tim.c ****   uint32_t              pFLatency;
  49              		.loc 1 47 3 view .LVU5
  48:Src/stm32f4xx_hal_timebase_tim.c ****   HAL_StatusTypeDef     status;
  50              		.loc 1 48 3 view .LVU6
  49:Src/stm32f4xx_hal_timebase_tim.c **** 
  50:Src/stm32f4xx_hal_timebase_tim.c ****   /* Enable TIM14 clock */
  51:Src/stm32f4xx_hal_timebase_tim.c ****   __HAL_RCC_TIM14_CLK_ENABLE();
  51              		.loc 1 51 3 view .LVU7
  52              	.LBB2:
  53              		.loc 1 51 3 view .LVU8
  54 0006 0023     		movs	r3, #0
  55 0008 0193     		str	r3, [sp, #4]
  56              		.loc 1 51 3 view .LVU9
  57 000a 214B     		ldr	r3, .L9
  58 000c 1A6C     		ldr	r2, [r3, #64]
  59 000e 42F48072 		orr	r2, r2, #256
  60 0012 1A64     		str	r2, [r3, #64]
  61              		.loc 1 51 3 view .LVU10
  62 0014 1B6C     		ldr	r3, [r3, #64]
  63 0016 03F48073 		and	r3, r3, #256
  64 001a 0193     		str	r3, [sp, #4]
ARM GAS  C:\Users\ADMINI~1\AppData\Local\Temp\ccEkM5hx.s 			page 3


  65              		.loc 1 51 3 view .LVU11
  66 001c 019B     		ldr	r3, [sp, #4]
  67              	.LBE2:
  68              		.loc 1 51 3 view .LVU12
  52:Src/stm32f4xx_hal_timebase_tim.c **** 
  53:Src/stm32f4xx_hal_timebase_tim.c ****   /* Get clock configuration */
  54:Src/stm32f4xx_hal_timebase_tim.c ****   HAL_RCC_GetClockConfig(&clkconfig, &pFLatency);
  69              		.loc 1 54 3 view .LVU13
  70 001e 02A9     		add	r1, sp, #8
  71 0020 03A8     		add	r0, sp, #12
  72              	.LVL2:
  73              		.loc 1 54 3 is_stmt 0 view .LVU14
  74 0022 FFF7FEFF 		bl	HAL_RCC_GetClockConfig
  75              	.LVL3:
  55:Src/stm32f4xx_hal_timebase_tim.c **** 
  56:Src/stm32f4xx_hal_timebase_tim.c ****   /* Get APB1 prescaler */
  57:Src/stm32f4xx_hal_timebase_tim.c ****   uwAPB1Prescaler = clkconfig.APB1CLKDivider;
  76              		.loc 1 57 3 is_stmt 1 view .LVU15
  77              		.loc 1 57 19 is_stmt 0 view .LVU16
  78 0026 069B     		ldr	r3, [sp, #24]
  79              	.LVL4:
  58:Src/stm32f4xx_hal_timebase_tim.c ****   /* Compute TIM14 clock */
  59:Src/stm32f4xx_hal_timebase_tim.c ****   if (uwAPB1Prescaler == RCC_HCLK_DIV1)
  80              		.loc 1 59 3 is_stmt 1 view .LVU17
  81              		.loc 1 59 6 is_stmt 0 view .LVU18
  82 0028 CBB9     		cbnz	r3, .L2
  60:Src/stm32f4xx_hal_timebase_tim.c ****   {
  61:Src/stm32f4xx_hal_timebase_tim.c ****     uwTimclock = HAL_RCC_GetPCLK1Freq();
  83              		.loc 1 61 5 is_stmt 1 view .LVU19
  84              		.loc 1 61 18 is_stmt 0 view .LVU20
  85 002a FFF7FEFF 		bl	HAL_RCC_GetPCLK1Freq
  86              	.LVL5:
  87              		.loc 1 61 18 view .LVU21
  88 002e 0346     		mov	r3, r0
  89              	.LVL6:
  90              	.L3:
  62:Src/stm32f4xx_hal_timebase_tim.c ****   }
  63:Src/stm32f4xx_hal_timebase_tim.c ****   else
  64:Src/stm32f4xx_hal_timebase_tim.c ****   {
  65:Src/stm32f4xx_hal_timebase_tim.c ****     uwTimclock = 2UL * HAL_RCC_GetPCLK1Freq();
  66:Src/stm32f4xx_hal_timebase_tim.c ****   }
  67:Src/stm32f4xx_hal_timebase_tim.c **** 
  68:Src/stm32f4xx_hal_timebase_tim.c ****   /* Compute the prescaler value to have TIM14 counter clock equal to 1MHz */
  69:Src/stm32f4xx_hal_timebase_tim.c ****   uwPrescalerValue = (uint32_t) ((uwTimclock / 1000000U) - 1U);
  91              		.loc 1 69 3 is_stmt 1 view .LVU22
  92              		.loc 1 69 46 is_stmt 0 view .LVU23
  93 0030 1848     		ldr	r0, .L9+4
  94 0032 A0FB0323 		umull	r2, r3, r0, r3
  95              	.LVL7:
  96              		.loc 1 69 46 view .LVU24
  97 0036 9B0C     		lsrs	r3, r3, #18
  98              		.loc 1 69 20 view .LVU25
  99 0038 013B     		subs	r3, r3, #1
 100              	.LVL8:
  70:Src/stm32f4xx_hal_timebase_tim.c **** 
  71:Src/stm32f4xx_hal_timebase_tim.c ****   /* Initialize TIM14 */
  72:Src/stm32f4xx_hal_timebase_tim.c ****   htim14.Instance = TIM14;
ARM GAS  C:\Users\ADMINI~1\AppData\Local\Temp\ccEkM5hx.s 			page 4


 101              		.loc 1 72 3 is_stmt 1 view .LVU26
 102              		.loc 1 72 19 is_stmt 0 view .LVU27
 103 003a 1748     		ldr	r0, .L9+8
 104 003c 174A     		ldr	r2, .L9+12
 105 003e 0260     		str	r2, [r0]
  73:Src/stm32f4xx_hal_timebase_tim.c **** 
  74:Src/stm32f4xx_hal_timebase_tim.c ****   /* Initialize TIMx peripheral as follow:
  75:Src/stm32f4xx_hal_timebase_tim.c ****   + Period = [(TIM14CLK/1000) - 1]. to have a (1/1000) s time base.
  76:Src/stm32f4xx_hal_timebase_tim.c ****   + Prescaler = (uwTimclock/1000000 - 1) to have a 1MHz counter clock.
  77:Src/stm32f4xx_hal_timebase_tim.c ****   + ClockDivision = 0
  78:Src/stm32f4xx_hal_timebase_tim.c ****   + Counter direction = Up
  79:Src/stm32f4xx_hal_timebase_tim.c ****   */
  80:Src/stm32f4xx_hal_timebase_tim.c ****   htim14.Init.Period = (1000000U / 1000U) - 1U;
 106              		.loc 1 80 3 is_stmt 1 view .LVU28
 107              		.loc 1 80 22 is_stmt 0 view .LVU29
 108 0040 40F2E732 		movw	r2, #999
 109 0044 C260     		str	r2, [r0, #12]
  81:Src/stm32f4xx_hal_timebase_tim.c ****   htim14.Init.Prescaler = uwPrescalerValue;
 110              		.loc 1 81 3 is_stmt 1 view .LVU30
 111              		.loc 1 81 25 is_stmt 0 view .LVU31
 112 0046 4360     		str	r3, [r0, #4]
  82:Src/stm32f4xx_hal_timebase_tim.c ****   htim14.Init.ClockDivision = 0;
 113              		.loc 1 82 3 is_stmt 1 view .LVU32
 114              		.loc 1 82 29 is_stmt 0 view .LVU33
 115 0048 0023     		movs	r3, #0
 116              	.LVL9:
 117              		.loc 1 82 29 view .LVU34
 118 004a 0361     		str	r3, [r0, #16]
  83:Src/stm32f4xx_hal_timebase_tim.c ****   htim14.Init.CounterMode = TIM_COUNTERMODE_UP;
 119              		.loc 1 83 3 is_stmt 1 view .LVU35
 120              		.loc 1 83 27 is_stmt 0 view .LVU36
 121 004c 8360     		str	r3, [r0, #8]
  84:Src/stm32f4xx_hal_timebase_tim.c ****   htim14.Init.AutoReloadPreload = TIM_AUTORELOAD_PRELOAD_DISABLE;
 122              		.loc 1 84 3 is_stmt 1 view .LVU37
 123              		.loc 1 84 33 is_stmt 0 view .LVU38
 124 004e 8361     		str	r3, [r0, #24]
  85:Src/stm32f4xx_hal_timebase_tim.c **** 
  86:Src/stm32f4xx_hal_timebase_tim.c ****   status = HAL_TIM_Base_Init(&htim14);
 125              		.loc 1 86 3 is_stmt 1 view .LVU39
 126              		.loc 1 86 12 is_stmt 0 view .LVU40
 127 0050 FFF7FEFF 		bl	HAL_TIM_Base_Init
 128              	.LVL10:
  87:Src/stm32f4xx_hal_timebase_tim.c ****   if (status == HAL_OK)
 129              		.loc 1 87 3 is_stmt 1 view .LVU41
 130              		.loc 1 87 6 is_stmt 0 view .LVU42
 131 0054 0546     		mov	r5, r0
 132 0056 30B1     		cbz	r0, .L7
 133              	.LVL11:
 134              	.L4:
  88:Src/stm32f4xx_hal_timebase_tim.c ****   {
  89:Src/stm32f4xx_hal_timebase_tim.c ****     /* Start the TIM time Base generation in interrupt mode */
  90:Src/stm32f4xx_hal_timebase_tim.c ****     status = HAL_TIM_Base_Start_IT(&htim14);
  91:Src/stm32f4xx_hal_timebase_tim.c ****     if (status == HAL_OK)
  92:Src/stm32f4xx_hal_timebase_tim.c ****     {
  93:Src/stm32f4xx_hal_timebase_tim.c ****     /* Enable the TIM14 global Interrupt */
  94:Src/stm32f4xx_hal_timebase_tim.c ****         HAL_NVIC_EnableIRQ(TIM8_TRG_COM_TIM14_IRQn);
  95:Src/stm32f4xx_hal_timebase_tim.c ****       /* Configure the SysTick IRQ priority */
ARM GAS  C:\Users\ADMINI~1\AppData\Local\Temp\ccEkM5hx.s 			page 5


  96:Src/stm32f4xx_hal_timebase_tim.c ****       if (TickPriority < (1UL << __NVIC_PRIO_BITS))
  97:Src/stm32f4xx_hal_timebase_tim.c ****       {
  98:Src/stm32f4xx_hal_timebase_tim.c ****         /* Configure the TIM IRQ priority */
  99:Src/stm32f4xx_hal_timebase_tim.c ****         HAL_NVIC_SetPriority(TIM8_TRG_COM_TIM14_IRQn, TickPriority, 0U);
 100:Src/stm32f4xx_hal_timebase_tim.c ****         uwTickPrio = TickPriority;
 101:Src/stm32f4xx_hal_timebase_tim.c ****       }
 102:Src/stm32f4xx_hal_timebase_tim.c ****       else
 103:Src/stm32f4xx_hal_timebase_tim.c ****       {
 104:Src/stm32f4xx_hal_timebase_tim.c ****         status = HAL_ERROR;
 105:Src/stm32f4xx_hal_timebase_tim.c ****       }
 106:Src/stm32f4xx_hal_timebase_tim.c ****     }
 107:Src/stm32f4xx_hal_timebase_tim.c ****   }
 108:Src/stm32f4xx_hal_timebase_tim.c **** 
 109:Src/stm32f4xx_hal_timebase_tim.c ****  /* Return function status */
 110:Src/stm32f4xx_hal_timebase_tim.c ****   return status;
 135              		.loc 1 110 3 is_stmt 1 view .LVU43
 111:Src/stm32f4xx_hal_timebase_tim.c **** }
 136              		.loc 1 111 1 is_stmt 0 view .LVU44
 137 0058 2846     		mov	r0, r5
 138 005a 09B0     		add	sp, sp, #36
 139              	.LCFI2:
 140              		.cfi_remember_state
 141              		.cfi_def_cfa_offset 12
 142              		@ sp needed
 143 005c 30BD     		pop	{r4, r5, pc}
 144              	.LVL12:
 145              	.L2:
 146              	.LCFI3:
 147              		.cfi_restore_state
  65:Src/stm32f4xx_hal_timebase_tim.c ****   }
 148              		.loc 1 65 5 is_stmt 1 view .LVU45
  65:Src/stm32f4xx_hal_timebase_tim.c ****   }
 149              		.loc 1 65 24 is_stmt 0 view .LVU46
 150 005e FFF7FEFF 		bl	HAL_RCC_GetPCLK1Freq
 151              	.LVL13:
  65:Src/stm32f4xx_hal_timebase_tim.c ****   }
 152              		.loc 1 65 16 view .LVU47
 153 0062 4300     		lsls	r3, r0, #1
 154              	.LVL14:
  65:Src/stm32f4xx_hal_timebase_tim.c ****   }
 155              		.loc 1 65 16 view .LVU48
 156 0064 E4E7     		b	.L3
 157              	.LVL15:
 158              	.L7:
  90:Src/stm32f4xx_hal_timebase_tim.c ****     if (status == HAL_OK)
 159              		.loc 1 90 5 is_stmt 1 view .LVU49
  90:Src/stm32f4xx_hal_timebase_tim.c ****     if (status == HAL_OK)
 160              		.loc 1 90 14 is_stmt 0 view .LVU50
 161 0066 0C48     		ldr	r0, .L9+8
 162              	.LVL16:
  90:Src/stm32f4xx_hal_timebase_tim.c ****     if (status == HAL_OK)
 163              		.loc 1 90 14 view .LVU51
 164 0068 FFF7FEFF 		bl	HAL_TIM_Base_Start_IT
 165              	.LVL17:
  91:Src/stm32f4xx_hal_timebase_tim.c ****     {
 166              		.loc 1 91 5 is_stmt 1 view .LVU52
  91:Src/stm32f4xx_hal_timebase_tim.c ****     {
ARM GAS  C:\Users\ADMINI~1\AppData\Local\Temp\ccEkM5hx.s 			page 6


 167              		.loc 1 91 8 is_stmt 0 view .LVU53
 168 006c 0546     		mov	r5, r0
 169 006e 0028     		cmp	r0, #0
 170 0070 F2D1     		bne	.L4
  94:Src/stm32f4xx_hal_timebase_tim.c ****       /* Configure the SysTick IRQ priority */
 171              		.loc 1 94 9 is_stmt 1 view .LVU54
 172 0072 2D20     		movs	r0, #45
 173              	.LVL18:
  94:Src/stm32f4xx_hal_timebase_tim.c ****       /* Configure the SysTick IRQ priority */
 174              		.loc 1 94 9 is_stmt 0 view .LVU55
 175 0074 FFF7FEFF 		bl	HAL_NVIC_EnableIRQ
 176              	.LVL19:
  96:Src/stm32f4xx_hal_timebase_tim.c ****       {
 177              		.loc 1 96 7 is_stmt 1 view .LVU56
  96:Src/stm32f4xx_hal_timebase_tim.c ****       {
 178              		.loc 1 96 10 is_stmt 0 view .LVU57
 179 0078 0F2C     		cmp	r4, #15
 180 007a 01D9     		bls	.L8
 104:Src/stm32f4xx_hal_timebase_tim.c ****       }
 181              		.loc 1 104 16 view .LVU58
 182 007c 0125     		movs	r5, #1
 183 007e EBE7     		b	.L4
 184              	.L8:
  99:Src/stm32f4xx_hal_timebase_tim.c ****         uwTickPrio = TickPriority;
 185              		.loc 1 99 9 is_stmt 1 view .LVU59
 186 0080 0022     		movs	r2, #0
 187 0082 2146     		mov	r1, r4
 188 0084 2D20     		movs	r0, #45
 189 0086 FFF7FEFF 		bl	HAL_NVIC_SetPriority
 190              	.LVL20:
 100:Src/stm32f4xx_hal_timebase_tim.c ****       }
 191              		.loc 1 100 9 view .LVU60
 100:Src/stm32f4xx_hal_timebase_tim.c ****       }
 192              		.loc 1 100 20 is_stmt 0 view .LVU61
 193 008a 054B     		ldr	r3, .L9+16
 194 008c 1C60     		str	r4, [r3]
 195 008e E3E7     		b	.L4
 196              	.L10:
 197              		.align	2
 198              	.L9:
 199 0090 00380240 		.word	1073887232
 200 0094 83DE1B43 		.word	1125899907
 201 0098 00000000 		.word	.LANCHOR0
 202 009c 00200040 		.word	1073750016
 203 00a0 00000000 		.word	uwTickPrio
 204              		.cfi_endproc
 205              	.LFE130:
 207              		.section	.text.HAL_SuspendTick,"ax",%progbits
 208              		.align	1
 209              		.global	HAL_SuspendTick
 210              		.syntax unified
 211              		.thumb
 212              		.thumb_func
 214              	HAL_SuspendTick:
 215              	.LFB131:
 112:Src/stm32f4xx_hal_timebase_tim.c **** 
 113:Src/stm32f4xx_hal_timebase_tim.c **** /**
ARM GAS  C:\Users\ADMINI~1\AppData\Local\Temp\ccEkM5hx.s 			page 7


 114:Src/stm32f4xx_hal_timebase_tim.c ****   * @brief  Suspend Tick increment.
 115:Src/stm32f4xx_hal_timebase_tim.c ****   * @note   Disable the tick increment by disabling TIM14 update interrupt.
 116:Src/stm32f4xx_hal_timebase_tim.c ****   * @param  None
 117:Src/stm32f4xx_hal_timebase_tim.c ****   * @retval None
 118:Src/stm32f4xx_hal_timebase_tim.c ****   */
 119:Src/stm32f4xx_hal_timebase_tim.c **** void HAL_SuspendTick(void)
 120:Src/stm32f4xx_hal_timebase_tim.c **** {
 216              		.loc 1 120 1 is_stmt 1 view -0
 217              		.cfi_startproc
 218              		@ args = 0, pretend = 0, frame = 0
 219              		@ frame_needed = 0, uses_anonymous_args = 0
 220              		@ link register save eliminated.
 121:Src/stm32f4xx_hal_timebase_tim.c ****   /* Disable TIM14 update Interrupt */
 122:Src/stm32f4xx_hal_timebase_tim.c ****   __HAL_TIM_DISABLE_IT(&htim14, TIM_IT_UPDATE);
 221              		.loc 1 122 3 view .LVU63
 222 0000 034B     		ldr	r3, .L12
 223 0002 1A68     		ldr	r2, [r3]
 224 0004 D368     		ldr	r3, [r2, #12]
 225 0006 23F00103 		bic	r3, r3, #1
 226 000a D360     		str	r3, [r2, #12]
 123:Src/stm32f4xx_hal_timebase_tim.c **** }
 227              		.loc 1 123 1 is_stmt 0 view .LVU64
 228 000c 7047     		bx	lr
 229              	.L13:
 230 000e 00BF     		.align	2
 231              	.L12:
 232 0010 00000000 		.word	.LANCHOR0
 233              		.cfi_endproc
 234              	.LFE131:
 236              		.section	.text.HAL_ResumeTick,"ax",%progbits
 237              		.align	1
 238              		.global	HAL_ResumeTick
 239              		.syntax unified
 240              		.thumb
 241              		.thumb_func
 243              	HAL_ResumeTick:
 244              	.LFB132:
 124:Src/stm32f4xx_hal_timebase_tim.c **** 
 125:Src/stm32f4xx_hal_timebase_tim.c **** /**
 126:Src/stm32f4xx_hal_timebase_tim.c ****   * @brief  Resume Tick increment.
 127:Src/stm32f4xx_hal_timebase_tim.c ****   * @note   Enable the tick increment by Enabling TIM14 update interrupt.
 128:Src/stm32f4xx_hal_timebase_tim.c ****   * @param  None
 129:Src/stm32f4xx_hal_timebase_tim.c ****   * @retval None
 130:Src/stm32f4xx_hal_timebase_tim.c ****   */
 131:Src/stm32f4xx_hal_timebase_tim.c **** void HAL_ResumeTick(void)
 132:Src/stm32f4xx_hal_timebase_tim.c **** {
 245              		.loc 1 132 1 is_stmt 1 view -0
 246              		.cfi_startproc
 247              		@ args = 0, pretend = 0, frame = 0
 248              		@ frame_needed = 0, uses_anonymous_args = 0
 249              		@ link register save eliminated.
 133:Src/stm32f4xx_hal_timebase_tim.c ****   /* Enable TIM14 Update interrupt */
 134:Src/stm32f4xx_hal_timebase_tim.c ****   __HAL_TIM_ENABLE_IT(&htim14, TIM_IT_UPDATE);
 250              		.loc 1 134 3 view .LVU66
 251 0000 034B     		ldr	r3, .L15
 252 0002 1A68     		ldr	r2, [r3]
 253 0004 D368     		ldr	r3, [r2, #12]
ARM GAS  C:\Users\ADMINI~1\AppData\Local\Temp\ccEkM5hx.s 			page 8


 254 0006 43F00103 		orr	r3, r3, #1
 255 000a D360     		str	r3, [r2, #12]
 135:Src/stm32f4xx_hal_timebase_tim.c **** }
 256              		.loc 1 135 1 is_stmt 0 view .LVU67
 257 000c 7047     		bx	lr
 258              	.L16:
 259 000e 00BF     		.align	2
 260              	.L15:
 261 0010 00000000 		.word	.LANCHOR0
 262              		.cfi_endproc
 263              	.LFE132:
 265              		.global	htim14
 266              		.section	.bss.htim14,"aw",%nobits
 267              		.align	2
 268              		.set	.LANCHOR0,. + 0
 271              	htim14:
 272 0000 00000000 		.space	72
 272      00000000 
 272      00000000 
 272      00000000 
 272      00000000 
 273              		.text
 274              	.Letext0:
 275              		.file 2 "e:\\program files (x86)\\gnu arm embedded toolchain\\10 2021.10\\arm-none-eabi\\include\\
 276              		.file 3 "e:\\program files (x86)\\gnu arm embedded toolchain\\10 2021.10\\arm-none-eabi\\include\\
 277              		.file 4 "Drivers/CMSIS/Device/ST/STM32F4xx/Include/stm32f405xx.h"
 278              		.file 5 "Drivers/STM32F4xx_HAL_Driver/Inc/stm32f4xx_hal_def.h"
 279              		.file 6 "Drivers/STM32F4xx_HAL_Driver/Inc/stm32f4xx_hal_rcc.h"
 280              		.file 7 "Drivers/STM32F4xx_HAL_Driver/Inc/stm32f4xx_hal_dma.h"
 281              		.file 8 "Drivers/STM32F4xx_HAL_Driver/Inc/stm32f4xx_hal_tim.h"
 282              		.file 9 "Drivers/STM32F4xx_HAL_Driver/Inc/stm32f4xx_hal.h"
 283              		.file 10 "Drivers/STM32F4xx_HAL_Driver/Inc/stm32f4xx_hal_cortex.h"
ARM GAS  C:\Users\ADMINI~1\AppData\Local\Temp\ccEkM5hx.s 			page 9


DEFINED SYMBOLS
                            *ABS*:00000000 stm32f4xx_hal_timebase_tim.c
C:\Users\ADMINI~1\AppData\Local\Temp\ccEkM5hx.s:20     .text.HAL_InitTick:00000000 $t
C:\Users\ADMINI~1\AppData\Local\Temp\ccEkM5hx.s:26     .text.HAL_InitTick:00000000 HAL_InitTick
C:\Users\ADMINI~1\AppData\Local\Temp\ccEkM5hx.s:199    .text.HAL_InitTick:00000090 $d
C:\Users\ADMINI~1\AppData\Local\Temp\ccEkM5hx.s:208    .text.HAL_SuspendTick:00000000 $t
C:\Users\ADMINI~1\AppData\Local\Temp\ccEkM5hx.s:214    .text.HAL_SuspendTick:00000000 HAL_SuspendTick
C:\Users\ADMINI~1\AppData\Local\Temp\ccEkM5hx.s:232    .text.HAL_SuspendTick:00000010 $d
C:\Users\ADMINI~1\AppData\Local\Temp\ccEkM5hx.s:237    .text.HAL_ResumeTick:00000000 $t
C:\Users\ADMINI~1\AppData\Local\Temp\ccEkM5hx.s:243    .text.HAL_ResumeTick:00000000 HAL_ResumeTick
C:\Users\ADMINI~1\AppData\Local\Temp\ccEkM5hx.s:261    .text.HAL_ResumeTick:00000010 $d
C:\Users\ADMINI~1\AppData\Local\Temp\ccEkM5hx.s:271    .bss.htim14:00000000 htim14
C:\Users\ADMINI~1\AppData\Local\Temp\ccEkM5hx.s:267    .bss.htim14:00000000 $d

UNDEFINED SYMBOLS
HAL_RCC_GetClockConfig
HAL_RCC_GetPCLK1Freq
HAL_TIM_Base_Init
HAL_TIM_Base_Start_IT
HAL_NVIC_EnableIRQ
HAL_NVIC_SetPriority
uwTickPrio
