ARM GAS  C:\Users\ADMINI~1\AppData\Local\Temp\ccWpR0TL.s 			page 1


   1              		.cpu cortex-m4
   2              		.arch armv7e-m
   3              		.fpu fpv4-sp-d16
   4              		.eabi_attribute 27, 1
   5              		.eabi_attribute 28, 1
   6              		.eabi_attribute 20, 1
   7              		.eabi_attribute 21, 1
   8              		.eabi_attribute 23, 3
   9              		.eabi_attribute 24, 1
  10              		.eabi_attribute 25, 1
  11              		.eabi_attribute 26, 1
  12              		.eabi_attribute 30, 1
  13              		.eabi_attribute 34, 1
  14              		.eabi_attribute 18, 4
  15              		.file	"syscalls.c"
  16              		.text
  17              	.Ltext0:
  18              		.cfi_sections	.debug_frame
  19              		.section	.text.initialise_monitor_handles,"ax",%progbits
  20              		.align	1
  21              		.global	initialise_monitor_handles
  22              		.syntax unified
  23              		.thumb
  24              		.thumb_func
  26              	initialise_monitor_handles:
  27              	.LFB25:
  28              		.file 1 "Src/syscalls.c"
   1:Src/syscalls.c **** /**
   2:Src/syscalls.c **** *****************************************************************************
   3:Src/syscalls.c **** **
   4:Src/syscalls.c **** **  File        : syscalls.c
   5:Src/syscalls.c **** **
   6:Src/syscalls.c **** **  Author		: Auto-generated by System workbench for STM32
   7:Src/syscalls.c **** **
   8:Src/syscalls.c **** **  Abstract    : System Workbench Minimal System calls file
   9:Src/syscalls.c **** **
  10:Src/syscalls.c **** ** 		          For more information about which c-functions
  11:Src/syscalls.c **** **                need which of these lowlevel functions
  12:Src/syscalls.c **** **                please consult the Newlib libc-manual
  13:Src/syscalls.c **** **
  14:Src/syscalls.c **** **  Target      : STMicroelectronics STM32
  15:Src/syscalls.c **** **
  16:Src/syscalls.c **** **  Distribution: The file is distributed ??as is,?? without any warranty
  17:Src/syscalls.c **** **                of any kind.
  18:Src/syscalls.c **** **
  19:Src/syscalls.c **** *****************************************************************************
  20:Src/syscalls.c **** ** @attention
  21:Src/syscalls.c **** **
  22:Src/syscalls.c **** ** <h2><center>&copy; COPYRIGHT(c) 2019 STMicroelectronics</center></h2>
  23:Src/syscalls.c **** **
  24:Src/syscalls.c **** ** Redistribution and use in source and binary forms, with or without modification,
  25:Src/syscalls.c **** ** are permitted provided that the following conditions are met:
  26:Src/syscalls.c **** **   1. Redistributions of source code must retain the above copyright notice,
  27:Src/syscalls.c **** **      this list of conditions and the following disclaimer.
  28:Src/syscalls.c **** **   2. Redistributions in binary form must reproduce the above copyright notice,
  29:Src/syscalls.c **** **      this list of conditions and the following disclaimer in the documentation
  30:Src/syscalls.c **** **      and/or other materials provided with the distribution.
ARM GAS  C:\Users\ADMINI~1\AppData\Local\Temp\ccWpR0TL.s 			page 2


  31:Src/syscalls.c **** **   3. Neither the name of STMicroelectronics nor the names of its contributors
  32:Src/syscalls.c **** **      may be used to endorse or promote products derived from this software
  33:Src/syscalls.c **** **      without specific prior written permission.
  34:Src/syscalls.c **** **
  35:Src/syscalls.c **** ** THIS SOFTWARE IS PROVIDED BY THE COPYRIGHT HOLDERS AND CONTRIBUTORS "AS IS"
  36:Src/syscalls.c **** ** AND ANY EXPRESS OR IMPLIED WARRANTIES, INCLUDING, BUT NOT LIMITED TO, THE
  37:Src/syscalls.c **** ** IMPLIED WARRANTIES OF MERCHANTABILITY AND FITNESS FOR A PARTICULAR PURPOSE ARE
  38:Src/syscalls.c **** ** DISCLAIMED. IN NO EVENT SHALL THE COPYRIGHT HOLDER OR CONTRIBUTORS BE LIABLE
  39:Src/syscalls.c **** ** FOR ANY DIRECT, INDIRECT, INCIDENTAL, SPECIAL, EXEMPLARY, OR CONSEQUENTIAL
  40:Src/syscalls.c **** ** DAMAGES (INCLUDING, BUT NOT LIMITED TO, PROCUREMENT OF SUBSTITUTE GOODS OR
  41:Src/syscalls.c **** ** SERVICES; LOSS OF USE, DATA, OR PROFITS; OR BUSINESS INTERRUPTION) HOWEVER
  42:Src/syscalls.c **** ** CAUSED AND ON ANY THEORY OF LIABILITY, WHETHER IN CONTRACT, STRICT LIABILITY,
  43:Src/syscalls.c **** ** OR TORT (INCLUDING NEGLIGENCE OR OTHERWISE) ARISING IN ANY WAY OUT OF THE USE
  44:Src/syscalls.c **** ** OF THIS SOFTWARE, EVEN IF ADVISED OF THE POSSIBILITY OF SUCH DAMAGE.
  45:Src/syscalls.c **** **
  46:Src/syscalls.c **** *****************************************************************************
  47:Src/syscalls.c **** */
  48:Src/syscalls.c **** 
  49:Src/syscalls.c **** /* Includes */
  50:Src/syscalls.c **** #include <sys/stat.h>
  51:Src/syscalls.c **** #include <stdlib.h>
  52:Src/syscalls.c **** #include <errno.h>
  53:Src/syscalls.c **** #include <stdio.h>
  54:Src/syscalls.c **** #include <signal.h>
  55:Src/syscalls.c **** #include <time.h>
  56:Src/syscalls.c **** #include <sys/time.h>
  57:Src/syscalls.c **** #include <sys/times.h>
  58:Src/syscalls.c **** 
  59:Src/syscalls.c **** 
  60:Src/syscalls.c **** /* Variables */
  61:Src/syscalls.c **** //#undef errno
  62:Src/syscalls.c **** extern int errno;
  63:Src/syscalls.c **** extern int __io_putchar(int ch) __attribute__((weak));
  64:Src/syscalls.c **** extern int __io_getchar(void) __attribute__((weak));
  65:Src/syscalls.c **** 
  66:Src/syscalls.c **** register char * stack_ptr asm("sp");
  67:Src/syscalls.c **** 
  68:Src/syscalls.c **** char *__env[1] = { 0 };
  69:Src/syscalls.c **** char **environ = __env;
  70:Src/syscalls.c **** 
  71:Src/syscalls.c **** 
  72:Src/syscalls.c **** /* Functions */
  73:Src/syscalls.c **** void initialise_monitor_handles()
  74:Src/syscalls.c **** {
  29              		.loc 1 74 1 view -0
  30              		.cfi_startproc
  31              		@ args = 0, pretend = 0, frame = 0
  32              		@ frame_needed = 0, uses_anonymous_args = 0
  33              		@ link register save eliminated.
  75:Src/syscalls.c **** }
  34              		.loc 1 75 1 view .LVU1
  35 0000 7047     		bx	lr
  36              		.cfi_endproc
  37              	.LFE25:
  39              		.section	.text._getpid,"ax",%progbits
  40              		.align	1
  41              		.global	_getpid
ARM GAS  C:\Users\ADMINI~1\AppData\Local\Temp\ccWpR0TL.s 			page 3


  42              		.syntax unified
  43              		.thumb
  44              		.thumb_func
  46              	_getpid:
  47              	.LFB26:
  76:Src/syscalls.c **** 
  77:Src/syscalls.c **** int _getpid(void)
  78:Src/syscalls.c **** {
  48              		.loc 1 78 1 view -0
  49              		.cfi_startproc
  50              		@ args = 0, pretend = 0, frame = 0
  51              		@ frame_needed = 0, uses_anonymous_args = 0
  52              		@ link register save eliminated.
  79:Src/syscalls.c ****     return 1;
  53              		.loc 1 79 5 view .LVU3
  80:Src/syscalls.c **** }
  54              		.loc 1 80 1 is_stmt 0 view .LVU4
  55 0000 0120     		movs	r0, #1
  56 0002 7047     		bx	lr
  57              		.cfi_endproc
  58              	.LFE26:
  60              		.section	.text._kill,"ax",%progbits
  61              		.align	1
  62              		.global	_kill
  63              		.syntax unified
  64              		.thumb
  65              		.thumb_func
  67              	_kill:
  68              	.LVL0:
  69              	.LFB27:
  81:Src/syscalls.c **** 
  82:Src/syscalls.c **** int _kill(int pid, int sig)
  83:Src/syscalls.c **** {
  70              		.loc 1 83 1 is_stmt 1 view -0
  71              		.cfi_startproc
  72              		@ args = 0, pretend = 0, frame = 0
  73              		@ frame_needed = 0, uses_anonymous_args = 0
  74              		.loc 1 83 1 is_stmt 0 view .LVU6
  75 0000 08B5     		push	{r3, lr}
  76              	.LCFI0:
  77              		.cfi_def_cfa_offset 8
  78              		.cfi_offset 3, -8
  79              		.cfi_offset 14, -4
  84:Src/syscalls.c ****     errno = EINVAL;
  80              		.loc 1 84 5 is_stmt 1 view .LVU7
  81 0002 FFF7FEFF 		bl	__errno
  82              	.LVL1:
  83              		.loc 1 84 11 is_stmt 0 view .LVU8
  84 0006 1623     		movs	r3, #22
  85 0008 0360     		str	r3, [r0]
  85:Src/syscalls.c ****     return -1;
  86              		.loc 1 85 5 is_stmt 1 view .LVU9
  86:Src/syscalls.c **** }
  87              		.loc 1 86 1 is_stmt 0 view .LVU10
  88 000a 4FF0FF30 		mov	r0, #-1
  89 000e 08BD     		pop	{r3, pc}
  90              		.cfi_endproc
ARM GAS  C:\Users\ADMINI~1\AppData\Local\Temp\ccWpR0TL.s 			page 4


  91              	.LFE27:
  93              		.section	.text._exit,"ax",%progbits
  94              		.align	1
  95              		.global	_exit
  96              		.syntax unified
  97              		.thumb
  98              		.thumb_func
 100              	_exit:
 101              	.LVL2:
 102              	.LFB28:
  87:Src/syscalls.c **** 
  88:Src/syscalls.c **** void _exit (int status)
  89:Src/syscalls.c **** {
 103              		.loc 1 89 1 is_stmt 1 view -0
 104              		.cfi_startproc
 105              		@ Volatile: function does not return.
 106              		@ args = 0, pretend = 0, frame = 0
 107              		@ frame_needed = 0, uses_anonymous_args = 0
 108              		.loc 1 89 1 is_stmt 0 view .LVU12
 109 0000 08B5     		push	{r3, lr}
 110              	.LCFI1:
 111              		.cfi_def_cfa_offset 8
 112              		.cfi_offset 3, -8
 113              		.cfi_offset 14, -4
  90:Src/syscalls.c ****     _kill(status, -1);
 114              		.loc 1 90 5 is_stmt 1 view .LVU13
 115 0002 4FF0FF31 		mov	r1, #-1
 116 0006 FFF7FEFF 		bl	_kill
 117              	.LVL3:
 118              	.L6:
  91:Src/syscalls.c ****     while (1) {}		/* Make sure we hang here */
 119              		.loc 1 91 5 discriminator 1 view .LVU14
 120              		.loc 1 91 16 discriminator 1 view .LVU15
 121              		.loc 1 91 11 discriminator 1 view .LVU16
 122 000a FEE7     		b	.L6
 123              		.cfi_endproc
 124              	.LFE28:
 126              		.section	.text._read,"ax",%progbits
 127              		.align	1
 128              		.weak	_read
 129              		.syntax unified
 130              		.thumb
 131              		.thumb_func
 133              	_read:
 134              	.LVL4:
 135              	.LFB29:
  92:Src/syscalls.c **** }
  93:Src/syscalls.c **** 
  94:Src/syscalls.c **** __attribute__((weak)) int _read(int file, char *ptr, int len)
  95:Src/syscalls.c **** {
 136              		.loc 1 95 1 view -0
 137              		.cfi_startproc
 138              		@ args = 0, pretend = 0, frame = 0
 139              		@ frame_needed = 0, uses_anonymous_args = 0
 140              		.loc 1 95 1 is_stmt 0 view .LVU18
 141 0000 70B5     		push	{r4, r5, r6, lr}
 142              	.LCFI2:
ARM GAS  C:\Users\ADMINI~1\AppData\Local\Temp\ccWpR0TL.s 			page 5


 143              		.cfi_def_cfa_offset 16
 144              		.cfi_offset 4, -16
 145              		.cfi_offset 5, -12
 146              		.cfi_offset 6, -8
 147              		.cfi_offset 14, -4
 148 0002 0C46     		mov	r4, r1
 149 0004 1646     		mov	r6, r2
  96:Src/syscalls.c ****     int DataIdx;
 150              		.loc 1 96 5 is_stmt 1 view .LVU19
  97:Src/syscalls.c **** 
  98:Src/syscalls.c ****     for (DataIdx = 0; DataIdx < len; DataIdx++)
 151              		.loc 1 98 5 view .LVU20
 152              	.LVL5:
 153              		.loc 1 98 18 is_stmt 0 view .LVU21
 154 0006 0025     		movs	r5, #0
 155              		.loc 1 98 5 view .LVU22
 156 0008 06E0     		b	.L9
 157              	.LVL6:
 158              	.L10:
  99:Src/syscalls.c ****     {
 100:Src/syscalls.c ****         *ptr++ = __io_getchar();
 159              		.loc 1 100 9 is_stmt 1 discriminator 3 view .LVU23
 160              		.loc 1 100 18 is_stmt 0 discriminator 3 view .LVU24
 161 000a FFF7FEFF 		bl	__io_getchar
 162              	.LVL7:
 163              		.loc 1 100 13 discriminator 3 view .LVU25
 164 000e 2146     		mov	r1, r4
 165              	.LVL8:
 166              		.loc 1 100 16 discriminator 3 view .LVU26
 167 0010 01F8010B 		strb	r0, [r1], #1
 168              	.LVL9:
  98:Src/syscalls.c ****     {
 169              		.loc 1 98 38 is_stmt 1 discriminator 3 view .LVU27
  98:Src/syscalls.c ****     {
 170              		.loc 1 98 45 is_stmt 0 discriminator 3 view .LVU28
 171 0014 0135     		adds	r5, r5, #1
 172              	.LVL10:
 173              		.loc 1 100 13 discriminator 3 view .LVU29
 174 0016 0C46     		mov	r4, r1
 175              	.LVL11:
 176              	.L9:
  98:Src/syscalls.c ****     {
 177              		.loc 1 98 23 is_stmt 1 discriminator 1 view .LVU30
  98:Src/syscalls.c ****     {
 178              		.loc 1 98 5 is_stmt 0 discriminator 1 view .LVU31
 179 0018 B542     		cmp	r5, r6
 180 001a F6DB     		blt	.L10
 101:Src/syscalls.c ****     }
 102:Src/syscalls.c **** 
 103:Src/syscalls.c ****     return len;
 181              		.loc 1 103 5 is_stmt 1 view .LVU32
 104:Src/syscalls.c **** }
 182              		.loc 1 104 1 is_stmt 0 view .LVU33
 183 001c 3046     		mov	r0, r6
 184 001e 70BD     		pop	{r4, r5, r6, pc}
 185              		.loc 1 104 1 view .LVU34
 186              		.cfi_endproc
ARM GAS  C:\Users\ADMINI~1\AppData\Local\Temp\ccWpR0TL.s 			page 6


 187              	.LFE29:
 189              		.section	.text._write,"ax",%progbits
 190              		.align	1
 191              		.weak	_write
 192              		.syntax unified
 193              		.thumb
 194              		.thumb_func
 196              	_write:
 197              	.LVL12:
 198              	.LFB30:
 105:Src/syscalls.c **** 
 106:Src/syscalls.c **** __attribute__((weak)) int _write(int file, char *ptr, int len)
 107:Src/syscalls.c **** {
 199              		.loc 1 107 1 is_stmt 1 view -0
 200              		.cfi_startproc
 201              		@ args = 0, pretend = 0, frame = 0
 202              		@ frame_needed = 0, uses_anonymous_args = 0
 203              		.loc 1 107 1 is_stmt 0 view .LVU36
 204 0000 70B5     		push	{r4, r5, r6, lr}
 205              	.LCFI3:
 206              		.cfi_def_cfa_offset 16
 207              		.cfi_offset 4, -16
 208              		.cfi_offset 5, -12
 209              		.cfi_offset 6, -8
 210              		.cfi_offset 14, -4
 211 0002 0C46     		mov	r4, r1
 212 0004 1646     		mov	r6, r2
 108:Src/syscalls.c ****     int DataIdx;
 213              		.loc 1 108 5 is_stmt 1 view .LVU37
 109:Src/syscalls.c **** 
 110:Src/syscalls.c ****     for (DataIdx = 0; DataIdx < len; DataIdx++)
 214              		.loc 1 110 5 view .LVU38
 215              	.LVL13:
 216              		.loc 1 110 18 is_stmt 0 view .LVU39
 217 0006 0025     		movs	r5, #0
 218              		.loc 1 110 5 view .LVU40
 219 0008 04E0     		b	.L13
 220              	.LVL14:
 221              	.L14:
 111:Src/syscalls.c ****     {
 112:Src/syscalls.c ****         __io_putchar(*ptr++);
 222              		.loc 1 112 9 is_stmt 1 discriminator 3 view .LVU41
 223              		.loc 1 112 9 is_stmt 0 discriminator 3 view .LVU42
 224 000a 14F8010B 		ldrb	r0, [r4], #1	@ zero_extendqisi2
 225              	.LVL15:
 226              		.loc 1 112 9 discriminator 3 view .LVU43
 227 000e FFF7FEFF 		bl	__io_putchar
 228              	.LVL16:
 110:Src/syscalls.c ****     {
 229              		.loc 1 110 38 is_stmt 1 discriminator 3 view .LVU44
 110:Src/syscalls.c ****     {
 230              		.loc 1 110 45 is_stmt 0 discriminator 3 view .LVU45
 231 0012 0135     		adds	r5, r5, #1
 232              	.LVL17:
 233              	.L13:
 110:Src/syscalls.c ****     {
 234              		.loc 1 110 23 is_stmt 1 discriminator 1 view .LVU46
ARM GAS  C:\Users\ADMINI~1\AppData\Local\Temp\ccWpR0TL.s 			page 7


 110:Src/syscalls.c ****     {
 235              		.loc 1 110 5 is_stmt 0 discriminator 1 view .LVU47
 236 0014 B542     		cmp	r5, r6
 237 0016 F8DB     		blt	.L14
 113:Src/syscalls.c ****     }
 114:Src/syscalls.c ****     return len;
 238              		.loc 1 114 5 is_stmt 1 view .LVU48
 115:Src/syscalls.c **** }
 239              		.loc 1 115 1 is_stmt 0 view .LVU49
 240 0018 3046     		mov	r0, r6
 241 001a 70BD     		pop	{r4, r5, r6, pc}
 242              		.loc 1 115 1 view .LVU50
 243              		.cfi_endproc
 244              	.LFE30:
 246              		.section	.text._sbrk,"ax",%progbits
 247              		.align	1
 248              		.global	_sbrk
 249              		.syntax unified
 250              		.thumb
 251              		.thumb_func
 253              	_sbrk:
 254              	.LVL18:
 255              	.LFB31:
 116:Src/syscalls.c **** 
 117:Src/syscalls.c **** caddr_t _sbrk(int incr)
 118:Src/syscalls.c **** {
 256              		.loc 1 118 1 is_stmt 1 view -0
 257              		.cfi_startproc
 258              		@ args = 0, pretend = 0, frame = 0
 259              		@ frame_needed = 0, uses_anonymous_args = 0
 260              		.loc 1 118 1 is_stmt 0 view .LVU52
 261 0000 08B5     		push	{r3, lr}
 262              	.LCFI4:
 263              		.cfi_def_cfa_offset 8
 264              		.cfi_offset 3, -8
 265              		.cfi_offset 14, -4
 266 0002 0346     		mov	r3, r0
 119:Src/syscalls.c ****     extern char end asm("end");
 267              		.loc 1 119 5 is_stmt 1 view .LVU53
 120:Src/syscalls.c ****     static char *heap_end;
 268              		.loc 1 120 5 view .LVU54
 121:Src/syscalls.c ****     char *prev_heap_end;
 269              		.loc 1 121 5 view .LVU55
 122:Src/syscalls.c **** 
 123:Src/syscalls.c ****     if (heap_end == 0)
 270              		.loc 1 123 5 view .LVU56
 271              		.loc 1 123 18 is_stmt 0 view .LVU57
 272 0004 0B4A     		ldr	r2, .L23
 273 0006 1268     		ldr	r2, [r2]
 274              		.loc 1 123 8 view .LVU58
 275 0008 42B1     		cbz	r2, .L21
 276              	.L17:
 124:Src/syscalls.c ****         heap_end = &end;
 125:Src/syscalls.c **** 
 126:Src/syscalls.c ****     prev_heap_end = heap_end;
 277              		.loc 1 126 5 is_stmt 1 view .LVU59
 278              		.loc 1 126 19 is_stmt 0 view .LVU60
ARM GAS  C:\Users\ADMINI~1\AppData\Local\Temp\ccWpR0TL.s 			page 8


 279 000a 0A4A     		ldr	r2, .L23
 280 000c 1068     		ldr	r0, [r2]
 281              	.LVL19:
 127:Src/syscalls.c ****     if (heap_end + incr > stack_ptr)
 282              		.loc 1 127 5 is_stmt 1 view .LVU61
 283              		.loc 1 127 18 is_stmt 0 view .LVU62
 284 000e 0344     		add	r3, r3, r0
 285              	.LVL20:
 286              		.loc 1 127 8 view .LVU63
 287 0010 6A46     		mov	r2, sp
 288 0012 9342     		cmp	r3, r2
 289 0014 06D8     		bhi	.L22
 128:Src/syscalls.c ****     {
 129:Src/syscalls.c **** //		write(1, "Heap and stack collision\n", 25);
 130:Src/syscalls.c **** //		abort();
 131:Src/syscalls.c ****         errno = ENOMEM;
 132:Src/syscalls.c ****         return (caddr_t) -1;
 133:Src/syscalls.c ****     }
 134:Src/syscalls.c **** 
 135:Src/syscalls.c ****     heap_end += incr;
 290              		.loc 1 135 5 is_stmt 1 view .LVU64
 291              		.loc 1 135 14 is_stmt 0 view .LVU65
 292 0016 074A     		ldr	r2, .L23
 293 0018 1360     		str	r3, [r2]
 136:Src/syscalls.c **** 
 137:Src/syscalls.c ****     return (caddr_t) prev_heap_end;
 294              		.loc 1 137 5 is_stmt 1 view .LVU66
 295              	.LVL21:
 296              	.L16:
 138:Src/syscalls.c **** }
 297              		.loc 1 138 1 is_stmt 0 view .LVU67
 298 001a 08BD     		pop	{r3, pc}
 299              	.LVL22:
 300              	.L21:
 124:Src/syscalls.c **** 
 301              		.loc 1 124 9 is_stmt 1 view .LVU68
 124:Src/syscalls.c **** 
 302              		.loc 1 124 18 is_stmt 0 view .LVU69
 303 001c 054A     		ldr	r2, .L23
 304 001e 0649     		ldr	r1, .L23+4
 305 0020 1160     		str	r1, [r2]
 306 0022 F2E7     		b	.L17
 307              	.LVL23:
 308              	.L22:
 131:Src/syscalls.c ****         return (caddr_t) -1;
 309              		.loc 1 131 9 is_stmt 1 view .LVU70
 310 0024 FFF7FEFF 		bl	__errno
 311              	.LVL24:
 131:Src/syscalls.c ****         return (caddr_t) -1;
 312              		.loc 1 131 15 is_stmt 0 view .LVU71
 313 0028 0C23     		movs	r3, #12
 314 002a 0360     		str	r3, [r0]
 132:Src/syscalls.c ****     }
 315              		.loc 1 132 9 is_stmt 1 view .LVU72
 132:Src/syscalls.c ****     }
 316              		.loc 1 132 16 is_stmt 0 view .LVU73
 317 002c 4FF0FF30 		mov	r0, #-1
ARM GAS  C:\Users\ADMINI~1\AppData\Local\Temp\ccWpR0TL.s 			page 9


 318 0030 F3E7     		b	.L16
 319              	.L24:
 320 0032 00BF     		.align	2
 321              	.L23:
 322 0034 00000000 		.word	.LANCHOR0
 323 0038 00000000 		.word	end
 324              		.cfi_endproc
 325              	.LFE31:
 327              		.section	.text._open,"ax",%progbits
 328              		.align	1
 329              		.global	_open
 330              		.syntax unified
 331              		.thumb
 332              		.thumb_func
 334              	_open:
 335              	.LVL25:
 336              	.LFB32:
 139:Src/syscalls.c **** 
 140:Src/syscalls.c **** 
 141:Src/syscalls.c **** 
 142:Src/syscalls.c **** int _open(char *path, int flags, ...)
 143:Src/syscalls.c **** {
 337              		.loc 1 143 1 is_stmt 1 view -0
 338              		.cfi_startproc
 339              		@ args = 4, pretend = 12, frame = 0
 340              		@ frame_needed = 0, uses_anonymous_args = 1
 341              		@ link register save eliminated.
 342              		.loc 1 143 1 is_stmt 0 view .LVU75
 343 0000 0EB4     		push	{r1, r2, r3}
 344              	.LCFI5:
 345              		.cfi_def_cfa_offset 12
 346              		.cfi_offset 1, -12
 347              		.cfi_offset 2, -8
 348              		.cfi_offset 3, -4
 144:Src/syscalls.c ****     /* Pretend like we always fail */
 145:Src/syscalls.c ****     return -1;
 349              		.loc 1 145 5 is_stmt 1 view .LVU76
 146:Src/syscalls.c **** }
 350              		.loc 1 146 1 is_stmt 0 view .LVU77
 351 0002 4FF0FF30 		mov	r0, #-1
 352              	.LVL26:
 353              		.loc 1 146 1 view .LVU78
 354 0006 03B0     		add	sp, sp, #12
 355              	.LCFI6:
 356              		.cfi_restore 3
 357              		.cfi_restore 2
 358              		.cfi_restore 1
 359              		.cfi_def_cfa_offset 0
 360 0008 7047     		bx	lr
 361              		.cfi_endproc
 362              	.LFE32:
 364              		.section	.text._wait,"ax",%progbits
 365              		.align	1
 366              		.global	_wait
 367              		.syntax unified
 368              		.thumb
 369              		.thumb_func
ARM GAS  C:\Users\ADMINI~1\AppData\Local\Temp\ccWpR0TL.s 			page 10


 371              	_wait:
 372              	.LVL27:
 373              	.LFB33:
 147:Src/syscalls.c **** 
 148:Src/syscalls.c **** int _wait(int *status)
 149:Src/syscalls.c **** {
 374              		.loc 1 149 1 is_stmt 1 view -0
 375              		.cfi_startproc
 376              		@ args = 0, pretend = 0, frame = 0
 377              		@ frame_needed = 0, uses_anonymous_args = 0
 378              		.loc 1 149 1 is_stmt 0 view .LVU80
 379 0000 08B5     		push	{r3, lr}
 380              	.LCFI7:
 381              		.cfi_def_cfa_offset 8
 382              		.cfi_offset 3, -8
 383              		.cfi_offset 14, -4
 150:Src/syscalls.c ****     errno = ECHILD;
 384              		.loc 1 150 5 is_stmt 1 view .LVU81
 385 0002 FFF7FEFF 		bl	__errno
 386              	.LVL28:
 387              		.loc 1 150 11 is_stmt 0 view .LVU82
 388 0006 0A23     		movs	r3, #10
 389 0008 0360     		str	r3, [r0]
 151:Src/syscalls.c ****     return -1;
 390              		.loc 1 151 5 is_stmt 1 view .LVU83
 152:Src/syscalls.c **** }
 391              		.loc 1 152 1 is_stmt 0 view .LVU84
 392 000a 4FF0FF30 		mov	r0, #-1
 393 000e 08BD     		pop	{r3, pc}
 394              		.cfi_endproc
 395              	.LFE33:
 397              		.section	.text._unlink,"ax",%progbits
 398              		.align	1
 399              		.global	_unlink
 400              		.syntax unified
 401              		.thumb
 402              		.thumb_func
 404              	_unlink:
 405              	.LVL29:
 406              	.LFB34:
 153:Src/syscalls.c **** 
 154:Src/syscalls.c **** int _unlink(char *name)
 155:Src/syscalls.c **** {
 407              		.loc 1 155 1 is_stmt 1 view -0
 408              		.cfi_startproc
 409              		@ args = 0, pretend = 0, frame = 0
 410              		@ frame_needed = 0, uses_anonymous_args = 0
 411              		.loc 1 155 1 is_stmt 0 view .LVU86
 412 0000 08B5     		push	{r3, lr}
 413              	.LCFI8:
 414              		.cfi_def_cfa_offset 8
 415              		.cfi_offset 3, -8
 416              		.cfi_offset 14, -4
 156:Src/syscalls.c ****     errno = ENOENT;
 417              		.loc 1 156 5 is_stmt 1 view .LVU87
 418 0002 FFF7FEFF 		bl	__errno
 419              	.LVL30:
ARM GAS  C:\Users\ADMINI~1\AppData\Local\Temp\ccWpR0TL.s 			page 11


 420              		.loc 1 156 11 is_stmt 0 view .LVU88
 421 0006 0223     		movs	r3, #2
 422 0008 0360     		str	r3, [r0]
 157:Src/syscalls.c ****     return -1;
 423              		.loc 1 157 5 is_stmt 1 view .LVU89
 158:Src/syscalls.c **** }
 424              		.loc 1 158 1 is_stmt 0 view .LVU90
 425 000a 4FF0FF30 		mov	r0, #-1
 426 000e 08BD     		pop	{r3, pc}
 427              		.cfi_endproc
 428              	.LFE34:
 430              		.section	.text._times,"ax",%progbits
 431              		.align	1
 432              		.global	_times
 433              		.syntax unified
 434              		.thumb
 435              		.thumb_func
 437              	_times:
 438              	.LVL31:
 439              	.LFB35:
 159:Src/syscalls.c **** 
 160:Src/syscalls.c **** int _times(struct tms *buf)
 161:Src/syscalls.c **** {
 440              		.loc 1 161 1 is_stmt 1 view -0
 441              		.cfi_startproc
 442              		@ args = 0, pretend = 0, frame = 0
 443              		@ frame_needed = 0, uses_anonymous_args = 0
 444              		@ link register save eliminated.
 162:Src/syscalls.c ****     return -1;
 445              		.loc 1 162 5 view .LVU92
 163:Src/syscalls.c **** }
 446              		.loc 1 163 1 is_stmt 0 view .LVU93
 447 0000 4FF0FF30 		mov	r0, #-1
 448              	.LVL32:
 449              		.loc 1 163 1 view .LVU94
 450 0004 7047     		bx	lr
 451              		.cfi_endproc
 452              	.LFE35:
 454              		.section	.text._stat,"ax",%progbits
 455              		.align	1
 456              		.global	_stat
 457              		.syntax unified
 458              		.thumb
 459              		.thumb_func
 461              	_stat:
 462              	.LVL33:
 463              	.LFB36:
 164:Src/syscalls.c **** 
 165:Src/syscalls.c **** int _stat(char *file, struct stat *st)
 166:Src/syscalls.c **** {
 464              		.loc 1 166 1 is_stmt 1 view -0
 465              		.cfi_startproc
 466              		@ args = 0, pretend = 0, frame = 0
 467              		@ frame_needed = 0, uses_anonymous_args = 0
 468              		@ link register save eliminated.
 167:Src/syscalls.c ****     st->st_mode = S_IFCHR;
 469              		.loc 1 167 5 view .LVU96
ARM GAS  C:\Users\ADMINI~1\AppData\Local\Temp\ccWpR0TL.s 			page 12


 470              		.loc 1 167 17 is_stmt 0 view .LVU97
 471 0000 4FF40053 		mov	r3, #8192
 472 0004 4B60     		str	r3, [r1, #4]
 168:Src/syscalls.c ****     return 0;
 473              		.loc 1 168 5 is_stmt 1 view .LVU98
 169:Src/syscalls.c **** }
 474              		.loc 1 169 1 is_stmt 0 view .LVU99
 475 0006 0020     		movs	r0, #0
 476              	.LVL34:
 477              		.loc 1 169 1 view .LVU100
 478 0008 7047     		bx	lr
 479              		.cfi_endproc
 480              	.LFE36:
 482              		.section	.text._link,"ax",%progbits
 483              		.align	1
 484              		.global	_link
 485              		.syntax unified
 486              		.thumb
 487              		.thumb_func
 489              	_link:
 490              	.LVL35:
 491              	.LFB37:
 170:Src/syscalls.c **** 
 171:Src/syscalls.c **** int _link(char *old, char *new)
 172:Src/syscalls.c **** {
 492              		.loc 1 172 1 is_stmt 1 view -0
 493              		.cfi_startproc
 494              		@ args = 0, pretend = 0, frame = 0
 495              		@ frame_needed = 0, uses_anonymous_args = 0
 496              		.loc 1 172 1 is_stmt 0 view .LVU102
 497 0000 08B5     		push	{r3, lr}
 498              	.LCFI9:
 499              		.cfi_def_cfa_offset 8
 500              		.cfi_offset 3, -8
 501              		.cfi_offset 14, -4
 173:Src/syscalls.c ****     errno = EMLINK;
 502              		.loc 1 173 5 is_stmt 1 view .LVU103
 503 0002 FFF7FEFF 		bl	__errno
 504              	.LVL36:
 505              		.loc 1 173 11 is_stmt 0 view .LVU104
 506 0006 1F23     		movs	r3, #31
 507 0008 0360     		str	r3, [r0]
 174:Src/syscalls.c ****     return -1;
 508              		.loc 1 174 5 is_stmt 1 view .LVU105
 175:Src/syscalls.c **** }
 509              		.loc 1 175 1 is_stmt 0 view .LVU106
 510 000a 4FF0FF30 		mov	r0, #-1
 511 000e 08BD     		pop	{r3, pc}
 512              		.cfi_endproc
 513              	.LFE37:
 515              		.section	.text._fork,"ax",%progbits
 516              		.align	1
 517              		.global	_fork
 518              		.syntax unified
 519              		.thumb
 520              		.thumb_func
 522              	_fork:
ARM GAS  C:\Users\ADMINI~1\AppData\Local\Temp\ccWpR0TL.s 			page 13


 523              	.LFB38:
 176:Src/syscalls.c **** 
 177:Src/syscalls.c **** int _fork(void)
 178:Src/syscalls.c **** {
 524              		.loc 1 178 1 is_stmt 1 view -0
 525              		.cfi_startproc
 526              		@ args = 0, pretend = 0, frame = 0
 527              		@ frame_needed = 0, uses_anonymous_args = 0
 528 0000 08B5     		push	{r3, lr}
 529              	.LCFI10:
 530              		.cfi_def_cfa_offset 8
 531              		.cfi_offset 3, -8
 532              		.cfi_offset 14, -4
 179:Src/syscalls.c ****     errno = EAGAIN;
 533              		.loc 1 179 5 view .LVU108
 534 0002 FFF7FEFF 		bl	__errno
 535              	.LVL37:
 536              		.loc 1 179 11 is_stmt 0 view .LVU109
 537 0006 0B23     		movs	r3, #11
 538 0008 0360     		str	r3, [r0]
 180:Src/syscalls.c ****     return -1;
 539              		.loc 1 180 5 is_stmt 1 view .LVU110
 181:Src/syscalls.c **** }
 540              		.loc 1 181 1 is_stmt 0 view .LVU111
 541 000a 4FF0FF30 		mov	r0, #-1
 542 000e 08BD     		pop	{r3, pc}
 543              		.cfi_endproc
 544              	.LFE38:
 546              		.section	.text._execve,"ax",%progbits
 547              		.align	1
 548              		.global	_execve
 549              		.syntax unified
 550              		.thumb
 551              		.thumb_func
 553              	_execve:
 554              	.LVL38:
 555              	.LFB39:
 182:Src/syscalls.c **** 
 183:Src/syscalls.c **** int _execve(char *name, char **argv, char **env)
 184:Src/syscalls.c **** {
 556              		.loc 1 184 1 is_stmt 1 view -0
 557              		.cfi_startproc
 558              		@ args = 0, pretend = 0, frame = 0
 559              		@ frame_needed = 0, uses_anonymous_args = 0
 560              		.loc 1 184 1 is_stmt 0 view .LVU113
 561 0000 08B5     		push	{r3, lr}
 562              	.LCFI11:
 563              		.cfi_def_cfa_offset 8
 564              		.cfi_offset 3, -8
 565              		.cfi_offset 14, -4
 185:Src/syscalls.c ****     errno = ENOMEM;
 566              		.loc 1 185 5 is_stmt 1 view .LVU114
 567 0002 FFF7FEFF 		bl	__errno
 568              	.LVL39:
 569              		.loc 1 185 11 is_stmt 0 view .LVU115
 570 0006 0C23     		movs	r3, #12
 571 0008 0360     		str	r3, [r0]
ARM GAS  C:\Users\ADMINI~1\AppData\Local\Temp\ccWpR0TL.s 			page 14


 186:Src/syscalls.c ****     return -1;
 572              		.loc 1 186 5 is_stmt 1 view .LVU116
 187:Src/syscalls.c **** }
 573              		.loc 1 187 1 is_stmt 0 view .LVU117
 574 000a 4FF0FF30 		mov	r0, #-1
 575 000e 08BD     		pop	{r3, pc}
 576              		.cfi_endproc
 577              	.LFE39:
 579              		.global	environ
 580              		.global	__env
 581              		.section	.bss.__env,"aw",%nobits
 582              		.align	2
 585              	__env:
 586 0000 00000000 		.space	4
 587              		.section	.bss.heap_end.0,"aw",%nobits
 588              		.align	2
 589              		.set	.LANCHOR0,. + 0
 592              	heap_end.0:
 593 0000 00000000 		.space	4
 594              		.section	.data.environ,"aw"
 595              		.align	2
 598              	environ:
 599 0000 00000000 		.word	__env
 600              		.weak	__io_putchar
 601              		.weak	__io_getchar
 602              		.text
 603              	.Letext0:
 604              		.file 2 "c:\\program files (x86)\\gnu arm embedded toolchain\\10 2021.10\\arm-none-eabi\\include\\
 605              		.file 3 "c:\\program files (x86)\\gnu arm embedded toolchain\\10 2021.10\\arm-none-eabi\\include\\
 606              		.file 4 "c:\\program files (x86)\\gnu arm embedded toolchain\\10 2021.10\\arm-none-eabi\\include\\
 607              		.file 5 "c:\\program files (x86)\\gnu arm embedded toolchain\\10 2021.10\\arm-none-eabi\\include\\
 608              		.file 6 "c:\\program files (x86)\\gnu arm embedded toolchain\\10 2021.10\\arm-none-eabi\\include\\
 609              		.file 7 "c:\\program files (x86)\\gnu arm embedded toolchain\\10 2021.10\\arm-none-eabi\\include\\
 610              		.file 8 "c:\\program files (x86)\\gnu arm embedded toolchain\\10 2021.10\\arm-none-eabi\\include\\
 611              		.file 9 "c:\\program files (x86)\\gnu arm embedded toolchain\\10 2021.10\\arm-none-eabi\\include\\
ARM GAS  C:\Users\ADMINI~1\AppData\Local\Temp\ccWpR0TL.s 			page 15


DEFINED SYMBOLS
                            *ABS*:00000000 syscalls.c
C:\Users\ADMINI~1\AppData\Local\Temp\ccWpR0TL.s:20     .text.initialise_monitor_handles:00000000 $t
C:\Users\ADMINI~1\AppData\Local\Temp\ccWpR0TL.s:26     .text.initialise_monitor_handles:00000000 initialise_monitor_handles
C:\Users\ADMINI~1\AppData\Local\Temp\ccWpR0TL.s:40     .text._getpid:00000000 $t
C:\Users\ADMINI~1\AppData\Local\Temp\ccWpR0TL.s:46     .text._getpid:00000000 _getpid
C:\Users\ADMINI~1\AppData\Local\Temp\ccWpR0TL.s:61     .text._kill:00000000 $t
C:\Users\ADMINI~1\AppData\Local\Temp\ccWpR0TL.s:67     .text._kill:00000000 _kill
C:\Users\ADMINI~1\AppData\Local\Temp\ccWpR0TL.s:94     .text._exit:00000000 $t
C:\Users\ADMINI~1\AppData\Local\Temp\ccWpR0TL.s:100    .text._exit:00000000 _exit
C:\Users\ADMINI~1\AppData\Local\Temp\ccWpR0TL.s:127    .text._read:00000000 $t
C:\Users\ADMINI~1\AppData\Local\Temp\ccWpR0TL.s:133    .text._read:00000000 _read
C:\Users\ADMINI~1\AppData\Local\Temp\ccWpR0TL.s:190    .text._write:00000000 $t
C:\Users\ADMINI~1\AppData\Local\Temp\ccWpR0TL.s:196    .text._write:00000000 _write
C:\Users\ADMINI~1\AppData\Local\Temp\ccWpR0TL.s:247    .text._sbrk:00000000 $t
C:\Users\ADMINI~1\AppData\Local\Temp\ccWpR0TL.s:253    .text._sbrk:00000000 _sbrk
C:\Users\ADMINI~1\AppData\Local\Temp\ccWpR0TL.s:322    .text._sbrk:00000034 $d
C:\Users\ADMINI~1\AppData\Local\Temp\ccWpR0TL.s:328    .text._open:00000000 $t
C:\Users\ADMINI~1\AppData\Local\Temp\ccWpR0TL.s:334    .text._open:00000000 _open
C:\Users\ADMINI~1\AppData\Local\Temp\ccWpR0TL.s:365    .text._wait:00000000 $t
C:\Users\ADMINI~1\AppData\Local\Temp\ccWpR0TL.s:371    .text._wait:00000000 _wait
C:\Users\ADMINI~1\AppData\Local\Temp\ccWpR0TL.s:398    .text._unlink:00000000 $t
C:\Users\ADMINI~1\AppData\Local\Temp\ccWpR0TL.s:404    .text._unlink:00000000 _unlink
C:\Users\ADMINI~1\AppData\Local\Temp\ccWpR0TL.s:431    .text._times:00000000 $t
C:\Users\ADMINI~1\AppData\Local\Temp\ccWpR0TL.s:437    .text._times:00000000 _times
C:\Users\ADMINI~1\AppData\Local\Temp\ccWpR0TL.s:455    .text._stat:00000000 $t
C:\Users\ADMINI~1\AppData\Local\Temp\ccWpR0TL.s:461    .text._stat:00000000 _stat
C:\Users\ADMINI~1\AppData\Local\Temp\ccWpR0TL.s:483    .text._link:00000000 $t
C:\Users\ADMINI~1\AppData\Local\Temp\ccWpR0TL.s:489    .text._link:00000000 _link
C:\Users\ADMINI~1\AppData\Local\Temp\ccWpR0TL.s:516    .text._fork:00000000 $t
C:\Users\ADMINI~1\AppData\Local\Temp\ccWpR0TL.s:522    .text._fork:00000000 _fork
C:\Users\ADMINI~1\AppData\Local\Temp\ccWpR0TL.s:547    .text._execve:00000000 $t
C:\Users\ADMINI~1\AppData\Local\Temp\ccWpR0TL.s:553    .text._execve:00000000 _execve
C:\Users\ADMINI~1\AppData\Local\Temp\ccWpR0TL.s:598    .data.environ:00000000 environ
C:\Users\ADMINI~1\AppData\Local\Temp\ccWpR0TL.s:585    .bss.__env:00000000 __env
C:\Users\ADMINI~1\AppData\Local\Temp\ccWpR0TL.s:582    .bss.__env:00000000 $d
C:\Users\ADMINI~1\AppData\Local\Temp\ccWpR0TL.s:588    .bss.heap_end.0:00000000 $d
C:\Users\ADMINI~1\AppData\Local\Temp\ccWpR0TL.s:592    .bss.heap_end.0:00000000 heap_end.0
C:\Users\ADMINI~1\AppData\Local\Temp\ccWpR0TL.s:595    .data.environ:00000000 $d

UNDEFINED SYMBOLS
__errno
__io_getchar
__io_putchar
end
