ARM GAS  C:\Users\ADMINI~1\AppData\Local\Temp\cc15mNdg.s 			page 1


   1              		.cpu cortex-m4
   2              		.arch armv7e-m
   3              		.fpu fpv4-sp-d16
   4              		.eabi_attribute 27, 1
   5              		.eabi_attribute 28, 1
   6              		.eabi_attribute 20, 1
   7              		.eabi_attribute 21, 1
   8              		.eabi_attribute 23, 3
   9              		.eabi_attribute 24, 1
  10              		.eabi_attribute 25, 1
  11              		.eabi_attribute 26, 1
  12              		.eabi_attribute 30, 1
  13              		.eabi_attribute 34, 1
  14              		.eabi_attribute 18, 4
  15              		.file	"usbd_composite.c"
  16              		.text
  17              	.Ltext0:
  18              		.cfi_sections	.debug_frame
  19              		.section	.text.USBD_CMPSIT_FS_DeviceDescriptor,"ax",%progbits
  20              		.align	1
  21              		.global	USBD_CMPSIT_FS_DeviceDescriptor
  22              		.syntax unified
  23              		.thumb
  24              		.thumb_func
  26              	USBD_CMPSIT_FS_DeviceDescriptor:
  27              	.LVL0:
  28              	.LFB134:
  29              		.file 1 "Src/usbd_composite.c"
   1:Src/usbd_composite.c **** #include "usbd_composite.h"
   2:Src/usbd_composite.c **** #include "usbd_conf.h"
   3:Src/usbd_composite.c **** #include "usbd_def.h"
   4:Src/usbd_composite.c **** #include "usbd_msc.h"
   5:Src/usbd_composite.c **** #include "usbd_winUsb.h"
   6:Src/usbd_composite.c **** 
   7:Src/usbd_composite.c **** #include "usbd_core.h"
   8:Src/usbd_composite.c **** #include "usbd_desc.h"
   9:Src/usbd_composite.c **** 
  10:Src/usbd_composite.c **** 
  11:Src/usbd_composite.c **** 
  12:Src/usbd_composite.c **** #include <stdio.h>
  13:Src/usbd_composite.c **** 
  14:Src/usbd_composite.c **** #define USBD_PRODUCT_XSTR(s) USBD_PRODUCT_STR(s)
  15:Src/usbd_composite.c **** #define USBD_PRODUCT_STR(s) #s
  16:Src/usbd_composite.c **** 
  17:Src/usbd_composite.c **** 
  18:Src/usbd_composite.c **** #if 1
  19:Src/usbd_composite.c **** #define USBD_CMPSIT_VID     0x1207
  20:Src/usbd_composite.c **** #define USBD_CMPSIT_LANGID_STRING     1033
  21:Src/usbd_composite.c **** #define USBD_CMPSIT_MANUFACTURER_STRING     "wenyz@wolfGroup"
  22:Src/usbd_composite.c **** #define USBD_CMPSIT_PID_FS     0x0d37
  23:Src/usbd_composite.c **** #define USBD_CMPSIT_PRODUCT_STRING_FS     "STM32 composite product"
  24:Src/usbd_composite.c **** #define USBD_CMPSIT_CONFIGURATION_STRING_FS     "Composite Config"
  25:Src/usbd_composite.c **** #define USBD_CMPSIT_INTERFACE_STRING_FS     "Composite Interface"
  26:Src/usbd_composite.c **** #else
  27:Src/usbd_composite.c **** #define USBD_CMPSIT_VID     1155
  28:Src/usbd_composite.c **** #define USBD_CMPSIT_LANGID_STRING     1033
  29:Src/usbd_composite.c **** #define USBD_CMPSIT_MANUFACTURER_STRING     "STMicroelectronics"
ARM GAS  C:\Users\ADMINI~1\AppData\Local\Temp\cc15mNdg.s 			page 2


  30:Src/usbd_composite.c **** #define USBD_CMPSIT_PID_FS     22336
  31:Src/usbd_composite.c **** #define USBD_CMPSIT_PRODUCT_STRING_FS     "STM32 Virtual ComPort"
  32:Src/usbd_composite.c **** #define USBD_CMPSIT_CONFIGURATION_STRING_FS     "CDC Config"
  33:Src/usbd_composite.c **** #define USBD_CMPSIT_INTERFACE_STRING_FS     "CDC Interface"
  34:Src/usbd_composite.c **** #endif
  35:Src/usbd_composite.c **** 
  36:Src/usbd_composite.c **** #define USBD_MSC_INTERFACE_STRING_FS     "MSC Interface"
  37:Src/usbd_composite.c **** #define USBD_WIN_USB_INTERFACE_STRING_FS  Electronbot Native Interface
  38:Src/usbd_composite.c **** 
  39:Src/usbd_composite.c **** 
  40:Src/usbd_composite.c **** uint8_t * USBD_CMPSIT_FS_DeviceDescriptor(USBD_SpeedTypeDef speed, uint16_t *length);
  41:Src/usbd_composite.c **** uint8_t * USBD_CMPSIT_FS_LangIDStrDescriptor(USBD_SpeedTypeDef speed, uint16_t *length);
  42:Src/usbd_composite.c **** uint8_t * USBD_CMPSIT_FS_ManufacturerStrDescriptor(USBD_SpeedTypeDef speed, uint16_t *length);
  43:Src/usbd_composite.c **** uint8_t * USBD_CMPSIT_FS_ProductStrDescriptor(USBD_SpeedTypeDef speed, uint16_t *length);
  44:Src/usbd_composite.c **** uint8_t * USBD_CMPSIT_FS_SerialStrDescriptor(USBD_SpeedTypeDef speed, uint16_t *length);
  45:Src/usbd_composite.c **** uint8_t * USBD_CMPSIT_FS_ConfigStrDescriptor(USBD_SpeedTypeDef speed, uint16_t *length);
  46:Src/usbd_composite.c **** uint8_t * USBD_CMPSIT_FS_InterfaceStrDescriptor(USBD_SpeedTypeDef speed, uint16_t *length);
  47:Src/usbd_composite.c **** #if (USBD_LPM_ENABLED == 1)
  48:Src/usbd_composite.c **** uint8_t * USBD_CMPSIT_FS_USR_BOSDescriptor(USBD_SpeedTypeDef speed, uint16_t *length);
  49:Src/usbd_composite.c **** #endif /* (USBD_LPM_ENABLED == 1) */
  50:Src/usbd_composite.c **** 
  51:Src/usbd_composite.c **** 
  52:Src/usbd_composite.c **** USBD_DescriptorsTypeDef usbCmpsitFS_Desc =
  53:Src/usbd_composite.c **** {
  54:Src/usbd_composite.c ****   USBD_CMPSIT_FS_DeviceDescriptor
  55:Src/usbd_composite.c **** , USBD_CMPSIT_FS_LangIDStrDescriptor
  56:Src/usbd_composite.c **** , USBD_CMPSIT_FS_ManufacturerStrDescriptor
  57:Src/usbd_composite.c **** , USBD_CMPSIT_FS_ProductStrDescriptor
  58:Src/usbd_composite.c **** , USBD_CMPSIT_FS_SerialStrDescriptor
  59:Src/usbd_composite.c **** , USBD_CMPSIT_FS_ConfigStrDescriptor
  60:Src/usbd_composite.c **** , USBD_CMPSIT_FS_InterfaceStrDescriptor
  61:Src/usbd_composite.c **** #if (USBD_LPM_ENABLED == 1)
  62:Src/usbd_composite.c **** , USBD_CMPSIT_FS_USR_BOSDescriptor
  63:Src/usbd_composite.c **** #endif /* (USBD_LPM_ENABLED == 1) */
  64:Src/usbd_composite.c **** };
  65:Src/usbd_composite.c **** 
  66:Src/usbd_composite.c **** __ALIGN_BEGIN uint8_t USBD_CMPSIT_FS_DeviceDesc[USB_LEN_DEV_DESC] __ALIGN_END =
  67:Src/usbd_composite.c **** {
  68:Src/usbd_composite.c **** 	0x12,						/*bLength */
  69:Src/usbd_composite.c **** 	USB_DESC_TYPE_DEVICE, 	  /*bDescriptorType*/
  70:Src/usbd_composite.c **** #if (USBD_LPM_ENABLED == 1)
  71:Src/usbd_composite.c **** 	0x01, 					  /*bcdUSB */ /* changed to USB version 2.01
  72:Src/usbd_composite.c **** 											 in order to support LPM L1 suspend
  73:Src/usbd_composite.c **** 											 resume test of USBCV3.0*/
  74:Src/usbd_composite.c **** #else
  75:Src/usbd_composite.c **** 	0x00, 					  /*bcdUSB */
  76:Src/usbd_composite.c **** #endif /* (USBD_LPM_ENABLED == 1) */
  77:Src/usbd_composite.c **** 	0x02,
  78:Src/usbd_composite.c **** 	// Notify OS that this is a composite device
  79:Src/usbd_composite.c **** 	0xEF, 					  /*bDeviceClass*/
  80:Src/usbd_composite.c **** 	0x02, 					  /*bDeviceSubClass*/
  81:Src/usbd_composite.c **** 	0x01, 					  /*bDeviceProtocol*/
  82:Src/usbd_composite.c **** 	USB_MAX_EP0_SIZE, 		  /*bMaxPacketSize*/
  83:Src/usbd_composite.c **** 	LOBYTE(USBD_CMPSIT_VID), 		  /*idVendor*/
  84:Src/usbd_composite.c **** 	HIBYTE(USBD_CMPSIT_VID), 		  /*idVendor*/
  85:Src/usbd_composite.c **** 	LOBYTE(USBD_CMPSIT_PID_FS),		  /*idProduct*/
  86:Src/usbd_composite.c **** 	HIBYTE(USBD_CMPSIT_PID_FS),		  /*idProduct*/
ARM GAS  C:\Users\ADMINI~1\AppData\Local\Temp\cc15mNdg.s 			page 3


  87:Src/usbd_composite.c **** 	0x00, 					  /*bcdDevice rel. 2.00*/
  88:Src/usbd_composite.c **** 	0x02, 					  
  89:Src/usbd_composite.c **** 	USBD_IDX_MFC_STR, 		  /*Index of manufacturer  string*/
  90:Src/usbd_composite.c **** 	USBD_IDX_PRODUCT_STR, 	  /*Index of product string*/
  91:Src/usbd_composite.c **** 	USBD_IDX_SERIAL_STR,		  /*Index of serial number string*/
  92:Src/usbd_composite.c **** 	USBD_MAX_NUM_CONFIGURATION  /*bNumConfigurations*/
  93:Src/usbd_composite.c **** 
  94:Src/usbd_composite.c **** };
  95:Src/usbd_composite.c **** 
  96:Src/usbd_composite.c **** #if (USBD_LPM_ENABLED == 1)
  97:Src/usbd_composite.c **** __ALIGN_BEGIN uint8_t USBD_CMPSIT_FS_BOSDesc[USB_SIZ_BOS_DESC] __ALIGN_END =
  98:Src/usbd_composite.c **** {
  99:Src/usbd_composite.c ****   0x5,
 100:Src/usbd_composite.c ****   USB_DESC_TYPE_BOS,
 101:Src/usbd_composite.c ****   0xC,
 102:Src/usbd_composite.c ****   0x0,
 103:Src/usbd_composite.c ****   0x1,  /* 1 device capability*/
 104:Src/usbd_composite.c ****         /* device capability*/
 105:Src/usbd_composite.c ****   0x7,
 106:Src/usbd_composite.c ****   USB_DEVICE_CAPABITY_TYPE,
 107:Src/usbd_composite.c ****   0x2,
 108:Src/usbd_composite.c ****   0x2,  /* LPM capability bit set*/
 109:Src/usbd_composite.c ****   0x0,
 110:Src/usbd_composite.c ****   0x0,
 111:Src/usbd_composite.c ****   0x0
 112:Src/usbd_composite.c **** };
 113:Src/usbd_composite.c **** #endif /* (USBD_LPM_ENABLED == 1) */
 114:Src/usbd_composite.c **** 
 115:Src/usbd_composite.c **** /** USB lang identifier descriptor. */
 116:Src/usbd_composite.c **** __ALIGN_BEGIN uint8_t USBD_CMPSIT_LangIDDesc[USB_LEN_LANGID_STR_DESC] __ALIGN_END =
 117:Src/usbd_composite.c **** {
 118:Src/usbd_composite.c ****      USB_LEN_LANGID_STR_DESC,
 119:Src/usbd_composite.c ****      USB_DESC_TYPE_STRING,
 120:Src/usbd_composite.c ****      LOBYTE(USBD_CMPSIT_LANGID_STRING),
 121:Src/usbd_composite.c ****      HIBYTE(USBD_CMPSIT_LANGID_STRING)
 122:Src/usbd_composite.c **** };
 123:Src/usbd_composite.c **** 
 124:Src/usbd_composite.c **** 
 125:Src/usbd_composite.c **** /* Internal string descriptor. */
 126:Src/usbd_composite.c **** __ALIGN_BEGIN uint8_t USBD_CMPSIT_StrDesc[USBD_MAX_STR_DESC_SIZ] __ALIGN_END;
 127:Src/usbd_composite.c **** 
 128:Src/usbd_composite.c **** 
 129:Src/usbd_composite.c **** __ALIGN_BEGIN uint8_t USBD_CMPSIT_StringSerial[USB_SIZ_STRING_SERIAL] __ALIGN_END = {
 130:Src/usbd_composite.c ****   USB_SIZ_STRING_SERIAL,
 131:Src/usbd_composite.c ****   USB_DESC_TYPE_STRING,
 132:Src/usbd_composite.c **** };
 133:Src/usbd_composite.c ****  
 134:Src/usbd_composite.c **** 
 135:Src/usbd_composite.c **** uint8_t * USBD_CMPSIT_FS_DeviceDescriptor(USBD_SpeedTypeDef speed, uint16_t *length)
 136:Src/usbd_composite.c **** {
  30              		.loc 1 136 1 view -0
  31              		.cfi_startproc
  32              		@ args = 0, pretend = 0, frame = 0
  33              		@ frame_needed = 0, uses_anonymous_args = 0
  34              		@ link register save eliminated.
 137:Src/usbd_composite.c ****   UNUSED(speed);
  35              		.loc 1 137 3 view .LVU1
ARM GAS  C:\Users\ADMINI~1\AppData\Local\Temp\cc15mNdg.s 			page 4


 138:Src/usbd_composite.c ****   *length = sizeof(USBD_CMPSIT_FS_DeviceDesc);
  36              		.loc 1 138 3 view .LVU2
  37              		.loc 1 138 11 is_stmt 0 view .LVU3
  38 0000 1223     		movs	r3, #18
  39 0002 0B80     		strh	r3, [r1]	@ movhi
 139:Src/usbd_composite.c ****   return USBD_CMPSIT_FS_DeviceDesc;
  40              		.loc 1 139 3 is_stmt 1 view .LVU4
 140:Src/usbd_composite.c **** }
  41              		.loc 1 140 1 is_stmt 0 view .LVU5
  42 0004 0048     		ldr	r0, .L2
  43              	.LVL1:
  44              		.loc 1 140 1 view .LVU6
  45 0006 7047     		bx	lr
  46              	.L3:
  47              		.align	2
  48              	.L2:
  49 0008 00000000 		.word	.LANCHOR0
  50              		.cfi_endproc
  51              	.LFE134:
  53              		.section	.text.USBD_CMPSIT_FS_LangIDStrDescriptor,"ax",%progbits
  54              		.align	1
  55              		.global	USBD_CMPSIT_FS_LangIDStrDescriptor
  56              		.syntax unified
  57              		.thumb
  58              		.thumb_func
  60              	USBD_CMPSIT_FS_LangIDStrDescriptor:
  61              	.LVL2:
  62              	.LFB135:
 141:Src/usbd_composite.c **** 
 142:Src/usbd_composite.c **** uint8_t * USBD_CMPSIT_FS_LangIDStrDescriptor(USBD_SpeedTypeDef speed, uint16_t *length)
 143:Src/usbd_composite.c **** {
  63              		.loc 1 143 1 is_stmt 1 view -0
  64              		.cfi_startproc
  65              		@ args = 0, pretend = 0, frame = 0
  66              		@ frame_needed = 0, uses_anonymous_args = 0
  67              		@ link register save eliminated.
 144:Src/usbd_composite.c ****   UNUSED(speed);
  68              		.loc 1 144 3 view .LVU8
 145:Src/usbd_composite.c ****   *length = sizeof(USBD_CMPSIT_LangIDDesc);
  69              		.loc 1 145 3 view .LVU9
  70              		.loc 1 145 11 is_stmt 0 view .LVU10
  71 0000 0423     		movs	r3, #4
  72 0002 0B80     		strh	r3, [r1]	@ movhi
 146:Src/usbd_composite.c ****   return USBD_CMPSIT_LangIDDesc;
  73              		.loc 1 146 3 is_stmt 1 view .LVU11
 147:Src/usbd_composite.c **** }
  74              		.loc 1 147 1 is_stmt 0 view .LVU12
  75 0004 0048     		ldr	r0, .L5
  76              	.LVL3:
  77              		.loc 1 147 1 view .LVU13
  78 0006 7047     		bx	lr
  79              	.L6:
  80              		.align	2
  81              	.L5:
  82 0008 00000000 		.word	.LANCHOR1
  83              		.cfi_endproc
  84              	.LFE135:
ARM GAS  C:\Users\ADMINI~1\AppData\Local\Temp\cc15mNdg.s 			page 5


  86              		.section	.text.IntToUnicode,"ax",%progbits
  87              		.align	1
  88              		.syntax unified
  89              		.thumb
  90              		.thumb_func
  92              	IntToUnicode:
  93              	.LVL4:
  94              	.LFB138:
 148:Src/usbd_composite.c **** uint8_t * USBD_CMPSIT_FS_ManufacturerStrDescriptor(USBD_SpeedTypeDef speed, uint16_t *length)
 149:Src/usbd_composite.c **** {
 150:Src/usbd_composite.c ****   UNUSED(speed);
 151:Src/usbd_composite.c ****   USBD_GetString((uint8_t *)USBD_CMPSIT_MANUFACTURER_STRING, USBD_CMPSIT_StrDesc, length);
 152:Src/usbd_composite.c ****   return USBD_CMPSIT_StrDesc;
 153:Src/usbd_composite.c **** }
 154:Src/usbd_composite.c **** 
 155:Src/usbd_composite.c **** uint8_t * USBD_CMPSIT_FS_ProductStrDescriptor(USBD_SpeedTypeDef speed, uint16_t *length)
 156:Src/usbd_composite.c **** {
 157:Src/usbd_composite.c ****   if(speed == 0)
 158:Src/usbd_composite.c ****   {
 159:Src/usbd_composite.c ****     USBD_GetString((uint8_t *)USBD_CMPSIT_PRODUCT_STRING_FS, USBD_CMPSIT_StrDesc, length);
 160:Src/usbd_composite.c ****   }
 161:Src/usbd_composite.c ****   else
 162:Src/usbd_composite.c ****   {
 163:Src/usbd_composite.c ****     USBD_GetString((uint8_t *)USBD_CMPSIT_PRODUCT_STRING_FS, USBD_CMPSIT_StrDesc, length);
 164:Src/usbd_composite.c ****   }
 165:Src/usbd_composite.c ****   return USBD_CMPSIT_StrDesc;
 166:Src/usbd_composite.c **** }
 167:Src/usbd_composite.c **** 
 168:Src/usbd_composite.c **** static void IntToUnicode(uint32_t value, uint8_t * pbuf, uint8_t len)
 169:Src/usbd_composite.c **** {
  95              		.loc 1 169 1 is_stmt 1 view -0
  96              		.cfi_startproc
  97              		@ args = 0, pretend = 0, frame = 0
  98              		@ frame_needed = 0, uses_anonymous_args = 0
 170:Src/usbd_composite.c ****   uint8_t idx = 0;
  99              		.loc 1 170 3 view .LVU15
 171:Src/usbd_composite.c **** 
 172:Src/usbd_composite.c ****   for (idx = 0; idx < len; idx++)
 100              		.loc 1 172 3 view .LVU16
 101              		.loc 1 172 12 is_stmt 0 view .LVU17
 102 0000 0023     		movs	r3, #0
 103              	.LVL5:
 104              		.loc 1 172 17 is_stmt 1 view .LVU18
 105              		.loc 1 172 3 is_stmt 0 view .LVU19
 106 0002 9342     		cmp	r3, r2
 107 0004 1ED2     		bcs	.L15
 169:Src/usbd_composite.c ****   uint8_t idx = 0;
 108              		.loc 1 169 1 view .LVU20
 109 0006 00B5     		push	{lr}
 110              	.LCFI0:
 111              		.cfi_def_cfa_offset 4
 112              		.cfi_offset 14, -4
 113 0008 10E0     		b	.L11
 114              	.L9:
 173:Src/usbd_composite.c ****   {
 174:Src/usbd_composite.c ****     if (((value >> 28)) < 0xA)
 175:Src/usbd_composite.c ****     {
ARM GAS  C:\Users\ADMINI~1\AppData\Local\Temp\cc15mNdg.s 			page 6


 176:Src/usbd_composite.c ****       pbuf[2 * idx] = (value >> 28) + '0';
 177:Src/usbd_composite.c ****     }
 178:Src/usbd_composite.c ****     else
 179:Src/usbd_composite.c ****     {
 180:Src/usbd_composite.c ****       pbuf[2 * idx] = (value >> 28) + 'A' - 10;
 115              		.loc 1 180 7 is_stmt 1 view .LVU21
 116              		.loc 1 180 43 is_stmt 0 view .LVU22
 117 000a 0CF1370C 		add	ip, ip, #55
 118              		.loc 1 180 21 view .LVU23
 119 000e 01F813C0 		strb	ip, [r1, r3, lsl #1]
 120              	.L10:
 181:Src/usbd_composite.c ****     }
 182:Src/usbd_composite.c **** 
 183:Src/usbd_composite.c ****     value = value << 4;
 121              		.loc 1 183 5 is_stmt 1 discriminator 2 view .LVU24
 122              		.loc 1 183 11 is_stmt 0 discriminator 2 view .LVU25
 123 0012 0001     		lsls	r0, r0, #4
 124              	.LVL6:
 184:Src/usbd_composite.c **** 
 185:Src/usbd_composite.c ****     pbuf[2 * idx + 1] = 0;
 125              		.loc 1 185 5 is_stmt 1 discriminator 2 view .LVU26
 126              		.loc 1 185 12 is_stmt 0 discriminator 2 view .LVU27
 127 0014 4FEA430C 		lsl	ip, r3, #1
 128              		.loc 1 185 9 discriminator 2 view .LVU28
 129 0018 0CF1010C 		add	ip, ip, #1
 130              		.loc 1 185 23 discriminator 2 view .LVU29
 131 001c 4FF0000E 		mov	lr, #0
 132 0020 01F80CE0 		strb	lr, [r1, ip]
 172:Src/usbd_composite.c ****   {
 133              		.loc 1 172 28 is_stmt 1 discriminator 2 view .LVU30
 172:Src/usbd_composite.c ****   {
 134              		.loc 1 172 31 is_stmt 0 discriminator 2 view .LVU31
 135 0024 0133     		adds	r3, r3, #1
 136              	.LVL7:
 172:Src/usbd_composite.c ****   {
 137              		.loc 1 172 31 discriminator 2 view .LVU32
 138 0026 DBB2     		uxtb	r3, r3
 139              	.LVL8:
 172:Src/usbd_composite.c ****   {
 140              		.loc 1 172 17 is_stmt 1 discriminator 2 view .LVU33
 172:Src/usbd_composite.c ****   {
 141              		.loc 1 172 3 is_stmt 0 discriminator 2 view .LVU34
 142 0028 9342     		cmp	r3, r2
 143 002a 09D2     		bcs	.L16
 144              	.L11:
 174:Src/usbd_composite.c ****     {
 145              		.loc 1 174 5 is_stmt 1 view .LVU35
 174:Src/usbd_composite.c ****     {
 146              		.loc 1 174 17 is_stmt 0 view .LVU36
 147 002c 4FEA107C 		lsr	ip, r0, #28
 174:Src/usbd_composite.c ****     {
 148              		.loc 1 174 8 view .LVU37
 149 0030 B0F1204F 		cmp	r0, #-1610612736
 150 0034 E9D2     		bcs	.L9
 176:Src/usbd_composite.c ****     }
 151              		.loc 1 176 7 is_stmt 1 view .LVU38
 176:Src/usbd_composite.c ****     }
ARM GAS  C:\Users\ADMINI~1\AppData\Local\Temp\cc15mNdg.s 			page 7


 152              		.loc 1 176 37 is_stmt 0 view .LVU39
 153 0036 0CF1300C 		add	ip, ip, #48
 176:Src/usbd_composite.c ****     }
 154              		.loc 1 176 21 view .LVU40
 155 003a 01F813C0 		strb	ip, [r1, r3, lsl #1]
 156 003e E8E7     		b	.L10
 157              	.L16:
 186:Src/usbd_composite.c ****   }
 187:Src/usbd_composite.c **** }
 158              		.loc 1 187 1 view .LVU41
 159 0040 5DF804FB 		ldr	pc, [sp], #4
 160              	.L15:
 161              	.LCFI1:
 162              		.cfi_def_cfa_offset 0
 163              		.cfi_restore 14
 164              		.loc 1 187 1 view .LVU42
 165 0044 7047     		bx	lr
 166              		.cfi_endproc
 167              	.LFE138:
 169              		.section	.text.Get_CMPSIT_SerialNum,"ax",%progbits
 170              		.align	1
 171              		.syntax unified
 172              		.thumb
 173              		.thumb_func
 175              	Get_CMPSIT_SerialNum:
 176              	.LFB139:
 188:Src/usbd_composite.c **** static void Get_CMPSIT_SerialNum(void)
 189:Src/usbd_composite.c **** {
 177              		.loc 1 189 1 is_stmt 1 view -0
 178              		.cfi_startproc
 179              		@ args = 0, pretend = 0, frame = 0
 180              		@ frame_needed = 0, uses_anonymous_args = 0
 181 0000 38B5     		push	{r3, r4, r5, lr}
 182              	.LCFI2:
 183              		.cfi_def_cfa_offset 16
 184              		.cfi_offset 3, -16
 185              		.cfi_offset 4, -12
 186              		.cfi_offset 5, -8
 187              		.cfi_offset 14, -4
 190:Src/usbd_composite.c ****   uint32_t deviceserial0, deviceserial1, deviceserial2;
 188              		.loc 1 190 3 view .LVU44
 191:Src/usbd_composite.c **** 
 192:Src/usbd_composite.c ****   deviceserial0 = *(uint32_t *) DEVICE_ID1;
 189              		.loc 1 192 3 view .LVU45
 190              		.loc 1 192 17 is_stmt 0 view .LVU46
 191 0002 0B4B     		ldr	r3, .L21
 192 0004 D3F8100A 		ldr	r0, [r3, #2576]
 193              	.LVL9:
 193:Src/usbd_composite.c ****   deviceserial1 = *(uint32_t *) DEVICE_ID2;
 194              		.loc 1 193 3 is_stmt 1 view .LVU47
 195              		.loc 1 193 17 is_stmt 0 view .LVU48
 196 0008 D3F8144A 		ldr	r4, [r3, #2580]
 197              	.LVL10:
 194:Src/usbd_composite.c ****   deviceserial2 = *(uint32_t *) DEVICE_ID3;
 198              		.loc 1 194 3 is_stmt 1 view .LVU49
 199              		.loc 1 194 17 is_stmt 0 view .LVU50
 200 000c D3F8183A 		ldr	r3, [r3, #2584]
ARM GAS  C:\Users\ADMINI~1\AppData\Local\Temp\cc15mNdg.s 			page 8


 201              	.LVL11:
 195:Src/usbd_composite.c **** 
 196:Src/usbd_composite.c ****   deviceserial0 += deviceserial2;
 202              		.loc 1 196 3 is_stmt 1 view .LVU51
 197:Src/usbd_composite.c **** 
 198:Src/usbd_composite.c ****   if (deviceserial0 != 0)
 203              		.loc 1 198 3 view .LVU52
 204              		.loc 1 198 6 is_stmt 0 view .LVU53
 205 0010 C018     		adds	r0, r0, r3
 206              	.LVL12:
 207              		.loc 1 198 6 view .LVU54
 208 0012 00D1     		bne	.L20
 209              	.LVL13:
 210              	.L17:
 199:Src/usbd_composite.c ****   {
 200:Src/usbd_composite.c ****     IntToUnicode(deviceserial0, &USBD_CMPSIT_StringSerial[2], 8);
 201:Src/usbd_composite.c ****     IntToUnicode(deviceserial1, &USBD_CMPSIT_StringSerial[18], 4);
 202:Src/usbd_composite.c ****   }
 203:Src/usbd_composite.c **** }
 211              		.loc 1 203 1 view .LVU55
 212 0014 38BD     		pop	{r3, r4, r5, pc}
 213              	.LVL14:
 214              	.L20:
 200:Src/usbd_composite.c ****     IntToUnicode(deviceserial1, &USBD_CMPSIT_StringSerial[18], 4);
 215              		.loc 1 200 5 is_stmt 1 view .LVU56
 216 0016 074D     		ldr	r5, .L21+4
 217 0018 0822     		movs	r2, #8
 218 001a A91C     		adds	r1, r5, #2
 219 001c FFF7FEFF 		bl	IntToUnicode
 220              	.LVL15:
 201:Src/usbd_composite.c ****   }
 221              		.loc 1 201 5 view .LVU57
 222 0020 0422     		movs	r2, #4
 223 0022 05F11201 		add	r1, r5, #18
 224 0026 2046     		mov	r0, r4
 225 0028 FFF7FEFF 		bl	IntToUnicode
 226              	.LVL16:
 227              		.loc 1 203 1 is_stmt 0 view .LVU58
 228 002c F2E7     		b	.L17
 229              	.L22:
 230 002e 00BF     		.align	2
 231              	.L21:
 232 0030 0070FF1F 		.word	536834048
 233 0034 00000000 		.word	.LANCHOR2
 234              		.cfi_endproc
 235              	.LFE139:
 237              		.section	.text.USBD_CMPSIT_FS_SerialStrDescriptor,"ax",%progbits
 238              		.align	1
 239              		.global	USBD_CMPSIT_FS_SerialStrDescriptor
 240              		.syntax unified
 241              		.thumb
 242              		.thumb_func
 244              	USBD_CMPSIT_FS_SerialStrDescriptor:
 245              	.LVL17:
 246              	.LFB140:
 204:Src/usbd_composite.c **** uint8_t * USBD_CMPSIT_FS_SerialStrDescriptor(USBD_SpeedTypeDef speed, uint16_t *length)
 205:Src/usbd_composite.c **** {
ARM GAS  C:\Users\ADMINI~1\AppData\Local\Temp\cc15mNdg.s 			page 9


 247              		.loc 1 205 1 is_stmt 1 view -0
 248              		.cfi_startproc
 249              		@ args = 0, pretend = 0, frame = 0
 250              		@ frame_needed = 0, uses_anonymous_args = 0
 251              		.loc 1 205 1 is_stmt 0 view .LVU60
 252 0000 08B5     		push	{r3, lr}
 253              	.LCFI3:
 254              		.cfi_def_cfa_offset 8
 255              		.cfi_offset 3, -8
 256              		.cfi_offset 14, -4
 206:Src/usbd_composite.c ****   UNUSED(speed);
 257              		.loc 1 206 3 is_stmt 1 view .LVU61
 207:Src/usbd_composite.c ****   *length = USB_SIZ_STRING_SERIAL;
 258              		.loc 1 207 3 view .LVU62
 259              		.loc 1 207 11 is_stmt 0 view .LVU63
 260 0002 1A23     		movs	r3, #26
 261 0004 0B80     		strh	r3, [r1]	@ movhi
 208:Src/usbd_composite.c **** 
 209:Src/usbd_composite.c ****   /* Update the serial number string descriptor with the data from the unique
 210:Src/usbd_composite.c ****    * ID */
 211:Src/usbd_composite.c ****   Get_CMPSIT_SerialNum();
 262              		.loc 1 211 3 is_stmt 1 view .LVU64
 263 0006 FFF7FEFF 		bl	Get_CMPSIT_SerialNum
 264              	.LVL18:
 212:Src/usbd_composite.c ****   /* USER CODE BEGIN USBD_FS_SerialStrDescriptor */
 213:Src/usbd_composite.c **** 
 214:Src/usbd_composite.c ****   /* USER CODE END USBD_FS_SerialStrDescriptor */
 215:Src/usbd_composite.c ****   return (uint8_t *) USBD_CMPSIT_StringSerial;
 265              		.loc 1 215 3 view .LVU65
 216:Src/usbd_composite.c **** }
 266              		.loc 1 216 1 is_stmt 0 view .LVU66
 267 000a 0148     		ldr	r0, .L25
 268 000c 08BD     		pop	{r3, pc}
 269              	.L26:
 270 000e 00BF     		.align	2
 271              	.L25:
 272 0010 00000000 		.word	.LANCHOR2
 273              		.cfi_endproc
 274              	.LFE140:
 276              		.section	.text.USBD_CMPSIT_GetFSCfgDesc,"ax",%progbits
 277              		.align	1
 278              		.syntax unified
 279              		.thumb
 280              		.thumb_func
 282              	USBD_CMPSIT_GetFSCfgDesc:
 283              	.LVL19:
 284              	.LFB146:
 217:Src/usbd_composite.c **** 
 218:Src/usbd_composite.c **** uint8_t * USBD_CMPSIT_FS_InterfaceStrDescriptor(USBD_SpeedTypeDef speed, uint16_t *length)
 219:Src/usbd_composite.c **** {
 220:Src/usbd_composite.c ****   if(speed == 0)
 221:Src/usbd_composite.c ****   {
 222:Src/usbd_composite.c ****     USBD_GetString((uint8_t *)USBD_CMPSIT_INTERFACE_STRING_FS, USBD_CMPSIT_StrDesc, length);
 223:Src/usbd_composite.c ****   }
 224:Src/usbd_composite.c ****   else
 225:Src/usbd_composite.c ****   {
 226:Src/usbd_composite.c ****     USBD_GetString((uint8_t *)USBD_CMPSIT_INTERFACE_STRING_FS, USBD_CMPSIT_StrDesc, length);
ARM GAS  C:\Users\ADMINI~1\AppData\Local\Temp\cc15mNdg.s 			page 10


 227:Src/usbd_composite.c ****   }
 228:Src/usbd_composite.c ****   return USBD_CMPSIT_StrDesc;
 229:Src/usbd_composite.c **** }
 230:Src/usbd_composite.c **** 
 231:Src/usbd_composite.c **** 
 232:Src/usbd_composite.c **** uint8_t * USBD_CMPSIT_FS_ConfigStrDescriptor(USBD_SpeedTypeDef speed, uint16_t *length)
 233:Src/usbd_composite.c **** {
 234:Src/usbd_composite.c ****   if(speed == USBD_SPEED_HIGH)
 235:Src/usbd_composite.c ****   {
 236:Src/usbd_composite.c ****     USBD_GetString((uint8_t *)USBD_CMPSIT_CONFIGURATION_STRING_FS, USBD_CMPSIT_StrDesc, length);
 237:Src/usbd_composite.c ****   }
 238:Src/usbd_composite.c ****   else
 239:Src/usbd_composite.c ****   {
 240:Src/usbd_composite.c ****     USBD_GetString((uint8_t *)USBD_CMPSIT_CONFIGURATION_STRING_FS, USBD_CMPSIT_StrDesc, length);
 241:Src/usbd_composite.c ****   }
 242:Src/usbd_composite.c ****   return USBD_CMPSIT_StrDesc;
 243:Src/usbd_composite.c **** }
 244:Src/usbd_composite.c **** 
 245:Src/usbd_composite.c **** 
 246:Src/usbd_composite.c **** #if (USBD_LPM_ENABLED == 1)
 247:Src/usbd_composite.c **** /**
 248:Src/usbd_composite.c ****   * @brief  Return the BOS descriptor
 249:Src/usbd_composite.c ****   * @param  speed : Current device speed
 250:Src/usbd_composite.c ****   * @param  length : Pointer to data length variable
 251:Src/usbd_composite.c ****   * @retval Pointer to descriptor buffer
 252:Src/usbd_composite.c ****   */
 253:Src/usbd_composite.c **** uint8_t * USBD_CMPSIT_FS_USR_BOSDescriptor(USBD_SpeedTypeDef speed, uint16_t *length)
 254:Src/usbd_composite.c **** {
 255:Src/usbd_composite.c ****   UNUSED(speed);
 256:Src/usbd_composite.c ****   *length = sizeof(USBD_CMPSIT_FS_BOSDesc);
 257:Src/usbd_composite.c ****   return (uint8_t*)USBD_CMPSIT_FS_BOSDesc;
 258:Src/usbd_composite.c **** }
 259:Src/usbd_composite.c **** #endif /* (USBD_LPM_ENABLED == 1) */
 260:Src/usbd_composite.c **** 
 261:Src/usbd_composite.c **** 
 262:Src/usbd_composite.c **** __ALIGN_BEGIN static uint8_t USBD_CMPSIT_CfgDesc[USB_CMPSIT_CONFIG_DESC_SIZ] __ALIGN_END =
 263:Src/usbd_composite.c **** {
 264:Src/usbd_composite.c ****   /* Configuration Descriptor */
 265:Src/usbd_composite.c ****   //0
 266:Src/usbd_composite.c ****   0x09,                                       /* bLength: Configuration Descriptor size */
 267:Src/usbd_composite.c ****   USB_DESC_TYPE_CONFIGURATION,                /* bDescriptorType: Configuration */
 268:Src/usbd_composite.c ****   USB_CMPSIT_CONFIG_DESC_SIZ,                    /* wTotalLength */
 269:Src/usbd_composite.c ****   0x00,
 270:Src/usbd_composite.c ****   0x02,                                       /* bNumInterfaces: 2 interfaces */
 271:Src/usbd_composite.c ****   0x01,                                       /* bConfigurationValue: Configuration value */
 272:Src/usbd_composite.c ****   0x04,                                       /* iConfiguration: Index of string descriptor
 273:Src/usbd_composite.c ****                                                  describing the configuration */
 274:Src/usbd_composite.c **** #if (USBD_SELF_POWERED == 1U)
 275:Src/usbd_composite.c ****   0xC0,                                       /* bmAttributes: Bus Powered according to user config
 276:Src/usbd_composite.c **** #else
 277:Src/usbd_composite.c ****   0x80,                                       /* bmAttributes: Bus Powered according to user config
 278:Src/usbd_composite.c **** #endif /* USBD_SELF_POWERED */
 279:Src/usbd_composite.c ****   USBD_MAX_POWER,                             /* MaxPower (mA) */
 280:Src/usbd_composite.c **** 
 281:Src/usbd_composite.c ****   /*---------------------------------------------------------------------------*/
 282:Src/usbd_composite.c ****   //9
 283:Src/usbd_composite.c ****   /* Interface Association Descriptor: CDC device (virtual com port) */
ARM GAS  C:\Users\ADMINI~1\AppData\Local\Temp\cc15mNdg.s 			page 11


 284:Src/usbd_composite.c ****   0x08,   /* bLength: IAD size */
 285:Src/usbd_composite.c ****   0x0B,   /* bDescriptorType: Interface Association Descriptor */
 286:Src/usbd_composite.c ****   0x00,   /* bFirstInterface */
 287:Src/usbd_composite.c ****   0x01,   /* bInterfaceCount */
 288:Src/usbd_composite.c ****   0x08,   /* bFunctionClass: Communication Interface Class */
 289:Src/usbd_composite.c ****   0x06,   /* bFunctionSubClass: Abstract Control Model */
 290:Src/usbd_composite.c ****   0x50,   /* bFunctionProtocol: Common AT commands */
 291:Src/usbd_composite.c ****   0x06,   /* iFunction */
 292:Src/usbd_composite.c ****   //17
 293:Src/usbd_composite.c ****   /* Interface Descriptor */
 294:Src/usbd_composite.c ****   /********************  Mass Storage interface ********************/
 295:Src/usbd_composite.c ****   0x09,                                            /* bLength: Interface Descriptor size */
 296:Src/usbd_composite.c ****   USB_DESC_TYPE_INTERFACE,                         /* bDescriptorType: */
 297:Src/usbd_composite.c ****   0x00,                                            /* bInterfaceNumber: Number of Interface */
 298:Src/usbd_composite.c ****   0x00,                                            /* bAlternateSetting: Alternate setting */
 299:Src/usbd_composite.c ****   0x02,                                            /* bNumEndpoints */
 300:Src/usbd_composite.c ****   0x08,                                            /* bInterfaceClass: MSC Class */
 301:Src/usbd_composite.c ****   0x06,                                            /* bInterfaceSubClass : SCSI transparent*/
 302:Src/usbd_composite.c ****   0x50,                                            /* nInterfaceProtocol */
 303:Src/usbd_composite.c ****   0x06,                                            /* iInterface: */
 304:Src/usbd_composite.c ****   //26 
 305:Src/usbd_composite.c ****    /********************  Mass Storage Endpoints ********************/
 306:Src/usbd_composite.c ****   0x07,                                            /* Endpoint descriptor length = 7 */
 307:Src/usbd_composite.c ****   0x05,                                            /* Endpoint descriptor type */
 308:Src/usbd_composite.c ****   MSC_EPIN_ADDR,                                   /* Endpoint address (IN, address 1) */
 309:Src/usbd_composite.c ****   0x02,                                            /* Bulk endpoint type */
 310:Src/usbd_composite.c ****   LOBYTE(MSC_MAX_FS_PACKET),
 311:Src/usbd_composite.c ****   HIBYTE(MSC_MAX_FS_PACKET),
 312:Src/usbd_composite.c ****   0x00,                                            /* Polling interval in milliseconds */
 313:Src/usbd_composite.c ****   //33
 314:Src/usbd_composite.c ****   0x07,                                            /* Endpoint descriptor length = 7 */
 315:Src/usbd_composite.c ****   0x05,                                            /* Endpoint descriptor type */
 316:Src/usbd_composite.c ****   MSC_EPOUT_ADDR,                                  /* Endpoint address (OUT, address 1) */
 317:Src/usbd_composite.c ****   0x02,                                            /* Bulk endpoint type */
 318:Src/usbd_composite.c ****   LOBYTE(MSC_MAX_FS_PACKET),
 319:Src/usbd_composite.c ****   HIBYTE(MSC_MAX_FS_PACKET),
 320:Src/usbd_composite.c ****   0x00,                                             /* Polling interval in milliseconds */
 321:Src/usbd_composite.c ****   //40
 322:Src/usbd_composite.c ****   /* Interface Association Descriptor: winUsb device */
 323:Src/usbd_composite.c ****   0x08,   /* bLength: IAD size */
 324:Src/usbd_composite.c ****   0x0B,   /* bDescriptorType: Interface Association Descriptor */
 325:Src/usbd_composite.c ****   0x01,   /* bFirstInterface */
 326:Src/usbd_composite.c ****   0x01,   /* bInterfaceCount */
 327:Src/usbd_composite.c ****   0x00,   /* bFunctionClass: */
 328:Src/usbd_composite.c ****   0x00,   /* bFunctionSubClass: */
 329:Src/usbd_composite.c ****   0x00,   /* bFunctionProtocol: */
 330:Src/usbd_composite.c ****   0x07,   /* iFunction */
 331:Src/usbd_composite.c ****   //48
 332:Src/usbd_composite.c ****   /********************  winUsb interface ********************/
 333:Src/usbd_composite.c ****   0x09,                                            /* bLength: Interface Descriptor size */
 334:Src/usbd_composite.c ****   USB_DESC_TYPE_INTERFACE,                                            /* bDescriptorType: */
 335:Src/usbd_composite.c ****   0x01,                                            /* bInterfaceNumber: Number of Interface */
 336:Src/usbd_composite.c ****   0x00,                                            /* bAlternateSetting: Alternate setting */
 337:Src/usbd_composite.c ****   0x02,                                            /* bNumEndpoints */
 338:Src/usbd_composite.c ****   0x00,                                            /* bInterfaceClass: MSC Class */
 339:Src/usbd_composite.c ****   0x01,                                            /* bInterfaceSubClass : SCSI transparent*/
 340:Src/usbd_composite.c ****   0x00,                                            /* nInterfaceProtocol */
ARM GAS  C:\Users\ADMINI~1\AppData\Local\Temp\cc15mNdg.s 			page 12


 341:Src/usbd_composite.c ****   0x07,                                            /* iInterface: */
 342:Src/usbd_composite.c ****   /********************  Mass Storage Endpoints ********************/
 343:Src/usbd_composite.c ****   //57
 344:Src/usbd_composite.c ****   0x07,                                            /* Endpoint descriptor length = 7 */
 345:Src/usbd_composite.c ****   USB_DESC_TYPE_ENDPOINT,                                            /* Endpoint descriptor type */
 346:Src/usbd_composite.c ****   WIN_USB_EPOUT_ADDR,                                   /* Endpoint address (IN, address 1) */
 347:Src/usbd_composite.c ****   0x02,                                            /* Bulk endpoint type */
 348:Src/usbd_composite.c ****   LOBYTE(WIN_DATA_FS_MAX_PACKET_SIZE),
 349:Src/usbd_composite.c ****   HIBYTE(WIN_DATA_FS_MAX_PACKET_SIZE),
 350:Src/usbd_composite.c ****   0x00,                                            /* Polling interval in milliseconds */
 351:Src/usbd_composite.c ****   //64
 352:Src/usbd_composite.c ****   0x07,                                            /* Endpoint descriptor length = 7 */
 353:Src/usbd_composite.c ****   USB_DESC_TYPE_ENDPOINT,                                            /* Endpoint descriptor type */
 354:Src/usbd_composite.c ****   WIN_USB_EPIN_ADDR,                                  /* Endpoint address (OUT, address 1) */
 355:Src/usbd_composite.c ****   0x02,                                            /* Bulk endpoint type */
 356:Src/usbd_composite.c ****   LOBYTE(WIN_DATA_FS_MAX_PACKET_SIZE),
 357:Src/usbd_composite.c ****   HIBYTE(WIN_DATA_FS_MAX_PACKET_SIZE),
 358:Src/usbd_composite.c ****   0x00                                             /* Polling interval in milliseconds */
 359:Src/usbd_composite.c ****   //71
 360:Src/usbd_composite.c **** };
 361:Src/usbd_composite.c **** __ALIGN_BEGIN static uint8_t USBD_CMPSIT_DeviceQualifierDesc[USB_LEN_DEV_QUALIFIER_DESC] __ALIGN_EN
 362:Src/usbd_composite.c **** {
 363:Src/usbd_composite.c ****   USB_LEN_DEV_QUALIFIER_DESC,
 364:Src/usbd_composite.c ****   USB_DESC_TYPE_DEVICE_QUALIFIER,
 365:Src/usbd_composite.c ****   0x00,
 366:Src/usbd_composite.c ****   0x02,
 367:Src/usbd_composite.c ****   0x00,
 368:Src/usbd_composite.c ****   0x00,
 369:Src/usbd_composite.c ****   0x00,
 370:Src/usbd_composite.c ****   0x40,
 371:Src/usbd_composite.c ****   0x01,
 372:Src/usbd_composite.c ****   0x00,
 373:Src/usbd_composite.c **** };
 374:Src/usbd_composite.c **** 
 375:Src/usbd_composite.c **** static uint8_t *USBD_CMPSIT_GetFSCfgDesc(uint16_t *length);
 376:Src/usbd_composite.c **** static uint8_t *USBD_CMPSIT_GetHSCfgDesc(uint16_t *length);
 377:Src/usbd_composite.c **** static uint8_t *USBD_CMPSIT_GetOtherSpeedCfgDesc(uint16_t *length);
 378:Src/usbd_composite.c **** uint8_t *USBD_CMPSIT_GetDeviceQualifierDescriptor(uint16_t *length);
 379:Src/usbd_composite.c **** 
 380:Src/usbd_composite.c **** 
 381:Src/usbd_composite.c **** 
 382:Src/usbd_composite.c **** USBD_ClassTypeDef USBD_CMPSIT=
 383:Src/usbd_composite.c **** {
 384:Src/usbd_composite.c ****   NULL,
 385:Src/usbd_composite.c ****   NULL,
 386:Src/usbd_composite.c ****   NULL,
 387:Src/usbd_composite.c ****   NULL,                 /* EP0_TxSent */
 388:Src/usbd_composite.c ****   NULL,
 389:Src/usbd_composite.c ****   NULL,
 390:Src/usbd_composite.c ****   NULL,
 391:Src/usbd_composite.c ****   NULL,
 392:Src/usbd_composite.c ****   NULL,
 393:Src/usbd_composite.c ****   NULL,
 394:Src/usbd_composite.c ****   USBD_CMPSIT_GetHSCfgDesc,
 395:Src/usbd_composite.c ****   USBD_CMPSIT_GetFSCfgDesc,  
 396:Src/usbd_composite.c ****   USBD_CMPSIT_GetOtherSpeedCfgDesc,
 397:Src/usbd_composite.c ****   USBD_CMPSIT_GetDeviceQualifierDescriptor  
ARM GAS  C:\Users\ADMINI~1\AppData\Local\Temp\cc15mNdg.s 			page 13


 398:Src/usbd_composite.c **** };
 399:Src/usbd_composite.c **** 
 400:Src/usbd_composite.c **** #ifdef USE_USBD_COMPOSITE
 401:Src/usbd_composite.c **** void USBD_CMPSIT_AddClass(USBD_HandleTypeDef *pdev, USBD_ClassTypeDef *pclass, USBD_CompositeClassT
 402:Src/usbd_composite.c **** {
 403:Src/usbd_composite.c **** 	//printf("classId=%d  : %d\r\n",pdev->classId,classtype);
 404:Src/usbd_composite.c **** 	switch(classtype)
 405:Src/usbd_composite.c **** 	{
 406:Src/usbd_composite.c **** 		case CLASS_TYPE_MSC:{
 407:Src/usbd_composite.c **** 			pdev->tclasslist[pdev->classId].ClassType = CLASS_TYPE_MSC;
 408:Src/usbd_composite.c **** 			
 409:Src/usbd_composite.c **** 			pdev->tclasslist[pdev->classId].Active = 1U;
 410:Src/usbd_composite.c **** 			pdev->tclasslist[pdev->classId].NumEps = 2;
 411:Src/usbd_composite.c **** 			
 412:Src/usbd_composite.c **** 			pdev->tclasslist[pdev->classId].Eps[1].add = MSC_EPOUT_ADDR;
 413:Src/usbd_composite.c **** 			pdev->tclasslist[pdev->classId].Eps[1].type = USBD_EP_TYPE_BULK;
 414:Src/usbd_composite.c **** 			pdev->tclasslist[pdev->classId].Eps[1].size = MSC_MAX_FS_PACKET;
 415:Src/usbd_composite.c **** 			pdev->tclasslist[pdev->classId].Eps[1].is_used = 1U;
 416:Src/usbd_composite.c **** 			
 417:Src/usbd_composite.c **** 			pdev->tclasslist[pdev->classId].Eps[0].add = MSC_EPIN_ADDR;
 418:Src/usbd_composite.c **** 			pdev->tclasslist[pdev->classId].Eps[0].type = USBD_EP_TYPE_BULK;
 419:Src/usbd_composite.c **** 			pdev->tclasslist[pdev->classId].Eps[0].size = MSC_MAX_FS_PACKET;
 420:Src/usbd_composite.c **** 			pdev->tclasslist[pdev->classId].Eps[0].is_used = 1U;
 421:Src/usbd_composite.c **** 
 422:Src/usbd_composite.c **** 			pdev->tclasslist[pdev->classId].NumIf = 1;
 423:Src/usbd_composite.c **** 			pdev->tclasslist[pdev->classId].Ifs[0] = 0;			
 424:Src/usbd_composite.c **** 			
 425:Src/usbd_composite.c **** 		}break;
 426:Src/usbd_composite.c **** 
 427:Src/usbd_composite.c **** 		case CLASS_TYPE_WINUSB:{
 428:Src/usbd_composite.c **** 			pdev->tclasslist[pdev->classId].ClassType = CLASS_TYPE_WINUSB;
 429:Src/usbd_composite.c **** 			
 430:Src/usbd_composite.c **** 			pdev->tclasslist[pdev->classId].Active = 1U;
 431:Src/usbd_composite.c **** 			pdev->tclasslist[pdev->classId].NumEps = 2;
 432:Src/usbd_composite.c **** 			
 433:Src/usbd_composite.c **** 			pdev->tclasslist[pdev->classId].Eps[0].add = WIN_USB_EPOUT_ADDR;
 434:Src/usbd_composite.c **** 			pdev->tclasslist[pdev->classId].Eps[0].type = USBD_EP_TYPE_BULK;
 435:Src/usbd_composite.c **** 			pdev->tclasslist[pdev->classId].Eps[0].size = WIN_DATA_FS_MAX_PACKET_SIZE;
 436:Src/usbd_composite.c **** 			pdev->tclasslist[pdev->classId].Eps[0].is_used = 1U;
 437:Src/usbd_composite.c **** 			
 438:Src/usbd_composite.c **** 			pdev->tclasslist[pdev->classId].Eps[1].add = WIN_USB_EPIN_ADDR;
 439:Src/usbd_composite.c **** 			pdev->tclasslist[pdev->classId].Eps[1].type = USBD_EP_TYPE_BULK;
 440:Src/usbd_composite.c **** 			pdev->tclasslist[pdev->classId].Eps[1].size = WIN_DATA_FS_MAX_PACKET_SIZE;
 441:Src/usbd_composite.c **** 			pdev->tclasslist[pdev->classId].Eps[1].is_used = 1U;
 442:Src/usbd_composite.c **** 			
 443:Src/usbd_composite.c **** 
 444:Src/usbd_composite.c **** 			pdev->tclasslist[pdev->classId].NumIf = 1;
 445:Src/usbd_composite.c **** 			pdev->tclasslist[pdev->classId].Ifs[0] = 2;		
 446:Src/usbd_composite.c **** 			
 447:Src/usbd_composite.c **** 		}break;
 448:Src/usbd_composite.c **** 		default:break;
 449:Src/usbd_composite.c **** 	}
 450:Src/usbd_composite.c **** 	pdev->tclasslist[pdev->classId].CurrPcktSze = 0U;
 451:Src/usbd_composite.c **** 		
 452:Src/usbd_composite.c **** }
 453:Src/usbd_composite.c **** void USBD_CMPST_ClearConfDesc(USBD_HandleTypeDef *pdev)
 454:Src/usbd_composite.c **** {
ARM GAS  C:\Users\ADMINI~1\AppData\Local\Temp\cc15mNdg.s 			page 14


 455:Src/usbd_composite.c **** }
 456:Src/usbd_composite.c **** 
 457:Src/usbd_composite.c **** #endif
 458:Src/usbd_composite.c **** __ALIGN_BEGIN uint8_t USBD_MS_OS_StringDescriptor[]  __ALIGN_END =
 459:Src/usbd_composite.c **** {
 460:Src/usbd_composite.c ****   0x12,           //  bLength           1 0x12  Length of the descriptor
 461:Src/usbd_composite.c ****   0x03,           //  bDescriptorType   1 0x03  Descriptor type
 462:Src/usbd_composite.c ****                   //  qwSignature      14 ‘MSFT100’ Signature field
 463:Src/usbd_composite.c ****   0x4D, 0x00,     //  'M'
 464:Src/usbd_composite.c ****   0x53, 0x00,     //  'S'
 465:Src/usbd_composite.c ****   0x46, 0x00,     //  'F'
 466:Src/usbd_composite.c ****   0x54, 0x00,     //  'T'
 467:Src/usbd_composite.c ****   0x31, 0x00,     //  '1'
 468:Src/usbd_composite.c ****   0x30, 0x00,     //  '0'
 469:Src/usbd_composite.c ****   0x30, 0x00,     //  '0'
 470:Src/usbd_composite.c ****   MS_VendorCode,  //  bMS_VendorCode    1 Vendor-specific Vendor code
 471:Src/usbd_composite.c ****   0x00            //  bPad              1 0x00  Pad field
 472:Src/usbd_composite.c **** };
 473:Src/usbd_composite.c **** uint8_t * USBD_UsrStrDescriptor(struct _USBD_HandleTypeDef *pdev, uint8_t index,  uint16_t *length)
 474:Src/usbd_composite.c **** {
 475:Src/usbd_composite.c ****   *length = 0;  
 476:Src/usbd_composite.c ****   // printf("index=%d\r\n",index);
 477:Src/usbd_composite.c ****   if (USBD_IDX_MICROSOFT_DESC_STR == index) {
 478:Src/usbd_composite.c ****     *length = sizeof (USBD_MS_OS_StringDescriptor);
 479:Src/usbd_composite.c ****     return USBD_MS_OS_StringDescriptor;
 480:Src/usbd_composite.c ****   } else if (USBD_IDX_MSC_INTF_STR == index) {
 481:Src/usbd_composite.c ****     USBD_GetString((uint8_t *)USBD_MSC_INTERFACE_STRING_FS, USBD_CMPSIT_StrDesc, length);
 482:Src/usbd_composite.c ****     return USBD_CMPSIT_StrDesc;
 483:Src/usbd_composite.c ****   }  
 484:Src/usbd_composite.c ****   else if (USBD_IDX_WIN_USB_INTF_STR == index) {
 485:Src/usbd_composite.c ****     USBD_GetString((uint8_t *)USBD_PRODUCT_XSTR(USBD_WIN_USB_INTERFACE_STRING_FS), USBD_CMPSIT_StrD
 486:Src/usbd_composite.c ****     return USBD_CMPSIT_StrDesc;
 487:Src/usbd_composite.c ****   }  
 488:Src/usbd_composite.c ****   return NULL;
 489:Src/usbd_composite.c **** }
 490:Src/usbd_composite.c **** 
 491:Src/usbd_composite.c **** static uint8_t *USBD_CMPSIT_GetFSCfgDesc(uint16_t *length)
 492:Src/usbd_composite.c **** {
 285              		.loc 1 492 1 is_stmt 1 view -0
 286              		.cfi_startproc
 287              		@ args = 0, pretend = 0, frame = 0
 288              		@ frame_needed = 0, uses_anonymous_args = 0
 289              		@ link register save eliminated.
 493:Src/usbd_composite.c **** 	
 494:Src/usbd_composite.c **** 	*length = (uint16_t)sizeof(USBD_CMPSIT_CfgDesc);
 290              		.loc 1 494 2 view .LVU68
 291              		.loc 1 494 10 is_stmt 0 view .LVU69
 292 0000 4723     		movs	r3, #71
 293 0002 0380     		strh	r3, [r0]	@ movhi
 495:Src/usbd_composite.c **** 	return USBD_CMPSIT_CfgDesc;
 294              		.loc 1 495 2 is_stmt 1 view .LVU70
 496:Src/usbd_composite.c **** }
 295              		.loc 1 496 1 is_stmt 0 view .LVU71
 296 0004 0048     		ldr	r0, .L28
 297              	.LVL20:
 298              		.loc 1 496 1 view .LVU72
 299 0006 7047     		bx	lr
ARM GAS  C:\Users\ADMINI~1\AppData\Local\Temp\cc15mNdg.s 			page 15


 300              	.L29:
 301              		.align	2
 302              	.L28:
 303 0008 00000000 		.word	.LANCHOR3
 304              		.cfi_endproc
 305              	.LFE146:
 307              		.section	.text.USBD_CMPSIT_GetHSCfgDesc,"ax",%progbits
 308              		.align	1
 309              		.syntax unified
 310              		.thumb
 311              		.thumb_func
 313              	USBD_CMPSIT_GetHSCfgDesc:
 314              	.LVL21:
 315              	.LFB147:
 497:Src/usbd_composite.c **** static uint8_t *USBD_CMPSIT_GetHSCfgDesc(uint16_t *length)
 498:Src/usbd_composite.c **** {
 316              		.loc 1 498 1 is_stmt 1 view -0
 317              		.cfi_startproc
 318              		@ args = 0, pretend = 0, frame = 0
 319              		@ frame_needed = 0, uses_anonymous_args = 0
 320              		@ link register save eliminated.
 499:Src/usbd_composite.c ****   *length = (uint16_t)sizeof(USBD_CMPSIT_CfgDesc);
 321              		.loc 1 499 3 view .LVU74
 322              		.loc 1 499 11 is_stmt 0 view .LVU75
 323 0000 4723     		movs	r3, #71
 324 0002 0380     		strh	r3, [r0]	@ movhi
 500:Src/usbd_composite.c **** 	return USBD_CMPSIT_CfgDesc;
 325              		.loc 1 500 2 is_stmt 1 view .LVU76
 501:Src/usbd_composite.c **** }
 326              		.loc 1 501 1 is_stmt 0 view .LVU77
 327 0004 0048     		ldr	r0, .L31
 328              	.LVL22:
 329              		.loc 1 501 1 view .LVU78
 330 0006 7047     		bx	lr
 331              	.L32:
 332              		.align	2
 333              	.L31:
 334 0008 00000000 		.word	.LANCHOR3
 335              		.cfi_endproc
 336              	.LFE147:
 338              		.section	.text.USBD_CMPSIT_GetOtherSpeedCfgDesc,"ax",%progbits
 339              		.align	1
 340              		.syntax unified
 341              		.thumb
 342              		.thumb_func
 344              	USBD_CMPSIT_GetOtherSpeedCfgDesc:
 345              	.LVL23:
 346              	.LFB148:
 502:Src/usbd_composite.c **** static uint8_t *USBD_CMPSIT_GetOtherSpeedCfgDesc(uint16_t *length)
 503:Src/usbd_composite.c **** {
 347              		.loc 1 503 1 is_stmt 1 view -0
 348              		.cfi_startproc
 349              		@ args = 0, pretend = 0, frame = 0
 350              		@ frame_needed = 0, uses_anonymous_args = 0
 351              		@ link register save eliminated.
 504:Src/usbd_composite.c ****   *length = (uint16_t)sizeof(USBD_CMPSIT_CfgDesc);
 352              		.loc 1 504 3 view .LVU80
ARM GAS  C:\Users\ADMINI~1\AppData\Local\Temp\cc15mNdg.s 			page 16


 353              		.loc 1 504 11 is_stmt 0 view .LVU81
 354 0000 4723     		movs	r3, #71
 355 0002 0380     		strh	r3, [r0]	@ movhi
 505:Src/usbd_composite.c ****   return USBD_CMPSIT_CfgDesc;
 356              		.loc 1 505 3 is_stmt 1 view .LVU82
 506:Src/usbd_composite.c **** }
 357              		.loc 1 506 1 is_stmt 0 view .LVU83
 358 0004 0048     		ldr	r0, .L34
 359              	.LVL24:
 360              		.loc 1 506 1 view .LVU84
 361 0006 7047     		bx	lr
 362              	.L35:
 363              		.align	2
 364              	.L34:
 365 0008 00000000 		.word	.LANCHOR3
 366              		.cfi_endproc
 367              	.LFE148:
 369              		.section	.text.USBD_CMPSIT_GetDeviceQualifierDescriptor,"ax",%progbits
 370              		.align	1
 371              		.global	USBD_CMPSIT_GetDeviceQualifierDescriptor
 372              		.syntax unified
 373              		.thumb
 374              		.thumb_func
 376              	USBD_CMPSIT_GetDeviceQualifierDescriptor:
 377              	.LVL25:
 378              	.LFB149:
 507:Src/usbd_composite.c **** uint8_t *USBD_CMPSIT_GetDeviceQualifierDescriptor(uint16_t *length)
 508:Src/usbd_composite.c **** {
 379              		.loc 1 508 1 is_stmt 1 view -0
 380              		.cfi_startproc
 381              		@ args = 0, pretend = 0, frame = 0
 382              		@ frame_needed = 0, uses_anonymous_args = 0
 383              		@ link register save eliminated.
 509:Src/usbd_composite.c ****   *length = (uint16_t)sizeof(USBD_CMPSIT_DeviceQualifierDesc);
 384              		.loc 1 509 3 view .LVU86
 385              		.loc 1 509 11 is_stmt 0 view .LVU87
 386 0000 0A23     		movs	r3, #10
 387 0002 0380     		strh	r3, [r0]	@ movhi
 510:Src/usbd_composite.c ****   return USBD_CMPSIT_DeviceQualifierDesc;
 388              		.loc 1 510 3 is_stmt 1 view .LVU88
 511:Src/usbd_composite.c **** }
 389              		.loc 1 511 1 is_stmt 0 view .LVU89
 390 0004 0048     		ldr	r0, .L37
 391              	.LVL26:
 392              		.loc 1 511 1 view .LVU90
 393 0006 7047     		bx	lr
 394              	.L38:
 395              		.align	2
 396              	.L37:
 397 0008 00000000 		.word	.LANCHOR4
 398              		.cfi_endproc
 399              	.LFE149:
 401              		.section	.rodata.USBD_CMPSIT_FS_ManufacturerStrDescriptor.str1.4,"aMS",%progbits,1
 402              		.align	2
 403              	.LC0:
 404 0000 77656E79 		.ascii	"wenyz@wolfGroup\000"
 404      7A40776F 
ARM GAS  C:\Users\ADMINI~1\AppData\Local\Temp\cc15mNdg.s 			page 17


 404      6C664772 
 404      6F757000 
 405              		.section	.text.USBD_CMPSIT_FS_ManufacturerStrDescriptor,"ax",%progbits
 406              		.align	1
 407              		.global	USBD_CMPSIT_FS_ManufacturerStrDescriptor
 408              		.syntax unified
 409              		.thumb
 410              		.thumb_func
 412              	USBD_CMPSIT_FS_ManufacturerStrDescriptor:
 413              	.LVL27:
 414              	.LFB136:
 149:Src/usbd_composite.c ****   UNUSED(speed);
 415              		.loc 1 149 1 is_stmt 1 view -0
 416              		.cfi_startproc
 417              		@ args = 0, pretend = 0, frame = 0
 418              		@ frame_needed = 0, uses_anonymous_args = 0
 149:Src/usbd_composite.c ****   UNUSED(speed);
 419              		.loc 1 149 1 is_stmt 0 view .LVU92
 420 0000 10B5     		push	{r4, lr}
 421              	.LCFI4:
 422              		.cfi_def_cfa_offset 8
 423              		.cfi_offset 4, -8
 424              		.cfi_offset 14, -4
 425 0002 0A46     		mov	r2, r1
 150:Src/usbd_composite.c ****   USBD_GetString((uint8_t *)USBD_CMPSIT_MANUFACTURER_STRING, USBD_CMPSIT_StrDesc, length);
 426              		.loc 1 150 3 is_stmt 1 view .LVU93
 151:Src/usbd_composite.c ****   return USBD_CMPSIT_StrDesc;
 427              		.loc 1 151 3 view .LVU94
 428 0004 034C     		ldr	r4, .L41
 429 0006 2146     		mov	r1, r4
 430              	.LVL28:
 151:Src/usbd_composite.c ****   return USBD_CMPSIT_StrDesc;
 431              		.loc 1 151 3 is_stmt 0 view .LVU95
 432 0008 0348     		ldr	r0, .L41+4
 433              	.LVL29:
 151:Src/usbd_composite.c ****   return USBD_CMPSIT_StrDesc;
 434              		.loc 1 151 3 view .LVU96
 435 000a FFF7FEFF 		bl	USBD_GetString
 436              	.LVL30:
 152:Src/usbd_composite.c **** }
 437              		.loc 1 152 3 is_stmt 1 view .LVU97
 153:Src/usbd_composite.c **** 
 438              		.loc 1 153 1 is_stmt 0 view .LVU98
 439 000e 2046     		mov	r0, r4
 440 0010 10BD     		pop	{r4, pc}
 441              	.L42:
 442 0012 00BF     		.align	2
 443              	.L41:
 444 0014 00000000 		.word	.LANCHOR5
 445 0018 00000000 		.word	.LC0
 446              		.cfi_endproc
 447              	.LFE136:
 449              		.section	.rodata.USBD_CMPSIT_FS_ProductStrDescriptor.str1.4,"aMS",%progbits,1
 450              		.align	2
 451              	.LC1:
 452 0000 53544D33 		.ascii	"STM32 composite product\000"
 452      3220636F 
ARM GAS  C:\Users\ADMINI~1\AppData\Local\Temp\cc15mNdg.s 			page 18


 452      6D706F73 
 452      69746520 
 452      70726F64 
 453              		.section	.text.USBD_CMPSIT_FS_ProductStrDescriptor,"ax",%progbits
 454              		.align	1
 455              		.global	USBD_CMPSIT_FS_ProductStrDescriptor
 456              		.syntax unified
 457              		.thumb
 458              		.thumb_func
 460              	USBD_CMPSIT_FS_ProductStrDescriptor:
 461              	.LVL31:
 462              	.LFB137:
 156:Src/usbd_composite.c ****   if(speed == 0)
 463              		.loc 1 156 1 is_stmt 1 view -0
 464              		.cfi_startproc
 465              		@ args = 0, pretend = 0, frame = 0
 466              		@ frame_needed = 0, uses_anonymous_args = 0
 156:Src/usbd_composite.c ****   if(speed == 0)
 467              		.loc 1 156 1 is_stmt 0 view .LVU100
 468 0000 08B5     		push	{r3, lr}
 469              	.LCFI5:
 470              		.cfi_def_cfa_offset 8
 471              		.cfi_offset 3, -8
 472              		.cfi_offset 14, -4
 473 0002 0A46     		mov	r2, r1
 157:Src/usbd_composite.c ****   {
 474              		.loc 1 157 3 is_stmt 1 view .LVU101
 157:Src/usbd_composite.c ****   {
 475              		.loc 1 157 5 is_stmt 0 view .LVU102
 476 0004 28B9     		cbnz	r0, .L44
 159:Src/usbd_composite.c ****   }
 477              		.loc 1 159 5 is_stmt 1 view .LVU103
 478 0006 0549     		ldr	r1, .L47
 479              	.LVL32:
 159:Src/usbd_composite.c ****   }
 480              		.loc 1 159 5 is_stmt 0 view .LVU104
 481 0008 0548     		ldr	r0, .L47+4
 482              	.LVL33:
 159:Src/usbd_composite.c ****   }
 483              		.loc 1 159 5 view .LVU105
 484 000a FFF7FEFF 		bl	USBD_GetString
 485              	.LVL34:
 486              	.L45:
 165:Src/usbd_composite.c **** }
 487              		.loc 1 165 3 is_stmt 1 view .LVU106
 166:Src/usbd_composite.c **** 
 488              		.loc 1 166 1 is_stmt 0 view .LVU107
 489 000e 0348     		ldr	r0, .L47
 490 0010 08BD     		pop	{r3, pc}
 491              	.LVL35:
 492              	.L44:
 163:Src/usbd_composite.c ****   }
 493              		.loc 1 163 5 is_stmt 1 view .LVU108
 494 0012 0249     		ldr	r1, .L47
 495              	.LVL36:
 163:Src/usbd_composite.c ****   }
 496              		.loc 1 163 5 is_stmt 0 view .LVU109
ARM GAS  C:\Users\ADMINI~1\AppData\Local\Temp\cc15mNdg.s 			page 19


 497 0014 0248     		ldr	r0, .L47+4
 498              	.LVL37:
 163:Src/usbd_composite.c ****   }
 499              		.loc 1 163 5 view .LVU110
 500 0016 FFF7FEFF 		bl	USBD_GetString
 501              	.LVL38:
 163:Src/usbd_composite.c ****   }
 502              		.loc 1 163 5 view .LVU111
 503 001a F8E7     		b	.L45
 504              	.L48:
 505              		.align	2
 506              	.L47:
 507 001c 00000000 		.word	.LANCHOR5
 508 0020 00000000 		.word	.LC1
 509              		.cfi_endproc
 510              	.LFE137:
 512              		.section	.rodata.USBD_CMPSIT_FS_InterfaceStrDescriptor.str1.4,"aMS",%progbits,1
 513              		.align	2
 514              	.LC2:
 515 0000 436F6D70 		.ascii	"Composite Interface\000"
 515      6F736974 
 515      6520496E 
 515      74657266 
 515      61636500 
 516              		.section	.text.USBD_CMPSIT_FS_InterfaceStrDescriptor,"ax",%progbits
 517              		.align	1
 518              		.global	USBD_CMPSIT_FS_InterfaceStrDescriptor
 519              		.syntax unified
 520              		.thumb
 521              		.thumb_func
 523              	USBD_CMPSIT_FS_InterfaceStrDescriptor:
 524              	.LVL39:
 525              	.LFB141:
 219:Src/usbd_composite.c ****   if(speed == 0)
 526              		.loc 1 219 1 is_stmt 1 view -0
 527              		.cfi_startproc
 528              		@ args = 0, pretend = 0, frame = 0
 529              		@ frame_needed = 0, uses_anonymous_args = 0
 219:Src/usbd_composite.c ****   if(speed == 0)
 530              		.loc 1 219 1 is_stmt 0 view .LVU113
 531 0000 08B5     		push	{r3, lr}
 532              	.LCFI6:
 533              		.cfi_def_cfa_offset 8
 534              		.cfi_offset 3, -8
 535              		.cfi_offset 14, -4
 536 0002 0A46     		mov	r2, r1
 220:Src/usbd_composite.c ****   {
 537              		.loc 1 220 3 is_stmt 1 view .LVU114
 220:Src/usbd_composite.c ****   {
 538              		.loc 1 220 5 is_stmt 0 view .LVU115
 539 0004 28B9     		cbnz	r0, .L50
 222:Src/usbd_composite.c ****   }
 540              		.loc 1 222 5 is_stmt 1 view .LVU116
 541 0006 0549     		ldr	r1, .L53
 542              	.LVL40:
 222:Src/usbd_composite.c ****   }
 543              		.loc 1 222 5 is_stmt 0 view .LVU117
ARM GAS  C:\Users\ADMINI~1\AppData\Local\Temp\cc15mNdg.s 			page 20


 544 0008 0548     		ldr	r0, .L53+4
 545              	.LVL41:
 222:Src/usbd_composite.c ****   }
 546              		.loc 1 222 5 view .LVU118
 547 000a FFF7FEFF 		bl	USBD_GetString
 548              	.LVL42:
 549              	.L51:
 228:Src/usbd_composite.c **** }
 550              		.loc 1 228 3 is_stmt 1 view .LVU119
 229:Src/usbd_composite.c **** 
 551              		.loc 1 229 1 is_stmt 0 view .LVU120
 552 000e 0348     		ldr	r0, .L53
 553 0010 08BD     		pop	{r3, pc}
 554              	.LVL43:
 555              	.L50:
 226:Src/usbd_composite.c ****   }
 556              		.loc 1 226 5 is_stmt 1 view .LVU121
 557 0012 0249     		ldr	r1, .L53
 558              	.LVL44:
 226:Src/usbd_composite.c ****   }
 559              		.loc 1 226 5 is_stmt 0 view .LVU122
 560 0014 0248     		ldr	r0, .L53+4
 561              	.LVL45:
 226:Src/usbd_composite.c ****   }
 562              		.loc 1 226 5 view .LVU123
 563 0016 FFF7FEFF 		bl	USBD_GetString
 564              	.LVL46:
 226:Src/usbd_composite.c ****   }
 565              		.loc 1 226 5 view .LVU124
 566 001a F8E7     		b	.L51
 567              	.L54:
 568              		.align	2
 569              	.L53:
 570 001c 00000000 		.word	.LANCHOR5
 571 0020 00000000 		.word	.LC2
 572              		.cfi_endproc
 573              	.LFE141:
 575              		.section	.rodata.USBD_CMPSIT_FS_ConfigStrDescriptor.str1.4,"aMS",%progbits,1
 576              		.align	2
 577              	.LC3:
 578 0000 436F6D70 		.ascii	"Composite Config\000"
 578      6F736974 
 578      6520436F 
 578      6E666967 
 578      00
 579              		.section	.text.USBD_CMPSIT_FS_ConfigStrDescriptor,"ax",%progbits
 580              		.align	1
 581              		.global	USBD_CMPSIT_FS_ConfigStrDescriptor
 582              		.syntax unified
 583              		.thumb
 584              		.thumb_func
 586              	USBD_CMPSIT_FS_ConfigStrDescriptor:
 587              	.LVL47:
 588              	.LFB142:
 233:Src/usbd_composite.c ****   if(speed == USBD_SPEED_HIGH)
 589              		.loc 1 233 1 is_stmt 1 view -0
 590              		.cfi_startproc
ARM GAS  C:\Users\ADMINI~1\AppData\Local\Temp\cc15mNdg.s 			page 21


 591              		@ args = 0, pretend = 0, frame = 0
 592              		@ frame_needed = 0, uses_anonymous_args = 0
 233:Src/usbd_composite.c ****   if(speed == USBD_SPEED_HIGH)
 593              		.loc 1 233 1 is_stmt 0 view .LVU126
 594 0000 08B5     		push	{r3, lr}
 595              	.LCFI7:
 596              		.cfi_def_cfa_offset 8
 597              		.cfi_offset 3, -8
 598              		.cfi_offset 14, -4
 599 0002 0A46     		mov	r2, r1
 234:Src/usbd_composite.c ****   {
 600              		.loc 1 234 3 is_stmt 1 view .LVU127
 234:Src/usbd_composite.c ****   {
 601              		.loc 1 234 5 is_stmt 0 view .LVU128
 602 0004 28B9     		cbnz	r0, .L56
 236:Src/usbd_composite.c ****   }
 603              		.loc 1 236 5 is_stmt 1 view .LVU129
 604 0006 0549     		ldr	r1, .L59
 605              	.LVL48:
 236:Src/usbd_composite.c ****   }
 606              		.loc 1 236 5 is_stmt 0 view .LVU130
 607 0008 0548     		ldr	r0, .L59+4
 608              	.LVL49:
 236:Src/usbd_composite.c ****   }
 609              		.loc 1 236 5 view .LVU131
 610 000a FFF7FEFF 		bl	USBD_GetString
 611              	.LVL50:
 612              	.L57:
 242:Src/usbd_composite.c **** }
 613              		.loc 1 242 3 is_stmt 1 view .LVU132
 243:Src/usbd_composite.c **** 
 614              		.loc 1 243 1 is_stmt 0 view .LVU133
 615 000e 0348     		ldr	r0, .L59
 616 0010 08BD     		pop	{r3, pc}
 617              	.LVL51:
 618              	.L56:
 240:Src/usbd_composite.c ****   }
 619              		.loc 1 240 5 is_stmt 1 view .LVU134
 620 0012 0249     		ldr	r1, .L59
 621              	.LVL52:
 240:Src/usbd_composite.c ****   }
 622              		.loc 1 240 5 is_stmt 0 view .LVU135
 623 0014 0248     		ldr	r0, .L59+4
 624              	.LVL53:
 240:Src/usbd_composite.c ****   }
 625              		.loc 1 240 5 view .LVU136
 626 0016 FFF7FEFF 		bl	USBD_GetString
 627              	.LVL54:
 240:Src/usbd_composite.c ****   }
 628              		.loc 1 240 5 view .LVU137
 629 001a F8E7     		b	.L57
 630              	.L60:
 631              		.align	2
 632              	.L59:
 633 001c 00000000 		.word	.LANCHOR5
 634 0020 00000000 		.word	.LC3
 635              		.cfi_endproc
ARM GAS  C:\Users\ADMINI~1\AppData\Local\Temp\cc15mNdg.s 			page 22


 636              	.LFE142:
 638              		.section	.text.USBD_CMPSIT_AddClass,"ax",%progbits
 639              		.align	1
 640              		.global	USBD_CMPSIT_AddClass
 641              		.syntax unified
 642              		.thumb
 643              		.thumb_func
 645              	USBD_CMPSIT_AddClass:
 646              	.LVL55:
 647              	.LFB143:
 402:Src/usbd_composite.c **** 	//printf("classId=%d  : %d\r\n",pdev->classId,classtype);
 648              		.loc 1 402 1 is_stmt 1 view -0
 649              		.cfi_startproc
 650              		@ args = 0, pretend = 0, frame = 0
 651              		@ frame_needed = 0, uses_anonymous_args = 0
 402:Src/usbd_composite.c **** 	//printf("classId=%d  : %d\r\n",pdev->classId,classtype);
 652              		.loc 1 402 1 is_stmt 0 view .LVU139
 653 0000 10B5     		push	{r4, lr}
 654              	.LCFI8:
 655              		.cfi_def_cfa_offset 8
 656              		.cfi_offset 4, -8
 657              		.cfi_offset 14, -4
 404:Src/usbd_composite.c **** 	{
 658              		.loc 1 404 2 is_stmt 1 view .LVU140
 659 0002 032A     		cmp	r2, #3
 660 0004 0BD0     		beq	.L62
 661 0006 0D2A     		cmp	r2, #13
 662 0008 33D0     		beq	.L63
 663              	.LVL56:
 664              	.L64:
 450:Src/usbd_composite.c **** 		
 665              		.loc 1 450 2 view .LVU141
 450:Src/usbd_composite.c **** 		
 666              		.loc 1 450 23 is_stmt 0 view .LVU142
 667 000a D0F8F832 		ldr	r3, [r0, #760]
 450:Src/usbd_composite.c **** 		
 668              		.loc 1 450 46 view .LVU143
 669 000e C3EBC303 		rsb	r3, r3, r3, lsl #3
 670 0012 00EBC300 		add	r0, r0, r3, lsl #3
 671              	.LVL57:
 450:Src/usbd_composite.c **** 		
 672              		.loc 1 450 46 view .LVU144
 673 0016 0023     		movs	r3, #0
 674 0018 C0F83433 		str	r3, [r0, #820]
 452:Src/usbd_composite.c **** void USBD_CMPST_ClearConfDesc(USBD_HandleTypeDef *pdev)
 675              		.loc 1 452 1 view .LVU145
 676 001c 10BD     		pop	{r4, pc}
 677              	.LVL58:
 678              	.L62:
 407:Src/usbd_composite.c **** 			
 679              		.loc 1 407 4 is_stmt 1 view .LVU146
 407:Src/usbd_composite.c **** 			
 680              		.loc 1 407 25 is_stmt 0 view .LVU147
 681 001e D0F8F822 		ldr	r2, [r0, #760]
 682              	.LVL59:
 407:Src/usbd_composite.c **** 			
 683              		.loc 1 407 46 view .LVU148
ARM GAS  C:\Users\ADMINI~1\AppData\Local\Temp\cc15mNdg.s 			page 23


 684 0022 C2EBC203 		rsb	r3, r2, r2, lsl #3
 685              	.LVL60:
 407:Src/usbd_composite.c **** 			
 686              		.loc 1 407 46 view .LVU149
 687 0026 00EBC303 		add	r3, r0, r3, lsl #3
 688 002a 0321     		movs	r1, #3
 689              	.LVL61:
 407:Src/usbd_composite.c **** 			
 690              		.loc 1 407 46 view .LVU150
 691 002c 83F80013 		strb	r1, [r3, #768]
 409:Src/usbd_composite.c **** 			pdev->tclasslist[pdev->classId].NumEps = 2;
 692              		.loc 1 409 4 is_stmt 1 view .LVU151
 409:Src/usbd_composite.c **** 			pdev->tclasslist[pdev->classId].NumEps = 2;
 693              		.loc 1 409 43 is_stmt 0 view .LVU152
 694 0030 0121     		movs	r1, #1
 695 0032 C3F80813 		str	r1, [r3, #776]
 410:Src/usbd_composite.c **** 			
 696              		.loc 1 410 4 is_stmt 1 view .LVU153
 410:Src/usbd_composite.c **** 			
 697              		.loc 1 410 43 is_stmt 0 view .LVU154
 698 0036 0224     		movs	r4, #2
 699 0038 C3F80C43 		str	r4, [r3, #780]
 412:Src/usbd_composite.c **** 			pdev->tclasslist[pdev->classId].Eps[1].type = USBD_EP_TYPE_BULK;
 700              		.loc 1 412 4 is_stmt 1 view .LVU155
 412:Src/usbd_composite.c **** 			pdev->tclasslist[pdev->classId].Eps[1].type = USBD_EP_TYPE_BULK;
 701              		.loc 1 412 47 is_stmt 0 view .LVU156
 702 003c 83F81413 		strb	r1, [r3, #788]
 413:Src/usbd_composite.c **** 			pdev->tclasslist[pdev->classId].Eps[1].size = MSC_MAX_FS_PACKET;
 703              		.loc 1 413 4 is_stmt 1 view .LVU157
 413:Src/usbd_composite.c **** 			pdev->tclasslist[pdev->classId].Eps[1].size = MSC_MAX_FS_PACKET;
 704              		.loc 1 413 48 is_stmt 0 view .LVU158
 705 0040 83F81543 		strb	r4, [r3, #789]
 414:Src/usbd_composite.c **** 			pdev->tclasslist[pdev->classId].Eps[1].is_used = 1U;
 706              		.loc 1 414 4 is_stmt 1 view .LVU159
 414:Src/usbd_composite.c **** 			pdev->tclasslist[pdev->classId].Eps[1].is_used = 1U;
 707              		.loc 1 414 48 is_stmt 0 view .LVU160
 708 0044 4FF0400C 		mov	ip, #64
 709 0048 83F816C3 		strb	ip, [r3, #790]
 415:Src/usbd_composite.c **** 			
 710              		.loc 1 415 4 is_stmt 1 view .LVU161
 415:Src/usbd_composite.c **** 			
 711              		.loc 1 415 51 is_stmt 0 view .LVU162
 712 004c 83F81713 		strb	r1, [r3, #791]
 417:Src/usbd_composite.c **** 			pdev->tclasslist[pdev->classId].Eps[0].type = USBD_EP_TYPE_BULK;
 713              		.loc 1 417 4 is_stmt 1 view .LVU163
 417:Src/usbd_composite.c **** 			pdev->tclasslist[pdev->classId].Eps[0].type = USBD_EP_TYPE_BULK;
 714              		.loc 1 417 47 is_stmt 0 view .LVU164
 715 0050 4FF0810E 		mov	lr, #129
 716 0054 83F810E3 		strb	lr, [r3, #784]
 418:Src/usbd_composite.c **** 			pdev->tclasslist[pdev->classId].Eps[0].size = MSC_MAX_FS_PACKET;
 717              		.loc 1 418 4 is_stmt 1 view .LVU165
 418:Src/usbd_composite.c **** 			pdev->tclasslist[pdev->classId].Eps[0].size = MSC_MAX_FS_PACKET;
 718              		.loc 1 418 48 is_stmt 0 view .LVU166
 719 0058 83F81143 		strb	r4, [r3, #785]
 419:Src/usbd_composite.c **** 			pdev->tclasslist[pdev->classId].Eps[0].is_used = 1U;
 720              		.loc 1 419 4 is_stmt 1 view .LVU167
 419:Src/usbd_composite.c **** 			pdev->tclasslist[pdev->classId].Eps[0].is_used = 1U;
ARM GAS  C:\Users\ADMINI~1\AppData\Local\Temp\cc15mNdg.s 			page 24


 721              		.loc 1 419 48 is_stmt 0 view .LVU168
 722 005c 83F812C3 		strb	ip, [r3, #786]
 420:Src/usbd_composite.c **** 
 723              		.loc 1 420 4 is_stmt 1 view .LVU169
 420:Src/usbd_composite.c **** 
 724              		.loc 1 420 51 is_stmt 0 view .LVU170
 725 0060 83F81313 		strb	r1, [r3, #787]
 422:Src/usbd_composite.c **** 			pdev->tclasslist[pdev->classId].Ifs[0] = 0;			
 726              		.loc 1 422 4 is_stmt 1 view .LVU171
 422:Src/usbd_composite.c **** 			pdev->tclasslist[pdev->classId].Ifs[0] = 0;			
 727              		.loc 1 422 42 is_stmt 0 view .LVU172
 728 0064 C3F82813 		str	r1, [r3, #808]
 423:Src/usbd_composite.c **** 			
 729              		.loc 1 423 4 is_stmt 1 view .LVU173
 423:Src/usbd_composite.c **** 			
 730              		.loc 1 423 43 is_stmt 0 view .LVU174
 731 0068 1A46     		mov	r2, r3
 732 006a 0023     		movs	r3, #0
 733 006c 82F82C33 		strb	r3, [r2, #812]
 425:Src/usbd_composite.c **** 
 734              		.loc 1 425 4 is_stmt 1 view .LVU175
 425:Src/usbd_composite.c **** 
 735              		.loc 1 425 3 is_stmt 0 view .LVU176
 736 0070 CBE7     		b	.L64
 737              	.LVL62:
 738              	.L63:
 428:Src/usbd_composite.c **** 			
 739              		.loc 1 428 4 is_stmt 1 view .LVU177
 428:Src/usbd_composite.c **** 			
 740              		.loc 1 428 25 is_stmt 0 view .LVU178
 741 0072 D0F8F822 		ldr	r2, [r0, #760]
 742              	.LVL63:
 428:Src/usbd_composite.c **** 			
 743              		.loc 1 428 46 view .LVU179
 744 0076 C2EBC203 		rsb	r3, r2, r2, lsl #3
 745              	.LVL64:
 428:Src/usbd_composite.c **** 			
 746              		.loc 1 428 46 view .LVU180
 747 007a 00EBC303 		add	r3, r0, r3, lsl #3
 748 007e 0D21     		movs	r1, #13
 749              	.LVL65:
 428:Src/usbd_composite.c **** 			
 750              		.loc 1 428 46 view .LVU181
 751 0080 83F80013 		strb	r1, [r3, #768]
 430:Src/usbd_composite.c **** 			pdev->tclasslist[pdev->classId].NumEps = 2;
 752              		.loc 1 430 4 is_stmt 1 view .LVU182
 430:Src/usbd_composite.c **** 			pdev->tclasslist[pdev->classId].NumEps = 2;
 753              		.loc 1 430 43 is_stmt 0 view .LVU183
 754 0084 0124     		movs	r4, #1
 755 0086 C3F80843 		str	r4, [r3, #776]
 431:Src/usbd_composite.c **** 			
 756              		.loc 1 431 4 is_stmt 1 view .LVU184
 431:Src/usbd_composite.c **** 			
 757              		.loc 1 431 43 is_stmt 0 view .LVU185
 758 008a 0221     		movs	r1, #2
 759 008c C3F80C13 		str	r1, [r3, #780]
 433:Src/usbd_composite.c **** 			pdev->tclasslist[pdev->classId].Eps[0].type = USBD_EP_TYPE_BULK;
ARM GAS  C:\Users\ADMINI~1\AppData\Local\Temp\cc15mNdg.s 			page 25


 760              		.loc 1 433 4 is_stmt 1 view .LVU186
 433:Src/usbd_composite.c **** 			pdev->tclasslist[pdev->classId].Eps[0].type = USBD_EP_TYPE_BULK;
 761              		.loc 1 433 47 is_stmt 0 view .LVU187
 762 0090 4FF0030C 		mov	ip, #3
 763 0094 83F810C3 		strb	ip, [r3, #784]
 434:Src/usbd_composite.c **** 			pdev->tclasslist[pdev->classId].Eps[0].size = WIN_DATA_FS_MAX_PACKET_SIZE;
 764              		.loc 1 434 4 is_stmt 1 view .LVU188
 434:Src/usbd_composite.c **** 			pdev->tclasslist[pdev->classId].Eps[0].size = WIN_DATA_FS_MAX_PACKET_SIZE;
 765              		.loc 1 434 48 is_stmt 0 view .LVU189
 766 0098 83F81113 		strb	r1, [r3, #785]
 435:Src/usbd_composite.c **** 			pdev->tclasslist[pdev->classId].Eps[0].is_used = 1U;
 767              		.loc 1 435 4 is_stmt 1 view .LVU190
 435:Src/usbd_composite.c **** 			pdev->tclasslist[pdev->classId].Eps[0].is_used = 1U;
 768              		.loc 1 435 48 is_stmt 0 view .LVU191
 769 009c 4FF0400C 		mov	ip, #64
 770 00a0 83F812C3 		strb	ip, [r3, #786]
 436:Src/usbd_composite.c **** 			
 771              		.loc 1 436 4 is_stmt 1 view .LVU192
 436:Src/usbd_composite.c **** 			
 772              		.loc 1 436 51 is_stmt 0 view .LVU193
 773 00a4 83F81343 		strb	r4, [r3, #787]
 438:Src/usbd_composite.c **** 			pdev->tclasslist[pdev->classId].Eps[1].type = USBD_EP_TYPE_BULK;
 774              		.loc 1 438 4 is_stmt 1 view .LVU194
 438:Src/usbd_composite.c **** 			pdev->tclasslist[pdev->classId].Eps[1].type = USBD_EP_TYPE_BULK;
 775              		.loc 1 438 47 is_stmt 0 view .LVU195
 776 00a8 4FF0830E 		mov	lr, #131
 777 00ac 83F814E3 		strb	lr, [r3, #788]
 439:Src/usbd_composite.c **** 			pdev->tclasslist[pdev->classId].Eps[1].size = WIN_DATA_FS_MAX_PACKET_SIZE;
 778              		.loc 1 439 4 is_stmt 1 view .LVU196
 439:Src/usbd_composite.c **** 			pdev->tclasslist[pdev->classId].Eps[1].size = WIN_DATA_FS_MAX_PACKET_SIZE;
 779              		.loc 1 439 48 is_stmt 0 view .LVU197
 780 00b0 83F81513 		strb	r1, [r3, #789]
 440:Src/usbd_composite.c **** 			pdev->tclasslist[pdev->classId].Eps[1].is_used = 1U;
 781              		.loc 1 440 4 is_stmt 1 view .LVU198
 440:Src/usbd_composite.c **** 			pdev->tclasslist[pdev->classId].Eps[1].is_used = 1U;
 782              		.loc 1 440 48 is_stmt 0 view .LVU199
 783 00b4 83F816C3 		strb	ip, [r3, #790]
 441:Src/usbd_composite.c **** 			
 784              		.loc 1 441 4 is_stmt 1 view .LVU200
 441:Src/usbd_composite.c **** 			
 785              		.loc 1 441 51 is_stmt 0 view .LVU201
 786 00b8 83F81743 		strb	r4, [r3, #791]
 444:Src/usbd_composite.c **** 			pdev->tclasslist[pdev->classId].Ifs[0] = 2;		
 787              		.loc 1 444 4 is_stmt 1 view .LVU202
 444:Src/usbd_composite.c **** 			pdev->tclasslist[pdev->classId].Ifs[0] = 2;		
 788              		.loc 1 444 42 is_stmt 0 view .LVU203
 789 00bc C3F82843 		str	r4, [r3, #808]
 445:Src/usbd_composite.c **** 			
 790              		.loc 1 445 4 is_stmt 1 view .LVU204
 445:Src/usbd_composite.c **** 			
 791              		.loc 1 445 43 is_stmt 0 view .LVU205
 792 00c0 83F82C13 		strb	r1, [r3, #812]
 447:Src/usbd_composite.c **** 		default:break;
 793              		.loc 1 447 4 is_stmt 1 view .LVU206
 447:Src/usbd_composite.c **** 		default:break;
 794              		.loc 1 447 3 is_stmt 0 view .LVU207
 795 00c4 A1E7     		b	.L64
ARM GAS  C:\Users\ADMINI~1\AppData\Local\Temp\cc15mNdg.s 			page 26


 796              		.cfi_endproc
 797              	.LFE143:
 799              		.section	.text.USBD_CMPST_ClearConfDesc,"ax",%progbits
 800              		.align	1
 801              		.global	USBD_CMPST_ClearConfDesc
 802              		.syntax unified
 803              		.thumb
 804              		.thumb_func
 806              	USBD_CMPST_ClearConfDesc:
 807              	.LVL66:
 808              	.LFB144:
 454:Src/usbd_composite.c **** }
 809              		.loc 1 454 1 is_stmt 1 view -0
 810              		.cfi_startproc
 811              		@ args = 0, pretend = 0, frame = 0
 812              		@ frame_needed = 0, uses_anonymous_args = 0
 813              		@ link register save eliminated.
 455:Src/usbd_composite.c **** 
 814              		.loc 1 455 1 view .LVU209
 815 0000 7047     		bx	lr
 816              		.cfi_endproc
 817              	.LFE144:
 819              		.section	.rodata.USBD_UsrStrDescriptor.str1.4,"aMS",%progbits,1
 820              		.align	2
 821              	.LC4:
 822 0000 4D534320 		.ascii	"MSC Interface\000"
 822      496E7465 
 822      72666163 
 822      6500
 823 000e 0000     		.align	2
 824              	.LC5:
 825 0010 456C6563 		.ascii	"Electronbot Native Interface\000"
 825      74726F6E 
 825      626F7420 
 825      4E617469 
 825      76652049 
 826              		.section	.text.USBD_UsrStrDescriptor,"ax",%progbits
 827              		.align	1
 828              		.global	USBD_UsrStrDescriptor
 829              		.syntax unified
 830              		.thumb
 831              		.thumb_func
 833              	USBD_UsrStrDescriptor:
 834              	.LVL67:
 835              	.LFB145:
 474:Src/usbd_composite.c ****   *length = 0;  
 836              		.loc 1 474 1 view -0
 837              		.cfi_startproc
 838              		@ args = 0, pretend = 0, frame = 0
 839              		@ frame_needed = 0, uses_anonymous_args = 0
 475:Src/usbd_composite.c ****   // printf("index=%d\r\n",index);
 840              		.loc 1 475 3 view .LVU211
 475:Src/usbd_composite.c ****   // printf("index=%d\r\n",index);
 841              		.loc 1 475 11 is_stmt 0 view .LVU212
 842 0000 0023     		movs	r3, #0
 843 0002 1380     		strh	r3, [r2]	@ movhi
 477:Src/usbd_composite.c ****     *length = sizeof (USBD_MS_OS_StringDescriptor);
ARM GAS  C:\Users\ADMINI~1\AppData\Local\Temp\cc15mNdg.s 			page 27


 844              		.loc 1 477 3 is_stmt 1 view .LVU213
 477:Src/usbd_composite.c ****     *length = sizeof (USBD_MS_OS_StringDescriptor);
 845              		.loc 1 477 6 is_stmt 0 view .LVU214
 846 0004 EE29     		cmp	r1, #238
 847 0006 06D0     		beq	.L75
 474:Src/usbd_composite.c ****   *length = 0;  
 848              		.loc 1 474 1 view .LVU215
 849 0008 10B5     		push	{r4, lr}
 850              	.LCFI9:
 851              		.cfi_def_cfa_offset 8
 852              		.cfi_offset 4, -8
 853              		.cfi_offset 14, -4
 480:Src/usbd_composite.c ****     USBD_GetString((uint8_t *)USBD_MSC_INTERFACE_STRING_FS, USBD_CMPSIT_StrDesc, length);
 854              		.loc 1 480 10 is_stmt 1 view .LVU216
 480:Src/usbd_composite.c ****     USBD_GetString((uint8_t *)USBD_MSC_INTERFACE_STRING_FS, USBD_CMPSIT_StrDesc, length);
 855              		.loc 1 480 13 is_stmt 0 view .LVU217
 856 000a 0629     		cmp	r1, #6
 857 000c 07D0     		beq	.L76
 484:Src/usbd_composite.c ****     USBD_GetString((uint8_t *)USBD_PRODUCT_XSTR(USBD_WIN_USB_INTERFACE_STRING_FS), USBD_CMPSIT_StrD
 858              		.loc 1 484 8 is_stmt 1 view .LVU218
 484:Src/usbd_composite.c ****     USBD_GetString((uint8_t *)USBD_PRODUCT_XSTR(USBD_WIN_USB_INTERFACE_STRING_FS), USBD_CMPSIT_StrD
 859              		.loc 1 484 11 is_stmt 0 view .LVU219
 860 000e 0729     		cmp	r1, #7
 861 0010 0CD0     		beq	.L77
 488:Src/usbd_composite.c **** }
 862              		.loc 1 488 10 view .LVU220
 863 0012 0020     		movs	r0, #0
 864              	.LVL68:
 865              	.L67:
 489:Src/usbd_composite.c **** 
 866              		.loc 1 489 1 view .LVU221
 867 0014 10BD     		pop	{r4, pc}
 868              	.LVL69:
 869              	.L75:
 870              	.LCFI10:
 871              		.cfi_def_cfa_offset 0
 872              		.cfi_restore 4
 873              		.cfi_restore 14
 478:Src/usbd_composite.c ****     return USBD_MS_OS_StringDescriptor;
 874              		.loc 1 478 5 is_stmt 1 view .LVU222
 478:Src/usbd_composite.c ****     return USBD_MS_OS_StringDescriptor;
 875              		.loc 1 478 13 is_stmt 0 view .LVU223
 876 0016 1223     		movs	r3, #18
 877 0018 1380     		strh	r3, [r2]	@ movhi
 479:Src/usbd_composite.c ****   } else if (USBD_IDX_MSC_INTF_STR == index) {
 878              		.loc 1 479 5 is_stmt 1 view .LVU224
 479:Src/usbd_composite.c ****   } else if (USBD_IDX_MSC_INTF_STR == index) {
 879              		.loc 1 479 12 is_stmt 0 view .LVU225
 880 001a 0848     		ldr	r0, .L78
 881              	.LVL70:
 489:Src/usbd_composite.c **** 
 882              		.loc 1 489 1 view .LVU226
 883 001c 7047     		bx	lr
 884              	.LVL71:
 885              	.L76:
 886              	.LCFI11:
 887              		.cfi_def_cfa_offset 8
ARM GAS  C:\Users\ADMINI~1\AppData\Local\Temp\cc15mNdg.s 			page 28


 888              		.cfi_offset 4, -8
 889              		.cfi_offset 14, -4
 481:Src/usbd_composite.c ****     return USBD_CMPSIT_StrDesc;
 890              		.loc 1 481 5 is_stmt 1 view .LVU227
 891 001e 084C     		ldr	r4, .L78+4
 892 0020 2146     		mov	r1, r4
 893              	.LVL72:
 481:Src/usbd_composite.c ****     return USBD_CMPSIT_StrDesc;
 894              		.loc 1 481 5 is_stmt 0 view .LVU228
 895 0022 0848     		ldr	r0, .L78+8
 896              	.LVL73:
 481:Src/usbd_composite.c ****     return USBD_CMPSIT_StrDesc;
 897              		.loc 1 481 5 view .LVU229
 898 0024 FFF7FEFF 		bl	USBD_GetString
 899              	.LVL74:
 482:Src/usbd_composite.c ****   }  
 900              		.loc 1 482 5 is_stmt 1 view .LVU230
 482:Src/usbd_composite.c ****   }  
 901              		.loc 1 482 12 is_stmt 0 view .LVU231
 902 0028 2046     		mov	r0, r4
 903 002a F3E7     		b	.L67
 904              	.LVL75:
 905              	.L77:
 485:Src/usbd_composite.c ****     return USBD_CMPSIT_StrDesc;
 906              		.loc 1 485 5 is_stmt 1 view .LVU232
 907 002c 044C     		ldr	r4, .L78+4
 908 002e 2146     		mov	r1, r4
 909              	.LVL76:
 485:Src/usbd_composite.c ****     return USBD_CMPSIT_StrDesc;
 910              		.loc 1 485 5 is_stmt 0 view .LVU233
 911 0030 0548     		ldr	r0, .L78+12
 912              	.LVL77:
 485:Src/usbd_composite.c ****     return USBD_CMPSIT_StrDesc;
 913              		.loc 1 485 5 view .LVU234
 914 0032 FFF7FEFF 		bl	USBD_GetString
 915              	.LVL78:
 486:Src/usbd_composite.c ****   }  
 916              		.loc 1 486 5 is_stmt 1 view .LVU235
 486:Src/usbd_composite.c ****   }  
 917              		.loc 1 486 12 is_stmt 0 view .LVU236
 918 0036 2046     		mov	r0, r4
 919 0038 ECE7     		b	.L67
 920              	.L79:
 921 003a 00BF     		.align	2
 922              	.L78:
 923 003c 00000000 		.word	.LANCHOR6
 924 0040 00000000 		.word	.LANCHOR5
 925 0044 00000000 		.word	.LC4
 926 0048 10000000 		.word	.LC5
 927              		.cfi_endproc
 928              	.LFE145:
 930              		.global	USBD_MS_OS_StringDescriptor
 931              		.global	USBD_CMPSIT
 932              		.global	USBD_CMPSIT_StringSerial
 933              		.global	USBD_CMPSIT_StrDesc
 934              		.global	USBD_CMPSIT_LangIDDesc
 935              		.global	USBD_CMPSIT_FS_DeviceDesc
ARM GAS  C:\Users\ADMINI~1\AppData\Local\Temp\cc15mNdg.s 			page 29


 936              		.global	usbCmpsitFS_Desc
 937              		.section	.bss.USBD_CMPSIT_StrDesc,"aw",%nobits
 938              		.align	2
 939              		.set	.LANCHOR5,. + 0
 942              	USBD_CMPSIT_StrDesc:
 943 0000 00000000 		.space	512
 943      00000000 
 943      00000000 
 943      00000000 
 943      00000000 
 944              		.section	.data.USBD_CMPSIT,"aw"
 945              		.align	2
 948              	USBD_CMPSIT:
 949 0000 00000000 		.word	0
 950 0004 00000000 		.word	0
 951 0008 00000000 		.word	0
 952 000c 00000000 		.word	0
 953 0010 00000000 		.word	0
 954 0014 00000000 		.word	0
 955 0018 00000000 		.word	0
 956 001c 00000000 		.word	0
 957 0020 00000000 		.word	0
 958 0024 00000000 		.word	0
 959 0028 00000000 		.word	USBD_CMPSIT_GetHSCfgDesc
 960 002c 00000000 		.word	USBD_CMPSIT_GetFSCfgDesc
 961 0030 00000000 		.word	USBD_CMPSIT_GetOtherSpeedCfgDesc
 962 0034 00000000 		.word	USBD_CMPSIT_GetDeviceQualifierDescriptor
 963 0038 00000000 		.space	4
 964              		.section	.data.USBD_CMPSIT_CfgDesc,"aw"
 965              		.align	2
 966              		.set	.LANCHOR3,. + 0
 969              	USBD_CMPSIT_CfgDesc:
 970 0000 09024700 		.ascii	"\011\002G\000\002\001\004\3002\010\013\000\001\010\006"
 970      020104C0 
 970      32080B00 
 970      010806
 971 000f 50060904 		.ascii	"P\006\011\004\000\000\002\010\006P\006\007\005\201\002"
 971      00000208 
 971      06500607 
 971      058102
 972 001e 40000007 		.ascii	"@\000\000\007\005\001\002@\000\000\010\013\001\001\000"
 972      05010240 
 972      0000080B 
 972      010100
 973 002d 00000709 		.ascii	"\000\000\007\011\004\001\000\002\000\001\000\007\007"
 973      04010002 
 973      00010007 
 973      07
 974 003a 05030240 		.ascii	"\005\003\002@\000\000\007\005\203\002@\000\000"
 974      00000705 
 974      83024000 
 974      00
 975              		.section	.data.USBD_CMPSIT_DeviceQualifierDesc,"aw"
 976              		.align	2
 977              		.set	.LANCHOR4,. + 0
 980              	USBD_CMPSIT_DeviceQualifierDesc:
 981 0000 0A060002 		.ascii	"\012\006\000\002\000\000\000@\001\000"
ARM GAS  C:\Users\ADMINI~1\AppData\Local\Temp\cc15mNdg.s 			page 30


 981      00000040 
 981      0100
 982              		.section	.data.USBD_CMPSIT_FS_DeviceDesc,"aw"
 983              		.align	2
 984              		.set	.LANCHOR0,. + 0
 987              	USBD_CMPSIT_FS_DeviceDesc:
 988 0000 12010002 		.ascii	"\022\001\000\002\357\002\001@\007\0227\015\000\002\001"
 988      EF020140 
 988      0712370D 
 988      000201
 989 000f 020301   		.ascii	"\002\003\001"
 990              		.section	.data.USBD_CMPSIT_LangIDDesc,"aw"
 991              		.align	2
 992              		.set	.LANCHOR1,. + 0
 995              	USBD_CMPSIT_LangIDDesc:
 996 0000 04030904 		.ascii	"\004\003\011\004"
 997              		.section	.data.USBD_CMPSIT_StringSerial,"aw"
 998              		.align	2
 999              		.set	.LANCHOR2,. + 0
 1002              	USBD_CMPSIT_StringSerial:
 1003 0000 1A0300   		.ascii	"\032\003\000"
 1004 0003 00000000 		.space	23
 1004      00000000 
 1004      00000000 
 1004      00000000 
 1004      00000000 
 1005              		.section	.data.USBD_MS_OS_StringDescriptor,"aw"
 1006              		.align	2
 1007              		.set	.LANCHOR6,. + 0
 1010              	USBD_MS_OS_StringDescriptor:
 1011 0000 12034D00 		.ascii	"\022\003M\000S\000F\000T\0001\0000\0000\000P\000"
 1011      53004600 
 1011      54003100 
 1011      30003000 
 1011      5000
 1012              		.section	.data.usbCmpsitFS_Desc,"aw"
 1013              		.align	2
 1016              	usbCmpsitFS_Desc:
 1017 0000 00000000 		.word	USBD_CMPSIT_FS_DeviceDescriptor
 1018 0004 00000000 		.word	USBD_CMPSIT_FS_LangIDStrDescriptor
 1019 0008 00000000 		.word	USBD_CMPSIT_FS_ManufacturerStrDescriptor
 1020 000c 00000000 		.word	USBD_CMPSIT_FS_ProductStrDescriptor
 1021 0010 00000000 		.word	USBD_CMPSIT_FS_SerialStrDescriptor
 1022 0014 00000000 		.word	USBD_CMPSIT_FS_ConfigStrDescriptor
 1023 0018 00000000 		.word	USBD_CMPSIT_FS_InterfaceStrDescriptor
 1024              		.text
 1025              	.Letext0:
 1026              		.file 2 "c:\\program files (x86)\\gnu arm embedded toolchain\\10 2021.10\\arm-none-eabi\\include\\
 1027              		.file 3 "c:\\program files (x86)\\gnu arm embedded toolchain\\10 2021.10\\arm-none-eabi\\include\\
 1028              		.file 4 "Middlewares/ST/STM32_USB_Device_Library/Core/Inc/usbd_def.h"
 1029              		.file 5 "Inc/usbd_composite.h"
 1030              		.file 6 "Middlewares/ST/STM32_USB_Device_Library/Core/Inc/usbd_ctlreq.h"
ARM GAS  C:\Users\ADMINI~1\AppData\Local\Temp\cc15mNdg.s 			page 31


DEFINED SYMBOLS
                            *ABS*:00000000 usbd_composite.c
C:\Users\ADMINI~1\AppData\Local\Temp\cc15mNdg.s:20     .text.USBD_CMPSIT_FS_DeviceDescriptor:00000000 $t
C:\Users\ADMINI~1\AppData\Local\Temp\cc15mNdg.s:26     .text.USBD_CMPSIT_FS_DeviceDescriptor:00000000 USBD_CMPSIT_FS_DeviceDescriptor
C:\Users\ADMINI~1\AppData\Local\Temp\cc15mNdg.s:49     .text.USBD_CMPSIT_FS_DeviceDescriptor:00000008 $d
C:\Users\ADMINI~1\AppData\Local\Temp\cc15mNdg.s:54     .text.USBD_CMPSIT_FS_LangIDStrDescriptor:00000000 $t
C:\Users\ADMINI~1\AppData\Local\Temp\cc15mNdg.s:60     .text.USBD_CMPSIT_FS_LangIDStrDescriptor:00000000 USBD_CMPSIT_FS_LangIDStrDescriptor
C:\Users\ADMINI~1\AppData\Local\Temp\cc15mNdg.s:82     .text.USBD_CMPSIT_FS_LangIDStrDescriptor:00000008 $d
C:\Users\ADMINI~1\AppData\Local\Temp\cc15mNdg.s:87     .text.IntToUnicode:00000000 $t
C:\Users\ADMINI~1\AppData\Local\Temp\cc15mNdg.s:92     .text.IntToUnicode:00000000 IntToUnicode
C:\Users\ADMINI~1\AppData\Local\Temp\cc15mNdg.s:170    .text.Get_CMPSIT_SerialNum:00000000 $t
C:\Users\ADMINI~1\AppData\Local\Temp\cc15mNdg.s:175    .text.Get_CMPSIT_SerialNum:00000000 Get_CMPSIT_SerialNum
C:\Users\ADMINI~1\AppData\Local\Temp\cc15mNdg.s:232    .text.Get_CMPSIT_SerialNum:00000030 $d
C:\Users\ADMINI~1\AppData\Local\Temp\cc15mNdg.s:238    .text.USBD_CMPSIT_FS_SerialStrDescriptor:00000000 $t
C:\Users\ADMINI~1\AppData\Local\Temp\cc15mNdg.s:244    .text.USBD_CMPSIT_FS_SerialStrDescriptor:00000000 USBD_CMPSIT_FS_SerialStrDescriptor
C:\Users\ADMINI~1\AppData\Local\Temp\cc15mNdg.s:272    .text.USBD_CMPSIT_FS_SerialStrDescriptor:00000010 $d
C:\Users\ADMINI~1\AppData\Local\Temp\cc15mNdg.s:277    .text.USBD_CMPSIT_GetFSCfgDesc:00000000 $t
C:\Users\ADMINI~1\AppData\Local\Temp\cc15mNdg.s:282    .text.USBD_CMPSIT_GetFSCfgDesc:00000000 USBD_CMPSIT_GetFSCfgDesc
C:\Users\ADMINI~1\AppData\Local\Temp\cc15mNdg.s:303    .text.USBD_CMPSIT_GetFSCfgDesc:00000008 $d
C:\Users\ADMINI~1\AppData\Local\Temp\cc15mNdg.s:308    .text.USBD_CMPSIT_GetHSCfgDesc:00000000 $t
C:\Users\ADMINI~1\AppData\Local\Temp\cc15mNdg.s:313    .text.USBD_CMPSIT_GetHSCfgDesc:00000000 USBD_CMPSIT_GetHSCfgDesc
C:\Users\ADMINI~1\AppData\Local\Temp\cc15mNdg.s:334    .text.USBD_CMPSIT_GetHSCfgDesc:00000008 $d
C:\Users\ADMINI~1\AppData\Local\Temp\cc15mNdg.s:339    .text.USBD_CMPSIT_GetOtherSpeedCfgDesc:00000000 $t
C:\Users\ADMINI~1\AppData\Local\Temp\cc15mNdg.s:344    .text.USBD_CMPSIT_GetOtherSpeedCfgDesc:00000000 USBD_CMPSIT_GetOtherSpeedCfgDesc
C:\Users\ADMINI~1\AppData\Local\Temp\cc15mNdg.s:365    .text.USBD_CMPSIT_GetOtherSpeedCfgDesc:00000008 $d
C:\Users\ADMINI~1\AppData\Local\Temp\cc15mNdg.s:370    .text.USBD_CMPSIT_GetDeviceQualifierDescriptor:00000000 $t
C:\Users\ADMINI~1\AppData\Local\Temp\cc15mNdg.s:376    .text.USBD_CMPSIT_GetDeviceQualifierDescriptor:00000000 USBD_CMPSIT_GetDeviceQualifierDescriptor
C:\Users\ADMINI~1\AppData\Local\Temp\cc15mNdg.s:397    .text.USBD_CMPSIT_GetDeviceQualifierDescriptor:00000008 $d
C:\Users\ADMINI~1\AppData\Local\Temp\cc15mNdg.s:402    .rodata.USBD_CMPSIT_FS_ManufacturerStrDescriptor.str1.4:00000000 $d
C:\Users\ADMINI~1\AppData\Local\Temp\cc15mNdg.s:406    .text.USBD_CMPSIT_FS_ManufacturerStrDescriptor:00000000 $t
C:\Users\ADMINI~1\AppData\Local\Temp\cc15mNdg.s:412    .text.USBD_CMPSIT_FS_ManufacturerStrDescriptor:00000000 USBD_CMPSIT_FS_ManufacturerStrDescriptor
C:\Users\ADMINI~1\AppData\Local\Temp\cc15mNdg.s:444    .text.USBD_CMPSIT_FS_ManufacturerStrDescriptor:00000014 $d
C:\Users\ADMINI~1\AppData\Local\Temp\cc15mNdg.s:450    .rodata.USBD_CMPSIT_FS_ProductStrDescriptor.str1.4:00000000 $d
C:\Users\ADMINI~1\AppData\Local\Temp\cc15mNdg.s:454    .text.USBD_CMPSIT_FS_ProductStrDescriptor:00000000 $t
C:\Users\ADMINI~1\AppData\Local\Temp\cc15mNdg.s:460    .text.USBD_CMPSIT_FS_ProductStrDescriptor:00000000 USBD_CMPSIT_FS_ProductStrDescriptor
C:\Users\ADMINI~1\AppData\Local\Temp\cc15mNdg.s:507    .text.USBD_CMPSIT_FS_ProductStrDescriptor:0000001c $d
C:\Users\ADMINI~1\AppData\Local\Temp\cc15mNdg.s:513    .rodata.USBD_CMPSIT_FS_InterfaceStrDescriptor.str1.4:00000000 $d
C:\Users\ADMINI~1\AppData\Local\Temp\cc15mNdg.s:517    .text.USBD_CMPSIT_FS_InterfaceStrDescriptor:00000000 $t
C:\Users\ADMINI~1\AppData\Local\Temp\cc15mNdg.s:523    .text.USBD_CMPSIT_FS_InterfaceStrDescriptor:00000000 USBD_CMPSIT_FS_InterfaceStrDescriptor
C:\Users\ADMINI~1\AppData\Local\Temp\cc15mNdg.s:570    .text.USBD_CMPSIT_FS_InterfaceStrDescriptor:0000001c $d
C:\Users\ADMINI~1\AppData\Local\Temp\cc15mNdg.s:576    .rodata.USBD_CMPSIT_FS_ConfigStrDescriptor.str1.4:00000000 $d
C:\Users\ADMINI~1\AppData\Local\Temp\cc15mNdg.s:580    .text.USBD_CMPSIT_FS_ConfigStrDescriptor:00000000 $t
C:\Users\ADMINI~1\AppData\Local\Temp\cc15mNdg.s:586    .text.USBD_CMPSIT_FS_ConfigStrDescriptor:00000000 USBD_CMPSIT_FS_ConfigStrDescriptor
C:\Users\ADMINI~1\AppData\Local\Temp\cc15mNdg.s:633    .text.USBD_CMPSIT_FS_ConfigStrDescriptor:0000001c $d
C:\Users\ADMINI~1\AppData\Local\Temp\cc15mNdg.s:639    .text.USBD_CMPSIT_AddClass:00000000 $t
C:\Users\ADMINI~1\AppData\Local\Temp\cc15mNdg.s:645    .text.USBD_CMPSIT_AddClass:00000000 USBD_CMPSIT_AddClass
C:\Users\ADMINI~1\AppData\Local\Temp\cc15mNdg.s:800    .text.USBD_CMPST_ClearConfDesc:00000000 $t
C:\Users\ADMINI~1\AppData\Local\Temp\cc15mNdg.s:806    .text.USBD_CMPST_ClearConfDesc:00000000 USBD_CMPST_ClearConfDesc
C:\Users\ADMINI~1\AppData\Local\Temp\cc15mNdg.s:820    .rodata.USBD_UsrStrDescriptor.str1.4:00000000 $d
C:\Users\ADMINI~1\AppData\Local\Temp\cc15mNdg.s:827    .text.USBD_UsrStrDescriptor:00000000 $t
C:\Users\ADMINI~1\AppData\Local\Temp\cc15mNdg.s:833    .text.USBD_UsrStrDescriptor:00000000 USBD_UsrStrDescriptor
C:\Users\ADMINI~1\AppData\Local\Temp\cc15mNdg.s:923    .text.USBD_UsrStrDescriptor:0000003c $d
C:\Users\ADMINI~1\AppData\Local\Temp\cc15mNdg.s:1010   .data.USBD_MS_OS_StringDescriptor:00000000 USBD_MS_OS_StringDescriptor
C:\Users\ADMINI~1\AppData\Local\Temp\cc15mNdg.s:948    .data.USBD_CMPSIT:00000000 USBD_CMPSIT
C:\Users\ADMINI~1\AppData\Local\Temp\cc15mNdg.s:1002   .data.USBD_CMPSIT_StringSerial:00000000 USBD_CMPSIT_StringSerial
C:\Users\ADMINI~1\AppData\Local\Temp\cc15mNdg.s:942    .bss.USBD_CMPSIT_StrDesc:00000000 USBD_CMPSIT_StrDesc
C:\Users\ADMINI~1\AppData\Local\Temp\cc15mNdg.s:995    .data.USBD_CMPSIT_LangIDDesc:00000000 USBD_CMPSIT_LangIDDesc
ARM GAS  C:\Users\ADMINI~1\AppData\Local\Temp\cc15mNdg.s 			page 32


C:\Users\ADMINI~1\AppData\Local\Temp\cc15mNdg.s:987    .data.USBD_CMPSIT_FS_DeviceDesc:00000000 USBD_CMPSIT_FS_DeviceDesc
C:\Users\ADMINI~1\AppData\Local\Temp\cc15mNdg.s:1016   .data.usbCmpsitFS_Desc:00000000 usbCmpsitFS_Desc
C:\Users\ADMINI~1\AppData\Local\Temp\cc15mNdg.s:938    .bss.USBD_CMPSIT_StrDesc:00000000 $d
C:\Users\ADMINI~1\AppData\Local\Temp\cc15mNdg.s:945    .data.USBD_CMPSIT:00000000 $d
C:\Users\ADMINI~1\AppData\Local\Temp\cc15mNdg.s:965    .data.USBD_CMPSIT_CfgDesc:00000000 $d
C:\Users\ADMINI~1\AppData\Local\Temp\cc15mNdg.s:969    .data.USBD_CMPSIT_CfgDesc:00000000 USBD_CMPSIT_CfgDesc
C:\Users\ADMINI~1\AppData\Local\Temp\cc15mNdg.s:976    .data.USBD_CMPSIT_DeviceQualifierDesc:00000000 $d
C:\Users\ADMINI~1\AppData\Local\Temp\cc15mNdg.s:980    .data.USBD_CMPSIT_DeviceQualifierDesc:00000000 USBD_CMPSIT_DeviceQualifierDesc
C:\Users\ADMINI~1\AppData\Local\Temp\cc15mNdg.s:983    .data.USBD_CMPSIT_FS_DeviceDesc:00000000 $d
C:\Users\ADMINI~1\AppData\Local\Temp\cc15mNdg.s:991    .data.USBD_CMPSIT_LangIDDesc:00000000 $d
C:\Users\ADMINI~1\AppData\Local\Temp\cc15mNdg.s:998    .data.USBD_CMPSIT_StringSerial:00000000 $d
C:\Users\ADMINI~1\AppData\Local\Temp\cc15mNdg.s:1006   .data.USBD_MS_OS_StringDescriptor:00000000 $d
C:\Users\ADMINI~1\AppData\Local\Temp\cc15mNdg.s:1013   .data.usbCmpsitFS_Desc:00000000 $d

UNDEFINED SYMBOLS
USBD_GetString
