ARM GAS  C:\Users\ADMINI~1\AppData\Local\Temp\ccDxr3B8.s 			page 1


   1              		.cpu cortex-m4
   2              		.arch armv7e-m
   3              		.fpu fpv4-sp-d16
   4              		.eabi_attribute 27, 1
   5              		.eabi_attribute 28, 1
   6              		.eabi_attribute 20, 1
   7              		.eabi_attribute 21, 1
   8              		.eabi_attribute 23, 3
   9              		.eabi_attribute 24, 1
  10              		.eabi_attribute 25, 1
  11              		.eabi_attribute 26, 1
  12              		.eabi_attribute 30, 1
  13              		.eabi_attribute 34, 1
  14              		.eabi_attribute 18, 4
  15              		.file	"usbd_storage_if.c"
  16              		.text
  17              	.Ltext0:
  18              		.cfi_sections	.debug_frame
  19              		.section	.text.STORAGE_Init_HS,"ax",%progbits
  20              		.align	1
  21              		.syntax unified
  22              		.thumb
  23              		.thumb_func
  25              	STORAGE_Init_HS:
  26              	.LVL0:
  27              	.LFB134:
  28              		.file 1 "Src/usbd_storage_if.c"
   1:Src/usbd_storage_if.c **** /* USER CODE BEGIN Header */
   2:Src/usbd_storage_if.c **** /**
   3:Src/usbd_storage_if.c ****   ******************************************************************************
   4:Src/usbd_storage_if.c ****   * @file           : usbd_storage_if.c
   5:Src/usbd_storage_if.c ****   * @version        : v1.0_Cube
   6:Src/usbd_storage_if.c ****   * @brief          : Memory management layer.
   7:Src/usbd_storage_if.c ****   ******************************************************************************
   8:Src/usbd_storage_if.c ****   * @attention
   9:Src/usbd_storage_if.c ****   *
  10:Src/usbd_storage_if.c ****   * Copyright (c) 2022 STMicroelectronics.
  11:Src/usbd_storage_if.c ****   * All rights reserved.
  12:Src/usbd_storage_if.c ****   *
  13:Src/usbd_storage_if.c ****   * This software is licensed under terms that can be found in the LICENSE file
  14:Src/usbd_storage_if.c ****   * in the root directory of this software component.
  15:Src/usbd_storage_if.c ****   * If no LICENSE file comes with this software, it is provided AS-IS.
  16:Src/usbd_storage_if.c ****   *
  17:Src/usbd_storage_if.c ****   ******************************************************************************
  18:Src/usbd_storage_if.c ****   */
  19:Src/usbd_storage_if.c **** /* USER CODE END Header */
  20:Src/usbd_storage_if.c **** 
  21:Src/usbd_storage_if.c **** /* Includes ------------------------------------------------------------------*/
  22:Src/usbd_storage_if.c **** #include "usbd_storage_if.h"
  23:Src/usbd_storage_if.c **** 
  24:Src/usbd_storage_if.c **** /* USER CODE BEGIN INCLUDE */
  25:Src/usbd_storage_if.c **** #include "w25q32.h"
  26:Src/usbd_storage_if.c **** /* USER CODE END INCLUDE */
  27:Src/usbd_storage_if.c **** 
  28:Src/usbd_storage_if.c **** /* Private typedef -----------------------------------------------------------*/
  29:Src/usbd_storage_if.c **** /* Private define ------------------------------------------------------------*/
  30:Src/usbd_storage_if.c **** /* Private macro -------------------------------------------------------------*/
ARM GAS  C:\Users\ADMINI~1\AppData\Local\Temp\ccDxr3B8.s 			page 2


  31:Src/usbd_storage_if.c **** 
  32:Src/usbd_storage_if.c **** /* USER CODE BEGIN PV */
  33:Src/usbd_storage_if.c **** /* Private variables ---------------------------------------------------------*/
  34:Src/usbd_storage_if.c **** 
  35:Src/usbd_storage_if.c **** /* USER CODE END PV */
  36:Src/usbd_storage_if.c **** 
  37:Src/usbd_storage_if.c **** /** @addtogroup STM32_USB_OTG_DEVICE_LIBRARY
  38:Src/usbd_storage_if.c ****   * @brief Usb device.
  39:Src/usbd_storage_if.c ****   * @{
  40:Src/usbd_storage_if.c ****   */
  41:Src/usbd_storage_if.c **** 
  42:Src/usbd_storage_if.c **** /** @defgroup USBD_STORAGE
  43:Src/usbd_storage_if.c ****   * @brief Usb mass storage device module
  44:Src/usbd_storage_if.c ****   * @{
  45:Src/usbd_storage_if.c ****   */
  46:Src/usbd_storage_if.c **** 
  47:Src/usbd_storage_if.c **** /** @defgroup USBD_STORAGE_Private_TypesDefinitions
  48:Src/usbd_storage_if.c ****   * @brief Private types.
  49:Src/usbd_storage_if.c ****   * @{
  50:Src/usbd_storage_if.c ****   */
  51:Src/usbd_storage_if.c **** 
  52:Src/usbd_storage_if.c **** /* USER CODE BEGIN PRIVATE_TYPES */
  53:Src/usbd_storage_if.c **** 
  54:Src/usbd_storage_if.c **** /* USER CODE END PRIVATE_TYPES */
  55:Src/usbd_storage_if.c **** 
  56:Src/usbd_storage_if.c **** /**
  57:Src/usbd_storage_if.c ****   * @}
  58:Src/usbd_storage_if.c ****   */
  59:Src/usbd_storage_if.c **** 
  60:Src/usbd_storage_if.c **** /** @defgroup USBD_STORAGE_Private_Defines
  61:Src/usbd_storage_if.c ****   * @brief Private defines.
  62:Src/usbd_storage_if.c ****   * @{
  63:Src/usbd_storage_if.c ****   */
  64:Src/usbd_storage_if.c **** 
  65:Src/usbd_storage_if.c **** #define STORAGE_LUN_NBR                  1
  66:Src/usbd_storage_if.c **** #define STORAGE_BLK_NBR                  1024
  67:Src/usbd_storage_if.c **** #define STORAGE_BLK_SIZ                  4096
  68:Src/usbd_storage_if.c **** 
  69:Src/usbd_storage_if.c **** /* USER CODE BEGIN PRIVATE_DEFINES */
  70:Src/usbd_storage_if.c **** 
  71:Src/usbd_storage_if.c **** /* USER CODE END PRIVATE_DEFINES */
  72:Src/usbd_storage_if.c **** 
  73:Src/usbd_storage_if.c **** /**
  74:Src/usbd_storage_if.c ****   * @}
  75:Src/usbd_storage_if.c ****   */
  76:Src/usbd_storage_if.c **** 
  77:Src/usbd_storage_if.c **** /** @defgroup USBD_STORAGE_Private_Macros
  78:Src/usbd_storage_if.c ****   * @brief Private macros.
  79:Src/usbd_storage_if.c ****   * @{
  80:Src/usbd_storage_if.c ****   */
  81:Src/usbd_storage_if.c **** 
  82:Src/usbd_storage_if.c **** /* USER CODE BEGIN PRIVATE_MACRO */
  83:Src/usbd_storage_if.c **** 
  84:Src/usbd_storage_if.c **** /* USER CODE END PRIVATE_MACRO */
  85:Src/usbd_storage_if.c **** 
  86:Src/usbd_storage_if.c **** /**
  87:Src/usbd_storage_if.c ****   * @}
ARM GAS  C:\Users\ADMINI~1\AppData\Local\Temp\ccDxr3B8.s 			page 3


  88:Src/usbd_storage_if.c ****   */
  89:Src/usbd_storage_if.c **** 
  90:Src/usbd_storage_if.c **** /** @defgroup USBD_STORAGE_Private_Variables
  91:Src/usbd_storage_if.c ****   * @brief Private variables.
  92:Src/usbd_storage_if.c ****   * @{
  93:Src/usbd_storage_if.c ****   */
  94:Src/usbd_storage_if.c **** 
  95:Src/usbd_storage_if.c **** /* USER CODE BEGIN INQUIRY_DATA_HS */
  96:Src/usbd_storage_if.c **** /** USB Mass storage Standard Inquiry Data. */
  97:Src/usbd_storage_if.c **** const int8_t STORAGE_Inquirydata_HS[] = {/* 36 */
  98:Src/usbd_storage_if.c **** 
  99:Src/usbd_storage_if.c ****   /* LUN 0 */
 100:Src/usbd_storage_if.c ****   0x00,
 101:Src/usbd_storage_if.c ****   0x80,
 102:Src/usbd_storage_if.c ****   0x02,
 103:Src/usbd_storage_if.c ****   0x02,
 104:Src/usbd_storage_if.c ****   (STANDARD_INQUIRY_DATA_LEN - 5),
 105:Src/usbd_storage_if.c ****   0x00,
 106:Src/usbd_storage_if.c ****   0x00,
 107:Src/usbd_storage_if.c ****   0x00,
 108:Src/usbd_storage_if.c ****   'W', 'e', 'n', 'y', 'z', '\'', 's', ' ', /* Manufacturer : 8 bytes */
 109:Src/usbd_storage_if.c ****   'P', 'r', 'o', 'd', 'u', 'c', 't', ' ', /* Product      : 16 Bytes */
 110:Src/usbd_storage_if.c ****   ' ', ' ', ' ', ' ', ' ', ' ', ' ', ' ',
 111:Src/usbd_storage_if.c ****   '0', '.', '0' ,'1'                      /* Version      : 4 Bytes */
 112:Src/usbd_storage_if.c **** };
 113:Src/usbd_storage_if.c **** /* USER CODE END INQUIRY_DATA_HS */
 114:Src/usbd_storage_if.c **** 
 115:Src/usbd_storage_if.c **** /* USER CODE BEGIN PRIVATE_VARIABLES */
 116:Src/usbd_storage_if.c **** 
 117:Src/usbd_storage_if.c **** /* USER CODE END PRIVATE_VARIABLES */
 118:Src/usbd_storage_if.c **** 
 119:Src/usbd_storage_if.c **** /**
 120:Src/usbd_storage_if.c ****   * @}
 121:Src/usbd_storage_if.c ****   */
 122:Src/usbd_storage_if.c **** 
 123:Src/usbd_storage_if.c **** /** @defgroup USBD_STORAGE_Exported_Variables
 124:Src/usbd_storage_if.c ****   * @brief Public variables.
 125:Src/usbd_storage_if.c ****   * @{
 126:Src/usbd_storage_if.c ****   */
 127:Src/usbd_storage_if.c **** 
 128:Src/usbd_storage_if.c **** extern USBD_HandleTypeDef hUsbDeviceHS;
 129:Src/usbd_storage_if.c **** 
 130:Src/usbd_storage_if.c **** /* USER CODE BEGIN EXPORTED_VARIABLES */
 131:Src/usbd_storage_if.c **** 
 132:Src/usbd_storage_if.c **** /* USER CODE END EXPORTED_VARIABLES */
 133:Src/usbd_storage_if.c **** 
 134:Src/usbd_storage_if.c **** /**
 135:Src/usbd_storage_if.c ****   * @}
 136:Src/usbd_storage_if.c ****   */
 137:Src/usbd_storage_if.c **** 
 138:Src/usbd_storage_if.c **** /** @defgroup USBD_STORAGE_Private_FunctionPrototypes
 139:Src/usbd_storage_if.c ****   * @brief Private functions declaration.
 140:Src/usbd_storage_if.c ****   * @{
 141:Src/usbd_storage_if.c ****   */
 142:Src/usbd_storage_if.c **** 
 143:Src/usbd_storage_if.c **** static int8_t STORAGE_Init_HS(uint8_t lun);
 144:Src/usbd_storage_if.c **** static int8_t STORAGE_GetCapacity_HS(uint8_t lun, uint32_t *block_num, uint16_t *block_size);
ARM GAS  C:\Users\ADMINI~1\AppData\Local\Temp\ccDxr3B8.s 			page 4


 145:Src/usbd_storage_if.c **** static int8_t STORAGE_IsReady_HS(uint8_t lun);
 146:Src/usbd_storage_if.c **** static int8_t STORAGE_IsWriteProtected_HS(uint8_t lun);
 147:Src/usbd_storage_if.c **** static int8_t STORAGE_Read_HS(uint8_t lun, uint8_t *buf, uint32_t blk_addr, uint16_t blk_len);
 148:Src/usbd_storage_if.c **** static int8_t STORAGE_Write_HS(uint8_t lun, uint8_t *buf, uint32_t blk_addr, uint16_t blk_len);
 149:Src/usbd_storage_if.c **** static int8_t STORAGE_GetMaxLun_HS(void);
 150:Src/usbd_storage_if.c **** 
 151:Src/usbd_storage_if.c **** /* USER CODE BEGIN PRIVATE_FUNCTIONS_DECLARATION */
 152:Src/usbd_storage_if.c **** 
 153:Src/usbd_storage_if.c **** /* USER CODE END PRIVATE_FUNCTIONS_DECLARATION */
 154:Src/usbd_storage_if.c **** 
 155:Src/usbd_storage_if.c **** /**
 156:Src/usbd_storage_if.c ****   * @}
 157:Src/usbd_storage_if.c ****   */
 158:Src/usbd_storage_if.c **** 
 159:Src/usbd_storage_if.c **** USBD_StorageTypeDef USBD_Storage_Interface_fops_HS =
 160:Src/usbd_storage_if.c **** {
 161:Src/usbd_storage_if.c ****   STORAGE_Init_HS,
 162:Src/usbd_storage_if.c ****   STORAGE_GetCapacity_HS,
 163:Src/usbd_storage_if.c ****   STORAGE_IsReady_HS,
 164:Src/usbd_storage_if.c ****   STORAGE_IsWriteProtected_HS,
 165:Src/usbd_storage_if.c ****   STORAGE_Read_HS,
 166:Src/usbd_storage_if.c ****   STORAGE_Write_HS,
 167:Src/usbd_storage_if.c ****   STORAGE_GetMaxLun_HS,
 168:Src/usbd_storage_if.c ****   (int8_t *)STORAGE_Inquirydata_HS
 169:Src/usbd_storage_if.c **** };
 170:Src/usbd_storage_if.c **** 
 171:Src/usbd_storage_if.c **** /* Private functions ---------------------------------------------------------*/
 172:Src/usbd_storage_if.c **** 
 173:Src/usbd_storage_if.c **** /**
 174:Src/usbd_storage_if.c ****   * @brief  Initializes the storage unit (medium).
 175:Src/usbd_storage_if.c ****   * @param  lun: Logical unit number.
 176:Src/usbd_storage_if.c ****   * @retval USBD_OK if all operations are OK else USBD_FAIL
 177:Src/usbd_storage_if.c ****   */
 178:Src/usbd_storage_if.c **** int8_t STORAGE_Init_HS(uint8_t lun)
 179:Src/usbd_storage_if.c **** {
  29              		.loc 1 179 1 view -0
  30              		.cfi_startproc
  31              		@ args = 0, pretend = 0, frame = 0
  32              		@ frame_needed = 0, uses_anonymous_args = 0
  33              		@ link register save eliminated.
 180:Src/usbd_storage_if.c ****   /* USER CODE BEGIN 9 */
 181:Src/usbd_storage_if.c ****   UNUSED(lun);
  34              		.loc 1 181 3 view .LVU1
 182:Src/usbd_storage_if.c **** 
 183:Src/usbd_storage_if.c ****   return (USBD_OK);
  35              		.loc 1 183 3 view .LVU2
 184:Src/usbd_storage_if.c ****   /* USER CODE END 9 */
 185:Src/usbd_storage_if.c **** }
  36              		.loc 1 185 1 is_stmt 0 view .LVU3
  37 0000 0020     		movs	r0, #0
  38              	.LVL1:
  39              		.loc 1 185 1 view .LVU4
  40 0002 7047     		bx	lr
  41              		.cfi_endproc
  42              	.LFE134:
  44              		.section	.text.STORAGE_GetCapacity_HS,"ax",%progbits
  45              		.align	1
ARM GAS  C:\Users\ADMINI~1\AppData\Local\Temp\ccDxr3B8.s 			page 5


  46              		.syntax unified
  47              		.thumb
  48              		.thumb_func
  50              	STORAGE_GetCapacity_HS:
  51              	.LVL2:
  52              	.LFB135:
 186:Src/usbd_storage_if.c **** 
 187:Src/usbd_storage_if.c **** /**
 188:Src/usbd_storage_if.c ****   * @brief  Returns the medium capacity.
 189:Src/usbd_storage_if.c ****   * @param  lun: Logical unit number.
 190:Src/usbd_storage_if.c ****   * @param  block_num: Number of total block number.
 191:Src/usbd_storage_if.c ****   * @param  block_size: Block size.
 192:Src/usbd_storage_if.c ****   * @retval USBD_OK if all operations are OK else USBD_FAIL
 193:Src/usbd_storage_if.c ****   */
 194:Src/usbd_storage_if.c **** int8_t STORAGE_GetCapacity_HS(uint8_t lun, uint32_t *block_num, uint16_t *block_size)
 195:Src/usbd_storage_if.c **** {
  53              		.loc 1 195 1 is_stmt 1 view -0
  54              		.cfi_startproc
  55              		@ args = 0, pretend = 0, frame = 0
  56              		@ frame_needed = 0, uses_anonymous_args = 0
  57              		@ link register save eliminated.
 196:Src/usbd_storage_if.c ****   /* USER CODE BEGIN 10 */
 197:Src/usbd_storage_if.c ****   UNUSED(lun);
  58              		.loc 1 197 3 view .LVU6
 198:Src/usbd_storage_if.c **** 
 199:Src/usbd_storage_if.c ****   *block_num  = STORAGE_BLK_NBR;
  59              		.loc 1 199 3 view .LVU7
  60              		.loc 1 199 15 is_stmt 0 view .LVU8
  61 0000 4FF48063 		mov	r3, #1024
  62 0004 0B60     		str	r3, [r1]
 200:Src/usbd_storage_if.c ****   *block_size = STORAGE_BLK_SIZ;
  63              		.loc 1 200 3 is_stmt 1 view .LVU9
  64              		.loc 1 200 15 is_stmt 0 view .LVU10
  65 0006 4FF48053 		mov	r3, #4096
  66 000a 1380     		strh	r3, [r2]	@ movhi
 201:Src/usbd_storage_if.c ****   return (USBD_OK);
  67              		.loc 1 201 3 is_stmt 1 view .LVU11
 202:Src/usbd_storage_if.c ****   /* USER CODE END 10 */
 203:Src/usbd_storage_if.c **** }
  68              		.loc 1 203 1 is_stmt 0 view .LVU12
  69 000c 0020     		movs	r0, #0
  70              	.LVL3:
  71              		.loc 1 203 1 view .LVU13
  72 000e 7047     		bx	lr
  73              		.cfi_endproc
  74              	.LFE135:
  76              		.section	.text.STORAGE_IsReady_HS,"ax",%progbits
  77              		.align	1
  78              		.syntax unified
  79              		.thumb
  80              		.thumb_func
  82              	STORAGE_IsReady_HS:
  83              	.LVL4:
  84              	.LFB136:
 204:Src/usbd_storage_if.c **** 
 205:Src/usbd_storage_if.c **** /**
 206:Src/usbd_storage_if.c ****   * @brief   Checks whether the medium is ready.
ARM GAS  C:\Users\ADMINI~1\AppData\Local\Temp\ccDxr3B8.s 			page 6


 207:Src/usbd_storage_if.c ****   * @param  lun:  Logical unit number.
 208:Src/usbd_storage_if.c ****   * @retval USBD_OK if all operations are OK else USBD_FAIL
 209:Src/usbd_storage_if.c ****   */
 210:Src/usbd_storage_if.c **** int8_t STORAGE_IsReady_HS(uint8_t lun)
 211:Src/usbd_storage_if.c **** {
  85              		.loc 1 211 1 is_stmt 1 view -0
  86              		.cfi_startproc
  87              		@ args = 0, pretend = 0, frame = 0
  88              		@ frame_needed = 0, uses_anonymous_args = 0
  89              		@ link register save eliminated.
 212:Src/usbd_storage_if.c ****   /* USER CODE BEGIN 11 */
 213:Src/usbd_storage_if.c ****   UNUSED(lun);
  90              		.loc 1 213 3 view .LVU15
 214:Src/usbd_storage_if.c **** 
 215:Src/usbd_storage_if.c ****   return (USBD_OK);
  91              		.loc 1 215 3 view .LVU16
 216:Src/usbd_storage_if.c ****   /* USER CODE END 11 */
 217:Src/usbd_storage_if.c **** }
  92              		.loc 1 217 1 is_stmt 0 view .LVU17
  93 0000 0020     		movs	r0, #0
  94              	.LVL5:
  95              		.loc 1 217 1 view .LVU18
  96 0002 7047     		bx	lr
  97              		.cfi_endproc
  98              	.LFE136:
 100              		.section	.text.STORAGE_IsWriteProtected_HS,"ax",%progbits
 101              		.align	1
 102              		.syntax unified
 103              		.thumb
 104              		.thumb_func
 106              	STORAGE_IsWriteProtected_HS:
 107              	.LVL6:
 108              	.LFB137:
 218:Src/usbd_storage_if.c **** 
 219:Src/usbd_storage_if.c **** /**
 220:Src/usbd_storage_if.c ****   * @brief  Checks whether the medium is write protected.
 221:Src/usbd_storage_if.c ****   * @param  lun: Logical unit number.
 222:Src/usbd_storage_if.c ****   * @retval USBD_OK if all operations are OK else USBD_FAIL
 223:Src/usbd_storage_if.c ****   */
 224:Src/usbd_storage_if.c **** int8_t STORAGE_IsWriteProtected_HS(uint8_t lun)
 225:Src/usbd_storage_if.c **** {
 109              		.loc 1 225 1 is_stmt 1 view -0
 110              		.cfi_startproc
 111              		@ args = 0, pretend = 0, frame = 0
 112              		@ frame_needed = 0, uses_anonymous_args = 0
 113              		@ link register save eliminated.
 226:Src/usbd_storage_if.c ****   /* USER CODE BEGIN 12 */
 227:Src/usbd_storage_if.c ****   return (USBD_OK);
 114              		.loc 1 227 3 view .LVU20
 228:Src/usbd_storage_if.c ****   /* USER CODE END 12 */
 229:Src/usbd_storage_if.c **** }
 115              		.loc 1 229 1 is_stmt 0 view .LVU21
 116 0000 0020     		movs	r0, #0
 117              	.LVL7:
 118              		.loc 1 229 1 view .LVU22
 119 0002 7047     		bx	lr
 120              		.cfi_endproc
ARM GAS  C:\Users\ADMINI~1\AppData\Local\Temp\ccDxr3B8.s 			page 7


 121              	.LFE137:
 123              		.section	.text.STORAGE_Write_HS,"ax",%progbits
 124              		.align	1
 125              		.syntax unified
 126              		.thumb
 127              		.thumb_func
 129              	STORAGE_Write_HS:
 130              	.LVL8:
 131              	.LFB139:
 230:Src/usbd_storage_if.c **** 
 231:Src/usbd_storage_if.c **** /**
 232:Src/usbd_storage_if.c ****   * @brief  Reads data from the medium.
 233:Src/usbd_storage_if.c ****   * @param  lun: Logical unit number.
 234:Src/usbd_storage_if.c ****   * @param  buf: data buffer.
 235:Src/usbd_storage_if.c ****   * @param  blk_addr: Logical block address.
 236:Src/usbd_storage_if.c ****   * @param  blk_len: Blocks number.
 237:Src/usbd_storage_if.c ****   * @retval USBD_OK if all operations are OK else USBD_FAIL
 238:Src/usbd_storage_if.c ****   */
 239:Src/usbd_storage_if.c **** int8_t STORAGE_Read_HS(uint8_t lun, uint8_t *buf, uint32_t blk_addr, uint16_t blk_len)
 240:Src/usbd_storage_if.c **** {
 241:Src/usbd_storage_if.c ****   /* USER CODE BEGIN 13 */
 242:Src/usbd_storage_if.c ****   int i;
 243:Src/usbd_storage_if.c ****   UNUSED(lun);
 244:Src/usbd_storage_if.c ****   UNUSED(buf);
 245:Src/usbd_storage_if.c ****   UNUSED(blk_addr);
 246:Src/usbd_storage_if.c ****   UNUSED(blk_len);
 247:Src/usbd_storage_if.c ****   // printf("r pageAddr=%d  blk_len=%d\r\n",blk_addr,blk_len);
 248:Src/usbd_storage_if.c ****   //for( i = 0; i < blk_len; i++)
 249:Src/usbd_storage_if.c ****   {
 250:Src/usbd_storage_if.c ****     read_sector(blk_addr,buf,blk_len*STORAGE_BLK_SIZ);
 251:Src/usbd_storage_if.c ****     //  FlashPage_Read(blk_addr*STORAGE_BLK_SIZ,buf,STORAGE_BLK_SIZ);
 252:Src/usbd_storage_if.c ****   } 
 253:Src/usbd_storage_if.c ****   return (USBD_OK);
 254:Src/usbd_storage_if.c ****   /* USER CODE END 13 */
 255:Src/usbd_storage_if.c **** }
 256:Src/usbd_storage_if.c **** 
 257:Src/usbd_storage_if.c **** /**
 258:Src/usbd_storage_if.c ****   * @brief  Writes data into the medium.
 259:Src/usbd_storage_if.c ****   * @param  lun: Logical unit number.
 260:Src/usbd_storage_if.c ****   * @param  buf: data buffer.
 261:Src/usbd_storage_if.c ****   * @param  blk_addr: Logical block address.
 262:Src/usbd_storage_if.c ****   * @param  blk_len: Blocks number.
 263:Src/usbd_storage_if.c ****   * @retval USBD_OK if all operations are OK else USBD_FAIL
 264:Src/usbd_storage_if.c ****   */
 265:Src/usbd_storage_if.c **** int8_t STORAGE_Write_HS(uint8_t lun, uint8_t *buf, uint32_t blk_addr, uint16_t blk_len)
 266:Src/usbd_storage_if.c **** {
 132              		.loc 1 266 1 is_stmt 1 view -0
 133              		.cfi_startproc
 134              		@ args = 0, pretend = 0, frame = 0
 135              		@ frame_needed = 0, uses_anonymous_args = 0
 136              		@ link register save eliminated.
 267:Src/usbd_storage_if.c ****   /* USER CODE BEGIN 14 */
 268:Src/usbd_storage_if.c ****   int i;
 137              		.loc 1 268 3 view .LVU24
 269:Src/usbd_storage_if.c ****   UNUSED(lun);
 138              		.loc 1 269 3 view .LVU25
 270:Src/usbd_storage_if.c ****   UNUSED(buf);
ARM GAS  C:\Users\ADMINI~1\AppData\Local\Temp\ccDxr3B8.s 			page 8


 139              		.loc 1 270 3 view .LVU26
 271:Src/usbd_storage_if.c ****   UNUSED(blk_addr);
 140              		.loc 1 271 3 view .LVU27
 272:Src/usbd_storage_if.c ****   UNUSED(blk_len);
 141              		.loc 1 272 3 view .LVU28
 273:Src/usbd_storage_if.c ****   // printf("w pageAddr=%d  blk_len=%d\r\n",blk_addr,blk_len);
 274:Src/usbd_storage_if.c ****   //for( i = 0; i < blk_len; i++)  
 275:Src/usbd_storage_if.c ****   {
 276:Src/usbd_storage_if.c ****     //write_sector(blk_addr,buf,blk_len*STORAGE_BLK_SIZ);
 277:Src/usbd_storage_if.c ****     /*  FlashSector_Erase(blk_addr);
 278:Src/usbd_storage_if.c ****      FlashPage_Write(blk_addr*STORAGE_BLK_SIZ,buf,STORAGE_BLK_SIZ); */
 279:Src/usbd_storage_if.c ****   } 
 142              		.loc 1 279 3 view .LVU29
 280:Src/usbd_storage_if.c ****   // FlashPage_Write(blk_addr,buf,blk_len);
 281:Src/usbd_storage_if.c ****   return (USBD_OK);
 143              		.loc 1 281 3 view .LVU30
 282:Src/usbd_storage_if.c ****   /* USER CODE END 14 */
 283:Src/usbd_storage_if.c **** }
 144              		.loc 1 283 1 is_stmt 0 view .LVU31
 145 0000 0020     		movs	r0, #0
 146              	.LVL9:
 147              		.loc 1 283 1 view .LVU32
 148 0002 7047     		bx	lr
 149              		.cfi_endproc
 150              	.LFE139:
 152              		.section	.text.STORAGE_GetMaxLun_HS,"ax",%progbits
 153              		.align	1
 154              		.syntax unified
 155              		.thumb
 156              		.thumb_func
 158              	STORAGE_GetMaxLun_HS:
 159              	.LFB140:
 284:Src/usbd_storage_if.c **** 
 285:Src/usbd_storage_if.c **** /**
 286:Src/usbd_storage_if.c ****   * @brief  Returns the Max Supported LUNs.
 287:Src/usbd_storage_if.c ****   * @param  None
 288:Src/usbd_storage_if.c ****   * @retval Lun(s) number.
 289:Src/usbd_storage_if.c ****   */
 290:Src/usbd_storage_if.c **** int8_t STORAGE_GetMaxLun_HS(void)
 291:Src/usbd_storage_if.c **** {
 160              		.loc 1 291 1 is_stmt 1 view -0
 161              		.cfi_startproc
 162              		@ args = 0, pretend = 0, frame = 0
 163              		@ frame_needed = 0, uses_anonymous_args = 0
 164              		@ link register save eliminated.
 292:Src/usbd_storage_if.c ****   /* USER CODE BEGIN 15 */
 293:Src/usbd_storage_if.c ****   return (STORAGE_LUN_NBR - 1);
 165              		.loc 1 293 3 view .LVU34
 294:Src/usbd_storage_if.c ****   /* USER CODE END 15 */
 295:Src/usbd_storage_if.c **** }
 166              		.loc 1 295 1 is_stmt 0 view .LVU35
 167 0000 0020     		movs	r0, #0
 168 0002 7047     		bx	lr
 169              		.cfi_endproc
 170              	.LFE140:
 172              		.section	.text.STORAGE_Read_HS,"ax",%progbits
 173              		.align	1
ARM GAS  C:\Users\ADMINI~1\AppData\Local\Temp\ccDxr3B8.s 			page 9


 174              		.syntax unified
 175              		.thumb
 176              		.thumb_func
 178              	STORAGE_Read_HS:
 179              	.LVL10:
 180              	.LFB138:
 240:Src/usbd_storage_if.c ****   /* USER CODE BEGIN 13 */
 181              		.loc 1 240 1 is_stmt 1 view -0
 182              		.cfi_startproc
 183              		@ args = 0, pretend = 0, frame = 0
 184              		@ frame_needed = 0, uses_anonymous_args = 0
 240:Src/usbd_storage_if.c ****   /* USER CODE BEGIN 13 */
 185              		.loc 1 240 1 is_stmt 0 view .LVU37
 186 0000 08B5     		push	{r3, lr}
 187              	.LCFI0:
 188              		.cfi_def_cfa_offset 8
 189              		.cfi_offset 3, -8
 190              		.cfi_offset 14, -4
 191 0002 1046     		mov	r0, r2
 192              	.LVL11:
 242:Src/usbd_storage_if.c ****   UNUSED(lun);
 193              		.loc 1 242 3 is_stmt 1 view .LVU38
 243:Src/usbd_storage_if.c ****   UNUSED(buf);
 194              		.loc 1 243 3 view .LVU39
 244:Src/usbd_storage_if.c ****   UNUSED(blk_addr);
 195              		.loc 1 244 3 view .LVU40
 245:Src/usbd_storage_if.c ****   UNUSED(blk_len);
 196              		.loc 1 245 3 view .LVU41
 246:Src/usbd_storage_if.c ****   // printf("r pageAddr=%d  blk_len=%d\r\n",blk_addr,blk_len);
 197              		.loc 1 246 3 view .LVU42
 250:Src/usbd_storage_if.c ****     //  FlashPage_Read(blk_addr*STORAGE_BLK_SIZ,buf,STORAGE_BLK_SIZ);
 198              		.loc 1 250 5 view .LVU43
 199 0004 1A03     		lsls	r2, r3, #12
 200              	.LVL12:
 250:Src/usbd_storage_if.c ****     //  FlashPage_Read(blk_addr*STORAGE_BLK_SIZ,buf,STORAGE_BLK_SIZ);
 201              		.loc 1 250 5 is_stmt 0 view .LVU44
 202 0006 02F47042 		and	r2, r2, #61440
 203 000a FFF7FEFF 		bl	read_sector
 204              	.LVL13:
 253:Src/usbd_storage_if.c ****   /* USER CODE END 13 */
 205              		.loc 1 253 3 is_stmt 1 view .LVU45
 255:Src/usbd_storage_if.c **** 
 206              		.loc 1 255 1 is_stmt 0 view .LVU46
 207 000e 0020     		movs	r0, #0
 208 0010 08BD     		pop	{r3, pc}
 209              		.cfi_endproc
 210              	.LFE138:
 212              		.global	USBD_Storage_Interface_fops_HS
 213              		.global	STORAGE_Inquirydata_HS
 214              		.section	.data.USBD_Storage_Interface_fops_HS,"aw"
 215              		.align	2
 218              	USBD_Storage_Interface_fops_HS:
 219 0000 00000000 		.word	STORAGE_Init_HS
 220 0004 00000000 		.word	STORAGE_GetCapacity_HS
 221 0008 00000000 		.word	STORAGE_IsReady_HS
 222 000c 00000000 		.word	STORAGE_IsWriteProtected_HS
 223 0010 00000000 		.word	STORAGE_Read_HS
ARM GAS  C:\Users\ADMINI~1\AppData\Local\Temp\ccDxr3B8.s 			page 10


 224 0014 00000000 		.word	STORAGE_Write_HS
 225 0018 00000000 		.word	STORAGE_GetMaxLun_HS
 226 001c 00000000 		.word	STORAGE_Inquirydata_HS
 227              		.section	.rodata.STORAGE_Inquirydata_HS,"a"
 228              		.align	2
 231              	STORAGE_Inquirydata_HS:
 232 0000 00800202 		.ascii	"\000\200\002\002\037\000\000\000Wenyz's Product    "
 232      1F000000 
 232      57656E79 
 232      7A277320 
 232      50726F64 
 233 001b 20202020 		.ascii	"     0.01"
 233      20302E30 
 233      31
 234              		.text
 235              	.Letext0:
 236              		.file 2 "c:\\program files (x86)\\gnu arm embedded toolchain\\10 2021.10\\arm-none-eabi\\include\\
 237              		.file 3 "c:\\program files (x86)\\gnu arm embedded toolchain\\10 2021.10\\arm-none-eabi\\include\\
 238              		.file 4 "Middlewares/ST/STM32_USB_Device_Library/Class/MSC/Inc/usbd_msc.h"
 239              		.file 5 "Inc/usbd_storage_if.h"
 240              		.file 6 "Middlewares/ST/STM32_USB_Device_Library/Core/Inc/usbd_def.h"
 241              		.file 7 "user/w25q32.h"
ARM GAS  C:\Users\ADMINI~1\AppData\Local\Temp\ccDxr3B8.s 			page 11


DEFINED SYMBOLS
                            *ABS*:00000000 usbd_storage_if.c
C:\Users\ADMINI~1\AppData\Local\Temp\ccDxr3B8.s:20     .text.STORAGE_Init_HS:00000000 $t
C:\Users\ADMINI~1\AppData\Local\Temp\ccDxr3B8.s:25     .text.STORAGE_Init_HS:00000000 STORAGE_Init_HS
C:\Users\ADMINI~1\AppData\Local\Temp\ccDxr3B8.s:45     .text.STORAGE_GetCapacity_HS:00000000 $t
C:\Users\ADMINI~1\AppData\Local\Temp\ccDxr3B8.s:50     .text.STORAGE_GetCapacity_HS:00000000 STORAGE_GetCapacity_HS
C:\Users\ADMINI~1\AppData\Local\Temp\ccDxr3B8.s:77     .text.STORAGE_IsReady_HS:00000000 $t
C:\Users\ADMINI~1\AppData\Local\Temp\ccDxr3B8.s:82     .text.STORAGE_IsReady_HS:00000000 STORAGE_IsReady_HS
C:\Users\ADMINI~1\AppData\Local\Temp\ccDxr3B8.s:101    .text.STORAGE_IsWriteProtected_HS:00000000 $t
C:\Users\ADMINI~1\AppData\Local\Temp\ccDxr3B8.s:106    .text.STORAGE_IsWriteProtected_HS:00000000 STORAGE_IsWriteProtected_HS
C:\Users\ADMINI~1\AppData\Local\Temp\ccDxr3B8.s:124    .text.STORAGE_Write_HS:00000000 $t
C:\Users\ADMINI~1\AppData\Local\Temp\ccDxr3B8.s:129    .text.STORAGE_Write_HS:00000000 STORAGE_Write_HS
C:\Users\ADMINI~1\AppData\Local\Temp\ccDxr3B8.s:153    .text.STORAGE_GetMaxLun_HS:00000000 $t
C:\Users\ADMINI~1\AppData\Local\Temp\ccDxr3B8.s:158    .text.STORAGE_GetMaxLun_HS:00000000 STORAGE_GetMaxLun_HS
C:\Users\ADMINI~1\AppData\Local\Temp\ccDxr3B8.s:173    .text.STORAGE_Read_HS:00000000 $t
C:\Users\ADMINI~1\AppData\Local\Temp\ccDxr3B8.s:178    .text.STORAGE_Read_HS:00000000 STORAGE_Read_HS
C:\Users\ADMINI~1\AppData\Local\Temp\ccDxr3B8.s:218    .data.USBD_Storage_Interface_fops_HS:00000000 USBD_Storage_Interface_fops_HS
C:\Users\ADMINI~1\AppData\Local\Temp\ccDxr3B8.s:231    .rodata.STORAGE_Inquirydata_HS:00000000 STORAGE_Inquirydata_HS
C:\Users\ADMINI~1\AppData\Local\Temp\ccDxr3B8.s:215    .data.USBD_Storage_Interface_fops_HS:00000000 $d
C:\Users\ADMINI~1\AppData\Local\Temp\ccDxr3B8.s:228    .rodata.STORAGE_Inquirydata_HS:00000000 $d

UNDEFINED SYMBOLS
read_sector
